

================================================================
== Vivado HLS Report for 'compute_global_pool_array_array_ap_fixed_16_6_5_3_0_32u_config12_s'
================================================================
* Date:           Tue Dec 10 22:24:02 2024

* Version:        2020.1 (Build 2897737 on Wed May 27 20:21:37 MDT 2020)
* Project:        hls_deepset_pointwisePhi_iostream_prj
* Solution:       solution1
* Product family: virtexuplus
* Target device:  xcvu13p-flga2577-2-e


================================================================
== Performance Estimates
================================================================
+ Timing: 
    * Summary: 
    +--------+---------+----------+------------+
    |  Clock |  Target | Estimated| Uncertainty|
    +--------+---------+----------+------------+
    |ap_clk  | 5.00 ns | 0.785 ns |   0.62 ns  |
    +--------+---------+----------+------------+

+ Latency: 
    * Summary: 
    +---------+---------+----------+----------+-----+-----+----------+
    |  Latency (cycles) |  Latency (absolute) |  Interval | Pipeline |
    |   min   |   max   |    min   |    max   | min | max |   Type   |
    +---------+---------+----------+----------+-----+-----+----------+
    |        0|        0|   0 ns   |   0 ns   |    1|    1| function |
    +---------+---------+----------+----------+-----+-----+----------+

    + Detail: 
        * Instance: 
        N/A

        * Loop: 
        N/A

============================================================
+ Verbose Summary: Synthesis Manager
============================================================
InlineROM: 1
ExposeGlobal: 0
============================================================
+ Verbose Summary: CDFG Model
============================================================
IsTopModel: 0
ResetActiveHigh: 1
IsCombinational: 0
IsDatapathOnly: 0
HasWiredReturn: 1
HasMFsm: 2
HasVarLatency: 0
IsPipeline: 1
IsRtlPipelined: 0
IsInstanceOverlapped: 0
IsDontTouch: 0
HasImplIP: 0
IsGatedGlobalClock: 0

+ Individual pipeline summary: 
  * Pipeline-0: initiation interval (II) = 1, depth = 1


============================================================
+ Verbose Summary: Schedule
============================================================
* Number of FSM states : 1
* Pipeline : 1
  Pipeline-0 : II = 1, D = 1, States = { 1 }
* Dataflow Pipeline: 0

* FSM state transitions: 
1 --> 

* FSM state operations: 

State 1 <SV = 0> <Delay = 0.78>
ST_1 : Operation 2 [1/1] (0.00ns)   --->   "%data_window_31_V_read_1 = call i16 @_ssdm_op_Read.ap_auto.i16(i16 %data_window_31_V_read)" [firmware/nnet_utils/nnet_pooling_stream.h:474]   --->   Operation 2 'read' 'data_window_31_V_read_1' <Predicate = true> <Delay = 0.00>
ST_1 : Operation 3 [1/1] (0.00ns)   --->   "%data_window_30_V_read_1 = call i16 @_ssdm_op_Read.ap_auto.i16(i16 %data_window_30_V_read)" [firmware/nnet_utils/nnet_pooling_stream.h:474]   --->   Operation 3 'read' 'data_window_30_V_read_1' <Predicate = true> <Delay = 0.00>
ST_1 : Operation 4 [1/1] (0.00ns)   --->   "%data_window_29_V_read_1 = call i16 @_ssdm_op_Read.ap_auto.i16(i16 %data_window_29_V_read)" [firmware/nnet_utils/nnet_pooling_stream.h:474]   --->   Operation 4 'read' 'data_window_29_V_read_1' <Predicate = true> <Delay = 0.00>
ST_1 : Operation 5 [1/1] (0.00ns)   --->   "%data_window_28_V_read_1 = call i16 @_ssdm_op_Read.ap_auto.i16(i16 %data_window_28_V_read)" [firmware/nnet_utils/nnet_pooling_stream.h:474]   --->   Operation 5 'read' 'data_window_28_V_read_1' <Predicate = true> <Delay = 0.00>
ST_1 : Operation 6 [1/1] (0.00ns)   --->   "%data_window_27_V_read_1 = call i16 @_ssdm_op_Read.ap_auto.i16(i16 %data_window_27_V_read)" [firmware/nnet_utils/nnet_pooling_stream.h:474]   --->   Operation 6 'read' 'data_window_27_V_read_1' <Predicate = true> <Delay = 0.00>
ST_1 : Operation 7 [1/1] (0.00ns)   --->   "%data_window_26_V_read_1 = call i16 @_ssdm_op_Read.ap_auto.i16(i16 %data_window_26_V_read)" [firmware/nnet_utils/nnet_pooling_stream.h:474]   --->   Operation 7 'read' 'data_window_26_V_read_1' <Predicate = true> <Delay = 0.00>
ST_1 : Operation 8 [1/1] (0.00ns)   --->   "%data_window_25_V_read_1 = call i16 @_ssdm_op_Read.ap_auto.i16(i16 %data_window_25_V_read)" [firmware/nnet_utils/nnet_pooling_stream.h:474]   --->   Operation 8 'read' 'data_window_25_V_read_1' <Predicate = true> <Delay = 0.00>
ST_1 : Operation 9 [1/1] (0.00ns)   --->   "%data_window_24_V_read_1 = call i16 @_ssdm_op_Read.ap_auto.i16(i16 %data_window_24_V_read)" [firmware/nnet_utils/nnet_pooling_stream.h:474]   --->   Operation 9 'read' 'data_window_24_V_read_1' <Predicate = true> <Delay = 0.00>
ST_1 : Operation 10 [1/1] (0.00ns)   --->   "%data_window_23_V_read_1 = call i16 @_ssdm_op_Read.ap_auto.i16(i16 %data_window_23_V_read)" [firmware/nnet_utils/nnet_pooling_stream.h:474]   --->   Operation 10 'read' 'data_window_23_V_read_1' <Predicate = true> <Delay = 0.00>
ST_1 : Operation 11 [1/1] (0.00ns)   --->   "%data_window_22_V_read_1 = call i16 @_ssdm_op_Read.ap_auto.i16(i16 %data_window_22_V_read)" [firmware/nnet_utils/nnet_pooling_stream.h:474]   --->   Operation 11 'read' 'data_window_22_V_read_1' <Predicate = true> <Delay = 0.00>
ST_1 : Operation 12 [1/1] (0.00ns)   --->   "%data_window_21_V_read_1 = call i16 @_ssdm_op_Read.ap_auto.i16(i16 %data_window_21_V_read)" [firmware/nnet_utils/nnet_pooling_stream.h:474]   --->   Operation 12 'read' 'data_window_21_V_read_1' <Predicate = true> <Delay = 0.00>
ST_1 : Operation 13 [1/1] (0.00ns)   --->   "%data_window_20_V_read_1 = call i16 @_ssdm_op_Read.ap_auto.i16(i16 %data_window_20_V_read)" [firmware/nnet_utils/nnet_pooling_stream.h:474]   --->   Operation 13 'read' 'data_window_20_V_read_1' <Predicate = true> <Delay = 0.00>
ST_1 : Operation 14 [1/1] (0.00ns)   --->   "%data_window_19_V_read_1 = call i16 @_ssdm_op_Read.ap_auto.i16(i16 %data_window_19_V_read)" [firmware/nnet_utils/nnet_pooling_stream.h:474]   --->   Operation 14 'read' 'data_window_19_V_read_1' <Predicate = true> <Delay = 0.00>
ST_1 : Operation 15 [1/1] (0.00ns)   --->   "%data_window_18_V_read_1 = call i16 @_ssdm_op_Read.ap_auto.i16(i16 %data_window_18_V_read)" [firmware/nnet_utils/nnet_pooling_stream.h:474]   --->   Operation 15 'read' 'data_window_18_V_read_1' <Predicate = true> <Delay = 0.00>
ST_1 : Operation 16 [1/1] (0.00ns)   --->   "%data_window_17_V_read_1 = call i16 @_ssdm_op_Read.ap_auto.i16(i16 %data_window_17_V_read)" [firmware/nnet_utils/nnet_pooling_stream.h:474]   --->   Operation 16 'read' 'data_window_17_V_read_1' <Predicate = true> <Delay = 0.00>
ST_1 : Operation 17 [1/1] (0.00ns)   --->   "%data_window_16_V_read_1 = call i16 @_ssdm_op_Read.ap_auto.i16(i16 %data_window_16_V_read)" [firmware/nnet_utils/nnet_pooling_stream.h:474]   --->   Operation 17 'read' 'data_window_16_V_read_1' <Predicate = true> <Delay = 0.00>
ST_1 : Operation 18 [1/1] (0.00ns)   --->   "%data_window_15_V_read_1 = call i16 @_ssdm_op_Read.ap_auto.i16(i16 %data_window_15_V_read)" [firmware/nnet_utils/nnet_pooling_stream.h:474]   --->   Operation 18 'read' 'data_window_15_V_read_1' <Predicate = true> <Delay = 0.00>
ST_1 : Operation 19 [1/1] (0.00ns)   --->   "%data_window_14_V_read_1 = call i16 @_ssdm_op_Read.ap_auto.i16(i16 %data_window_14_V_read)" [firmware/nnet_utils/nnet_pooling_stream.h:474]   --->   Operation 19 'read' 'data_window_14_V_read_1' <Predicate = true> <Delay = 0.00>
ST_1 : Operation 20 [1/1] (0.00ns)   --->   "%data_window_13_V_read_1 = call i16 @_ssdm_op_Read.ap_auto.i16(i16 %data_window_13_V_read)" [firmware/nnet_utils/nnet_pooling_stream.h:474]   --->   Operation 20 'read' 'data_window_13_V_read_1' <Predicate = true> <Delay = 0.00>
ST_1 : Operation 21 [1/1] (0.00ns)   --->   "%data_window_12_V_read_1 = call i16 @_ssdm_op_Read.ap_auto.i16(i16 %data_window_12_V_read)" [firmware/nnet_utils/nnet_pooling_stream.h:474]   --->   Operation 21 'read' 'data_window_12_V_read_1' <Predicate = true> <Delay = 0.00>
ST_1 : Operation 22 [1/1] (0.00ns)   --->   "%data_window_11_V_read_1 = call i16 @_ssdm_op_Read.ap_auto.i16(i16 %data_window_11_V_read)" [firmware/nnet_utils/nnet_pooling_stream.h:474]   --->   Operation 22 'read' 'data_window_11_V_read_1' <Predicate = true> <Delay = 0.00>
ST_1 : Operation 23 [1/1] (0.00ns)   --->   "%data_window_10_V_read_1 = call i16 @_ssdm_op_Read.ap_auto.i16(i16 %data_window_10_V_read)" [firmware/nnet_utils/nnet_pooling_stream.h:474]   --->   Operation 23 'read' 'data_window_10_V_read_1' <Predicate = true> <Delay = 0.00>
ST_1 : Operation 24 [1/1] (0.00ns)   --->   "%data_window_9_V_read_1 = call i16 @_ssdm_op_Read.ap_auto.i16(i16 %data_window_9_V_read)" [firmware/nnet_utils/nnet_pooling_stream.h:474]   --->   Operation 24 'read' 'data_window_9_V_read_1' <Predicate = true> <Delay = 0.00>
ST_1 : Operation 25 [1/1] (0.00ns)   --->   "%data_window_8_V_read_1 = call i16 @_ssdm_op_Read.ap_auto.i16(i16 %data_window_8_V_read)" [firmware/nnet_utils/nnet_pooling_stream.h:474]   --->   Operation 25 'read' 'data_window_8_V_read_1' <Predicate = true> <Delay = 0.00>
ST_1 : Operation 26 [1/1] (0.00ns)   --->   "%data_window_7_V_read_1 = call i16 @_ssdm_op_Read.ap_auto.i16(i16 %data_window_7_V_read)" [firmware/nnet_utils/nnet_pooling_stream.h:474]   --->   Operation 26 'read' 'data_window_7_V_read_1' <Predicate = true> <Delay = 0.00>
ST_1 : Operation 27 [1/1] (0.00ns)   --->   "%data_window_6_V_read_1 = call i16 @_ssdm_op_Read.ap_auto.i16(i16 %data_window_6_V_read)" [firmware/nnet_utils/nnet_pooling_stream.h:474]   --->   Operation 27 'read' 'data_window_6_V_read_1' <Predicate = true> <Delay = 0.00>
ST_1 : Operation 28 [1/1] (0.00ns)   --->   "%data_window_5_V_read_1 = call i16 @_ssdm_op_Read.ap_auto.i16(i16 %data_window_5_V_read)" [firmware/nnet_utils/nnet_pooling_stream.h:474]   --->   Operation 28 'read' 'data_window_5_V_read_1' <Predicate = true> <Delay = 0.00>
ST_1 : Operation 29 [1/1] (0.00ns)   --->   "%data_window_4_V_read_1 = call i16 @_ssdm_op_Read.ap_auto.i16(i16 %data_window_4_V_read)" [firmware/nnet_utils/nnet_pooling_stream.h:474]   --->   Operation 29 'read' 'data_window_4_V_read_1' <Predicate = true> <Delay = 0.00>
ST_1 : Operation 30 [1/1] (0.00ns)   --->   "%data_window_3_V_read_1 = call i16 @_ssdm_op_Read.ap_auto.i16(i16 %data_window_3_V_read)" [firmware/nnet_utils/nnet_pooling_stream.h:474]   --->   Operation 30 'read' 'data_window_3_V_read_1' <Predicate = true> <Delay = 0.00>
ST_1 : Operation 31 [1/1] (0.00ns)   --->   "%data_window_2_V_read_1 = call i16 @_ssdm_op_Read.ap_auto.i16(i16 %data_window_2_V_read)" [firmware/nnet_utils/nnet_pooling_stream.h:474]   --->   Operation 31 'read' 'data_window_2_V_read_1' <Predicate = true> <Delay = 0.00>
ST_1 : Operation 32 [1/1] (0.00ns)   --->   "%data_window_1_V_read_1 = call i16 @_ssdm_op_Read.ap_auto.i16(i16 %data_window_1_V_read)" [firmware/nnet_utils/nnet_pooling_stream.h:474]   --->   Operation 32 'read' 'data_window_1_V_read_1' <Predicate = true> <Delay = 0.00>
ST_1 : Operation 33 [1/1] (0.00ns)   --->   "%data_window_0_V_read_1 = call i16 @_ssdm_op_Read.ap_auto.i16(i16 %data_window_0_V_read)" [firmware/nnet_utils/nnet_pooling_stream.h:474]   --->   Operation 33 'read' 'data_window_0_V_read_1' <Predicate = true> <Delay = 0.00>
ST_1 : Operation 34 [1/1] (0.00ns)   --->   "%in_elem_data_31_V_read_1 = call i20 @_ssdm_op_Read.ap_auto.i20(i20 %in_elem_data_31_V_read)" [firmware/nnet_utils/nnet_pooling_stream.h:474]   --->   Operation 34 'read' 'in_elem_data_31_V_read_1' <Predicate = true> <Delay = 0.00>
ST_1 : Operation 35 [1/1] (0.00ns)   --->   "%in_elem_data_30_V_read_1 = call i20 @_ssdm_op_Read.ap_auto.i20(i20 %in_elem_data_30_V_read)" [firmware/nnet_utils/nnet_pooling_stream.h:474]   --->   Operation 35 'read' 'in_elem_data_30_V_read_1' <Predicate = true> <Delay = 0.00>
ST_1 : Operation 36 [1/1] (0.00ns)   --->   "%in_elem_data_29_V_read_1 = call i20 @_ssdm_op_Read.ap_auto.i20(i20 %in_elem_data_29_V_read)" [firmware/nnet_utils/nnet_pooling_stream.h:474]   --->   Operation 36 'read' 'in_elem_data_29_V_read_1' <Predicate = true> <Delay = 0.00>
ST_1 : Operation 37 [1/1] (0.00ns)   --->   "%in_elem_data_28_V_read_1 = call i20 @_ssdm_op_Read.ap_auto.i20(i20 %in_elem_data_28_V_read)" [firmware/nnet_utils/nnet_pooling_stream.h:474]   --->   Operation 37 'read' 'in_elem_data_28_V_read_1' <Predicate = true> <Delay = 0.00>
ST_1 : Operation 38 [1/1] (0.00ns)   --->   "%in_elem_data_27_V_read_1 = call i20 @_ssdm_op_Read.ap_auto.i20(i20 %in_elem_data_27_V_read)" [firmware/nnet_utils/nnet_pooling_stream.h:474]   --->   Operation 38 'read' 'in_elem_data_27_V_read_1' <Predicate = true> <Delay = 0.00>
ST_1 : Operation 39 [1/1] (0.00ns)   --->   "%in_elem_data_26_V_read_1 = call i20 @_ssdm_op_Read.ap_auto.i20(i20 %in_elem_data_26_V_read)" [firmware/nnet_utils/nnet_pooling_stream.h:474]   --->   Operation 39 'read' 'in_elem_data_26_V_read_1' <Predicate = true> <Delay = 0.00>
ST_1 : Operation 40 [1/1] (0.00ns)   --->   "%in_elem_data_25_V_read_1 = call i20 @_ssdm_op_Read.ap_auto.i20(i20 %in_elem_data_25_V_read)" [firmware/nnet_utils/nnet_pooling_stream.h:474]   --->   Operation 40 'read' 'in_elem_data_25_V_read_1' <Predicate = true> <Delay = 0.00>
ST_1 : Operation 41 [1/1] (0.00ns)   --->   "%in_elem_data_24_V_read_1 = call i20 @_ssdm_op_Read.ap_auto.i20(i20 %in_elem_data_24_V_read)" [firmware/nnet_utils/nnet_pooling_stream.h:474]   --->   Operation 41 'read' 'in_elem_data_24_V_read_1' <Predicate = true> <Delay = 0.00>
ST_1 : Operation 42 [1/1] (0.00ns)   --->   "%in_elem_data_23_V_read_1 = call i20 @_ssdm_op_Read.ap_auto.i20(i20 %in_elem_data_23_V_read)" [firmware/nnet_utils/nnet_pooling_stream.h:474]   --->   Operation 42 'read' 'in_elem_data_23_V_read_1' <Predicate = true> <Delay = 0.00>
ST_1 : Operation 43 [1/1] (0.00ns)   --->   "%in_elem_data_22_V_read_1 = call i20 @_ssdm_op_Read.ap_auto.i20(i20 %in_elem_data_22_V_read)" [firmware/nnet_utils/nnet_pooling_stream.h:474]   --->   Operation 43 'read' 'in_elem_data_22_V_read_1' <Predicate = true> <Delay = 0.00>
ST_1 : Operation 44 [1/1] (0.00ns)   --->   "%in_elem_data_21_V_read_1 = call i20 @_ssdm_op_Read.ap_auto.i20(i20 %in_elem_data_21_V_read)" [firmware/nnet_utils/nnet_pooling_stream.h:474]   --->   Operation 44 'read' 'in_elem_data_21_V_read_1' <Predicate = true> <Delay = 0.00>
ST_1 : Operation 45 [1/1] (0.00ns)   --->   "%in_elem_data_20_V_read_1 = call i20 @_ssdm_op_Read.ap_auto.i20(i20 %in_elem_data_20_V_read)" [firmware/nnet_utils/nnet_pooling_stream.h:474]   --->   Operation 45 'read' 'in_elem_data_20_V_read_1' <Predicate = true> <Delay = 0.00>
ST_1 : Operation 46 [1/1] (0.00ns)   --->   "%in_elem_data_19_V_read_1 = call i20 @_ssdm_op_Read.ap_auto.i20(i20 %in_elem_data_19_V_read)" [firmware/nnet_utils/nnet_pooling_stream.h:474]   --->   Operation 46 'read' 'in_elem_data_19_V_read_1' <Predicate = true> <Delay = 0.00>
ST_1 : Operation 47 [1/1] (0.00ns)   --->   "%in_elem_data_18_V_read_1 = call i20 @_ssdm_op_Read.ap_auto.i20(i20 %in_elem_data_18_V_read)" [firmware/nnet_utils/nnet_pooling_stream.h:474]   --->   Operation 47 'read' 'in_elem_data_18_V_read_1' <Predicate = true> <Delay = 0.00>
ST_1 : Operation 48 [1/1] (0.00ns)   --->   "%in_elem_data_17_V_read_1 = call i20 @_ssdm_op_Read.ap_auto.i20(i20 %in_elem_data_17_V_read)" [firmware/nnet_utils/nnet_pooling_stream.h:474]   --->   Operation 48 'read' 'in_elem_data_17_V_read_1' <Predicate = true> <Delay = 0.00>
ST_1 : Operation 49 [1/1] (0.00ns)   --->   "%in_elem_data_16_V_read_1 = call i20 @_ssdm_op_Read.ap_auto.i20(i20 %in_elem_data_16_V_read)" [firmware/nnet_utils/nnet_pooling_stream.h:474]   --->   Operation 49 'read' 'in_elem_data_16_V_read_1' <Predicate = true> <Delay = 0.00>
ST_1 : Operation 50 [1/1] (0.00ns)   --->   "%in_elem_data_15_V_read_1 = call i20 @_ssdm_op_Read.ap_auto.i20(i20 %in_elem_data_15_V_read)" [firmware/nnet_utils/nnet_pooling_stream.h:474]   --->   Operation 50 'read' 'in_elem_data_15_V_read_1' <Predicate = true> <Delay = 0.00>
ST_1 : Operation 51 [1/1] (0.00ns)   --->   "%in_elem_data_14_V_read_1 = call i20 @_ssdm_op_Read.ap_auto.i20(i20 %in_elem_data_14_V_read)" [firmware/nnet_utils/nnet_pooling_stream.h:474]   --->   Operation 51 'read' 'in_elem_data_14_V_read_1' <Predicate = true> <Delay = 0.00>
ST_1 : Operation 52 [1/1] (0.00ns)   --->   "%in_elem_data_13_V_read_1 = call i20 @_ssdm_op_Read.ap_auto.i20(i20 %in_elem_data_13_V_read)" [firmware/nnet_utils/nnet_pooling_stream.h:474]   --->   Operation 52 'read' 'in_elem_data_13_V_read_1' <Predicate = true> <Delay = 0.00>
ST_1 : Operation 53 [1/1] (0.00ns)   --->   "%in_elem_data_12_V_read_1 = call i20 @_ssdm_op_Read.ap_auto.i20(i20 %in_elem_data_12_V_read)" [firmware/nnet_utils/nnet_pooling_stream.h:474]   --->   Operation 53 'read' 'in_elem_data_12_V_read_1' <Predicate = true> <Delay = 0.00>
ST_1 : Operation 54 [1/1] (0.00ns)   --->   "%in_elem_data_11_V_read_1 = call i20 @_ssdm_op_Read.ap_auto.i20(i20 %in_elem_data_11_V_read)" [firmware/nnet_utils/nnet_pooling_stream.h:474]   --->   Operation 54 'read' 'in_elem_data_11_V_read_1' <Predicate = true> <Delay = 0.00>
ST_1 : Operation 55 [1/1] (0.00ns)   --->   "%in_elem_data_10_V_read_1 = call i20 @_ssdm_op_Read.ap_auto.i20(i20 %in_elem_data_10_V_read)" [firmware/nnet_utils/nnet_pooling_stream.h:474]   --->   Operation 55 'read' 'in_elem_data_10_V_read_1' <Predicate = true> <Delay = 0.00>
ST_1 : Operation 56 [1/1] (0.00ns)   --->   "%in_elem_data_9_V_read_1 = call i20 @_ssdm_op_Read.ap_auto.i20(i20 %in_elem_data_9_V_read)" [firmware/nnet_utils/nnet_pooling_stream.h:474]   --->   Operation 56 'read' 'in_elem_data_9_V_read_1' <Predicate = true> <Delay = 0.00>
ST_1 : Operation 57 [1/1] (0.00ns)   --->   "%in_elem_data_8_V_read_1 = call i20 @_ssdm_op_Read.ap_auto.i20(i20 %in_elem_data_8_V_read)" [firmware/nnet_utils/nnet_pooling_stream.h:474]   --->   Operation 57 'read' 'in_elem_data_8_V_read_1' <Predicate = true> <Delay = 0.00>
ST_1 : Operation 58 [1/1] (0.00ns)   --->   "%in_elem_data_7_V_read_1 = call i20 @_ssdm_op_Read.ap_auto.i20(i20 %in_elem_data_7_V_read)" [firmware/nnet_utils/nnet_pooling_stream.h:474]   --->   Operation 58 'read' 'in_elem_data_7_V_read_1' <Predicate = true> <Delay = 0.00>
ST_1 : Operation 59 [1/1] (0.00ns)   --->   "%in_elem_data_6_V_read_1 = call i20 @_ssdm_op_Read.ap_auto.i20(i20 %in_elem_data_6_V_read)" [firmware/nnet_utils/nnet_pooling_stream.h:474]   --->   Operation 59 'read' 'in_elem_data_6_V_read_1' <Predicate = true> <Delay = 0.00>
ST_1 : Operation 60 [1/1] (0.00ns)   --->   "%in_elem_data_5_V_read_1 = call i20 @_ssdm_op_Read.ap_auto.i20(i20 %in_elem_data_5_V_read)" [firmware/nnet_utils/nnet_pooling_stream.h:474]   --->   Operation 60 'read' 'in_elem_data_5_V_read_1' <Predicate = true> <Delay = 0.00>
ST_1 : Operation 61 [1/1] (0.00ns)   --->   "%in_elem_data_4_V_read_1 = call i20 @_ssdm_op_Read.ap_auto.i20(i20 %in_elem_data_4_V_read)" [firmware/nnet_utils/nnet_pooling_stream.h:474]   --->   Operation 61 'read' 'in_elem_data_4_V_read_1' <Predicate = true> <Delay = 0.00>
ST_1 : Operation 62 [1/1] (0.00ns)   --->   "%in_elem_data_3_V_read_1 = call i20 @_ssdm_op_Read.ap_auto.i20(i20 %in_elem_data_3_V_read)" [firmware/nnet_utils/nnet_pooling_stream.h:474]   --->   Operation 62 'read' 'in_elem_data_3_V_read_1' <Predicate = true> <Delay = 0.00>
ST_1 : Operation 63 [1/1] (0.00ns)   --->   "%in_elem_data_2_V_read_1 = call i20 @_ssdm_op_Read.ap_auto.i20(i20 %in_elem_data_2_V_read)" [firmware/nnet_utils/nnet_pooling_stream.h:474]   --->   Operation 63 'read' 'in_elem_data_2_V_read_1' <Predicate = true> <Delay = 0.00>
ST_1 : Operation 64 [1/1] (0.00ns)   --->   "%in_elem_data_1_V_read_1 = call i20 @_ssdm_op_Read.ap_auto.i20(i20 %in_elem_data_1_V_read)" [firmware/nnet_utils/nnet_pooling_stream.h:474]   --->   Operation 64 'read' 'in_elem_data_1_V_read_1' <Predicate = true> <Delay = 0.00>
ST_1 : Operation 65 [1/1] (0.00ns)   --->   "%in_elem_data_0_V_read_1 = call i20 @_ssdm_op_Read.ap_auto.i20(i20 %in_elem_data_0_V_read)" [firmware/nnet_utils/nnet_pooling_stream.h:474]   --->   Operation 65 'read' 'in_elem_data_0_V_read_1' <Predicate = true> <Delay = 0.00>
ST_1 : Operation 66 [1/1] (0.00ns)   --->   "%trunc_ln731 = trunc i20 %in_elem_data_0_V_read_1 to i15" [firmware/nnet_utils/nnet_pooling_stream.h:485]   --->   Operation 66 'trunc' 'trunc_ln731' <Predicate = true> <Delay = 0.00>
ST_1 : Operation 67 [1/1] (0.00ns)   --->   "%data_pack_0_V = call i16 @_ssdm_op_BitConcatenate.i16.i15.i1(i15 %trunc_ln731, i1 false)" [firmware/nnet_utils/nnet_pooling_stream.h:485]   --->   Operation 67 'bitconcatenate' 'data_pack_0_V' <Predicate = true> <Delay = 0.00>
ST_1 : Operation 68 [1/1] (0.78ns)   --->   "%add_ln703 = add i16 %data_window_0_V_read_1, %data_pack_0_V" [firmware/nnet_utils/nnet_pooling_stream.h:469->firmware/nnet_utils/nnet_pooling_stream.h:487]   --->   Operation 68 'add' 'add_ln703' <Predicate = true> <Delay = 0.78> <Core = "AddSub">   --->   Core 14 'AddSub' <Latency = 0> <II = 1> <Delay = 0.78> <FuncUnit> <Opcode : 'add' 'sub'> <InPorts = 2> <OutPorts = 1>
ST_1 : Operation 69 [1/1] (0.00ns)   --->   "%trunc_ln731_1 = trunc i20 %in_elem_data_1_V_read_1 to i15" [firmware/nnet_utils/nnet_pooling_stream.h:485]   --->   Operation 69 'trunc' 'trunc_ln731_1' <Predicate = true> <Delay = 0.00>
ST_1 : Operation 70 [1/1] (0.00ns)   --->   "%data_pack_0_V_1 = call i16 @_ssdm_op_BitConcatenate.i16.i15.i1(i15 %trunc_ln731_1, i1 false)" [firmware/nnet_utils/nnet_pooling_stream.h:485]   --->   Operation 70 'bitconcatenate' 'data_pack_0_V_1' <Predicate = true> <Delay = 0.00>
ST_1 : Operation 71 [1/1] (0.78ns)   --->   "%add_ln703_3186 = add i16 %data_window_1_V_read_1, %data_pack_0_V_1" [firmware/nnet_utils/nnet_pooling_stream.h:469->firmware/nnet_utils/nnet_pooling_stream.h:487]   --->   Operation 71 'add' 'add_ln703_3186' <Predicate = true> <Delay = 0.78> <Core = "AddSub">   --->   Core 14 'AddSub' <Latency = 0> <II = 1> <Delay = 0.78> <FuncUnit> <Opcode : 'add' 'sub'> <InPorts = 2> <OutPorts = 1>
ST_1 : Operation 72 [1/1] (0.00ns)   --->   "%trunc_ln731_2 = trunc i20 %in_elem_data_2_V_read_1 to i15" [firmware/nnet_utils/nnet_pooling_stream.h:485]   --->   Operation 72 'trunc' 'trunc_ln731_2' <Predicate = true> <Delay = 0.00>
ST_1 : Operation 73 [1/1] (0.00ns)   --->   "%data_pack_0_V_2 = call i16 @_ssdm_op_BitConcatenate.i16.i15.i1(i15 %trunc_ln731_2, i1 false)" [firmware/nnet_utils/nnet_pooling_stream.h:485]   --->   Operation 73 'bitconcatenate' 'data_pack_0_V_2' <Predicate = true> <Delay = 0.00>
ST_1 : Operation 74 [1/1] (0.78ns)   --->   "%add_ln703_3187 = add i16 %data_window_2_V_read_1, %data_pack_0_V_2" [firmware/nnet_utils/nnet_pooling_stream.h:469->firmware/nnet_utils/nnet_pooling_stream.h:487]   --->   Operation 74 'add' 'add_ln703_3187' <Predicate = true> <Delay = 0.78> <Core = "AddSub">   --->   Core 14 'AddSub' <Latency = 0> <II = 1> <Delay = 0.78> <FuncUnit> <Opcode : 'add' 'sub'> <InPorts = 2> <OutPorts = 1>
ST_1 : Operation 75 [1/1] (0.00ns)   --->   "%trunc_ln731_3 = trunc i20 %in_elem_data_3_V_read_1 to i15" [firmware/nnet_utils/nnet_pooling_stream.h:485]   --->   Operation 75 'trunc' 'trunc_ln731_3' <Predicate = true> <Delay = 0.00>
ST_1 : Operation 76 [1/1] (0.00ns)   --->   "%data_pack_0_V_3 = call i16 @_ssdm_op_BitConcatenate.i16.i15.i1(i15 %trunc_ln731_3, i1 false)" [firmware/nnet_utils/nnet_pooling_stream.h:485]   --->   Operation 76 'bitconcatenate' 'data_pack_0_V_3' <Predicate = true> <Delay = 0.00>
ST_1 : Operation 77 [1/1] (0.78ns)   --->   "%add_ln703_3188 = add i16 %data_window_3_V_read_1, %data_pack_0_V_3" [firmware/nnet_utils/nnet_pooling_stream.h:469->firmware/nnet_utils/nnet_pooling_stream.h:487]   --->   Operation 77 'add' 'add_ln703_3188' <Predicate = true> <Delay = 0.78> <Core = "AddSub">   --->   Core 14 'AddSub' <Latency = 0> <II = 1> <Delay = 0.78> <FuncUnit> <Opcode : 'add' 'sub'> <InPorts = 2> <OutPorts = 1>
ST_1 : Operation 78 [1/1] (0.00ns)   --->   "%trunc_ln731_4 = trunc i20 %in_elem_data_4_V_read_1 to i15" [firmware/nnet_utils/nnet_pooling_stream.h:485]   --->   Operation 78 'trunc' 'trunc_ln731_4' <Predicate = true> <Delay = 0.00>
ST_1 : Operation 79 [1/1] (0.00ns)   --->   "%data_pack_0_V_4 = call i16 @_ssdm_op_BitConcatenate.i16.i15.i1(i15 %trunc_ln731_4, i1 false)" [firmware/nnet_utils/nnet_pooling_stream.h:485]   --->   Operation 79 'bitconcatenate' 'data_pack_0_V_4' <Predicate = true> <Delay = 0.00>
ST_1 : Operation 80 [1/1] (0.78ns)   --->   "%add_ln703_3189 = add i16 %data_window_4_V_read_1, %data_pack_0_V_4" [firmware/nnet_utils/nnet_pooling_stream.h:469->firmware/nnet_utils/nnet_pooling_stream.h:487]   --->   Operation 80 'add' 'add_ln703_3189' <Predicate = true> <Delay = 0.78> <Core = "AddSub">   --->   Core 14 'AddSub' <Latency = 0> <II = 1> <Delay = 0.78> <FuncUnit> <Opcode : 'add' 'sub'> <InPorts = 2> <OutPorts = 1>
ST_1 : Operation 81 [1/1] (0.00ns)   --->   "%trunc_ln731_5 = trunc i20 %in_elem_data_5_V_read_1 to i15" [firmware/nnet_utils/nnet_pooling_stream.h:485]   --->   Operation 81 'trunc' 'trunc_ln731_5' <Predicate = true> <Delay = 0.00>
ST_1 : Operation 82 [1/1] (0.00ns)   --->   "%data_pack_0_V_5 = call i16 @_ssdm_op_BitConcatenate.i16.i15.i1(i15 %trunc_ln731_5, i1 false)" [firmware/nnet_utils/nnet_pooling_stream.h:485]   --->   Operation 82 'bitconcatenate' 'data_pack_0_V_5' <Predicate = true> <Delay = 0.00>
ST_1 : Operation 83 [1/1] (0.78ns)   --->   "%add_ln703_3190 = add i16 %data_window_5_V_read_1, %data_pack_0_V_5" [firmware/nnet_utils/nnet_pooling_stream.h:469->firmware/nnet_utils/nnet_pooling_stream.h:487]   --->   Operation 83 'add' 'add_ln703_3190' <Predicate = true> <Delay = 0.78> <Core = "AddSub">   --->   Core 14 'AddSub' <Latency = 0> <II = 1> <Delay = 0.78> <FuncUnit> <Opcode : 'add' 'sub'> <InPorts = 2> <OutPorts = 1>
ST_1 : Operation 84 [1/1] (0.00ns)   --->   "%trunc_ln731_6 = trunc i20 %in_elem_data_6_V_read_1 to i15" [firmware/nnet_utils/nnet_pooling_stream.h:485]   --->   Operation 84 'trunc' 'trunc_ln731_6' <Predicate = true> <Delay = 0.00>
ST_1 : Operation 85 [1/1] (0.00ns)   --->   "%data_pack_0_V_6 = call i16 @_ssdm_op_BitConcatenate.i16.i15.i1(i15 %trunc_ln731_6, i1 false)" [firmware/nnet_utils/nnet_pooling_stream.h:485]   --->   Operation 85 'bitconcatenate' 'data_pack_0_V_6' <Predicate = true> <Delay = 0.00>
ST_1 : Operation 86 [1/1] (0.78ns)   --->   "%add_ln703_3191 = add i16 %data_window_6_V_read_1, %data_pack_0_V_6" [firmware/nnet_utils/nnet_pooling_stream.h:469->firmware/nnet_utils/nnet_pooling_stream.h:487]   --->   Operation 86 'add' 'add_ln703_3191' <Predicate = true> <Delay = 0.78> <Core = "AddSub">   --->   Core 14 'AddSub' <Latency = 0> <II = 1> <Delay = 0.78> <FuncUnit> <Opcode : 'add' 'sub'> <InPorts = 2> <OutPorts = 1>
ST_1 : Operation 87 [1/1] (0.00ns)   --->   "%trunc_ln731_7 = trunc i20 %in_elem_data_7_V_read_1 to i15" [firmware/nnet_utils/nnet_pooling_stream.h:485]   --->   Operation 87 'trunc' 'trunc_ln731_7' <Predicate = true> <Delay = 0.00>
ST_1 : Operation 88 [1/1] (0.00ns)   --->   "%data_pack_0_V_7 = call i16 @_ssdm_op_BitConcatenate.i16.i15.i1(i15 %trunc_ln731_7, i1 false)" [firmware/nnet_utils/nnet_pooling_stream.h:485]   --->   Operation 88 'bitconcatenate' 'data_pack_0_V_7' <Predicate = true> <Delay = 0.00>
ST_1 : Operation 89 [1/1] (0.78ns)   --->   "%add_ln703_3192 = add i16 %data_window_7_V_read_1, %data_pack_0_V_7" [firmware/nnet_utils/nnet_pooling_stream.h:469->firmware/nnet_utils/nnet_pooling_stream.h:487]   --->   Operation 89 'add' 'add_ln703_3192' <Predicate = true> <Delay = 0.78> <Core = "AddSub">   --->   Core 14 'AddSub' <Latency = 0> <II = 1> <Delay = 0.78> <FuncUnit> <Opcode : 'add' 'sub'> <InPorts = 2> <OutPorts = 1>
ST_1 : Operation 90 [1/1] (0.00ns)   --->   "%trunc_ln731_8 = trunc i20 %in_elem_data_8_V_read_1 to i15" [firmware/nnet_utils/nnet_pooling_stream.h:485]   --->   Operation 90 'trunc' 'trunc_ln731_8' <Predicate = true> <Delay = 0.00>
ST_1 : Operation 91 [1/1] (0.00ns)   --->   "%data_pack_0_V_8 = call i16 @_ssdm_op_BitConcatenate.i16.i15.i1(i15 %trunc_ln731_8, i1 false)" [firmware/nnet_utils/nnet_pooling_stream.h:485]   --->   Operation 91 'bitconcatenate' 'data_pack_0_V_8' <Predicate = true> <Delay = 0.00>
ST_1 : Operation 92 [1/1] (0.78ns)   --->   "%add_ln703_3193 = add i16 %data_window_8_V_read_1, %data_pack_0_V_8" [firmware/nnet_utils/nnet_pooling_stream.h:469->firmware/nnet_utils/nnet_pooling_stream.h:487]   --->   Operation 92 'add' 'add_ln703_3193' <Predicate = true> <Delay = 0.78> <Core = "AddSub">   --->   Core 14 'AddSub' <Latency = 0> <II = 1> <Delay = 0.78> <FuncUnit> <Opcode : 'add' 'sub'> <InPorts = 2> <OutPorts = 1>
ST_1 : Operation 93 [1/1] (0.00ns)   --->   "%trunc_ln731_9 = trunc i20 %in_elem_data_9_V_read_1 to i15" [firmware/nnet_utils/nnet_pooling_stream.h:485]   --->   Operation 93 'trunc' 'trunc_ln731_9' <Predicate = true> <Delay = 0.00>
ST_1 : Operation 94 [1/1] (0.00ns)   --->   "%data_pack_0_V_9 = call i16 @_ssdm_op_BitConcatenate.i16.i15.i1(i15 %trunc_ln731_9, i1 false)" [firmware/nnet_utils/nnet_pooling_stream.h:485]   --->   Operation 94 'bitconcatenate' 'data_pack_0_V_9' <Predicate = true> <Delay = 0.00>
ST_1 : Operation 95 [1/1] (0.78ns)   --->   "%add_ln703_3194 = add i16 %data_window_9_V_read_1, %data_pack_0_V_9" [firmware/nnet_utils/nnet_pooling_stream.h:469->firmware/nnet_utils/nnet_pooling_stream.h:487]   --->   Operation 95 'add' 'add_ln703_3194' <Predicate = true> <Delay = 0.78> <Core = "AddSub">   --->   Core 14 'AddSub' <Latency = 0> <II = 1> <Delay = 0.78> <FuncUnit> <Opcode : 'add' 'sub'> <InPorts = 2> <OutPorts = 1>
ST_1 : Operation 96 [1/1] (0.00ns)   --->   "%trunc_ln731_10 = trunc i20 %in_elem_data_10_V_read_1 to i15" [firmware/nnet_utils/nnet_pooling_stream.h:485]   --->   Operation 96 'trunc' 'trunc_ln731_10' <Predicate = true> <Delay = 0.00>
ST_1 : Operation 97 [1/1] (0.00ns)   --->   "%data_pack_0_V_10 = call i16 @_ssdm_op_BitConcatenate.i16.i15.i1(i15 %trunc_ln731_10, i1 false)" [firmware/nnet_utils/nnet_pooling_stream.h:485]   --->   Operation 97 'bitconcatenate' 'data_pack_0_V_10' <Predicate = true> <Delay = 0.00>
ST_1 : Operation 98 [1/1] (0.78ns)   --->   "%add_ln703_3195 = add i16 %data_window_10_V_read_1, %data_pack_0_V_10" [firmware/nnet_utils/nnet_pooling_stream.h:469->firmware/nnet_utils/nnet_pooling_stream.h:487]   --->   Operation 98 'add' 'add_ln703_3195' <Predicate = true> <Delay = 0.78> <Core = "AddSub">   --->   Core 14 'AddSub' <Latency = 0> <II = 1> <Delay = 0.78> <FuncUnit> <Opcode : 'add' 'sub'> <InPorts = 2> <OutPorts = 1>
ST_1 : Operation 99 [1/1] (0.00ns)   --->   "%trunc_ln731_11 = trunc i20 %in_elem_data_11_V_read_1 to i15" [firmware/nnet_utils/nnet_pooling_stream.h:485]   --->   Operation 99 'trunc' 'trunc_ln731_11' <Predicate = true> <Delay = 0.00>
ST_1 : Operation 100 [1/1] (0.00ns)   --->   "%data_pack_0_V_11 = call i16 @_ssdm_op_BitConcatenate.i16.i15.i1(i15 %trunc_ln731_11, i1 false)" [firmware/nnet_utils/nnet_pooling_stream.h:485]   --->   Operation 100 'bitconcatenate' 'data_pack_0_V_11' <Predicate = true> <Delay = 0.00>
ST_1 : Operation 101 [1/1] (0.78ns)   --->   "%add_ln703_3196 = add i16 %data_window_11_V_read_1, %data_pack_0_V_11" [firmware/nnet_utils/nnet_pooling_stream.h:469->firmware/nnet_utils/nnet_pooling_stream.h:487]   --->   Operation 101 'add' 'add_ln703_3196' <Predicate = true> <Delay = 0.78> <Core = "AddSub">   --->   Core 14 'AddSub' <Latency = 0> <II = 1> <Delay = 0.78> <FuncUnit> <Opcode : 'add' 'sub'> <InPorts = 2> <OutPorts = 1>
ST_1 : Operation 102 [1/1] (0.00ns)   --->   "%trunc_ln731_12 = trunc i20 %in_elem_data_12_V_read_1 to i15" [firmware/nnet_utils/nnet_pooling_stream.h:485]   --->   Operation 102 'trunc' 'trunc_ln731_12' <Predicate = true> <Delay = 0.00>
ST_1 : Operation 103 [1/1] (0.00ns)   --->   "%data_pack_0_V_12 = call i16 @_ssdm_op_BitConcatenate.i16.i15.i1(i15 %trunc_ln731_12, i1 false)" [firmware/nnet_utils/nnet_pooling_stream.h:485]   --->   Operation 103 'bitconcatenate' 'data_pack_0_V_12' <Predicate = true> <Delay = 0.00>
ST_1 : Operation 104 [1/1] (0.78ns)   --->   "%add_ln703_3197 = add i16 %data_window_12_V_read_1, %data_pack_0_V_12" [firmware/nnet_utils/nnet_pooling_stream.h:469->firmware/nnet_utils/nnet_pooling_stream.h:487]   --->   Operation 104 'add' 'add_ln703_3197' <Predicate = true> <Delay = 0.78> <Core = "AddSub">   --->   Core 14 'AddSub' <Latency = 0> <II = 1> <Delay = 0.78> <FuncUnit> <Opcode : 'add' 'sub'> <InPorts = 2> <OutPorts = 1>
ST_1 : Operation 105 [1/1] (0.00ns)   --->   "%trunc_ln731_13 = trunc i20 %in_elem_data_13_V_read_1 to i15" [firmware/nnet_utils/nnet_pooling_stream.h:485]   --->   Operation 105 'trunc' 'trunc_ln731_13' <Predicate = true> <Delay = 0.00>
ST_1 : Operation 106 [1/1] (0.00ns)   --->   "%data_pack_0_V_13 = call i16 @_ssdm_op_BitConcatenate.i16.i15.i1(i15 %trunc_ln731_13, i1 false)" [firmware/nnet_utils/nnet_pooling_stream.h:485]   --->   Operation 106 'bitconcatenate' 'data_pack_0_V_13' <Predicate = true> <Delay = 0.00>
ST_1 : Operation 107 [1/1] (0.78ns)   --->   "%add_ln703_3198 = add i16 %data_window_13_V_read_1, %data_pack_0_V_13" [firmware/nnet_utils/nnet_pooling_stream.h:469->firmware/nnet_utils/nnet_pooling_stream.h:487]   --->   Operation 107 'add' 'add_ln703_3198' <Predicate = true> <Delay = 0.78> <Core = "AddSub">   --->   Core 14 'AddSub' <Latency = 0> <II = 1> <Delay = 0.78> <FuncUnit> <Opcode : 'add' 'sub'> <InPorts = 2> <OutPorts = 1>
ST_1 : Operation 108 [1/1] (0.00ns)   --->   "%trunc_ln731_14 = trunc i20 %in_elem_data_14_V_read_1 to i15" [firmware/nnet_utils/nnet_pooling_stream.h:485]   --->   Operation 108 'trunc' 'trunc_ln731_14' <Predicate = true> <Delay = 0.00>
ST_1 : Operation 109 [1/1] (0.00ns)   --->   "%data_pack_0_V_14 = call i16 @_ssdm_op_BitConcatenate.i16.i15.i1(i15 %trunc_ln731_14, i1 false)" [firmware/nnet_utils/nnet_pooling_stream.h:485]   --->   Operation 109 'bitconcatenate' 'data_pack_0_V_14' <Predicate = true> <Delay = 0.00>
ST_1 : Operation 110 [1/1] (0.78ns)   --->   "%add_ln703_3199 = add i16 %data_window_14_V_read_1, %data_pack_0_V_14" [firmware/nnet_utils/nnet_pooling_stream.h:469->firmware/nnet_utils/nnet_pooling_stream.h:487]   --->   Operation 110 'add' 'add_ln703_3199' <Predicate = true> <Delay = 0.78> <Core = "AddSub">   --->   Core 14 'AddSub' <Latency = 0> <II = 1> <Delay = 0.78> <FuncUnit> <Opcode : 'add' 'sub'> <InPorts = 2> <OutPorts = 1>
ST_1 : Operation 111 [1/1] (0.00ns)   --->   "%trunc_ln731_15 = trunc i20 %in_elem_data_15_V_read_1 to i15" [firmware/nnet_utils/nnet_pooling_stream.h:485]   --->   Operation 111 'trunc' 'trunc_ln731_15' <Predicate = true> <Delay = 0.00>
ST_1 : Operation 112 [1/1] (0.00ns)   --->   "%data_pack_0_V_15 = call i16 @_ssdm_op_BitConcatenate.i16.i15.i1(i15 %trunc_ln731_15, i1 false)" [firmware/nnet_utils/nnet_pooling_stream.h:485]   --->   Operation 112 'bitconcatenate' 'data_pack_0_V_15' <Predicate = true> <Delay = 0.00>
ST_1 : Operation 113 [1/1] (0.78ns)   --->   "%add_ln703_3200 = add i16 %data_window_15_V_read_1, %data_pack_0_V_15" [firmware/nnet_utils/nnet_pooling_stream.h:469->firmware/nnet_utils/nnet_pooling_stream.h:487]   --->   Operation 113 'add' 'add_ln703_3200' <Predicate = true> <Delay = 0.78> <Core = "AddSub">   --->   Core 14 'AddSub' <Latency = 0> <II = 1> <Delay = 0.78> <FuncUnit> <Opcode : 'add' 'sub'> <InPorts = 2> <OutPorts = 1>
ST_1 : Operation 114 [1/1] (0.00ns)   --->   "%trunc_ln731_16 = trunc i20 %in_elem_data_16_V_read_1 to i15" [firmware/nnet_utils/nnet_pooling_stream.h:485]   --->   Operation 114 'trunc' 'trunc_ln731_16' <Predicate = true> <Delay = 0.00>
ST_1 : Operation 115 [1/1] (0.00ns)   --->   "%data_pack_0_V_16 = call i16 @_ssdm_op_BitConcatenate.i16.i15.i1(i15 %trunc_ln731_16, i1 false)" [firmware/nnet_utils/nnet_pooling_stream.h:485]   --->   Operation 115 'bitconcatenate' 'data_pack_0_V_16' <Predicate = true> <Delay = 0.00>
ST_1 : Operation 116 [1/1] (0.78ns)   --->   "%add_ln703_3201 = add i16 %data_window_16_V_read_1, %data_pack_0_V_16" [firmware/nnet_utils/nnet_pooling_stream.h:469->firmware/nnet_utils/nnet_pooling_stream.h:487]   --->   Operation 116 'add' 'add_ln703_3201' <Predicate = true> <Delay = 0.78> <Core = "AddSub">   --->   Core 14 'AddSub' <Latency = 0> <II = 1> <Delay = 0.78> <FuncUnit> <Opcode : 'add' 'sub'> <InPorts = 2> <OutPorts = 1>
ST_1 : Operation 117 [1/1] (0.00ns)   --->   "%trunc_ln731_17 = trunc i20 %in_elem_data_17_V_read_1 to i15" [firmware/nnet_utils/nnet_pooling_stream.h:485]   --->   Operation 117 'trunc' 'trunc_ln731_17' <Predicate = true> <Delay = 0.00>
ST_1 : Operation 118 [1/1] (0.00ns)   --->   "%data_pack_0_V_17 = call i16 @_ssdm_op_BitConcatenate.i16.i15.i1(i15 %trunc_ln731_17, i1 false)" [firmware/nnet_utils/nnet_pooling_stream.h:485]   --->   Operation 118 'bitconcatenate' 'data_pack_0_V_17' <Predicate = true> <Delay = 0.00>
ST_1 : Operation 119 [1/1] (0.78ns)   --->   "%add_ln703_3202 = add i16 %data_window_17_V_read_1, %data_pack_0_V_17" [firmware/nnet_utils/nnet_pooling_stream.h:469->firmware/nnet_utils/nnet_pooling_stream.h:487]   --->   Operation 119 'add' 'add_ln703_3202' <Predicate = true> <Delay = 0.78> <Core = "AddSub">   --->   Core 14 'AddSub' <Latency = 0> <II = 1> <Delay = 0.78> <FuncUnit> <Opcode : 'add' 'sub'> <InPorts = 2> <OutPorts = 1>
ST_1 : Operation 120 [1/1] (0.00ns)   --->   "%trunc_ln731_18 = trunc i20 %in_elem_data_18_V_read_1 to i15" [firmware/nnet_utils/nnet_pooling_stream.h:485]   --->   Operation 120 'trunc' 'trunc_ln731_18' <Predicate = true> <Delay = 0.00>
ST_1 : Operation 121 [1/1] (0.00ns)   --->   "%data_pack_0_V_18 = call i16 @_ssdm_op_BitConcatenate.i16.i15.i1(i15 %trunc_ln731_18, i1 false)" [firmware/nnet_utils/nnet_pooling_stream.h:485]   --->   Operation 121 'bitconcatenate' 'data_pack_0_V_18' <Predicate = true> <Delay = 0.00>
ST_1 : Operation 122 [1/1] (0.78ns)   --->   "%add_ln703_3203 = add i16 %data_window_18_V_read_1, %data_pack_0_V_18" [firmware/nnet_utils/nnet_pooling_stream.h:469->firmware/nnet_utils/nnet_pooling_stream.h:487]   --->   Operation 122 'add' 'add_ln703_3203' <Predicate = true> <Delay = 0.78> <Core = "AddSub">   --->   Core 14 'AddSub' <Latency = 0> <II = 1> <Delay = 0.78> <FuncUnit> <Opcode : 'add' 'sub'> <InPorts = 2> <OutPorts = 1>
ST_1 : Operation 123 [1/1] (0.00ns)   --->   "%trunc_ln731_19 = trunc i20 %in_elem_data_19_V_read_1 to i15" [firmware/nnet_utils/nnet_pooling_stream.h:485]   --->   Operation 123 'trunc' 'trunc_ln731_19' <Predicate = true> <Delay = 0.00>
ST_1 : Operation 124 [1/1] (0.00ns)   --->   "%data_pack_0_V_19 = call i16 @_ssdm_op_BitConcatenate.i16.i15.i1(i15 %trunc_ln731_19, i1 false)" [firmware/nnet_utils/nnet_pooling_stream.h:485]   --->   Operation 124 'bitconcatenate' 'data_pack_0_V_19' <Predicate = true> <Delay = 0.00>
ST_1 : Operation 125 [1/1] (0.78ns)   --->   "%add_ln703_3204 = add i16 %data_window_19_V_read_1, %data_pack_0_V_19" [firmware/nnet_utils/nnet_pooling_stream.h:469->firmware/nnet_utils/nnet_pooling_stream.h:487]   --->   Operation 125 'add' 'add_ln703_3204' <Predicate = true> <Delay = 0.78> <Core = "AddSub">   --->   Core 14 'AddSub' <Latency = 0> <II = 1> <Delay = 0.78> <FuncUnit> <Opcode : 'add' 'sub'> <InPorts = 2> <OutPorts = 1>
ST_1 : Operation 126 [1/1] (0.00ns)   --->   "%trunc_ln731_20 = trunc i20 %in_elem_data_20_V_read_1 to i15" [firmware/nnet_utils/nnet_pooling_stream.h:485]   --->   Operation 126 'trunc' 'trunc_ln731_20' <Predicate = true> <Delay = 0.00>
ST_1 : Operation 127 [1/1] (0.00ns)   --->   "%data_pack_0_V_20 = call i16 @_ssdm_op_BitConcatenate.i16.i15.i1(i15 %trunc_ln731_20, i1 false)" [firmware/nnet_utils/nnet_pooling_stream.h:485]   --->   Operation 127 'bitconcatenate' 'data_pack_0_V_20' <Predicate = true> <Delay = 0.00>
ST_1 : Operation 128 [1/1] (0.78ns)   --->   "%add_ln703_3205 = add i16 %data_window_20_V_read_1, %data_pack_0_V_20" [firmware/nnet_utils/nnet_pooling_stream.h:469->firmware/nnet_utils/nnet_pooling_stream.h:487]   --->   Operation 128 'add' 'add_ln703_3205' <Predicate = true> <Delay = 0.78> <Core = "AddSub">   --->   Core 14 'AddSub' <Latency = 0> <II = 1> <Delay = 0.78> <FuncUnit> <Opcode : 'add' 'sub'> <InPorts = 2> <OutPorts = 1>
ST_1 : Operation 129 [1/1] (0.00ns)   --->   "%trunc_ln731_21 = trunc i20 %in_elem_data_21_V_read_1 to i15" [firmware/nnet_utils/nnet_pooling_stream.h:485]   --->   Operation 129 'trunc' 'trunc_ln731_21' <Predicate = true> <Delay = 0.00>
ST_1 : Operation 130 [1/1] (0.00ns)   --->   "%data_pack_0_V_21 = call i16 @_ssdm_op_BitConcatenate.i16.i15.i1(i15 %trunc_ln731_21, i1 false)" [firmware/nnet_utils/nnet_pooling_stream.h:485]   --->   Operation 130 'bitconcatenate' 'data_pack_0_V_21' <Predicate = true> <Delay = 0.00>
ST_1 : Operation 131 [1/1] (0.78ns)   --->   "%add_ln703_3206 = add i16 %data_window_21_V_read_1, %data_pack_0_V_21" [firmware/nnet_utils/nnet_pooling_stream.h:469->firmware/nnet_utils/nnet_pooling_stream.h:487]   --->   Operation 131 'add' 'add_ln703_3206' <Predicate = true> <Delay = 0.78> <Core = "AddSub">   --->   Core 14 'AddSub' <Latency = 0> <II = 1> <Delay = 0.78> <FuncUnit> <Opcode : 'add' 'sub'> <InPorts = 2> <OutPorts = 1>
ST_1 : Operation 132 [1/1] (0.00ns)   --->   "%trunc_ln731_22 = trunc i20 %in_elem_data_22_V_read_1 to i15" [firmware/nnet_utils/nnet_pooling_stream.h:485]   --->   Operation 132 'trunc' 'trunc_ln731_22' <Predicate = true> <Delay = 0.00>
ST_1 : Operation 133 [1/1] (0.00ns)   --->   "%data_pack_0_V_22 = call i16 @_ssdm_op_BitConcatenate.i16.i15.i1(i15 %trunc_ln731_22, i1 false)" [firmware/nnet_utils/nnet_pooling_stream.h:485]   --->   Operation 133 'bitconcatenate' 'data_pack_0_V_22' <Predicate = true> <Delay = 0.00>
ST_1 : Operation 134 [1/1] (0.78ns)   --->   "%add_ln703_3207 = add i16 %data_window_22_V_read_1, %data_pack_0_V_22" [firmware/nnet_utils/nnet_pooling_stream.h:469->firmware/nnet_utils/nnet_pooling_stream.h:487]   --->   Operation 134 'add' 'add_ln703_3207' <Predicate = true> <Delay = 0.78> <Core = "AddSub">   --->   Core 14 'AddSub' <Latency = 0> <II = 1> <Delay = 0.78> <FuncUnit> <Opcode : 'add' 'sub'> <InPorts = 2> <OutPorts = 1>
ST_1 : Operation 135 [1/1] (0.00ns)   --->   "%trunc_ln731_23 = trunc i20 %in_elem_data_23_V_read_1 to i15" [firmware/nnet_utils/nnet_pooling_stream.h:485]   --->   Operation 135 'trunc' 'trunc_ln731_23' <Predicate = true> <Delay = 0.00>
ST_1 : Operation 136 [1/1] (0.00ns)   --->   "%data_pack_0_V_23 = call i16 @_ssdm_op_BitConcatenate.i16.i15.i1(i15 %trunc_ln731_23, i1 false)" [firmware/nnet_utils/nnet_pooling_stream.h:485]   --->   Operation 136 'bitconcatenate' 'data_pack_0_V_23' <Predicate = true> <Delay = 0.00>
ST_1 : Operation 137 [1/1] (0.78ns)   --->   "%add_ln703_3208 = add i16 %data_window_23_V_read_1, %data_pack_0_V_23" [firmware/nnet_utils/nnet_pooling_stream.h:469->firmware/nnet_utils/nnet_pooling_stream.h:487]   --->   Operation 137 'add' 'add_ln703_3208' <Predicate = true> <Delay = 0.78> <Core = "AddSub">   --->   Core 14 'AddSub' <Latency = 0> <II = 1> <Delay = 0.78> <FuncUnit> <Opcode : 'add' 'sub'> <InPorts = 2> <OutPorts = 1>
ST_1 : Operation 138 [1/1] (0.00ns)   --->   "%trunc_ln731_24 = trunc i20 %in_elem_data_24_V_read_1 to i15" [firmware/nnet_utils/nnet_pooling_stream.h:485]   --->   Operation 138 'trunc' 'trunc_ln731_24' <Predicate = true> <Delay = 0.00>
ST_1 : Operation 139 [1/1] (0.00ns)   --->   "%data_pack_0_V_24 = call i16 @_ssdm_op_BitConcatenate.i16.i15.i1(i15 %trunc_ln731_24, i1 false)" [firmware/nnet_utils/nnet_pooling_stream.h:485]   --->   Operation 139 'bitconcatenate' 'data_pack_0_V_24' <Predicate = true> <Delay = 0.00>
ST_1 : Operation 140 [1/1] (0.78ns)   --->   "%add_ln703_3209 = add i16 %data_window_24_V_read_1, %data_pack_0_V_24" [firmware/nnet_utils/nnet_pooling_stream.h:469->firmware/nnet_utils/nnet_pooling_stream.h:487]   --->   Operation 140 'add' 'add_ln703_3209' <Predicate = true> <Delay = 0.78> <Core = "AddSub">   --->   Core 14 'AddSub' <Latency = 0> <II = 1> <Delay = 0.78> <FuncUnit> <Opcode : 'add' 'sub'> <InPorts = 2> <OutPorts = 1>
ST_1 : Operation 141 [1/1] (0.00ns)   --->   "%trunc_ln731_25 = trunc i20 %in_elem_data_25_V_read_1 to i15" [firmware/nnet_utils/nnet_pooling_stream.h:485]   --->   Operation 141 'trunc' 'trunc_ln731_25' <Predicate = true> <Delay = 0.00>
ST_1 : Operation 142 [1/1] (0.00ns)   --->   "%data_pack_0_V_25 = call i16 @_ssdm_op_BitConcatenate.i16.i15.i1(i15 %trunc_ln731_25, i1 false)" [firmware/nnet_utils/nnet_pooling_stream.h:485]   --->   Operation 142 'bitconcatenate' 'data_pack_0_V_25' <Predicate = true> <Delay = 0.00>
ST_1 : Operation 143 [1/1] (0.78ns)   --->   "%add_ln703_3210 = add i16 %data_window_25_V_read_1, %data_pack_0_V_25" [firmware/nnet_utils/nnet_pooling_stream.h:469->firmware/nnet_utils/nnet_pooling_stream.h:487]   --->   Operation 143 'add' 'add_ln703_3210' <Predicate = true> <Delay = 0.78> <Core = "AddSub">   --->   Core 14 'AddSub' <Latency = 0> <II = 1> <Delay = 0.78> <FuncUnit> <Opcode : 'add' 'sub'> <InPorts = 2> <OutPorts = 1>
ST_1 : Operation 144 [1/1] (0.00ns)   --->   "%trunc_ln731_26 = trunc i20 %in_elem_data_26_V_read_1 to i15" [firmware/nnet_utils/nnet_pooling_stream.h:485]   --->   Operation 144 'trunc' 'trunc_ln731_26' <Predicate = true> <Delay = 0.00>
ST_1 : Operation 145 [1/1] (0.00ns)   --->   "%data_pack_0_V_26 = call i16 @_ssdm_op_BitConcatenate.i16.i15.i1(i15 %trunc_ln731_26, i1 false)" [firmware/nnet_utils/nnet_pooling_stream.h:485]   --->   Operation 145 'bitconcatenate' 'data_pack_0_V_26' <Predicate = true> <Delay = 0.00>
ST_1 : Operation 146 [1/1] (0.78ns)   --->   "%add_ln703_3211 = add i16 %data_window_26_V_read_1, %data_pack_0_V_26" [firmware/nnet_utils/nnet_pooling_stream.h:469->firmware/nnet_utils/nnet_pooling_stream.h:487]   --->   Operation 146 'add' 'add_ln703_3211' <Predicate = true> <Delay = 0.78> <Core = "AddSub">   --->   Core 14 'AddSub' <Latency = 0> <II = 1> <Delay = 0.78> <FuncUnit> <Opcode : 'add' 'sub'> <InPorts = 2> <OutPorts = 1>
ST_1 : Operation 147 [1/1] (0.00ns)   --->   "%trunc_ln731_27 = trunc i20 %in_elem_data_27_V_read_1 to i15" [firmware/nnet_utils/nnet_pooling_stream.h:485]   --->   Operation 147 'trunc' 'trunc_ln731_27' <Predicate = true> <Delay = 0.00>
ST_1 : Operation 148 [1/1] (0.00ns)   --->   "%data_pack_0_V_27 = call i16 @_ssdm_op_BitConcatenate.i16.i15.i1(i15 %trunc_ln731_27, i1 false)" [firmware/nnet_utils/nnet_pooling_stream.h:485]   --->   Operation 148 'bitconcatenate' 'data_pack_0_V_27' <Predicate = true> <Delay = 0.00>
ST_1 : Operation 149 [1/1] (0.78ns)   --->   "%add_ln703_3212 = add i16 %data_window_27_V_read_1, %data_pack_0_V_27" [firmware/nnet_utils/nnet_pooling_stream.h:469->firmware/nnet_utils/nnet_pooling_stream.h:487]   --->   Operation 149 'add' 'add_ln703_3212' <Predicate = true> <Delay = 0.78> <Core = "AddSub">   --->   Core 14 'AddSub' <Latency = 0> <II = 1> <Delay = 0.78> <FuncUnit> <Opcode : 'add' 'sub'> <InPorts = 2> <OutPorts = 1>
ST_1 : Operation 150 [1/1] (0.00ns)   --->   "%trunc_ln731_28 = trunc i20 %in_elem_data_28_V_read_1 to i15" [firmware/nnet_utils/nnet_pooling_stream.h:485]   --->   Operation 150 'trunc' 'trunc_ln731_28' <Predicate = true> <Delay = 0.00>
ST_1 : Operation 151 [1/1] (0.00ns)   --->   "%data_pack_0_V_28 = call i16 @_ssdm_op_BitConcatenate.i16.i15.i1(i15 %trunc_ln731_28, i1 false)" [firmware/nnet_utils/nnet_pooling_stream.h:485]   --->   Operation 151 'bitconcatenate' 'data_pack_0_V_28' <Predicate = true> <Delay = 0.00>
ST_1 : Operation 152 [1/1] (0.78ns)   --->   "%add_ln703_3213 = add i16 %data_window_28_V_read_1, %data_pack_0_V_28" [firmware/nnet_utils/nnet_pooling_stream.h:469->firmware/nnet_utils/nnet_pooling_stream.h:487]   --->   Operation 152 'add' 'add_ln703_3213' <Predicate = true> <Delay = 0.78> <Core = "AddSub">   --->   Core 14 'AddSub' <Latency = 0> <II = 1> <Delay = 0.78> <FuncUnit> <Opcode : 'add' 'sub'> <InPorts = 2> <OutPorts = 1>
ST_1 : Operation 153 [1/1] (0.00ns)   --->   "%trunc_ln731_29 = trunc i20 %in_elem_data_29_V_read_1 to i15" [firmware/nnet_utils/nnet_pooling_stream.h:485]   --->   Operation 153 'trunc' 'trunc_ln731_29' <Predicate = true> <Delay = 0.00>
ST_1 : Operation 154 [1/1] (0.00ns)   --->   "%data_pack_0_V_29 = call i16 @_ssdm_op_BitConcatenate.i16.i15.i1(i15 %trunc_ln731_29, i1 false)" [firmware/nnet_utils/nnet_pooling_stream.h:485]   --->   Operation 154 'bitconcatenate' 'data_pack_0_V_29' <Predicate = true> <Delay = 0.00>
ST_1 : Operation 155 [1/1] (0.78ns)   --->   "%add_ln703_3214 = add i16 %data_window_29_V_read_1, %data_pack_0_V_29" [firmware/nnet_utils/nnet_pooling_stream.h:469->firmware/nnet_utils/nnet_pooling_stream.h:487]   --->   Operation 155 'add' 'add_ln703_3214' <Predicate = true> <Delay = 0.78> <Core = "AddSub">   --->   Core 14 'AddSub' <Latency = 0> <II = 1> <Delay = 0.78> <FuncUnit> <Opcode : 'add' 'sub'> <InPorts = 2> <OutPorts = 1>
ST_1 : Operation 156 [1/1] (0.00ns)   --->   "%trunc_ln731_30 = trunc i20 %in_elem_data_30_V_read_1 to i15" [firmware/nnet_utils/nnet_pooling_stream.h:485]   --->   Operation 156 'trunc' 'trunc_ln731_30' <Predicate = true> <Delay = 0.00>
ST_1 : Operation 157 [1/1] (0.00ns)   --->   "%data_pack_0_V_30 = call i16 @_ssdm_op_BitConcatenate.i16.i15.i1(i15 %trunc_ln731_30, i1 false)" [firmware/nnet_utils/nnet_pooling_stream.h:485]   --->   Operation 157 'bitconcatenate' 'data_pack_0_V_30' <Predicate = true> <Delay = 0.00>
ST_1 : Operation 158 [1/1] (0.78ns)   --->   "%add_ln703_3215 = add i16 %data_window_30_V_read_1, %data_pack_0_V_30" [firmware/nnet_utils/nnet_pooling_stream.h:469->firmware/nnet_utils/nnet_pooling_stream.h:487]   --->   Operation 158 'add' 'add_ln703_3215' <Predicate = true> <Delay = 0.78> <Core = "AddSub">   --->   Core 14 'AddSub' <Latency = 0> <II = 1> <Delay = 0.78> <FuncUnit> <Opcode : 'add' 'sub'> <InPorts = 2> <OutPorts = 1>
ST_1 : Operation 159 [1/1] (0.00ns)   --->   "%trunc_ln731_31 = trunc i20 %in_elem_data_31_V_read_1 to i15" [firmware/nnet_utils/nnet_pooling_stream.h:485]   --->   Operation 159 'trunc' 'trunc_ln731_31' <Predicate = true> <Delay = 0.00>
ST_1 : Operation 160 [1/1] (0.00ns)   --->   "%data_pack_0_V_31 = call i16 @_ssdm_op_BitConcatenate.i16.i15.i1(i15 %trunc_ln731_31, i1 false)" [firmware/nnet_utils/nnet_pooling_stream.h:485]   --->   Operation 160 'bitconcatenate' 'data_pack_0_V_31' <Predicate = true> <Delay = 0.00>
ST_1 : Operation 161 [1/1] (0.78ns)   --->   "%add_ln703_3216 = add i16 %data_window_31_V_read_1, %data_pack_0_V_31" [firmware/nnet_utils/nnet_pooling_stream.h:469->firmware/nnet_utils/nnet_pooling_stream.h:487]   --->   Operation 161 'add' 'add_ln703_3216' <Predicate = true> <Delay = 0.78> <Core = "AddSub">   --->   Core 14 'AddSub' <Latency = 0> <II = 1> <Delay = 0.78> <FuncUnit> <Opcode : 'add' 'sub'> <InPorts = 2> <OutPorts = 1>
ST_1 : Operation 162 [1/1] (0.00ns)   --->   "%mrv = insertvalue { i16, i16, i16, i16, i16, i16, i16, i16, i16, i16, i16, i16, i16, i16, i16, i16, i16, i16, i16, i16, i16, i16, i16, i16, i16, i16, i16, i16, i16, i16, i16, i16 } undef, i16 %add_ln703, 0" [firmware/nnet_utils/nnet_pooling_stream.h:490]   --->   Operation 162 'insertvalue' 'mrv' <Predicate = true> <Delay = 0.00>
ST_1 : Operation 163 [1/1] (0.00ns)   --->   "%mrv_1 = insertvalue { i16, i16, i16, i16, i16, i16, i16, i16, i16, i16, i16, i16, i16, i16, i16, i16, i16, i16, i16, i16, i16, i16, i16, i16, i16, i16, i16, i16, i16, i16, i16, i16 } %mrv, i16 %add_ln703_3186, 1" [firmware/nnet_utils/nnet_pooling_stream.h:490]   --->   Operation 163 'insertvalue' 'mrv_1' <Predicate = true> <Delay = 0.00>
ST_1 : Operation 164 [1/1] (0.00ns)   --->   "%mrv_2 = insertvalue { i16, i16, i16, i16, i16, i16, i16, i16, i16, i16, i16, i16, i16, i16, i16, i16, i16, i16, i16, i16, i16, i16, i16, i16, i16, i16, i16, i16, i16, i16, i16, i16 } %mrv_1, i16 %add_ln703_3187, 2" [firmware/nnet_utils/nnet_pooling_stream.h:490]   --->   Operation 164 'insertvalue' 'mrv_2' <Predicate = true> <Delay = 0.00>
ST_1 : Operation 165 [1/1] (0.00ns)   --->   "%mrv_3 = insertvalue { i16, i16, i16, i16, i16, i16, i16, i16, i16, i16, i16, i16, i16, i16, i16, i16, i16, i16, i16, i16, i16, i16, i16, i16, i16, i16, i16, i16, i16, i16, i16, i16 } %mrv_2, i16 %add_ln703_3188, 3" [firmware/nnet_utils/nnet_pooling_stream.h:490]   --->   Operation 165 'insertvalue' 'mrv_3' <Predicate = true> <Delay = 0.00>
ST_1 : Operation 166 [1/1] (0.00ns)   --->   "%mrv_4 = insertvalue { i16, i16, i16, i16, i16, i16, i16, i16, i16, i16, i16, i16, i16, i16, i16, i16, i16, i16, i16, i16, i16, i16, i16, i16, i16, i16, i16, i16, i16, i16, i16, i16 } %mrv_3, i16 %add_ln703_3189, 4" [firmware/nnet_utils/nnet_pooling_stream.h:490]   --->   Operation 166 'insertvalue' 'mrv_4' <Predicate = true> <Delay = 0.00>
ST_1 : Operation 167 [1/1] (0.00ns)   --->   "%mrv_5 = insertvalue { i16, i16, i16, i16, i16, i16, i16, i16, i16, i16, i16, i16, i16, i16, i16, i16, i16, i16, i16, i16, i16, i16, i16, i16, i16, i16, i16, i16, i16, i16, i16, i16 } %mrv_4, i16 %add_ln703_3190, 5" [firmware/nnet_utils/nnet_pooling_stream.h:490]   --->   Operation 167 'insertvalue' 'mrv_5' <Predicate = true> <Delay = 0.00>
ST_1 : Operation 168 [1/1] (0.00ns)   --->   "%mrv_6 = insertvalue { i16, i16, i16, i16, i16, i16, i16, i16, i16, i16, i16, i16, i16, i16, i16, i16, i16, i16, i16, i16, i16, i16, i16, i16, i16, i16, i16, i16, i16, i16, i16, i16 } %mrv_5, i16 %add_ln703_3191, 6" [firmware/nnet_utils/nnet_pooling_stream.h:490]   --->   Operation 168 'insertvalue' 'mrv_6' <Predicate = true> <Delay = 0.00>
ST_1 : Operation 169 [1/1] (0.00ns)   --->   "%mrv_7 = insertvalue { i16, i16, i16, i16, i16, i16, i16, i16, i16, i16, i16, i16, i16, i16, i16, i16, i16, i16, i16, i16, i16, i16, i16, i16, i16, i16, i16, i16, i16, i16, i16, i16 } %mrv_6, i16 %add_ln703_3192, 7" [firmware/nnet_utils/nnet_pooling_stream.h:490]   --->   Operation 169 'insertvalue' 'mrv_7' <Predicate = true> <Delay = 0.00>
ST_1 : Operation 170 [1/1] (0.00ns)   --->   "%mrv_8 = insertvalue { i16, i16, i16, i16, i16, i16, i16, i16, i16, i16, i16, i16, i16, i16, i16, i16, i16, i16, i16, i16, i16, i16, i16, i16, i16, i16, i16, i16, i16, i16, i16, i16 } %mrv_7, i16 %add_ln703_3193, 8" [firmware/nnet_utils/nnet_pooling_stream.h:490]   --->   Operation 170 'insertvalue' 'mrv_8' <Predicate = true> <Delay = 0.00>
ST_1 : Operation 171 [1/1] (0.00ns)   --->   "%mrv_9 = insertvalue { i16, i16, i16, i16, i16, i16, i16, i16, i16, i16, i16, i16, i16, i16, i16, i16, i16, i16, i16, i16, i16, i16, i16, i16, i16, i16, i16, i16, i16, i16, i16, i16 } %mrv_8, i16 %add_ln703_3194, 9" [firmware/nnet_utils/nnet_pooling_stream.h:490]   --->   Operation 171 'insertvalue' 'mrv_9' <Predicate = true> <Delay = 0.00>
ST_1 : Operation 172 [1/1] (0.00ns)   --->   "%mrv_10 = insertvalue { i16, i16, i16, i16, i16, i16, i16, i16, i16, i16, i16, i16, i16, i16, i16, i16, i16, i16, i16, i16, i16, i16, i16, i16, i16, i16, i16, i16, i16, i16, i16, i16 } %mrv_9, i16 %add_ln703_3195, 10" [firmware/nnet_utils/nnet_pooling_stream.h:490]   --->   Operation 172 'insertvalue' 'mrv_10' <Predicate = true> <Delay = 0.00>
ST_1 : Operation 173 [1/1] (0.00ns)   --->   "%mrv_11 = insertvalue { i16, i16, i16, i16, i16, i16, i16, i16, i16, i16, i16, i16, i16, i16, i16, i16, i16, i16, i16, i16, i16, i16, i16, i16, i16, i16, i16, i16, i16, i16, i16, i16 } %mrv_10, i16 %add_ln703_3196, 11" [firmware/nnet_utils/nnet_pooling_stream.h:490]   --->   Operation 173 'insertvalue' 'mrv_11' <Predicate = true> <Delay = 0.00>
ST_1 : Operation 174 [1/1] (0.00ns)   --->   "%mrv_12 = insertvalue { i16, i16, i16, i16, i16, i16, i16, i16, i16, i16, i16, i16, i16, i16, i16, i16, i16, i16, i16, i16, i16, i16, i16, i16, i16, i16, i16, i16, i16, i16, i16, i16 } %mrv_11, i16 %add_ln703_3197, 12" [firmware/nnet_utils/nnet_pooling_stream.h:490]   --->   Operation 174 'insertvalue' 'mrv_12' <Predicate = true> <Delay = 0.00>
ST_1 : Operation 175 [1/1] (0.00ns)   --->   "%mrv_13 = insertvalue { i16, i16, i16, i16, i16, i16, i16, i16, i16, i16, i16, i16, i16, i16, i16, i16, i16, i16, i16, i16, i16, i16, i16, i16, i16, i16, i16, i16, i16, i16, i16, i16 } %mrv_12, i16 %add_ln703_3198, 13" [firmware/nnet_utils/nnet_pooling_stream.h:490]   --->   Operation 175 'insertvalue' 'mrv_13' <Predicate = true> <Delay = 0.00>
ST_1 : Operation 176 [1/1] (0.00ns)   --->   "%mrv_14 = insertvalue { i16, i16, i16, i16, i16, i16, i16, i16, i16, i16, i16, i16, i16, i16, i16, i16, i16, i16, i16, i16, i16, i16, i16, i16, i16, i16, i16, i16, i16, i16, i16, i16 } %mrv_13, i16 %add_ln703_3199, 14" [firmware/nnet_utils/nnet_pooling_stream.h:490]   --->   Operation 176 'insertvalue' 'mrv_14' <Predicate = true> <Delay = 0.00>
ST_1 : Operation 177 [1/1] (0.00ns)   --->   "%mrv_15 = insertvalue { i16, i16, i16, i16, i16, i16, i16, i16, i16, i16, i16, i16, i16, i16, i16, i16, i16, i16, i16, i16, i16, i16, i16, i16, i16, i16, i16, i16, i16, i16, i16, i16 } %mrv_14, i16 %add_ln703_3200, 15" [firmware/nnet_utils/nnet_pooling_stream.h:490]   --->   Operation 177 'insertvalue' 'mrv_15' <Predicate = true> <Delay = 0.00>
ST_1 : Operation 178 [1/1] (0.00ns)   --->   "%mrv_16 = insertvalue { i16, i16, i16, i16, i16, i16, i16, i16, i16, i16, i16, i16, i16, i16, i16, i16, i16, i16, i16, i16, i16, i16, i16, i16, i16, i16, i16, i16, i16, i16, i16, i16 } %mrv_15, i16 %add_ln703_3201, 16" [firmware/nnet_utils/nnet_pooling_stream.h:490]   --->   Operation 178 'insertvalue' 'mrv_16' <Predicate = true> <Delay = 0.00>
ST_1 : Operation 179 [1/1] (0.00ns)   --->   "%mrv_17 = insertvalue { i16, i16, i16, i16, i16, i16, i16, i16, i16, i16, i16, i16, i16, i16, i16, i16, i16, i16, i16, i16, i16, i16, i16, i16, i16, i16, i16, i16, i16, i16, i16, i16 } %mrv_16, i16 %add_ln703_3202, 17" [firmware/nnet_utils/nnet_pooling_stream.h:490]   --->   Operation 179 'insertvalue' 'mrv_17' <Predicate = true> <Delay = 0.00>
ST_1 : Operation 180 [1/1] (0.00ns)   --->   "%mrv_18 = insertvalue { i16, i16, i16, i16, i16, i16, i16, i16, i16, i16, i16, i16, i16, i16, i16, i16, i16, i16, i16, i16, i16, i16, i16, i16, i16, i16, i16, i16, i16, i16, i16, i16 } %mrv_17, i16 %add_ln703_3203, 18" [firmware/nnet_utils/nnet_pooling_stream.h:490]   --->   Operation 180 'insertvalue' 'mrv_18' <Predicate = true> <Delay = 0.00>
ST_1 : Operation 181 [1/1] (0.00ns)   --->   "%mrv_19 = insertvalue { i16, i16, i16, i16, i16, i16, i16, i16, i16, i16, i16, i16, i16, i16, i16, i16, i16, i16, i16, i16, i16, i16, i16, i16, i16, i16, i16, i16, i16, i16, i16, i16 } %mrv_18, i16 %add_ln703_3204, 19" [firmware/nnet_utils/nnet_pooling_stream.h:490]   --->   Operation 181 'insertvalue' 'mrv_19' <Predicate = true> <Delay = 0.00>
ST_1 : Operation 182 [1/1] (0.00ns)   --->   "%mrv_20 = insertvalue { i16, i16, i16, i16, i16, i16, i16, i16, i16, i16, i16, i16, i16, i16, i16, i16, i16, i16, i16, i16, i16, i16, i16, i16, i16, i16, i16, i16, i16, i16, i16, i16 } %mrv_19, i16 %add_ln703_3205, 20" [firmware/nnet_utils/nnet_pooling_stream.h:490]   --->   Operation 182 'insertvalue' 'mrv_20' <Predicate = true> <Delay = 0.00>
ST_1 : Operation 183 [1/1] (0.00ns)   --->   "%mrv_21 = insertvalue { i16, i16, i16, i16, i16, i16, i16, i16, i16, i16, i16, i16, i16, i16, i16, i16, i16, i16, i16, i16, i16, i16, i16, i16, i16, i16, i16, i16, i16, i16, i16, i16 } %mrv_20, i16 %add_ln703_3206, 21" [firmware/nnet_utils/nnet_pooling_stream.h:490]   --->   Operation 183 'insertvalue' 'mrv_21' <Predicate = true> <Delay = 0.00>
ST_1 : Operation 184 [1/1] (0.00ns)   --->   "%mrv_22 = insertvalue { i16, i16, i16, i16, i16, i16, i16, i16, i16, i16, i16, i16, i16, i16, i16, i16, i16, i16, i16, i16, i16, i16, i16, i16, i16, i16, i16, i16, i16, i16, i16, i16 } %mrv_21, i16 %add_ln703_3207, 22" [firmware/nnet_utils/nnet_pooling_stream.h:490]   --->   Operation 184 'insertvalue' 'mrv_22' <Predicate = true> <Delay = 0.00>
ST_1 : Operation 185 [1/1] (0.00ns)   --->   "%mrv_23 = insertvalue { i16, i16, i16, i16, i16, i16, i16, i16, i16, i16, i16, i16, i16, i16, i16, i16, i16, i16, i16, i16, i16, i16, i16, i16, i16, i16, i16, i16, i16, i16, i16, i16 } %mrv_22, i16 %add_ln703_3208, 23" [firmware/nnet_utils/nnet_pooling_stream.h:490]   --->   Operation 185 'insertvalue' 'mrv_23' <Predicate = true> <Delay = 0.00>
ST_1 : Operation 186 [1/1] (0.00ns)   --->   "%mrv_24 = insertvalue { i16, i16, i16, i16, i16, i16, i16, i16, i16, i16, i16, i16, i16, i16, i16, i16, i16, i16, i16, i16, i16, i16, i16, i16, i16, i16, i16, i16, i16, i16, i16, i16 } %mrv_23, i16 %add_ln703_3209, 24" [firmware/nnet_utils/nnet_pooling_stream.h:490]   --->   Operation 186 'insertvalue' 'mrv_24' <Predicate = true> <Delay = 0.00>
ST_1 : Operation 187 [1/1] (0.00ns)   --->   "%mrv_25 = insertvalue { i16, i16, i16, i16, i16, i16, i16, i16, i16, i16, i16, i16, i16, i16, i16, i16, i16, i16, i16, i16, i16, i16, i16, i16, i16, i16, i16, i16, i16, i16, i16, i16 } %mrv_24, i16 %add_ln703_3210, 25" [firmware/nnet_utils/nnet_pooling_stream.h:490]   --->   Operation 187 'insertvalue' 'mrv_25' <Predicate = true> <Delay = 0.00>
ST_1 : Operation 188 [1/1] (0.00ns)   --->   "%mrv_26 = insertvalue { i16, i16, i16, i16, i16, i16, i16, i16, i16, i16, i16, i16, i16, i16, i16, i16, i16, i16, i16, i16, i16, i16, i16, i16, i16, i16, i16, i16, i16, i16, i16, i16 } %mrv_25, i16 %add_ln703_3211, 26" [firmware/nnet_utils/nnet_pooling_stream.h:490]   --->   Operation 188 'insertvalue' 'mrv_26' <Predicate = true> <Delay = 0.00>
ST_1 : Operation 189 [1/1] (0.00ns)   --->   "%mrv_27 = insertvalue { i16, i16, i16, i16, i16, i16, i16, i16, i16, i16, i16, i16, i16, i16, i16, i16, i16, i16, i16, i16, i16, i16, i16, i16, i16, i16, i16, i16, i16, i16, i16, i16 } %mrv_26, i16 %add_ln703_3212, 27" [firmware/nnet_utils/nnet_pooling_stream.h:490]   --->   Operation 189 'insertvalue' 'mrv_27' <Predicate = true> <Delay = 0.00>
ST_1 : Operation 190 [1/1] (0.00ns)   --->   "%mrv_28 = insertvalue { i16, i16, i16, i16, i16, i16, i16, i16, i16, i16, i16, i16, i16, i16, i16, i16, i16, i16, i16, i16, i16, i16, i16, i16, i16, i16, i16, i16, i16, i16, i16, i16 } %mrv_27, i16 %add_ln703_3213, 28" [firmware/nnet_utils/nnet_pooling_stream.h:490]   --->   Operation 190 'insertvalue' 'mrv_28' <Predicate = true> <Delay = 0.00>
ST_1 : Operation 191 [1/1] (0.00ns)   --->   "%mrv_29 = insertvalue { i16, i16, i16, i16, i16, i16, i16, i16, i16, i16, i16, i16, i16, i16, i16, i16, i16, i16, i16, i16, i16, i16, i16, i16, i16, i16, i16, i16, i16, i16, i16, i16 } %mrv_28, i16 %add_ln703_3214, 29" [firmware/nnet_utils/nnet_pooling_stream.h:490]   --->   Operation 191 'insertvalue' 'mrv_29' <Predicate = true> <Delay = 0.00>
ST_1 : Operation 192 [1/1] (0.00ns)   --->   "%mrv_30 = insertvalue { i16, i16, i16, i16, i16, i16, i16, i16, i16, i16, i16, i16, i16, i16, i16, i16, i16, i16, i16, i16, i16, i16, i16, i16, i16, i16, i16, i16, i16, i16, i16, i16 } %mrv_29, i16 %add_ln703_3215, 30" [firmware/nnet_utils/nnet_pooling_stream.h:490]   --->   Operation 192 'insertvalue' 'mrv_30' <Predicate = true> <Delay = 0.00>
ST_1 : Operation 193 [1/1] (0.00ns)   --->   "%mrv_s = insertvalue { i16, i16, i16, i16, i16, i16, i16, i16, i16, i16, i16, i16, i16, i16, i16, i16, i16, i16, i16, i16, i16, i16, i16, i16, i16, i16, i16, i16, i16, i16, i16, i16 } %mrv_30, i16 %add_ln703_3216, 31" [firmware/nnet_utils/nnet_pooling_stream.h:490]   --->   Operation 193 'insertvalue' 'mrv_s' <Predicate = true> <Delay = 0.00>
ST_1 : Operation 194 [1/1] (0.00ns)   --->   "ret { i16, i16, i16, i16, i16, i16, i16, i16, i16, i16, i16, i16, i16, i16, i16, i16, i16, i16, i16, i16, i16, i16, i16, i16, i16, i16, i16, i16, i16, i16, i16, i16 } %mrv_s" [firmware/nnet_utils/nnet_pooling_stream.h:490]   --->   Operation 194 'ret' <Predicate = true> <Delay = 0.00>


============================================================
+ Verbose Summary: Timing violations
============================================================
Target clock period: 5ns, clock uncertainty: 0.625ns.

 <State 1>: 0.785ns
The critical path consists of the following:
	wire read on port 'data_window_31_V_read' (firmware/nnet_utils/nnet_pooling_stream.h:474) [65]  (0 ns)
	'add' operation ('data_window[31].V', firmware/nnet_utils/nnet_pooling_stream.h:469->firmware/nnet_utils/nnet_pooling_stream.h:487) [224]  (0.785 ns)


============================================================
+ Verbose Summary: Binding
============================================================
N/A
* FSMD analyzer results:
  - Output states:
 - Input state : 
  - Chain level:
	State 1


============================================================
+ Verbose Summary: Datapath Resource usage 
============================================================
N/A
