

================================================================
== Vivado HLS Report for 'dense_array_ap_fixed_32u_array_ap_fixed_30_13_5_3_0_32u_config13_s'
================================================================
* Date:           Tue Dec 10 22:24:40 2024

* Version:        2020.1 (Build 2897737 on Wed May 27 20:21:37 MDT 2020)
* Project:        hls_deepset_pointwisePhi_iostream_prj
* Solution:       solution1
* Product family: virtexuplus
* Target device:  xcvu13p-flga2577-2-e


================================================================
== Performance Estimates
================================================================
+ Timing: 
    * Summary: 
    +--------+---------+----------+------------+
    |  Clock |  Target | Estimated| Uncertainty|
    +--------+---------+----------+------------+
    |ap_clk  | 5.00 ns | 4.155 ns |   0.62 ns  |
    +--------+---------+----------+------------+

+ Latency: 
    * Summary: 
    +---------+---------+-----------+-----------+-----+-----+---------+
    |  Latency (cycles) |   Latency (absolute)  |  Interval | Pipeline|
    |   min   |   max   |    min    |    max    | min | max |   Type  |
    +---------+---------+-----------+-----------+-----+-----+---------+
    |        2|        2| 10.000 ns | 10.000 ns |    2|    2|   none  |
    +---------+---------+-----------+-----------+-----+-----+---------+

    + Detail: 
        * Instance: 
        N/A

        * Loop: 
        N/A

============================================================
+ Verbose Summary: Synthesis Manager
============================================================
InlineROM: 1
ExposeGlobal: 0
============================================================
+ Verbose Summary: CDFG Model
============================================================
IsTopModel: 0
ResetActiveHigh: 1
IsCombinational: 2
IsDatapathOnly: 0
HasWiredReturn: 1
HasMFsm: 0
HasVarLatency: 1
IsPipeline: 0
IsRtlPipelined: 0
IsInstanceOverlapped: 0
IsDontTouch: 0
HasImplIP: 0
IsGatedGlobalClock: 0


============================================================
+ Verbose Summary: Schedule
============================================================
* Number of FSM states : 3
* Pipeline : 0
* Dataflow Pipeline: 0

* FSM state transitions: 
1 --> 2 
2 --> 3 
3 --> 

* FSM state operations: 

State 1 <SV = 0> <Delay = 1.45>
ST_1 : Operation 4 [1/1] (1.45ns)   --->   "%empty = call { i16, i16, i16, i16, i16, i16, i16, i16, i16, i16, i16, i16, i16, i16, i16, i16, i16, i16, i16, i16, i16, i16, i16, i16, i16, i16, i16, i16, i16, i16, i16, i16 } @_ssdm_op_Read.ap_fifo.volatile.i16P.i16P.i16P.i16P.i16P.i16P.i16P.i16P.i16P.i16P.i16P.i16P.i16P.i16P.i16P.i16P.i16P.i16P.i16P.i16P.i16P.i16P.i16P.i16P.i16P.i16P.i16P.i16P.i16P.i16P.i16P.i16P(i16* %data_stream_V_data_0_V, i16* %data_stream_V_data_1_V, i16* %data_stream_V_data_2_V, i16* %data_stream_V_data_3_V, i16* %data_stream_V_data_4_V, i16* %data_stream_V_data_5_V, i16* %data_stream_V_data_6_V, i16* %data_stream_V_data_7_V, i16* %data_stream_V_data_8_V, i16* %data_stream_V_data_9_V, i16* %data_stream_V_data_10_V, i16* %data_stream_V_data_11_V, i16* %data_stream_V_data_12_V, i16* %data_stream_V_data_13_V, i16* %data_stream_V_data_14_V, i16* %data_stream_V_data_15_V, i16* %data_stream_V_data_16_V, i16* %data_stream_V_data_17_V, i16* %data_stream_V_data_18_V, i16* %data_stream_V_data_19_V, i16* %data_stream_V_data_20_V, i16* %data_stream_V_data_21_V, i16* %data_stream_V_data_22_V, i16* %data_stream_V_data_23_V, i16* %data_stream_V_data_24_V, i16* %data_stream_V_data_25_V, i16* %data_stream_V_data_26_V, i16* %data_stream_V_data_27_V, i16* %data_stream_V_data_28_V, i16* %data_stream_V_data_29_V, i16* %data_stream_V_data_30_V, i16* %data_stream_V_data_31_V)" [firmware/nnet_utils/nnet_dense_stream.h:38]   --->   Operation 4 'read' 'empty' <Predicate = true> <Delay = 1.45> <Core = "FIFO">   --->   Core 32 'FIFO' <Latency = 0> <II = 1> <Delay = 1.45> <Storage> <Opcode : 'read' 'write' 'nbread' 'nbwrite'> <Ports = 0> <Width = 30> <Depth = 1> <FIFO>
ST_1 : Operation 5 [1/1] (0.00ns)   --->   "%data_0_V = extractvalue { i16, i16, i16, i16, i16, i16, i16, i16, i16, i16, i16, i16, i16, i16, i16, i16, i16, i16, i16, i16, i16, i16, i16, i16, i16, i16, i16, i16, i16, i16, i16, i16 } %empty, 0" [firmware/nnet_utils/nnet_dense_stream.h:38]   --->   Operation 5 'extractvalue' 'data_0_V' <Predicate = true> <Delay = 0.00>
ST_1 : Operation 6 [1/1] (0.00ns)   --->   "%data_1_V = extractvalue { i16, i16, i16, i16, i16, i16, i16, i16, i16, i16, i16, i16, i16, i16, i16, i16, i16, i16, i16, i16, i16, i16, i16, i16, i16, i16, i16, i16, i16, i16, i16, i16 } %empty, 1" [firmware/nnet_utils/nnet_dense_stream.h:38]   --->   Operation 6 'extractvalue' 'data_1_V' <Predicate = true> <Delay = 0.00>
ST_1 : Operation 7 [1/1] (0.00ns)   --->   "%data_2_V = extractvalue { i16, i16, i16, i16, i16, i16, i16, i16, i16, i16, i16, i16, i16, i16, i16, i16, i16, i16, i16, i16, i16, i16, i16, i16, i16, i16, i16, i16, i16, i16, i16, i16 } %empty, 2" [firmware/nnet_utils/nnet_dense_stream.h:38]   --->   Operation 7 'extractvalue' 'data_2_V' <Predicate = true> <Delay = 0.00>
ST_1 : Operation 8 [1/1] (0.00ns)   --->   "%data_3_V = extractvalue { i16, i16, i16, i16, i16, i16, i16, i16, i16, i16, i16, i16, i16, i16, i16, i16, i16, i16, i16, i16, i16, i16, i16, i16, i16, i16, i16, i16, i16, i16, i16, i16 } %empty, 3" [firmware/nnet_utils/nnet_dense_stream.h:38]   --->   Operation 8 'extractvalue' 'data_3_V' <Predicate = true> <Delay = 0.00>
ST_1 : Operation 9 [1/1] (0.00ns)   --->   "%data_4_V = extractvalue { i16, i16, i16, i16, i16, i16, i16, i16, i16, i16, i16, i16, i16, i16, i16, i16, i16, i16, i16, i16, i16, i16, i16, i16, i16, i16, i16, i16, i16, i16, i16, i16 } %empty, 4" [firmware/nnet_utils/nnet_dense_stream.h:38]   --->   Operation 9 'extractvalue' 'data_4_V' <Predicate = true> <Delay = 0.00>
ST_1 : Operation 10 [1/1] (0.00ns)   --->   "%data_5_V = extractvalue { i16, i16, i16, i16, i16, i16, i16, i16, i16, i16, i16, i16, i16, i16, i16, i16, i16, i16, i16, i16, i16, i16, i16, i16, i16, i16, i16, i16, i16, i16, i16, i16 } %empty, 5" [firmware/nnet_utils/nnet_dense_stream.h:38]   --->   Operation 10 'extractvalue' 'data_5_V' <Predicate = true> <Delay = 0.00>
ST_1 : Operation 11 [1/1] (0.00ns)   --->   "%data_6_V = extractvalue { i16, i16, i16, i16, i16, i16, i16, i16, i16, i16, i16, i16, i16, i16, i16, i16, i16, i16, i16, i16, i16, i16, i16, i16, i16, i16, i16, i16, i16, i16, i16, i16 } %empty, 6" [firmware/nnet_utils/nnet_dense_stream.h:38]   --->   Operation 11 'extractvalue' 'data_6_V' <Predicate = true> <Delay = 0.00>
ST_1 : Operation 12 [1/1] (0.00ns)   --->   "%data_7_V = extractvalue { i16, i16, i16, i16, i16, i16, i16, i16, i16, i16, i16, i16, i16, i16, i16, i16, i16, i16, i16, i16, i16, i16, i16, i16, i16, i16, i16, i16, i16, i16, i16, i16 } %empty, 7" [firmware/nnet_utils/nnet_dense_stream.h:38]   --->   Operation 12 'extractvalue' 'data_7_V' <Predicate = true> <Delay = 0.00>
ST_1 : Operation 13 [1/1] (0.00ns)   --->   "%data_8_V = extractvalue { i16, i16, i16, i16, i16, i16, i16, i16, i16, i16, i16, i16, i16, i16, i16, i16, i16, i16, i16, i16, i16, i16, i16, i16, i16, i16, i16, i16, i16, i16, i16, i16 } %empty, 8" [firmware/nnet_utils/nnet_dense_stream.h:38]   --->   Operation 13 'extractvalue' 'data_8_V' <Predicate = true> <Delay = 0.00>
ST_1 : Operation 14 [1/1] (0.00ns)   --->   "%data_9_V = extractvalue { i16, i16, i16, i16, i16, i16, i16, i16, i16, i16, i16, i16, i16, i16, i16, i16, i16, i16, i16, i16, i16, i16, i16, i16, i16, i16, i16, i16, i16, i16, i16, i16 } %empty, 9" [firmware/nnet_utils/nnet_dense_stream.h:38]   --->   Operation 14 'extractvalue' 'data_9_V' <Predicate = true> <Delay = 0.00>
ST_1 : Operation 15 [1/1] (0.00ns)   --->   "%data_10_V = extractvalue { i16, i16, i16, i16, i16, i16, i16, i16, i16, i16, i16, i16, i16, i16, i16, i16, i16, i16, i16, i16, i16, i16, i16, i16, i16, i16, i16, i16, i16, i16, i16, i16 } %empty, 10" [firmware/nnet_utils/nnet_dense_stream.h:38]   --->   Operation 15 'extractvalue' 'data_10_V' <Predicate = true> <Delay = 0.00>
ST_1 : Operation 16 [1/1] (0.00ns)   --->   "%data_11_V = extractvalue { i16, i16, i16, i16, i16, i16, i16, i16, i16, i16, i16, i16, i16, i16, i16, i16, i16, i16, i16, i16, i16, i16, i16, i16, i16, i16, i16, i16, i16, i16, i16, i16 } %empty, 11" [firmware/nnet_utils/nnet_dense_stream.h:38]   --->   Operation 16 'extractvalue' 'data_11_V' <Predicate = true> <Delay = 0.00>
ST_1 : Operation 17 [1/1] (0.00ns)   --->   "%data_12_V = extractvalue { i16, i16, i16, i16, i16, i16, i16, i16, i16, i16, i16, i16, i16, i16, i16, i16, i16, i16, i16, i16, i16, i16, i16, i16, i16, i16, i16, i16, i16, i16, i16, i16 } %empty, 12" [firmware/nnet_utils/nnet_dense_stream.h:38]   --->   Operation 17 'extractvalue' 'data_12_V' <Predicate = true> <Delay = 0.00>
ST_1 : Operation 18 [1/1] (0.00ns)   --->   "%data_13_V = extractvalue { i16, i16, i16, i16, i16, i16, i16, i16, i16, i16, i16, i16, i16, i16, i16, i16, i16, i16, i16, i16, i16, i16, i16, i16, i16, i16, i16, i16, i16, i16, i16, i16 } %empty, 13" [firmware/nnet_utils/nnet_dense_stream.h:38]   --->   Operation 18 'extractvalue' 'data_13_V' <Predicate = true> <Delay = 0.00>
ST_1 : Operation 19 [1/1] (0.00ns)   --->   "%data_14_V = extractvalue { i16, i16, i16, i16, i16, i16, i16, i16, i16, i16, i16, i16, i16, i16, i16, i16, i16, i16, i16, i16, i16, i16, i16, i16, i16, i16, i16, i16, i16, i16, i16, i16 } %empty, 14" [firmware/nnet_utils/nnet_dense_stream.h:38]   --->   Operation 19 'extractvalue' 'data_14_V' <Predicate = true> <Delay = 0.00>
ST_1 : Operation 20 [1/1] (0.00ns)   --->   "%data_15_V = extractvalue { i16, i16, i16, i16, i16, i16, i16, i16, i16, i16, i16, i16, i16, i16, i16, i16, i16, i16, i16, i16, i16, i16, i16, i16, i16, i16, i16, i16, i16, i16, i16, i16 } %empty, 15" [firmware/nnet_utils/nnet_dense_stream.h:38]   --->   Operation 20 'extractvalue' 'data_15_V' <Predicate = true> <Delay = 0.00>
ST_1 : Operation 21 [1/1] (0.00ns)   --->   "%data_16_V = extractvalue { i16, i16, i16, i16, i16, i16, i16, i16, i16, i16, i16, i16, i16, i16, i16, i16, i16, i16, i16, i16, i16, i16, i16, i16, i16, i16, i16, i16, i16, i16, i16, i16 } %empty, 16" [firmware/nnet_utils/nnet_dense_stream.h:38]   --->   Operation 21 'extractvalue' 'data_16_V' <Predicate = true> <Delay = 0.00>
ST_1 : Operation 22 [1/1] (0.00ns)   --->   "%data_17_V = extractvalue { i16, i16, i16, i16, i16, i16, i16, i16, i16, i16, i16, i16, i16, i16, i16, i16, i16, i16, i16, i16, i16, i16, i16, i16, i16, i16, i16, i16, i16, i16, i16, i16 } %empty, 17" [firmware/nnet_utils/nnet_dense_stream.h:38]   --->   Operation 22 'extractvalue' 'data_17_V' <Predicate = true> <Delay = 0.00>
ST_1 : Operation 23 [1/1] (0.00ns)   --->   "%data_18_V = extractvalue { i16, i16, i16, i16, i16, i16, i16, i16, i16, i16, i16, i16, i16, i16, i16, i16, i16, i16, i16, i16, i16, i16, i16, i16, i16, i16, i16, i16, i16, i16, i16, i16 } %empty, 18" [firmware/nnet_utils/nnet_dense_stream.h:38]   --->   Operation 23 'extractvalue' 'data_18_V' <Predicate = true> <Delay = 0.00>
ST_1 : Operation 24 [1/1] (0.00ns)   --->   "%data_19_V = extractvalue { i16, i16, i16, i16, i16, i16, i16, i16, i16, i16, i16, i16, i16, i16, i16, i16, i16, i16, i16, i16, i16, i16, i16, i16, i16, i16, i16, i16, i16, i16, i16, i16 } %empty, 19" [firmware/nnet_utils/nnet_dense_stream.h:38]   --->   Operation 24 'extractvalue' 'data_19_V' <Predicate = true> <Delay = 0.00>
ST_1 : Operation 25 [1/1] (0.00ns)   --->   "%data_20_V = extractvalue { i16, i16, i16, i16, i16, i16, i16, i16, i16, i16, i16, i16, i16, i16, i16, i16, i16, i16, i16, i16, i16, i16, i16, i16, i16, i16, i16, i16, i16, i16, i16, i16 } %empty, 20" [firmware/nnet_utils/nnet_dense_stream.h:38]   --->   Operation 25 'extractvalue' 'data_20_V' <Predicate = true> <Delay = 0.00>
ST_1 : Operation 26 [1/1] (0.00ns)   --->   "%data_21_V = extractvalue { i16, i16, i16, i16, i16, i16, i16, i16, i16, i16, i16, i16, i16, i16, i16, i16, i16, i16, i16, i16, i16, i16, i16, i16, i16, i16, i16, i16, i16, i16, i16, i16 } %empty, 21" [firmware/nnet_utils/nnet_dense_stream.h:38]   --->   Operation 26 'extractvalue' 'data_21_V' <Predicate = true> <Delay = 0.00>
ST_1 : Operation 27 [1/1] (0.00ns)   --->   "%data_22_V = extractvalue { i16, i16, i16, i16, i16, i16, i16, i16, i16, i16, i16, i16, i16, i16, i16, i16, i16, i16, i16, i16, i16, i16, i16, i16, i16, i16, i16, i16, i16, i16, i16, i16 } %empty, 22" [firmware/nnet_utils/nnet_dense_stream.h:38]   --->   Operation 27 'extractvalue' 'data_22_V' <Predicate = true> <Delay = 0.00>
ST_1 : Operation 28 [1/1] (0.00ns)   --->   "%data_23_V = extractvalue { i16, i16, i16, i16, i16, i16, i16, i16, i16, i16, i16, i16, i16, i16, i16, i16, i16, i16, i16, i16, i16, i16, i16, i16, i16, i16, i16, i16, i16, i16, i16, i16 } %empty, 23" [firmware/nnet_utils/nnet_dense_stream.h:38]   --->   Operation 28 'extractvalue' 'data_23_V' <Predicate = true> <Delay = 0.00>
ST_1 : Operation 29 [1/1] (0.00ns)   --->   "%data_24_V = extractvalue { i16, i16, i16, i16, i16, i16, i16, i16, i16, i16, i16, i16, i16, i16, i16, i16, i16, i16, i16, i16, i16, i16, i16, i16, i16, i16, i16, i16, i16, i16, i16, i16 } %empty, 24" [firmware/nnet_utils/nnet_dense_stream.h:38]   --->   Operation 29 'extractvalue' 'data_24_V' <Predicate = true> <Delay = 0.00>
ST_1 : Operation 30 [1/1] (0.00ns)   --->   "%data_25_V = extractvalue { i16, i16, i16, i16, i16, i16, i16, i16, i16, i16, i16, i16, i16, i16, i16, i16, i16, i16, i16, i16, i16, i16, i16, i16, i16, i16, i16, i16, i16, i16, i16, i16 } %empty, 25" [firmware/nnet_utils/nnet_dense_stream.h:38]   --->   Operation 30 'extractvalue' 'data_25_V' <Predicate = true> <Delay = 0.00>
ST_1 : Operation 31 [1/1] (0.00ns)   --->   "%data_26_V = extractvalue { i16, i16, i16, i16, i16, i16, i16, i16, i16, i16, i16, i16, i16, i16, i16, i16, i16, i16, i16, i16, i16, i16, i16, i16, i16, i16, i16, i16, i16, i16, i16, i16 } %empty, 26" [firmware/nnet_utils/nnet_dense_stream.h:38]   --->   Operation 31 'extractvalue' 'data_26_V' <Predicate = true> <Delay = 0.00>
ST_1 : Operation 32 [1/1] (0.00ns)   --->   "%data_27_V = extractvalue { i16, i16, i16, i16, i16, i16, i16, i16, i16, i16, i16, i16, i16, i16, i16, i16, i16, i16, i16, i16, i16, i16, i16, i16, i16, i16, i16, i16, i16, i16, i16, i16 } %empty, 27" [firmware/nnet_utils/nnet_dense_stream.h:38]   --->   Operation 32 'extractvalue' 'data_27_V' <Predicate = true> <Delay = 0.00>
ST_1 : Operation 33 [1/1] (0.00ns)   --->   "%data_28_V = extractvalue { i16, i16, i16, i16, i16, i16, i16, i16, i16, i16, i16, i16, i16, i16, i16, i16, i16, i16, i16, i16, i16, i16, i16, i16, i16, i16, i16, i16, i16, i16, i16, i16 } %empty, 28" [firmware/nnet_utils/nnet_dense_stream.h:38]   --->   Operation 33 'extractvalue' 'data_28_V' <Predicate = true> <Delay = 0.00>
ST_1 : Operation 34 [1/1] (0.00ns)   --->   "%data_29_V = extractvalue { i16, i16, i16, i16, i16, i16, i16, i16, i16, i16, i16, i16, i16, i16, i16, i16, i16, i16, i16, i16, i16, i16, i16, i16, i16, i16, i16, i16, i16, i16, i16, i16 } %empty, 29" [firmware/nnet_utils/nnet_dense_stream.h:38]   --->   Operation 34 'extractvalue' 'data_29_V' <Predicate = true> <Delay = 0.00>
ST_1 : Operation 35 [1/1] (0.00ns)   --->   "%data_30_V = extractvalue { i16, i16, i16, i16, i16, i16, i16, i16, i16, i16, i16, i16, i16, i16, i16, i16, i16, i16, i16, i16, i16, i16, i16, i16, i16, i16, i16, i16, i16, i16, i16, i16 } %empty, 30" [firmware/nnet_utils/nnet_dense_stream.h:38]   --->   Operation 35 'extractvalue' 'data_30_V' <Predicate = true> <Delay = 0.00>
ST_1 : Operation 36 [1/1] (0.00ns)   --->   "%data_31_V = extractvalue { i16, i16, i16, i16, i16, i16, i16, i16, i16, i16, i16, i16, i16, i16, i16, i16, i16, i16, i16, i16, i16, i16, i16, i16, i16, i16, i16, i16, i16, i16, i16, i16 } %empty, 31" [firmware/nnet_utils/nnet_dense_stream.h:38]   --->   Operation 36 'extractvalue' 'data_31_V' <Predicate = true> <Delay = 0.00>

State 2 <SV = 1> <Delay = 4.15>
ST_2 : Operation 37 [2/2] (4.15ns)   --->   "%call_ret = call fastcc { i30, i30, i30, i30, i30, i30, i30, i30, i30, i30, i30, i30, i30, i30, i30, i30, i30, i30, i30, i30, i30, i30, i30, i30, i30, i30, i30, i30, i30, i30, i30, i30 } @"dense_wrapper<ap_fixed<16, 6, 5, 3, 0>, ap_fixed<30, 13, 5, 3, 0>, config13>"(i16 %data_0_V, i16 %data_1_V, i16 %data_2_V, i16 %data_3_V, i16 %data_4_V, i16 %data_5_V, i16 %data_6_V, i16 %data_7_V, i16 %data_8_V, i16 %data_9_V, i16 %data_10_V, i16 %data_11_V, i16 %data_12_V, i16 %data_13_V, i16 %data_14_V, i16 %data_15_V, i16 %data_16_V, i16 %data_17_V, i16 %data_18_V, i16 %data_19_V, i16 %data_20_V, i16 %data_21_V, i16 %data_22_V, i16 %data_23_V, i16 %data_24_V, i16 %data_25_V, i16 %data_26_V, i16 %data_27_V, i16 %data_28_V, i16 %data_29_V, i16 %data_30_V, i16 %data_31_V)" [firmware/nnet_utils/nnet_dense_stream.h:46]   --->   Operation 37 'call' 'call_ret' <Predicate = true> <Delay = 4.15> <CoreType = "Generic">   --->   Core 0 '' <Latency = 0> <II = 1> <Delay = 1.00> <Generic> <Opcode : >

State 3 <SV = 2> <Delay = 2.80>
ST_3 : Operation 38 [1/1] (0.00ns)   --->   "call void (...)* @_ssdm_op_SpecInterface(i30* %res_stream_V_data_31_V, [8 x i8]* @ap_fifo_str, i32 0, i32 0, [1 x i8]* @p_str2357, i32 0, i32 0, [1 x i8]* @p_str2358, [1 x i8]* @p_str2359, [1 x i8]* @p_str2360, i32 2, i32 2, i32 16, i32 16, [1 x i8]* @p_str2361, [1 x i8]* @p_str2362)"   --->   Operation 38 'specinterface' <Predicate = true> <Delay = 0.00>
ST_3 : Operation 39 [1/1] (0.00ns)   --->   "call void (...)* @_ssdm_op_SpecInterface(i30* %res_stream_V_data_30_V, [8 x i8]* @ap_fifo_str, i32 0, i32 0, [1 x i8]* @p_str2350, i32 0, i32 0, [1 x i8]* @p_str2351, [1 x i8]* @p_str2352, [1 x i8]* @p_str2353, i32 2, i32 2, i32 16, i32 16, [1 x i8]* @p_str2354, [1 x i8]* @p_str2355)"   --->   Operation 39 'specinterface' <Predicate = true> <Delay = 0.00>
ST_3 : Operation 40 [1/1] (0.00ns)   --->   "call void (...)* @_ssdm_op_SpecInterface(i30* %res_stream_V_data_29_V, [8 x i8]* @ap_fifo_str, i32 0, i32 0, [1 x i8]* @p_str2343, i32 0, i32 0, [1 x i8]* @p_str2344, [1 x i8]* @p_str2345, [1 x i8]* @p_str2346, i32 2, i32 2, i32 16, i32 16, [1 x i8]* @p_str2347, [1 x i8]* @p_str2348)"   --->   Operation 40 'specinterface' <Predicate = true> <Delay = 0.00>
ST_3 : Operation 41 [1/1] (0.00ns)   --->   "call void (...)* @_ssdm_op_SpecInterface(i30* %res_stream_V_data_28_V, [8 x i8]* @ap_fifo_str, i32 0, i32 0, [1 x i8]* @p_str2336, i32 0, i32 0, [1 x i8]* @p_str2337, [1 x i8]* @p_str2338, [1 x i8]* @p_str2339, i32 2, i32 2, i32 16, i32 16, [1 x i8]* @p_str2340, [1 x i8]* @p_str2341)"   --->   Operation 41 'specinterface' <Predicate = true> <Delay = 0.00>
ST_3 : Operation 42 [1/1] (0.00ns)   --->   "call void (...)* @_ssdm_op_SpecInterface(i30* %res_stream_V_data_27_V, [8 x i8]* @ap_fifo_str, i32 0, i32 0, [1 x i8]* @p_str2329, i32 0, i32 0, [1 x i8]* @p_str2330, [1 x i8]* @p_str2331, [1 x i8]* @p_str2332, i32 2, i32 2, i32 16, i32 16, [1 x i8]* @p_str2333, [1 x i8]* @p_str2334)"   --->   Operation 42 'specinterface' <Predicate = true> <Delay = 0.00>
ST_3 : Operation 43 [1/1] (0.00ns)   --->   "call void (...)* @_ssdm_op_SpecInterface(i30* %res_stream_V_data_26_V, [8 x i8]* @ap_fifo_str, i32 0, i32 0, [1 x i8]* @p_str2322, i32 0, i32 0, [1 x i8]* @p_str2323, [1 x i8]* @p_str2324, [1 x i8]* @p_str2325, i32 2, i32 2, i32 16, i32 16, [1 x i8]* @p_str2326, [1 x i8]* @p_str2327)"   --->   Operation 43 'specinterface' <Predicate = true> <Delay = 0.00>
ST_3 : Operation 44 [1/1] (0.00ns)   --->   "call void (...)* @_ssdm_op_SpecInterface(i30* %res_stream_V_data_25_V, [8 x i8]* @ap_fifo_str, i32 0, i32 0, [1 x i8]* @p_str2315, i32 0, i32 0, [1 x i8]* @p_str2316, [1 x i8]* @p_str2317, [1 x i8]* @p_str2318, i32 2, i32 2, i32 16, i32 16, [1 x i8]* @p_str2319, [1 x i8]* @p_str2320)"   --->   Operation 44 'specinterface' <Predicate = true> <Delay = 0.00>
ST_3 : Operation 45 [1/1] (0.00ns)   --->   "call void (...)* @_ssdm_op_SpecInterface(i30* %res_stream_V_data_24_V, [8 x i8]* @ap_fifo_str, i32 0, i32 0, [1 x i8]* @p_str2308, i32 0, i32 0, [1 x i8]* @p_str2309, [1 x i8]* @p_str2310, [1 x i8]* @p_str2311, i32 2, i32 2, i32 16, i32 16, [1 x i8]* @p_str2312, [1 x i8]* @p_str2313)"   --->   Operation 45 'specinterface' <Predicate = true> <Delay = 0.00>
ST_3 : Operation 46 [1/1] (0.00ns)   --->   "call void (...)* @_ssdm_op_SpecInterface(i30* %res_stream_V_data_23_V, [8 x i8]* @ap_fifo_str, i32 0, i32 0, [1 x i8]* @p_str2301, i32 0, i32 0, [1 x i8]* @p_str2302, [1 x i8]* @p_str2303, [1 x i8]* @p_str2304, i32 2, i32 2, i32 16, i32 16, [1 x i8]* @p_str2305, [1 x i8]* @p_str2306)"   --->   Operation 46 'specinterface' <Predicate = true> <Delay = 0.00>
ST_3 : Operation 47 [1/1] (0.00ns)   --->   "call void (...)* @_ssdm_op_SpecInterface(i30* %res_stream_V_data_22_V, [8 x i8]* @ap_fifo_str, i32 0, i32 0, [1 x i8]* @p_str2294, i32 0, i32 0, [1 x i8]* @p_str2295, [1 x i8]* @p_str2296, [1 x i8]* @p_str2297, i32 2, i32 2, i32 16, i32 16, [1 x i8]* @p_str2298, [1 x i8]* @p_str2299)"   --->   Operation 47 'specinterface' <Predicate = true> <Delay = 0.00>
ST_3 : Operation 48 [1/1] (0.00ns)   --->   "call void (...)* @_ssdm_op_SpecInterface(i30* %res_stream_V_data_21_V, [8 x i8]* @ap_fifo_str, i32 0, i32 0, [1 x i8]* @p_str2287, i32 0, i32 0, [1 x i8]* @p_str2288, [1 x i8]* @p_str2289, [1 x i8]* @p_str2290, i32 2, i32 2, i32 16, i32 16, [1 x i8]* @p_str2291, [1 x i8]* @p_str2292)"   --->   Operation 48 'specinterface' <Predicate = true> <Delay = 0.00>
ST_3 : Operation 49 [1/1] (0.00ns)   --->   "call void (...)* @_ssdm_op_SpecInterface(i30* %res_stream_V_data_20_V, [8 x i8]* @ap_fifo_str, i32 0, i32 0, [1 x i8]* @p_str2280, i32 0, i32 0, [1 x i8]* @p_str2281, [1 x i8]* @p_str2282, [1 x i8]* @p_str2283, i32 2, i32 2, i32 16, i32 16, [1 x i8]* @p_str2284, [1 x i8]* @p_str2285)"   --->   Operation 49 'specinterface' <Predicate = true> <Delay = 0.00>
ST_3 : Operation 50 [1/1] (0.00ns)   --->   "call void (...)* @_ssdm_op_SpecInterface(i30* %res_stream_V_data_19_V, [8 x i8]* @ap_fifo_str, i32 0, i32 0, [1 x i8]* @p_str2273, i32 0, i32 0, [1 x i8]* @p_str2274, [1 x i8]* @p_str2275, [1 x i8]* @p_str2276, i32 2, i32 2, i32 16, i32 16, [1 x i8]* @p_str2277, [1 x i8]* @p_str2278)"   --->   Operation 50 'specinterface' <Predicate = true> <Delay = 0.00>
ST_3 : Operation 51 [1/1] (0.00ns)   --->   "call void (...)* @_ssdm_op_SpecInterface(i30* %res_stream_V_data_18_V, [8 x i8]* @ap_fifo_str, i32 0, i32 0, [1 x i8]* @p_str2266, i32 0, i32 0, [1 x i8]* @p_str2267, [1 x i8]* @p_str2268, [1 x i8]* @p_str2269, i32 2, i32 2, i32 16, i32 16, [1 x i8]* @p_str2270, [1 x i8]* @p_str2271)"   --->   Operation 51 'specinterface' <Predicate = true> <Delay = 0.00>
ST_3 : Operation 52 [1/1] (0.00ns)   --->   "call void (...)* @_ssdm_op_SpecInterface(i30* %res_stream_V_data_17_V, [8 x i8]* @ap_fifo_str, i32 0, i32 0, [1 x i8]* @p_str2259, i32 0, i32 0, [1 x i8]* @p_str2260, [1 x i8]* @p_str2261, [1 x i8]* @p_str2262, i32 2, i32 2, i32 16, i32 16, [1 x i8]* @p_str2263, [1 x i8]* @p_str2264)"   --->   Operation 52 'specinterface' <Predicate = true> <Delay = 0.00>
ST_3 : Operation 53 [1/1] (0.00ns)   --->   "call void (...)* @_ssdm_op_SpecInterface(i30* %res_stream_V_data_16_V, [8 x i8]* @ap_fifo_str, i32 0, i32 0, [1 x i8]* @p_str2252, i32 0, i32 0, [1 x i8]* @p_str2253, [1 x i8]* @p_str2254, [1 x i8]* @p_str2255, i32 2, i32 2, i32 16, i32 16, [1 x i8]* @p_str2256, [1 x i8]* @p_str2257)"   --->   Operation 53 'specinterface' <Predicate = true> <Delay = 0.00>
ST_3 : Operation 54 [1/1] (0.00ns)   --->   "call void (...)* @_ssdm_op_SpecInterface(i30* %res_stream_V_data_15_V, [8 x i8]* @ap_fifo_str, i32 0, i32 0, [1 x i8]* @p_str2245, i32 0, i32 0, [1 x i8]* @p_str2246, [1 x i8]* @p_str2247, [1 x i8]* @p_str2248, i32 2, i32 2, i32 16, i32 16, [1 x i8]* @p_str2249, [1 x i8]* @p_str2250)"   --->   Operation 54 'specinterface' <Predicate = true> <Delay = 0.00>
ST_3 : Operation 55 [1/1] (0.00ns)   --->   "call void (...)* @_ssdm_op_SpecInterface(i30* %res_stream_V_data_14_V, [8 x i8]* @ap_fifo_str, i32 0, i32 0, [1 x i8]* @p_str2238, i32 0, i32 0, [1 x i8]* @p_str2239, [1 x i8]* @p_str2240, [1 x i8]* @p_str2241, i32 2, i32 2, i32 16, i32 16, [1 x i8]* @p_str2242, [1 x i8]* @p_str2243)"   --->   Operation 55 'specinterface' <Predicate = true> <Delay = 0.00>
ST_3 : Operation 56 [1/1] (0.00ns)   --->   "call void (...)* @_ssdm_op_SpecInterface(i30* %res_stream_V_data_13_V, [8 x i8]* @ap_fifo_str, i32 0, i32 0, [1 x i8]* @p_str2231, i32 0, i32 0, [1 x i8]* @p_str2232, [1 x i8]* @p_str2233, [1 x i8]* @p_str2234, i32 2, i32 2, i32 16, i32 16, [1 x i8]* @p_str2235, [1 x i8]* @p_str2236)"   --->   Operation 56 'specinterface' <Predicate = true> <Delay = 0.00>
ST_3 : Operation 57 [1/1] (0.00ns)   --->   "call void (...)* @_ssdm_op_SpecInterface(i30* %res_stream_V_data_12_V, [8 x i8]* @ap_fifo_str, i32 0, i32 0, [1 x i8]* @p_str2224, i32 0, i32 0, [1 x i8]* @p_str2225, [1 x i8]* @p_str2226, [1 x i8]* @p_str2227, i32 2, i32 2, i32 16, i32 16, [1 x i8]* @p_str2228, [1 x i8]* @p_str2229)"   --->   Operation 57 'specinterface' <Predicate = true> <Delay = 0.00>
ST_3 : Operation 58 [1/1] (0.00ns)   --->   "call void (...)* @_ssdm_op_SpecInterface(i30* %res_stream_V_data_11_V, [8 x i8]* @ap_fifo_str, i32 0, i32 0, [1 x i8]* @p_str2217, i32 0, i32 0, [1 x i8]* @p_str2218, [1 x i8]* @p_str2219, [1 x i8]* @p_str2220, i32 2, i32 2, i32 16, i32 16, [1 x i8]* @p_str2221, [1 x i8]* @p_str2222)"   --->   Operation 58 'specinterface' <Predicate = true> <Delay = 0.00>
ST_3 : Operation 59 [1/1] (0.00ns)   --->   "call void (...)* @_ssdm_op_SpecInterface(i30* %res_stream_V_data_10_V, [8 x i8]* @ap_fifo_str, i32 0, i32 0, [1 x i8]* @p_str2210, i32 0, i32 0, [1 x i8]* @p_str2211, [1 x i8]* @p_str2212, [1 x i8]* @p_str2213, i32 2, i32 2, i32 16, i32 16, [1 x i8]* @p_str2214, [1 x i8]* @p_str2215)"   --->   Operation 59 'specinterface' <Predicate = true> <Delay = 0.00>
ST_3 : Operation 60 [1/1] (0.00ns)   --->   "call void (...)* @_ssdm_op_SpecInterface(i30* %res_stream_V_data_9_V, [8 x i8]* @ap_fifo_str, i32 0, i32 0, [1 x i8]* @p_str2203, i32 0, i32 0, [1 x i8]* @p_str2204, [1 x i8]* @p_str2205, [1 x i8]* @p_str2206, i32 2, i32 2, i32 16, i32 16, [1 x i8]* @p_str2207, [1 x i8]* @p_str2208)"   --->   Operation 60 'specinterface' <Predicate = true> <Delay = 0.00>
ST_3 : Operation 61 [1/1] (0.00ns)   --->   "call void (...)* @_ssdm_op_SpecInterface(i30* %res_stream_V_data_8_V, [8 x i8]* @ap_fifo_str, i32 0, i32 0, [1 x i8]* @p_str2196, i32 0, i32 0, [1 x i8]* @p_str2197, [1 x i8]* @p_str2198, [1 x i8]* @p_str2199, i32 2, i32 2, i32 16, i32 16, [1 x i8]* @p_str2200, [1 x i8]* @p_str2201)"   --->   Operation 61 'specinterface' <Predicate = true> <Delay = 0.00>
ST_3 : Operation 62 [1/1] (0.00ns)   --->   "call void (...)* @_ssdm_op_SpecInterface(i30* %res_stream_V_data_7_V, [8 x i8]* @ap_fifo_str, i32 0, i32 0, [1 x i8]* @p_str2189, i32 0, i32 0, [1 x i8]* @p_str2190, [1 x i8]* @p_str2191, [1 x i8]* @p_str2192, i32 2, i32 2, i32 16, i32 16, [1 x i8]* @p_str2193, [1 x i8]* @p_str2194)"   --->   Operation 62 'specinterface' <Predicate = true> <Delay = 0.00>
ST_3 : Operation 63 [1/1] (0.00ns)   --->   "call void (...)* @_ssdm_op_SpecInterface(i30* %res_stream_V_data_6_V, [8 x i8]* @ap_fifo_str, i32 0, i32 0, [1 x i8]* @p_str2182, i32 0, i32 0, [1 x i8]* @p_str2183, [1 x i8]* @p_str2184, [1 x i8]* @p_str2185, i32 2, i32 2, i32 16, i32 16, [1 x i8]* @p_str2186, [1 x i8]* @p_str2187)"   --->   Operation 63 'specinterface' <Predicate = true> <Delay = 0.00>
ST_3 : Operation 64 [1/1] (0.00ns)   --->   "call void (...)* @_ssdm_op_SpecInterface(i30* %res_stream_V_data_5_V, [8 x i8]* @ap_fifo_str, i32 0, i32 0, [1 x i8]* @p_str2175, i32 0, i32 0, [1 x i8]* @p_str2176, [1 x i8]* @p_str2177, [1 x i8]* @p_str2178, i32 2, i32 2, i32 16, i32 16, [1 x i8]* @p_str2179, [1 x i8]* @p_str2180)"   --->   Operation 64 'specinterface' <Predicate = true> <Delay = 0.00>
ST_3 : Operation 65 [1/1] (0.00ns)   --->   "call void (...)* @_ssdm_op_SpecInterface(i30* %res_stream_V_data_4_V, [8 x i8]* @ap_fifo_str, i32 0, i32 0, [1 x i8]* @p_str2168, i32 0, i32 0, [1 x i8]* @p_str2169, [1 x i8]* @p_str2170, [1 x i8]* @p_str2171, i32 2, i32 2, i32 16, i32 16, [1 x i8]* @p_str2172, [1 x i8]* @p_str2173)"   --->   Operation 65 'specinterface' <Predicate = true> <Delay = 0.00>
ST_3 : Operation 66 [1/1] (0.00ns)   --->   "call void (...)* @_ssdm_op_SpecInterface(i30* %res_stream_V_data_3_V, [8 x i8]* @ap_fifo_str, i32 0, i32 0, [1 x i8]* @p_str2161, i32 0, i32 0, [1 x i8]* @p_str2162, [1 x i8]* @p_str2163, [1 x i8]* @p_str2164, i32 2, i32 2, i32 16, i32 16, [1 x i8]* @p_str2165, [1 x i8]* @p_str2166)"   --->   Operation 66 'specinterface' <Predicate = true> <Delay = 0.00>
ST_3 : Operation 67 [1/1] (0.00ns)   --->   "call void (...)* @_ssdm_op_SpecInterface(i30* %res_stream_V_data_2_V, [8 x i8]* @ap_fifo_str, i32 0, i32 0, [1 x i8]* @p_str2154, i32 0, i32 0, [1 x i8]* @p_str2155, [1 x i8]* @p_str2156, [1 x i8]* @p_str2157, i32 2, i32 2, i32 16, i32 16, [1 x i8]* @p_str2158, [1 x i8]* @p_str2159)"   --->   Operation 67 'specinterface' <Predicate = true> <Delay = 0.00>
ST_3 : Operation 68 [1/1] (0.00ns)   --->   "call void (...)* @_ssdm_op_SpecInterface(i30* %res_stream_V_data_1_V, [8 x i8]* @ap_fifo_str, i32 0, i32 0, [1 x i8]* @p_str2147, i32 0, i32 0, [1 x i8]* @p_str2148, [1 x i8]* @p_str2149, [1 x i8]* @p_str2150, i32 2, i32 2, i32 16, i32 16, [1 x i8]* @p_str2151, [1 x i8]* @p_str2152)"   --->   Operation 68 'specinterface' <Predicate = true> <Delay = 0.00>
ST_3 : Operation 69 [1/1] (0.00ns)   --->   "call void (...)* @_ssdm_op_SpecInterface(i30* %res_stream_V_data_0_V, [8 x i8]* @ap_fifo_str, i32 0, i32 0, [1 x i8]* @p_str2140, i32 0, i32 0, [1 x i8]* @p_str2141, [1 x i8]* @p_str2142, [1 x i8]* @p_str2143, i32 2, i32 2, i32 16, i32 16, [1 x i8]* @p_str2144, [1 x i8]* @p_str2145)"   --->   Operation 69 'specinterface' <Predicate = true> <Delay = 0.00>
ST_3 : Operation 70 [1/1] (0.00ns)   --->   "call void (...)* @_ssdm_op_SpecInterface(i16* %data_stream_V_data_31_V, [8 x i8]* @ap_fifo_str, i32 0, i32 0, [1 x i8]* @p_str2133, i32 0, i32 0, [1 x i8]* @p_str2134, [1 x i8]* @p_str2135, [1 x i8]* @p_str2136, i32 2, i32 2, i32 16, i32 16, [1 x i8]* @p_str2137, [1 x i8]* @p_str2138)"   --->   Operation 70 'specinterface' <Predicate = true> <Delay = 0.00>
ST_3 : Operation 71 [1/1] (0.00ns)   --->   "call void (...)* @_ssdm_op_SpecInterface(i16* %data_stream_V_data_30_V, [8 x i8]* @ap_fifo_str, i32 0, i32 0, [1 x i8]* @p_str2126, i32 0, i32 0, [1 x i8]* @p_str2127, [1 x i8]* @p_str2128, [1 x i8]* @p_str2129, i32 2, i32 2, i32 16, i32 16, [1 x i8]* @p_str2130, [1 x i8]* @p_str2131)"   --->   Operation 71 'specinterface' <Predicate = true> <Delay = 0.00>
ST_3 : Operation 72 [1/1] (0.00ns)   --->   "call void (...)* @_ssdm_op_SpecInterface(i16* %data_stream_V_data_29_V, [8 x i8]* @ap_fifo_str, i32 0, i32 0, [1 x i8]* @p_str2119, i32 0, i32 0, [1 x i8]* @p_str2120, [1 x i8]* @p_str2121, [1 x i8]* @p_str2122, i32 2, i32 2, i32 16, i32 16, [1 x i8]* @p_str2123, [1 x i8]* @p_str2124)"   --->   Operation 72 'specinterface' <Predicate = true> <Delay = 0.00>
ST_3 : Operation 73 [1/1] (0.00ns)   --->   "call void (...)* @_ssdm_op_SpecInterface(i16* %data_stream_V_data_28_V, [8 x i8]* @ap_fifo_str, i32 0, i32 0, [1 x i8]* @p_str2112, i32 0, i32 0, [1 x i8]* @p_str2113, [1 x i8]* @p_str2114, [1 x i8]* @p_str2115, i32 2, i32 2, i32 16, i32 16, [1 x i8]* @p_str2116, [1 x i8]* @p_str2117)"   --->   Operation 73 'specinterface' <Predicate = true> <Delay = 0.00>
ST_3 : Operation 74 [1/1] (0.00ns)   --->   "call void (...)* @_ssdm_op_SpecInterface(i16* %data_stream_V_data_27_V, [8 x i8]* @ap_fifo_str, i32 0, i32 0, [1 x i8]* @p_str2105, i32 0, i32 0, [1 x i8]* @p_str2106, [1 x i8]* @p_str2107, [1 x i8]* @p_str2108, i32 2, i32 2, i32 16, i32 16, [1 x i8]* @p_str2109, [1 x i8]* @p_str2110)"   --->   Operation 74 'specinterface' <Predicate = true> <Delay = 0.00>
ST_3 : Operation 75 [1/1] (0.00ns)   --->   "call void (...)* @_ssdm_op_SpecInterface(i16* %data_stream_V_data_26_V, [8 x i8]* @ap_fifo_str, i32 0, i32 0, [1 x i8]* @p_str2098, i32 0, i32 0, [1 x i8]* @p_str2099, [1 x i8]* @p_str2100, [1 x i8]* @p_str2101, i32 2, i32 2, i32 16, i32 16, [1 x i8]* @p_str2102, [1 x i8]* @p_str2103)"   --->   Operation 75 'specinterface' <Predicate = true> <Delay = 0.00>
ST_3 : Operation 76 [1/1] (0.00ns)   --->   "call void (...)* @_ssdm_op_SpecInterface(i16* %data_stream_V_data_25_V, [8 x i8]* @ap_fifo_str, i32 0, i32 0, [1 x i8]* @p_str2091, i32 0, i32 0, [1 x i8]* @p_str2092, [1 x i8]* @p_str2093, [1 x i8]* @p_str2094, i32 2, i32 2, i32 16, i32 16, [1 x i8]* @p_str2095, [1 x i8]* @p_str2096)"   --->   Operation 76 'specinterface' <Predicate = true> <Delay = 0.00>
ST_3 : Operation 77 [1/1] (0.00ns)   --->   "call void (...)* @_ssdm_op_SpecInterface(i16* %data_stream_V_data_24_V, [8 x i8]* @ap_fifo_str, i32 0, i32 0, [1 x i8]* @p_str2084, i32 0, i32 0, [1 x i8]* @p_str2085, [1 x i8]* @p_str2086, [1 x i8]* @p_str2087, i32 2, i32 2, i32 16, i32 16, [1 x i8]* @p_str2088, [1 x i8]* @p_str2089)"   --->   Operation 77 'specinterface' <Predicate = true> <Delay = 0.00>
ST_3 : Operation 78 [1/1] (0.00ns)   --->   "call void (...)* @_ssdm_op_SpecInterface(i16* %data_stream_V_data_23_V, [8 x i8]* @ap_fifo_str, i32 0, i32 0, [1 x i8]* @p_str2077, i32 0, i32 0, [1 x i8]* @p_str2078, [1 x i8]* @p_str2079, [1 x i8]* @p_str2080, i32 2, i32 2, i32 16, i32 16, [1 x i8]* @p_str2081, [1 x i8]* @p_str2082)"   --->   Operation 78 'specinterface' <Predicate = true> <Delay = 0.00>
ST_3 : Operation 79 [1/1] (0.00ns)   --->   "call void (...)* @_ssdm_op_SpecInterface(i16* %data_stream_V_data_22_V, [8 x i8]* @ap_fifo_str, i32 0, i32 0, [1 x i8]* @p_str2070, i32 0, i32 0, [1 x i8]* @p_str2071, [1 x i8]* @p_str2072, [1 x i8]* @p_str2073, i32 2, i32 2, i32 16, i32 16, [1 x i8]* @p_str2074, [1 x i8]* @p_str2075)"   --->   Operation 79 'specinterface' <Predicate = true> <Delay = 0.00>
ST_3 : Operation 80 [1/1] (0.00ns)   --->   "call void (...)* @_ssdm_op_SpecInterface(i16* %data_stream_V_data_21_V, [8 x i8]* @ap_fifo_str, i32 0, i32 0, [1 x i8]* @p_str2063, i32 0, i32 0, [1 x i8]* @p_str2064, [1 x i8]* @p_str2065, [1 x i8]* @p_str2066, i32 2, i32 2, i32 16, i32 16, [1 x i8]* @p_str2067, [1 x i8]* @p_str2068)"   --->   Operation 80 'specinterface' <Predicate = true> <Delay = 0.00>
ST_3 : Operation 81 [1/1] (0.00ns)   --->   "call void (...)* @_ssdm_op_SpecInterface(i16* %data_stream_V_data_20_V, [8 x i8]* @ap_fifo_str, i32 0, i32 0, [1 x i8]* @p_str2056, i32 0, i32 0, [1 x i8]* @p_str2057, [1 x i8]* @p_str2058, [1 x i8]* @p_str2059, i32 2, i32 2, i32 16, i32 16, [1 x i8]* @p_str2060, [1 x i8]* @p_str2061)"   --->   Operation 81 'specinterface' <Predicate = true> <Delay = 0.00>
ST_3 : Operation 82 [1/1] (0.00ns)   --->   "call void (...)* @_ssdm_op_SpecInterface(i16* %data_stream_V_data_19_V, [8 x i8]* @ap_fifo_str, i32 0, i32 0, [1 x i8]* @p_str2049, i32 0, i32 0, [1 x i8]* @p_str2050, [1 x i8]* @p_str2051, [1 x i8]* @p_str2052, i32 2, i32 2, i32 16, i32 16, [1 x i8]* @p_str2053, [1 x i8]* @p_str2054)"   --->   Operation 82 'specinterface' <Predicate = true> <Delay = 0.00>
ST_3 : Operation 83 [1/1] (0.00ns)   --->   "call void (...)* @_ssdm_op_SpecInterface(i16* %data_stream_V_data_18_V, [8 x i8]* @ap_fifo_str, i32 0, i32 0, [1 x i8]* @p_str2042, i32 0, i32 0, [1 x i8]* @p_str2043, [1 x i8]* @p_str2044, [1 x i8]* @p_str2045, i32 2, i32 2, i32 16, i32 16, [1 x i8]* @p_str2046, [1 x i8]* @p_str2047)"   --->   Operation 83 'specinterface' <Predicate = true> <Delay = 0.00>
ST_3 : Operation 84 [1/1] (0.00ns)   --->   "call void (...)* @_ssdm_op_SpecInterface(i16* %data_stream_V_data_17_V, [8 x i8]* @ap_fifo_str, i32 0, i32 0, [1 x i8]* @p_str2035, i32 0, i32 0, [1 x i8]* @p_str2036, [1 x i8]* @p_str2037, [1 x i8]* @p_str2038, i32 2, i32 2, i32 16, i32 16, [1 x i8]* @p_str2039, [1 x i8]* @p_str2040)"   --->   Operation 84 'specinterface' <Predicate = true> <Delay = 0.00>
ST_3 : Operation 85 [1/1] (0.00ns)   --->   "call void (...)* @_ssdm_op_SpecInterface(i16* %data_stream_V_data_16_V, [8 x i8]* @ap_fifo_str, i32 0, i32 0, [1 x i8]* @p_str2028, i32 0, i32 0, [1 x i8]* @p_str2029, [1 x i8]* @p_str2030, [1 x i8]* @p_str2031, i32 2, i32 2, i32 16, i32 16, [1 x i8]* @p_str2032, [1 x i8]* @p_str2033)"   --->   Operation 85 'specinterface' <Predicate = true> <Delay = 0.00>
ST_3 : Operation 86 [1/1] (0.00ns)   --->   "call void (...)* @_ssdm_op_SpecInterface(i16* %data_stream_V_data_15_V, [8 x i8]* @ap_fifo_str, i32 0, i32 0, [1 x i8]* @p_str2021, i32 0, i32 0, [1 x i8]* @p_str2022, [1 x i8]* @p_str2023, [1 x i8]* @p_str2024, i32 2, i32 2, i32 16, i32 16, [1 x i8]* @p_str2025, [1 x i8]* @p_str2026)"   --->   Operation 86 'specinterface' <Predicate = true> <Delay = 0.00>
ST_3 : Operation 87 [1/1] (0.00ns)   --->   "call void (...)* @_ssdm_op_SpecInterface(i16* %data_stream_V_data_14_V, [8 x i8]* @ap_fifo_str, i32 0, i32 0, [1 x i8]* @p_str2014, i32 0, i32 0, [1 x i8]* @p_str2015, [1 x i8]* @p_str2016, [1 x i8]* @p_str2017, i32 2, i32 2, i32 16, i32 16, [1 x i8]* @p_str2018, [1 x i8]* @p_str2019)"   --->   Operation 87 'specinterface' <Predicate = true> <Delay = 0.00>
ST_3 : Operation 88 [1/1] (0.00ns)   --->   "call void (...)* @_ssdm_op_SpecInterface(i16* %data_stream_V_data_13_V, [8 x i8]* @ap_fifo_str, i32 0, i32 0, [1 x i8]* @p_str2007, i32 0, i32 0, [1 x i8]* @p_str2008, [1 x i8]* @p_str2009, [1 x i8]* @p_str2010, i32 2, i32 2, i32 16, i32 16, [1 x i8]* @p_str2011, [1 x i8]* @p_str2012)"   --->   Operation 88 'specinterface' <Predicate = true> <Delay = 0.00>
ST_3 : Operation 89 [1/1] (0.00ns)   --->   "call void (...)* @_ssdm_op_SpecInterface(i16* %data_stream_V_data_12_V, [8 x i8]* @ap_fifo_str, i32 0, i32 0, [1 x i8]* @p_str2000, i32 0, i32 0, [1 x i8]* @p_str2001, [1 x i8]* @p_str2002, [1 x i8]* @p_str2003, i32 2, i32 2, i32 16, i32 16, [1 x i8]* @p_str2004, [1 x i8]* @p_str2005)"   --->   Operation 89 'specinterface' <Predicate = true> <Delay = 0.00>
ST_3 : Operation 90 [1/1] (0.00ns)   --->   "call void (...)* @_ssdm_op_SpecInterface(i16* %data_stream_V_data_11_V, [8 x i8]* @ap_fifo_str, i32 0, i32 0, [1 x i8]* @p_str1993, i32 0, i32 0, [1 x i8]* @p_str1994, [1 x i8]* @p_str1995, [1 x i8]* @p_str1996, i32 2, i32 2, i32 16, i32 16, [1 x i8]* @p_str1997, [1 x i8]* @p_str1998)"   --->   Operation 90 'specinterface' <Predicate = true> <Delay = 0.00>
ST_3 : Operation 91 [1/1] (0.00ns)   --->   "call void (...)* @_ssdm_op_SpecInterface(i16* %data_stream_V_data_10_V, [8 x i8]* @ap_fifo_str, i32 0, i32 0, [1 x i8]* @p_str1986, i32 0, i32 0, [1 x i8]* @p_str1987, [1 x i8]* @p_str1988, [1 x i8]* @p_str1989, i32 2, i32 2, i32 16, i32 16, [1 x i8]* @p_str1990, [1 x i8]* @p_str1991)"   --->   Operation 91 'specinterface' <Predicate = true> <Delay = 0.00>
ST_3 : Operation 92 [1/1] (0.00ns)   --->   "call void (...)* @_ssdm_op_SpecInterface(i16* %data_stream_V_data_9_V, [8 x i8]* @ap_fifo_str, i32 0, i32 0, [1 x i8]* @p_str1979, i32 0, i32 0, [1 x i8]* @p_str1980, [1 x i8]* @p_str1981, [1 x i8]* @p_str1982, i32 2, i32 2, i32 16, i32 16, [1 x i8]* @p_str1983, [1 x i8]* @p_str1984)"   --->   Operation 92 'specinterface' <Predicate = true> <Delay = 0.00>
ST_3 : Operation 93 [1/1] (0.00ns)   --->   "call void (...)* @_ssdm_op_SpecInterface(i16* %data_stream_V_data_8_V, [8 x i8]* @ap_fifo_str, i32 0, i32 0, [1 x i8]* @p_str1972, i32 0, i32 0, [1 x i8]* @p_str1973, [1 x i8]* @p_str1974, [1 x i8]* @p_str1975, i32 2, i32 2, i32 16, i32 16, [1 x i8]* @p_str1976, [1 x i8]* @p_str1977)"   --->   Operation 93 'specinterface' <Predicate = true> <Delay = 0.00>
ST_3 : Operation 94 [1/1] (0.00ns)   --->   "call void (...)* @_ssdm_op_SpecInterface(i16* %data_stream_V_data_7_V, [8 x i8]* @ap_fifo_str, i32 0, i32 0, [1 x i8]* @p_str1965, i32 0, i32 0, [1 x i8]* @p_str1966, [1 x i8]* @p_str1967, [1 x i8]* @p_str1968, i32 2, i32 2, i32 16, i32 16, [1 x i8]* @p_str1969, [1 x i8]* @p_str1970)"   --->   Operation 94 'specinterface' <Predicate = true> <Delay = 0.00>
ST_3 : Operation 95 [1/1] (0.00ns)   --->   "call void (...)* @_ssdm_op_SpecInterface(i16* %data_stream_V_data_6_V, [8 x i8]* @ap_fifo_str, i32 0, i32 0, [1 x i8]* @p_str1958, i32 0, i32 0, [1 x i8]* @p_str1959, [1 x i8]* @p_str1960, [1 x i8]* @p_str1961, i32 2, i32 2, i32 16, i32 16, [1 x i8]* @p_str1962, [1 x i8]* @p_str1963)"   --->   Operation 95 'specinterface' <Predicate = true> <Delay = 0.00>
ST_3 : Operation 96 [1/1] (0.00ns)   --->   "call void (...)* @_ssdm_op_SpecInterface(i16* %data_stream_V_data_5_V, [8 x i8]* @ap_fifo_str, i32 0, i32 0, [1 x i8]* @p_str1951, i32 0, i32 0, [1 x i8]* @p_str1952, [1 x i8]* @p_str1953, [1 x i8]* @p_str1954, i32 2, i32 2, i32 16, i32 16, [1 x i8]* @p_str1955, [1 x i8]* @p_str1956)"   --->   Operation 96 'specinterface' <Predicate = true> <Delay = 0.00>
ST_3 : Operation 97 [1/1] (0.00ns)   --->   "call void (...)* @_ssdm_op_SpecInterface(i16* %data_stream_V_data_4_V, [8 x i8]* @ap_fifo_str, i32 0, i32 0, [1 x i8]* @p_str1944, i32 0, i32 0, [1 x i8]* @p_str1945, [1 x i8]* @p_str1946, [1 x i8]* @p_str1947, i32 2, i32 2, i32 16, i32 16, [1 x i8]* @p_str1948, [1 x i8]* @p_str1949)"   --->   Operation 97 'specinterface' <Predicate = true> <Delay = 0.00>
ST_3 : Operation 98 [1/1] (0.00ns)   --->   "call void (...)* @_ssdm_op_SpecInterface(i16* %data_stream_V_data_3_V, [8 x i8]* @ap_fifo_str, i32 0, i32 0, [1 x i8]* @p_str1937, i32 0, i32 0, [1 x i8]* @p_str1938, [1 x i8]* @p_str1939, [1 x i8]* @p_str1940, i32 2, i32 2, i32 16, i32 16, [1 x i8]* @p_str1941, [1 x i8]* @p_str1942)"   --->   Operation 98 'specinterface' <Predicate = true> <Delay = 0.00>
ST_3 : Operation 99 [1/1] (0.00ns)   --->   "call void (...)* @_ssdm_op_SpecInterface(i16* %data_stream_V_data_2_V, [8 x i8]* @ap_fifo_str, i32 0, i32 0, [1 x i8]* @p_str1930, i32 0, i32 0, [1 x i8]* @p_str1931, [1 x i8]* @p_str1932, [1 x i8]* @p_str1933, i32 2, i32 2, i32 16, i32 16, [1 x i8]* @p_str1934, [1 x i8]* @p_str1935)"   --->   Operation 99 'specinterface' <Predicate = true> <Delay = 0.00>
ST_3 : Operation 100 [1/1] (0.00ns)   --->   "call void (...)* @_ssdm_op_SpecInterface(i16* %data_stream_V_data_1_V, [8 x i8]* @ap_fifo_str, i32 0, i32 0, [1 x i8]* @p_str1923, i32 0, i32 0, [1 x i8]* @p_str1924, [1 x i8]* @p_str1925, [1 x i8]* @p_str1926, i32 2, i32 2, i32 16, i32 16, [1 x i8]* @p_str1927, [1 x i8]* @p_str1928)"   --->   Operation 100 'specinterface' <Predicate = true> <Delay = 0.00>
ST_3 : Operation 101 [1/1] (0.00ns)   --->   "call void (...)* @_ssdm_op_SpecInterface(i16* %data_stream_V_data_0_V, [8 x i8]* @ap_fifo_str, i32 0, i32 0, [1 x i8]* @p_str1916, i32 0, i32 0, [1 x i8]* @p_str1917, [1 x i8]* @p_str1918, [1 x i8]* @p_str1919, i32 2, i32 2, i32 16, i32 16, [1 x i8]* @p_str1920, [1 x i8]* @p_str1921)"   --->   Operation 101 'specinterface' <Predicate = true> <Delay = 0.00>
ST_3 : Operation 102 [1/1] (0.00ns)   --->   "call void (...)* @_ssdm_op_SpecLoopName([12 x i8]* @p_str34) nounwind" [firmware/nnet_utils/nnet_dense_stream.h:34]   --->   Operation 102 'specloopname' <Predicate = true> <Delay = 0.00>
ST_3 : Operation 103 [1/2] (1.35ns)   --->   "%call_ret = call fastcc { i30, i30, i30, i30, i30, i30, i30, i30, i30, i30, i30, i30, i30, i30, i30, i30, i30, i30, i30, i30, i30, i30, i30, i30, i30, i30, i30, i30, i30, i30, i30, i30 } @"dense_wrapper<ap_fixed<16, 6, 5, 3, 0>, ap_fixed<30, 13, 5, 3, 0>, config13>"(i16 %data_0_V, i16 %data_1_V, i16 %data_2_V, i16 %data_3_V, i16 %data_4_V, i16 %data_5_V, i16 %data_6_V, i16 %data_7_V, i16 %data_8_V, i16 %data_9_V, i16 %data_10_V, i16 %data_11_V, i16 %data_12_V, i16 %data_13_V, i16 %data_14_V, i16 %data_15_V, i16 %data_16_V, i16 %data_17_V, i16 %data_18_V, i16 %data_19_V, i16 %data_20_V, i16 %data_21_V, i16 %data_22_V, i16 %data_23_V, i16 %data_24_V, i16 %data_25_V, i16 %data_26_V, i16 %data_27_V, i16 %data_28_V, i16 %data_29_V, i16 %data_30_V, i16 %data_31_V)" [firmware/nnet_utils/nnet_dense_stream.h:46]   --->   Operation 103 'call' 'call_ret' <Predicate = true> <Delay = 1.35> <CoreType = "Generic">   --->   Core 0 '' <Latency = 0> <II = 1> <Delay = 1.00> <Generic> <Opcode : >
ST_3 : Operation 104 [1/1] (0.00ns)   --->   "%tmp_data_0_V = extractvalue { i30, i30, i30, i30, i30, i30, i30, i30, i30, i30, i30, i30, i30, i30, i30, i30, i30, i30, i30, i30, i30, i30, i30, i30, i30, i30, i30, i30, i30, i30, i30, i30 } %call_ret, 0" [firmware/nnet_utils/nnet_dense_stream.h:46]   --->   Operation 104 'extractvalue' 'tmp_data_0_V' <Predicate = true> <Delay = 0.00>
ST_3 : Operation 105 [1/1] (0.00ns)   --->   "%tmp_data_1_V = extractvalue { i30, i30, i30, i30, i30, i30, i30, i30, i30, i30, i30, i30, i30, i30, i30, i30, i30, i30, i30, i30, i30, i30, i30, i30, i30, i30, i30, i30, i30, i30, i30, i30 } %call_ret, 1" [firmware/nnet_utils/nnet_dense_stream.h:46]   --->   Operation 105 'extractvalue' 'tmp_data_1_V' <Predicate = true> <Delay = 0.00>
ST_3 : Operation 106 [1/1] (0.00ns)   --->   "%tmp_data_2_V = extractvalue { i30, i30, i30, i30, i30, i30, i30, i30, i30, i30, i30, i30, i30, i30, i30, i30, i30, i30, i30, i30, i30, i30, i30, i30, i30, i30, i30, i30, i30, i30, i30, i30 } %call_ret, 2" [firmware/nnet_utils/nnet_dense_stream.h:46]   --->   Operation 106 'extractvalue' 'tmp_data_2_V' <Predicate = true> <Delay = 0.00>
ST_3 : Operation 107 [1/1] (0.00ns)   --->   "%tmp_data_3_V = extractvalue { i30, i30, i30, i30, i30, i30, i30, i30, i30, i30, i30, i30, i30, i30, i30, i30, i30, i30, i30, i30, i30, i30, i30, i30, i30, i30, i30, i30, i30, i30, i30, i30 } %call_ret, 3" [firmware/nnet_utils/nnet_dense_stream.h:46]   --->   Operation 107 'extractvalue' 'tmp_data_3_V' <Predicate = true> <Delay = 0.00>
ST_3 : Operation 108 [1/1] (0.00ns)   --->   "%tmp_data_4_V = extractvalue { i30, i30, i30, i30, i30, i30, i30, i30, i30, i30, i30, i30, i30, i30, i30, i30, i30, i30, i30, i30, i30, i30, i30, i30, i30, i30, i30, i30, i30, i30, i30, i30 } %call_ret, 4" [firmware/nnet_utils/nnet_dense_stream.h:46]   --->   Operation 108 'extractvalue' 'tmp_data_4_V' <Predicate = true> <Delay = 0.00>
ST_3 : Operation 109 [1/1] (0.00ns)   --->   "%tmp_data_5_V = extractvalue { i30, i30, i30, i30, i30, i30, i30, i30, i30, i30, i30, i30, i30, i30, i30, i30, i30, i30, i30, i30, i30, i30, i30, i30, i30, i30, i30, i30, i30, i30, i30, i30 } %call_ret, 5" [firmware/nnet_utils/nnet_dense_stream.h:46]   --->   Operation 109 'extractvalue' 'tmp_data_5_V' <Predicate = true> <Delay = 0.00>
ST_3 : Operation 110 [1/1] (0.00ns)   --->   "%tmp_data_6_V = extractvalue { i30, i30, i30, i30, i30, i30, i30, i30, i30, i30, i30, i30, i30, i30, i30, i30, i30, i30, i30, i30, i30, i30, i30, i30, i30, i30, i30, i30, i30, i30, i30, i30 } %call_ret, 6" [firmware/nnet_utils/nnet_dense_stream.h:46]   --->   Operation 110 'extractvalue' 'tmp_data_6_V' <Predicate = true> <Delay = 0.00>
ST_3 : Operation 111 [1/1] (0.00ns)   --->   "%tmp_data_7_V = extractvalue { i30, i30, i30, i30, i30, i30, i30, i30, i30, i30, i30, i30, i30, i30, i30, i30, i30, i30, i30, i30, i30, i30, i30, i30, i30, i30, i30, i30, i30, i30, i30, i30 } %call_ret, 7" [firmware/nnet_utils/nnet_dense_stream.h:46]   --->   Operation 111 'extractvalue' 'tmp_data_7_V' <Predicate = true> <Delay = 0.00>
ST_3 : Operation 112 [1/1] (0.00ns)   --->   "%tmp_data_8_V = extractvalue { i30, i30, i30, i30, i30, i30, i30, i30, i30, i30, i30, i30, i30, i30, i30, i30, i30, i30, i30, i30, i30, i30, i30, i30, i30, i30, i30, i30, i30, i30, i30, i30 } %call_ret, 8" [firmware/nnet_utils/nnet_dense_stream.h:46]   --->   Operation 112 'extractvalue' 'tmp_data_8_V' <Predicate = true> <Delay = 0.00>
ST_3 : Operation 113 [1/1] (0.00ns)   --->   "%tmp_data_9_V = extractvalue { i30, i30, i30, i30, i30, i30, i30, i30, i30, i30, i30, i30, i30, i30, i30, i30, i30, i30, i30, i30, i30, i30, i30, i30, i30, i30, i30, i30, i30, i30, i30, i30 } %call_ret, 9" [firmware/nnet_utils/nnet_dense_stream.h:46]   --->   Operation 113 'extractvalue' 'tmp_data_9_V' <Predicate = true> <Delay = 0.00>
ST_3 : Operation 114 [1/1] (0.00ns)   --->   "%tmp_data_10_V = extractvalue { i30, i30, i30, i30, i30, i30, i30, i30, i30, i30, i30, i30, i30, i30, i30, i30, i30, i30, i30, i30, i30, i30, i30, i30, i30, i30, i30, i30, i30, i30, i30, i30 } %call_ret, 10" [firmware/nnet_utils/nnet_dense_stream.h:46]   --->   Operation 114 'extractvalue' 'tmp_data_10_V' <Predicate = true> <Delay = 0.00>
ST_3 : Operation 115 [1/1] (0.00ns)   --->   "%tmp_data_11_V = extractvalue { i30, i30, i30, i30, i30, i30, i30, i30, i30, i30, i30, i30, i30, i30, i30, i30, i30, i30, i30, i30, i30, i30, i30, i30, i30, i30, i30, i30, i30, i30, i30, i30 } %call_ret, 11" [firmware/nnet_utils/nnet_dense_stream.h:46]   --->   Operation 115 'extractvalue' 'tmp_data_11_V' <Predicate = true> <Delay = 0.00>
ST_3 : Operation 116 [1/1] (0.00ns)   --->   "%tmp_data_12_V = extractvalue { i30, i30, i30, i30, i30, i30, i30, i30, i30, i30, i30, i30, i30, i30, i30, i30, i30, i30, i30, i30, i30, i30, i30, i30, i30, i30, i30, i30, i30, i30, i30, i30 } %call_ret, 12" [firmware/nnet_utils/nnet_dense_stream.h:46]   --->   Operation 116 'extractvalue' 'tmp_data_12_V' <Predicate = true> <Delay = 0.00>
ST_3 : Operation 117 [1/1] (0.00ns)   --->   "%tmp_data_13_V = extractvalue { i30, i30, i30, i30, i30, i30, i30, i30, i30, i30, i30, i30, i30, i30, i30, i30, i30, i30, i30, i30, i30, i30, i30, i30, i30, i30, i30, i30, i30, i30, i30, i30 } %call_ret, 13" [firmware/nnet_utils/nnet_dense_stream.h:46]   --->   Operation 117 'extractvalue' 'tmp_data_13_V' <Predicate = true> <Delay = 0.00>
ST_3 : Operation 118 [1/1] (0.00ns)   --->   "%tmp_data_14_V = extractvalue { i30, i30, i30, i30, i30, i30, i30, i30, i30, i30, i30, i30, i30, i30, i30, i30, i30, i30, i30, i30, i30, i30, i30, i30, i30, i30, i30, i30, i30, i30, i30, i30 } %call_ret, 14" [firmware/nnet_utils/nnet_dense_stream.h:46]   --->   Operation 118 'extractvalue' 'tmp_data_14_V' <Predicate = true> <Delay = 0.00>
ST_3 : Operation 119 [1/1] (0.00ns)   --->   "%tmp_data_15_V = extractvalue { i30, i30, i30, i30, i30, i30, i30, i30, i30, i30, i30, i30, i30, i30, i30, i30, i30, i30, i30, i30, i30, i30, i30, i30, i30, i30, i30, i30, i30, i30, i30, i30 } %call_ret, 15" [firmware/nnet_utils/nnet_dense_stream.h:46]   --->   Operation 119 'extractvalue' 'tmp_data_15_V' <Predicate = true> <Delay = 0.00>
ST_3 : Operation 120 [1/1] (0.00ns)   --->   "%tmp_data_16_V = extractvalue { i30, i30, i30, i30, i30, i30, i30, i30, i30, i30, i30, i30, i30, i30, i30, i30, i30, i30, i30, i30, i30, i30, i30, i30, i30, i30, i30, i30, i30, i30, i30, i30 } %call_ret, 16" [firmware/nnet_utils/nnet_dense_stream.h:46]   --->   Operation 120 'extractvalue' 'tmp_data_16_V' <Predicate = true> <Delay = 0.00>
ST_3 : Operation 121 [1/1] (0.00ns)   --->   "%tmp_data_17_V = extractvalue { i30, i30, i30, i30, i30, i30, i30, i30, i30, i30, i30, i30, i30, i30, i30, i30, i30, i30, i30, i30, i30, i30, i30, i30, i30, i30, i30, i30, i30, i30, i30, i30 } %call_ret, 17" [firmware/nnet_utils/nnet_dense_stream.h:46]   --->   Operation 121 'extractvalue' 'tmp_data_17_V' <Predicate = true> <Delay = 0.00>
ST_3 : Operation 122 [1/1] (0.00ns)   --->   "%tmp_data_18_V = extractvalue { i30, i30, i30, i30, i30, i30, i30, i30, i30, i30, i30, i30, i30, i30, i30, i30, i30, i30, i30, i30, i30, i30, i30, i30, i30, i30, i30, i30, i30, i30, i30, i30 } %call_ret, 18" [firmware/nnet_utils/nnet_dense_stream.h:46]   --->   Operation 122 'extractvalue' 'tmp_data_18_V' <Predicate = true> <Delay = 0.00>
ST_3 : Operation 123 [1/1] (0.00ns)   --->   "%tmp_data_19_V = extractvalue { i30, i30, i30, i30, i30, i30, i30, i30, i30, i30, i30, i30, i30, i30, i30, i30, i30, i30, i30, i30, i30, i30, i30, i30, i30, i30, i30, i30, i30, i30, i30, i30 } %call_ret, 19" [firmware/nnet_utils/nnet_dense_stream.h:46]   --->   Operation 123 'extractvalue' 'tmp_data_19_V' <Predicate = true> <Delay = 0.00>
ST_3 : Operation 124 [1/1] (0.00ns)   --->   "%tmp_data_20_V = extractvalue { i30, i30, i30, i30, i30, i30, i30, i30, i30, i30, i30, i30, i30, i30, i30, i30, i30, i30, i30, i30, i30, i30, i30, i30, i30, i30, i30, i30, i30, i30, i30, i30 } %call_ret, 20" [firmware/nnet_utils/nnet_dense_stream.h:46]   --->   Operation 124 'extractvalue' 'tmp_data_20_V' <Predicate = true> <Delay = 0.00>
ST_3 : Operation 125 [1/1] (0.00ns)   --->   "%tmp_data_21_V = extractvalue { i30, i30, i30, i30, i30, i30, i30, i30, i30, i30, i30, i30, i30, i30, i30, i30, i30, i30, i30, i30, i30, i30, i30, i30, i30, i30, i30, i30, i30, i30, i30, i30 } %call_ret, 21" [firmware/nnet_utils/nnet_dense_stream.h:46]   --->   Operation 125 'extractvalue' 'tmp_data_21_V' <Predicate = true> <Delay = 0.00>
ST_3 : Operation 126 [1/1] (0.00ns)   --->   "%tmp_data_22_V = extractvalue { i30, i30, i30, i30, i30, i30, i30, i30, i30, i30, i30, i30, i30, i30, i30, i30, i30, i30, i30, i30, i30, i30, i30, i30, i30, i30, i30, i30, i30, i30, i30, i30 } %call_ret, 22" [firmware/nnet_utils/nnet_dense_stream.h:46]   --->   Operation 126 'extractvalue' 'tmp_data_22_V' <Predicate = true> <Delay = 0.00>
ST_3 : Operation 127 [1/1] (0.00ns)   --->   "%tmp_data_23_V = extractvalue { i30, i30, i30, i30, i30, i30, i30, i30, i30, i30, i30, i30, i30, i30, i30, i30, i30, i30, i30, i30, i30, i30, i30, i30, i30, i30, i30, i30, i30, i30, i30, i30 } %call_ret, 23" [firmware/nnet_utils/nnet_dense_stream.h:46]   --->   Operation 127 'extractvalue' 'tmp_data_23_V' <Predicate = true> <Delay = 0.00>
ST_3 : Operation 128 [1/1] (0.00ns)   --->   "%tmp_data_24_V = extractvalue { i30, i30, i30, i30, i30, i30, i30, i30, i30, i30, i30, i30, i30, i30, i30, i30, i30, i30, i30, i30, i30, i30, i30, i30, i30, i30, i30, i30, i30, i30, i30, i30 } %call_ret, 24" [firmware/nnet_utils/nnet_dense_stream.h:46]   --->   Operation 128 'extractvalue' 'tmp_data_24_V' <Predicate = true> <Delay = 0.00>
ST_3 : Operation 129 [1/1] (0.00ns)   --->   "%tmp_data_25_V = extractvalue { i30, i30, i30, i30, i30, i30, i30, i30, i30, i30, i30, i30, i30, i30, i30, i30, i30, i30, i30, i30, i30, i30, i30, i30, i30, i30, i30, i30, i30, i30, i30, i30 } %call_ret, 25" [firmware/nnet_utils/nnet_dense_stream.h:46]   --->   Operation 129 'extractvalue' 'tmp_data_25_V' <Predicate = true> <Delay = 0.00>
ST_3 : Operation 130 [1/1] (0.00ns)   --->   "%tmp_data_26_V = extractvalue { i30, i30, i30, i30, i30, i30, i30, i30, i30, i30, i30, i30, i30, i30, i30, i30, i30, i30, i30, i30, i30, i30, i30, i30, i30, i30, i30, i30, i30, i30, i30, i30 } %call_ret, 26" [firmware/nnet_utils/nnet_dense_stream.h:46]   --->   Operation 130 'extractvalue' 'tmp_data_26_V' <Predicate = true> <Delay = 0.00>
ST_3 : Operation 131 [1/1] (0.00ns)   --->   "%tmp_data_27_V = extractvalue { i30, i30, i30, i30, i30, i30, i30, i30, i30, i30, i30, i30, i30, i30, i30, i30, i30, i30, i30, i30, i30, i30, i30, i30, i30, i30, i30, i30, i30, i30, i30, i30 } %call_ret, 27" [firmware/nnet_utils/nnet_dense_stream.h:46]   --->   Operation 131 'extractvalue' 'tmp_data_27_V' <Predicate = true> <Delay = 0.00>
ST_3 : Operation 132 [1/1] (0.00ns)   --->   "%tmp_data_28_V = extractvalue { i30, i30, i30, i30, i30, i30, i30, i30, i30, i30, i30, i30, i30, i30, i30, i30, i30, i30, i30, i30, i30, i30, i30, i30, i30, i30, i30, i30, i30, i30, i30, i30 } %call_ret, 28" [firmware/nnet_utils/nnet_dense_stream.h:46]   --->   Operation 132 'extractvalue' 'tmp_data_28_V' <Predicate = true> <Delay = 0.00>
ST_3 : Operation 133 [1/1] (0.00ns)   --->   "%tmp_data_29_V = extractvalue { i30, i30, i30, i30, i30, i30, i30, i30, i30, i30, i30, i30, i30, i30, i30, i30, i30, i30, i30, i30, i30, i30, i30, i30, i30, i30, i30, i30, i30, i30, i30, i30 } %call_ret, 29" [firmware/nnet_utils/nnet_dense_stream.h:46]   --->   Operation 133 'extractvalue' 'tmp_data_29_V' <Predicate = true> <Delay = 0.00>
ST_3 : Operation 134 [1/1] (0.00ns)   --->   "%tmp_data_30_V = extractvalue { i30, i30, i30, i30, i30, i30, i30, i30, i30, i30, i30, i30, i30, i30, i30, i30, i30, i30, i30, i30, i30, i30, i30, i30, i30, i30, i30, i30, i30, i30, i30, i30 } %call_ret, 30" [firmware/nnet_utils/nnet_dense_stream.h:46]   --->   Operation 134 'extractvalue' 'tmp_data_30_V' <Predicate = true> <Delay = 0.00>
ST_3 : Operation 135 [1/1] (0.00ns)   --->   "%tmp_data_31_V = extractvalue { i30, i30, i30, i30, i30, i30, i30, i30, i30, i30, i30, i30, i30, i30, i30, i30, i30, i30, i30, i30, i30, i30, i30, i30, i30, i30, i30, i30, i30, i30, i30, i30 } %call_ret, 31" [firmware/nnet_utils/nnet_dense_stream.h:46]   --->   Operation 135 'extractvalue' 'tmp_data_31_V' <Predicate = true> <Delay = 0.00>
ST_3 : Operation 136 [1/1] (0.00ns)   --->   "call void (...)* @_ssdm_op_SpecLoopName([9 x i8]* @p_str36) nounwind" [firmware/nnet_utils/nnet_dense_stream.h:49]   --->   Operation 136 'specloopname' <Predicate = true> <Delay = 0.00>
ST_3 : Operation 137 [1/1] (1.45ns)   --->   "call void @_ssdm_op_Write.ap_fifo.volatile.i30P.i30P.i30P.i30P.i30P.i30P.i30P.i30P.i30P.i30P.i30P.i30P.i30P.i30P.i30P.i30P.i30P.i30P.i30P.i30P.i30P.i30P.i30P.i30P.i30P.i30P.i30P.i30P.i30P.i30P.i30P.i30P(i30* %res_stream_V_data_0_V, i30* %res_stream_V_data_1_V, i30* %res_stream_V_data_2_V, i30* %res_stream_V_data_3_V, i30* %res_stream_V_data_4_V, i30* %res_stream_V_data_5_V, i30* %res_stream_V_data_6_V, i30* %res_stream_V_data_7_V, i30* %res_stream_V_data_8_V, i30* %res_stream_V_data_9_V, i30* %res_stream_V_data_10_V, i30* %res_stream_V_data_11_V, i30* %res_stream_V_data_12_V, i30* %res_stream_V_data_13_V, i30* %res_stream_V_data_14_V, i30* %res_stream_V_data_15_V, i30* %res_stream_V_data_16_V, i30* %res_stream_V_data_17_V, i30* %res_stream_V_data_18_V, i30* %res_stream_V_data_19_V, i30* %res_stream_V_data_20_V, i30* %res_stream_V_data_21_V, i30* %res_stream_V_data_22_V, i30* %res_stream_V_data_23_V, i30* %res_stream_V_data_24_V, i30* %res_stream_V_data_25_V, i30* %res_stream_V_data_26_V, i30* %res_stream_V_data_27_V, i30* %res_stream_V_data_28_V, i30* %res_stream_V_data_29_V, i30* %res_stream_V_data_30_V, i30* %res_stream_V_data_31_V, i30 %tmp_data_0_V, i30 %tmp_data_1_V, i30 %tmp_data_2_V, i30 %tmp_data_3_V, i30 %tmp_data_4_V, i30 %tmp_data_5_V, i30 %tmp_data_6_V, i30 %tmp_data_7_V, i30 %tmp_data_8_V, i30 %tmp_data_9_V, i30 %tmp_data_10_V, i30 %tmp_data_11_V, i30 %tmp_data_12_V, i30 %tmp_data_13_V, i30 %tmp_data_14_V, i30 %tmp_data_15_V, i30 %tmp_data_16_V, i30 %tmp_data_17_V, i30 %tmp_data_18_V, i30 %tmp_data_19_V, i30 %tmp_data_20_V, i30 %tmp_data_21_V, i30 %tmp_data_22_V, i30 %tmp_data_23_V, i30 %tmp_data_24_V, i30 %tmp_data_25_V, i30 %tmp_data_26_V, i30 %tmp_data_27_V, i30 %tmp_data_28_V, i30 %tmp_data_29_V, i30 %tmp_data_30_V, i30 %tmp_data_31_V)" [firmware/nnet_utils/nnet_dense_stream.h:60]   --->   Operation 137 'write' <Predicate = true> <Delay = 1.45> <Core = "FIFO">   --->   Core 32 'FIFO' <Latency = 0> <II = 1> <Delay = 1.45> <Storage> <Opcode : 'read' 'write' 'nbread' 'nbwrite'> <Ports = 0> <Width = 30> <Depth = 1> <FIFO>
ST_3 : Operation 138 [1/1] (0.00ns)   --->   "ret void" [firmware/nnet_utils/nnet_dense_stream.h:62]   --->   Operation 138 'ret' <Predicate = true> <Delay = 0.00>


============================================================
+ Verbose Summary: Timing violations
============================================================
Target clock period: 5ns, clock uncertainty: 0.625ns.

 <State 1>: 1.46ns
The critical path consists of the following:
	fifo read on port 'data_stream_V_data_0_V' (firmware/nnet_utils/nnet_dense_stream.h:38) [130]  (1.46 ns)

 <State 2>: 4.16ns
The critical path consists of the following:
	'call' operation ('call_ret', firmware/nnet_utils/nnet_dense_stream.h:46) to 'dense_wrapper<ap_fixed<16, 6, 5, 3, 0>, ap_fixed<30, 13, 5, 3, 0>, config13>' [163]  (4.16 ns)

 <State 3>: 2.81ns
The critical path consists of the following:
	'call' operation ('call_ret', firmware/nnet_utils/nnet_dense_stream.h:46) to 'dense_wrapper<ap_fixed<16, 6, 5, 3, 0>, ap_fixed<30, 13, 5, 3, 0>, config13>' [163]  (1.35 ns)
	fifo write on port 'res_stream_V_data_0_V' (firmware/nnet_utils/nnet_dense_stream.h:60) [197]  (1.46 ns)


============================================================
+ Verbose Summary: Binding
============================================================
N/A
* FSMD analyzer results:
  - Output states:
 - Input state : 
  - Chain level:
	State 1
	State 2
	State 3


============================================================
+ Verbose Summary: Datapath Resource usage 
============================================================
N/A
