

================================================================
== Vivado HLS Report for 'linear_array_array_ap_fixed_20_11_4_0_0_32u_linear_config11_s'
================================================================
* Date:           Tue Dec 10 22:24:00 2024

* Version:        2020.1 (Build 2897737 on Wed May 27 20:21:37 MDT 2020)
* Project:        hls_deepset_pointwisePhi_iostream_prj
* Solution:       solution1
* Product family: virtexuplus
* Target device:  xcvu13p-flga2577-2-e


================================================================
== Performance Estimates
================================================================
+ Timing: 
    * Summary: 
    +--------+---------+----------+------------+
    |  Clock |  Target | Estimated| Uncertainty|
    +--------+---------+----------+------------+
    |ap_clk  | 5.00 ns | 2.916 ns |   0.62 ns  |
    +--------+---------+----------+------------+

+ Latency: 
    * Summary: 
    +---------+---------+-----------+-----------+-----+-----+---------+
    |  Latency (cycles) |   Latency (absolute)  |  Interval | Pipeline|
    |   min   |   max   |    min    |    max    | min | max |   Type  |
    +---------+---------+-----------+-----------+-----+-----+---------+
    |       18|       18| 90.000 ns | 90.000 ns |   18|   18|   none  |
    +---------+---------+-----------+-----------+-----+-----+---------+

    + Detail: 
        * Instance: 
        N/A

        * Loop: 
        +-----------------+---------+---------+----------+-----------+-----------+------+----------+
        |                 |  Latency (cycles) | Iteration|  Initiation Interval  | Trip |          |
        |    Loop Name    |   min   |   max   |  Latency |  achieved |   target  | Count| Pipelined|
        +-----------------+---------+---------+----------+-----------+-----------+------+----------+
        |- LinearActLoop  |       16|       16|         2|          1|          1|    16|    yes   |
        +-----------------+---------+---------+----------+-----------+-----------+------+----------+

============================================================
+ Verbose Summary: Synthesis Manager
============================================================
InlineROM: 1
ExposeGlobal: 0
============================================================
+ Verbose Summary: CDFG Model
============================================================
IsTopModel: 0
ResetActiveHigh: 1
IsCombinational: 2
IsDatapathOnly: 0
HasWiredReturn: 1
HasMFsm: 0
HasVarLatency: 1
IsPipeline: 0
IsRtlPipelined: 0
IsInstanceOverlapped: 0
IsDontTouch: 0
HasImplIP: 0
IsGatedGlobalClock: 0

+ Individual pipeline summary: 
  * Pipeline-0: initiation interval (II) = 1, depth = 2


============================================================
+ Verbose Summary: Schedule
============================================================
* Number of FSM states : 4
* Pipeline : 1
  Pipeline-0 : II = 1, D = 2, States = { 2 3 }
* Dataflow Pipeline: 0

* FSM state transitions: 
1 --> 2 
2 --> 4 3 
3 --> 2 
4 --> 

* FSM state operations: 

State 1 <SV = 0> <Delay = 0.60>
ST_1 : Operation 5 [1/1] (0.00ns)   --->   "call void (...)* @_ssdm_op_SpecInterface(i20* %res_V_data_31_V, [8 x i8]* @ap_fifo_str, i32 0, i32 0, [1 x i8]* @p_str1909, i32 0, i32 0, [1 x i8]* @p_str1910, [1 x i8]* @p_str1911, [1 x i8]* @p_str1912, i32 2, i32 2, i32 16, i32 16, [1 x i8]* @p_str1913, [1 x i8]* @p_str1914)"   --->   Operation 5 'specinterface' <Predicate = true> <Delay = 0.00>
ST_1 : Operation 6 [1/1] (0.00ns)   --->   "call void (...)* @_ssdm_op_SpecInterface(i20* %res_V_data_30_V, [8 x i8]* @ap_fifo_str, i32 0, i32 0, [1 x i8]* @p_str1902, i32 0, i32 0, [1 x i8]* @p_str1903, [1 x i8]* @p_str1904, [1 x i8]* @p_str1905, i32 2, i32 2, i32 16, i32 16, [1 x i8]* @p_str1906, [1 x i8]* @p_str1907)"   --->   Operation 6 'specinterface' <Predicate = true> <Delay = 0.00>
ST_1 : Operation 7 [1/1] (0.00ns)   --->   "call void (...)* @_ssdm_op_SpecInterface(i20* %res_V_data_29_V, [8 x i8]* @ap_fifo_str, i32 0, i32 0, [1 x i8]* @p_str1895, i32 0, i32 0, [1 x i8]* @p_str1896, [1 x i8]* @p_str1897, [1 x i8]* @p_str1898, i32 2, i32 2, i32 16, i32 16, [1 x i8]* @p_str1899, [1 x i8]* @p_str1900)"   --->   Operation 7 'specinterface' <Predicate = true> <Delay = 0.00>
ST_1 : Operation 8 [1/1] (0.00ns)   --->   "call void (...)* @_ssdm_op_SpecInterface(i20* %res_V_data_28_V, [8 x i8]* @ap_fifo_str, i32 0, i32 0, [1 x i8]* @p_str1888, i32 0, i32 0, [1 x i8]* @p_str1889, [1 x i8]* @p_str1890, [1 x i8]* @p_str1891, i32 2, i32 2, i32 16, i32 16, [1 x i8]* @p_str1892, [1 x i8]* @p_str1893)"   --->   Operation 8 'specinterface' <Predicate = true> <Delay = 0.00>
ST_1 : Operation 9 [1/1] (0.00ns)   --->   "call void (...)* @_ssdm_op_SpecInterface(i20* %res_V_data_27_V, [8 x i8]* @ap_fifo_str, i32 0, i32 0, [1 x i8]* @p_str1881, i32 0, i32 0, [1 x i8]* @p_str1882, [1 x i8]* @p_str1883, [1 x i8]* @p_str1884, i32 2, i32 2, i32 16, i32 16, [1 x i8]* @p_str1885, [1 x i8]* @p_str1886)"   --->   Operation 9 'specinterface' <Predicate = true> <Delay = 0.00>
ST_1 : Operation 10 [1/1] (0.00ns)   --->   "call void (...)* @_ssdm_op_SpecInterface(i20* %res_V_data_26_V, [8 x i8]* @ap_fifo_str, i32 0, i32 0, [1 x i8]* @p_str1874, i32 0, i32 0, [1 x i8]* @p_str1875, [1 x i8]* @p_str1876, [1 x i8]* @p_str1877, i32 2, i32 2, i32 16, i32 16, [1 x i8]* @p_str1878, [1 x i8]* @p_str1879)"   --->   Operation 10 'specinterface' <Predicate = true> <Delay = 0.00>
ST_1 : Operation 11 [1/1] (0.00ns)   --->   "call void (...)* @_ssdm_op_SpecInterface(i20* %res_V_data_25_V, [8 x i8]* @ap_fifo_str, i32 0, i32 0, [1 x i8]* @p_str1867, i32 0, i32 0, [1 x i8]* @p_str1868, [1 x i8]* @p_str1869, [1 x i8]* @p_str1870, i32 2, i32 2, i32 16, i32 16, [1 x i8]* @p_str1871, [1 x i8]* @p_str1872)"   --->   Operation 11 'specinterface' <Predicate = true> <Delay = 0.00>
ST_1 : Operation 12 [1/1] (0.00ns)   --->   "call void (...)* @_ssdm_op_SpecInterface(i20* %res_V_data_24_V, [8 x i8]* @ap_fifo_str, i32 0, i32 0, [1 x i8]* @p_str1860, i32 0, i32 0, [1 x i8]* @p_str1861, [1 x i8]* @p_str1862, [1 x i8]* @p_str1863, i32 2, i32 2, i32 16, i32 16, [1 x i8]* @p_str1864, [1 x i8]* @p_str1865)"   --->   Operation 12 'specinterface' <Predicate = true> <Delay = 0.00>
ST_1 : Operation 13 [1/1] (0.00ns)   --->   "call void (...)* @_ssdm_op_SpecInterface(i20* %res_V_data_23_V, [8 x i8]* @ap_fifo_str, i32 0, i32 0, [1 x i8]* @p_str1853, i32 0, i32 0, [1 x i8]* @p_str1854, [1 x i8]* @p_str1855, [1 x i8]* @p_str1856, i32 2, i32 2, i32 16, i32 16, [1 x i8]* @p_str1857, [1 x i8]* @p_str1858)"   --->   Operation 13 'specinterface' <Predicate = true> <Delay = 0.00>
ST_1 : Operation 14 [1/1] (0.00ns)   --->   "call void (...)* @_ssdm_op_SpecInterface(i20* %res_V_data_22_V, [8 x i8]* @ap_fifo_str, i32 0, i32 0, [1 x i8]* @p_str1846, i32 0, i32 0, [1 x i8]* @p_str1847, [1 x i8]* @p_str1848, [1 x i8]* @p_str1849, i32 2, i32 2, i32 16, i32 16, [1 x i8]* @p_str1850, [1 x i8]* @p_str1851)"   --->   Operation 14 'specinterface' <Predicate = true> <Delay = 0.00>
ST_1 : Operation 15 [1/1] (0.00ns)   --->   "call void (...)* @_ssdm_op_SpecInterface(i20* %res_V_data_21_V, [8 x i8]* @ap_fifo_str, i32 0, i32 0, [1 x i8]* @p_str1839, i32 0, i32 0, [1 x i8]* @p_str1840, [1 x i8]* @p_str1841, [1 x i8]* @p_str1842, i32 2, i32 2, i32 16, i32 16, [1 x i8]* @p_str1843, [1 x i8]* @p_str1844)"   --->   Operation 15 'specinterface' <Predicate = true> <Delay = 0.00>
ST_1 : Operation 16 [1/1] (0.00ns)   --->   "call void (...)* @_ssdm_op_SpecInterface(i20* %res_V_data_20_V, [8 x i8]* @ap_fifo_str, i32 0, i32 0, [1 x i8]* @p_str1832, i32 0, i32 0, [1 x i8]* @p_str1833, [1 x i8]* @p_str1834, [1 x i8]* @p_str1835, i32 2, i32 2, i32 16, i32 16, [1 x i8]* @p_str1836, [1 x i8]* @p_str1837)"   --->   Operation 16 'specinterface' <Predicate = true> <Delay = 0.00>
ST_1 : Operation 17 [1/1] (0.00ns)   --->   "call void (...)* @_ssdm_op_SpecInterface(i20* %res_V_data_19_V, [8 x i8]* @ap_fifo_str, i32 0, i32 0, [1 x i8]* @p_str1825, i32 0, i32 0, [1 x i8]* @p_str1826, [1 x i8]* @p_str1827, [1 x i8]* @p_str1828, i32 2, i32 2, i32 16, i32 16, [1 x i8]* @p_str1829, [1 x i8]* @p_str1830)"   --->   Operation 17 'specinterface' <Predicate = true> <Delay = 0.00>
ST_1 : Operation 18 [1/1] (0.00ns)   --->   "call void (...)* @_ssdm_op_SpecInterface(i20* %res_V_data_18_V, [8 x i8]* @ap_fifo_str, i32 0, i32 0, [1 x i8]* @p_str1818, i32 0, i32 0, [1 x i8]* @p_str1819, [1 x i8]* @p_str1820, [1 x i8]* @p_str1821, i32 2, i32 2, i32 16, i32 16, [1 x i8]* @p_str1822, [1 x i8]* @p_str1823)"   --->   Operation 18 'specinterface' <Predicate = true> <Delay = 0.00>
ST_1 : Operation 19 [1/1] (0.00ns)   --->   "call void (...)* @_ssdm_op_SpecInterface(i20* %res_V_data_17_V, [8 x i8]* @ap_fifo_str, i32 0, i32 0, [1 x i8]* @p_str1811, i32 0, i32 0, [1 x i8]* @p_str1812, [1 x i8]* @p_str1813, [1 x i8]* @p_str1814, i32 2, i32 2, i32 16, i32 16, [1 x i8]* @p_str1815, [1 x i8]* @p_str1816)"   --->   Operation 19 'specinterface' <Predicate = true> <Delay = 0.00>
ST_1 : Operation 20 [1/1] (0.00ns)   --->   "call void (...)* @_ssdm_op_SpecInterface(i20* %res_V_data_16_V, [8 x i8]* @ap_fifo_str, i32 0, i32 0, [1 x i8]* @p_str1804, i32 0, i32 0, [1 x i8]* @p_str1805, [1 x i8]* @p_str1806, [1 x i8]* @p_str1807, i32 2, i32 2, i32 16, i32 16, [1 x i8]* @p_str1808, [1 x i8]* @p_str1809)"   --->   Operation 20 'specinterface' <Predicate = true> <Delay = 0.00>
ST_1 : Operation 21 [1/1] (0.00ns)   --->   "call void (...)* @_ssdm_op_SpecInterface(i20* %res_V_data_15_V, [8 x i8]* @ap_fifo_str, i32 0, i32 0, [1 x i8]* @p_str1797, i32 0, i32 0, [1 x i8]* @p_str1798, [1 x i8]* @p_str1799, [1 x i8]* @p_str1800, i32 2, i32 2, i32 16, i32 16, [1 x i8]* @p_str1801, [1 x i8]* @p_str1802)"   --->   Operation 21 'specinterface' <Predicate = true> <Delay = 0.00>
ST_1 : Operation 22 [1/1] (0.00ns)   --->   "call void (...)* @_ssdm_op_SpecInterface(i20* %res_V_data_14_V, [8 x i8]* @ap_fifo_str, i32 0, i32 0, [1 x i8]* @p_str1790, i32 0, i32 0, [1 x i8]* @p_str1791, [1 x i8]* @p_str1792, [1 x i8]* @p_str1793, i32 2, i32 2, i32 16, i32 16, [1 x i8]* @p_str1794, [1 x i8]* @p_str1795)"   --->   Operation 22 'specinterface' <Predicate = true> <Delay = 0.00>
ST_1 : Operation 23 [1/1] (0.00ns)   --->   "call void (...)* @_ssdm_op_SpecInterface(i20* %res_V_data_13_V, [8 x i8]* @ap_fifo_str, i32 0, i32 0, [1 x i8]* @p_str1783, i32 0, i32 0, [1 x i8]* @p_str1784, [1 x i8]* @p_str1785, [1 x i8]* @p_str1786, i32 2, i32 2, i32 16, i32 16, [1 x i8]* @p_str1787, [1 x i8]* @p_str1788)"   --->   Operation 23 'specinterface' <Predicate = true> <Delay = 0.00>
ST_1 : Operation 24 [1/1] (0.00ns)   --->   "call void (...)* @_ssdm_op_SpecInterface(i20* %res_V_data_12_V, [8 x i8]* @ap_fifo_str, i32 0, i32 0, [1 x i8]* @p_str1776, i32 0, i32 0, [1 x i8]* @p_str1777, [1 x i8]* @p_str1778, [1 x i8]* @p_str1779, i32 2, i32 2, i32 16, i32 16, [1 x i8]* @p_str1780, [1 x i8]* @p_str1781)"   --->   Operation 24 'specinterface' <Predicate = true> <Delay = 0.00>
ST_1 : Operation 25 [1/1] (0.00ns)   --->   "call void (...)* @_ssdm_op_SpecInterface(i20* %res_V_data_11_V, [8 x i8]* @ap_fifo_str, i32 0, i32 0, [1 x i8]* @p_str1769, i32 0, i32 0, [1 x i8]* @p_str1770, [1 x i8]* @p_str1771, [1 x i8]* @p_str1772, i32 2, i32 2, i32 16, i32 16, [1 x i8]* @p_str1773, [1 x i8]* @p_str1774)"   --->   Operation 25 'specinterface' <Predicate = true> <Delay = 0.00>
ST_1 : Operation 26 [1/1] (0.00ns)   --->   "call void (...)* @_ssdm_op_SpecInterface(i20* %res_V_data_10_V, [8 x i8]* @ap_fifo_str, i32 0, i32 0, [1 x i8]* @p_str1762, i32 0, i32 0, [1 x i8]* @p_str1763, [1 x i8]* @p_str1764, [1 x i8]* @p_str1765, i32 2, i32 2, i32 16, i32 16, [1 x i8]* @p_str1766, [1 x i8]* @p_str1767)"   --->   Operation 26 'specinterface' <Predicate = true> <Delay = 0.00>
ST_1 : Operation 27 [1/1] (0.00ns)   --->   "call void (...)* @_ssdm_op_SpecInterface(i20* %res_V_data_9_V, [8 x i8]* @ap_fifo_str, i32 0, i32 0, [1 x i8]* @p_str1755, i32 0, i32 0, [1 x i8]* @p_str1756, [1 x i8]* @p_str1757, [1 x i8]* @p_str1758, i32 2, i32 2, i32 16, i32 16, [1 x i8]* @p_str1759, [1 x i8]* @p_str1760)"   --->   Operation 27 'specinterface' <Predicate = true> <Delay = 0.00>
ST_1 : Operation 28 [1/1] (0.00ns)   --->   "call void (...)* @_ssdm_op_SpecInterface(i20* %res_V_data_8_V, [8 x i8]* @ap_fifo_str, i32 0, i32 0, [1 x i8]* @p_str1748, i32 0, i32 0, [1 x i8]* @p_str1749, [1 x i8]* @p_str1750, [1 x i8]* @p_str1751, i32 2, i32 2, i32 16, i32 16, [1 x i8]* @p_str1752, [1 x i8]* @p_str1753)"   --->   Operation 28 'specinterface' <Predicate = true> <Delay = 0.00>
ST_1 : Operation 29 [1/1] (0.00ns)   --->   "call void (...)* @_ssdm_op_SpecInterface(i20* %res_V_data_7_V, [8 x i8]* @ap_fifo_str, i32 0, i32 0, [1 x i8]* @p_str1741, i32 0, i32 0, [1 x i8]* @p_str1742, [1 x i8]* @p_str1743, [1 x i8]* @p_str1744, i32 2, i32 2, i32 16, i32 16, [1 x i8]* @p_str1745, [1 x i8]* @p_str1746)"   --->   Operation 29 'specinterface' <Predicate = true> <Delay = 0.00>
ST_1 : Operation 30 [1/1] (0.00ns)   --->   "call void (...)* @_ssdm_op_SpecInterface(i20* %res_V_data_6_V, [8 x i8]* @ap_fifo_str, i32 0, i32 0, [1 x i8]* @p_str1734, i32 0, i32 0, [1 x i8]* @p_str1735, [1 x i8]* @p_str1736, [1 x i8]* @p_str1737, i32 2, i32 2, i32 16, i32 16, [1 x i8]* @p_str1738, [1 x i8]* @p_str1739)"   --->   Operation 30 'specinterface' <Predicate = true> <Delay = 0.00>
ST_1 : Operation 31 [1/1] (0.00ns)   --->   "call void (...)* @_ssdm_op_SpecInterface(i20* %res_V_data_5_V, [8 x i8]* @ap_fifo_str, i32 0, i32 0, [1 x i8]* @p_str1727, i32 0, i32 0, [1 x i8]* @p_str1728, [1 x i8]* @p_str1729, [1 x i8]* @p_str1730, i32 2, i32 2, i32 16, i32 16, [1 x i8]* @p_str1731, [1 x i8]* @p_str1732)"   --->   Operation 31 'specinterface' <Predicate = true> <Delay = 0.00>
ST_1 : Operation 32 [1/1] (0.00ns)   --->   "call void (...)* @_ssdm_op_SpecInterface(i20* %res_V_data_4_V, [8 x i8]* @ap_fifo_str, i32 0, i32 0, [1 x i8]* @p_str1720, i32 0, i32 0, [1 x i8]* @p_str1721, [1 x i8]* @p_str1722, [1 x i8]* @p_str1723, i32 2, i32 2, i32 16, i32 16, [1 x i8]* @p_str1724, [1 x i8]* @p_str1725)"   --->   Operation 32 'specinterface' <Predicate = true> <Delay = 0.00>
ST_1 : Operation 33 [1/1] (0.00ns)   --->   "call void (...)* @_ssdm_op_SpecInterface(i20* %res_V_data_3_V, [8 x i8]* @ap_fifo_str, i32 0, i32 0, [1 x i8]* @p_str1713, i32 0, i32 0, [1 x i8]* @p_str1714, [1 x i8]* @p_str1715, [1 x i8]* @p_str1716, i32 2, i32 2, i32 16, i32 16, [1 x i8]* @p_str1717, [1 x i8]* @p_str1718)"   --->   Operation 33 'specinterface' <Predicate = true> <Delay = 0.00>
ST_1 : Operation 34 [1/1] (0.00ns)   --->   "call void (...)* @_ssdm_op_SpecInterface(i20* %res_V_data_2_V, [8 x i8]* @ap_fifo_str, i32 0, i32 0, [1 x i8]* @p_str1706, i32 0, i32 0, [1 x i8]* @p_str1707, [1 x i8]* @p_str1708, [1 x i8]* @p_str1709, i32 2, i32 2, i32 16, i32 16, [1 x i8]* @p_str1710, [1 x i8]* @p_str1711)"   --->   Operation 34 'specinterface' <Predicate = true> <Delay = 0.00>
ST_1 : Operation 35 [1/1] (0.00ns)   --->   "call void (...)* @_ssdm_op_SpecInterface(i20* %res_V_data_1_V, [8 x i8]* @ap_fifo_str, i32 0, i32 0, [1 x i8]* @p_str1699, i32 0, i32 0, [1 x i8]* @p_str1700, [1 x i8]* @p_str1701, [1 x i8]* @p_str1702, i32 2, i32 2, i32 16, i32 16, [1 x i8]* @p_str1703, [1 x i8]* @p_str1704)"   --->   Operation 35 'specinterface' <Predicate = true> <Delay = 0.00>
ST_1 : Operation 36 [1/1] (0.00ns)   --->   "call void (...)* @_ssdm_op_SpecInterface(i20* %res_V_data_0_V, [8 x i8]* @ap_fifo_str, i32 0, i32 0, [1 x i8]* @p_str1692, i32 0, i32 0, [1 x i8]* @p_str1693, [1 x i8]* @p_str1694, [1 x i8]* @p_str1695, i32 2, i32 2, i32 16, i32 16, [1 x i8]* @p_str1696, [1 x i8]* @p_str1697)"   --->   Operation 36 'specinterface' <Predicate = true> <Delay = 0.00>
ST_1 : Operation 37 [1/1] (0.00ns)   --->   "call void (...)* @_ssdm_op_SpecInterface(i8* %data_V_data_31_V, [8 x i8]* @ap_fifo_str, i32 0, i32 0, [1 x i8]* @p_str1685, i32 0, i32 0, [1 x i8]* @p_str1686, [1 x i8]* @p_str1687, [1 x i8]* @p_str1688, i32 2, i32 2, i32 16, i32 16, [1 x i8]* @p_str1689, [1 x i8]* @p_str1690)"   --->   Operation 37 'specinterface' <Predicate = true> <Delay = 0.00>
ST_1 : Operation 38 [1/1] (0.00ns)   --->   "call void (...)* @_ssdm_op_SpecInterface(i8* %data_V_data_30_V, [8 x i8]* @ap_fifo_str, i32 0, i32 0, [1 x i8]* @p_str1678, i32 0, i32 0, [1 x i8]* @p_str1679, [1 x i8]* @p_str1680, [1 x i8]* @p_str1681, i32 2, i32 2, i32 16, i32 16, [1 x i8]* @p_str1682, [1 x i8]* @p_str1683)"   --->   Operation 38 'specinterface' <Predicate = true> <Delay = 0.00>
ST_1 : Operation 39 [1/1] (0.00ns)   --->   "call void (...)* @_ssdm_op_SpecInterface(i8* %data_V_data_29_V, [8 x i8]* @ap_fifo_str, i32 0, i32 0, [1 x i8]* @p_str1671, i32 0, i32 0, [1 x i8]* @p_str1672, [1 x i8]* @p_str1673, [1 x i8]* @p_str1674, i32 2, i32 2, i32 16, i32 16, [1 x i8]* @p_str1675, [1 x i8]* @p_str1676)"   --->   Operation 39 'specinterface' <Predicate = true> <Delay = 0.00>
ST_1 : Operation 40 [1/1] (0.00ns)   --->   "call void (...)* @_ssdm_op_SpecInterface(i8* %data_V_data_28_V, [8 x i8]* @ap_fifo_str, i32 0, i32 0, [1 x i8]* @p_str1664, i32 0, i32 0, [1 x i8]* @p_str1665, [1 x i8]* @p_str1666, [1 x i8]* @p_str1667, i32 2, i32 2, i32 16, i32 16, [1 x i8]* @p_str1668, [1 x i8]* @p_str1669)"   --->   Operation 40 'specinterface' <Predicate = true> <Delay = 0.00>
ST_1 : Operation 41 [1/1] (0.00ns)   --->   "call void (...)* @_ssdm_op_SpecInterface(i8* %data_V_data_27_V, [8 x i8]* @ap_fifo_str, i32 0, i32 0, [1 x i8]* @p_str1657, i32 0, i32 0, [1 x i8]* @p_str1658, [1 x i8]* @p_str1659, [1 x i8]* @p_str1660, i32 2, i32 2, i32 16, i32 16, [1 x i8]* @p_str1661, [1 x i8]* @p_str1662)"   --->   Operation 41 'specinterface' <Predicate = true> <Delay = 0.00>
ST_1 : Operation 42 [1/1] (0.00ns)   --->   "call void (...)* @_ssdm_op_SpecInterface(i8* %data_V_data_26_V, [8 x i8]* @ap_fifo_str, i32 0, i32 0, [1 x i8]* @p_str1650, i32 0, i32 0, [1 x i8]* @p_str1651, [1 x i8]* @p_str1652, [1 x i8]* @p_str1653, i32 2, i32 2, i32 16, i32 16, [1 x i8]* @p_str1654, [1 x i8]* @p_str1655)"   --->   Operation 42 'specinterface' <Predicate = true> <Delay = 0.00>
ST_1 : Operation 43 [1/1] (0.00ns)   --->   "call void (...)* @_ssdm_op_SpecInterface(i8* %data_V_data_25_V, [8 x i8]* @ap_fifo_str, i32 0, i32 0, [1 x i8]* @p_str1643, i32 0, i32 0, [1 x i8]* @p_str1644, [1 x i8]* @p_str1645, [1 x i8]* @p_str1646, i32 2, i32 2, i32 16, i32 16, [1 x i8]* @p_str1647, [1 x i8]* @p_str1648)"   --->   Operation 43 'specinterface' <Predicate = true> <Delay = 0.00>
ST_1 : Operation 44 [1/1] (0.00ns)   --->   "call void (...)* @_ssdm_op_SpecInterface(i8* %data_V_data_24_V, [8 x i8]* @ap_fifo_str, i32 0, i32 0, [1 x i8]* @p_str1636, i32 0, i32 0, [1 x i8]* @p_str1637, [1 x i8]* @p_str1638, [1 x i8]* @p_str1639, i32 2, i32 2, i32 16, i32 16, [1 x i8]* @p_str1640, [1 x i8]* @p_str1641)"   --->   Operation 44 'specinterface' <Predicate = true> <Delay = 0.00>
ST_1 : Operation 45 [1/1] (0.00ns)   --->   "call void (...)* @_ssdm_op_SpecInterface(i8* %data_V_data_23_V, [8 x i8]* @ap_fifo_str, i32 0, i32 0, [1 x i8]* @p_str1629, i32 0, i32 0, [1 x i8]* @p_str1630, [1 x i8]* @p_str1631, [1 x i8]* @p_str1632, i32 2, i32 2, i32 16, i32 16, [1 x i8]* @p_str1633, [1 x i8]* @p_str1634)"   --->   Operation 45 'specinterface' <Predicate = true> <Delay = 0.00>
ST_1 : Operation 46 [1/1] (0.00ns)   --->   "call void (...)* @_ssdm_op_SpecInterface(i8* %data_V_data_22_V, [8 x i8]* @ap_fifo_str, i32 0, i32 0, [1 x i8]* @p_str1622, i32 0, i32 0, [1 x i8]* @p_str1623, [1 x i8]* @p_str1624, [1 x i8]* @p_str1625, i32 2, i32 2, i32 16, i32 16, [1 x i8]* @p_str1626, [1 x i8]* @p_str1627)"   --->   Operation 46 'specinterface' <Predicate = true> <Delay = 0.00>
ST_1 : Operation 47 [1/1] (0.00ns)   --->   "call void (...)* @_ssdm_op_SpecInterface(i8* %data_V_data_21_V, [8 x i8]* @ap_fifo_str, i32 0, i32 0, [1 x i8]* @p_str1615, i32 0, i32 0, [1 x i8]* @p_str1616, [1 x i8]* @p_str1617, [1 x i8]* @p_str1618, i32 2, i32 2, i32 16, i32 16, [1 x i8]* @p_str1619, [1 x i8]* @p_str1620)"   --->   Operation 47 'specinterface' <Predicate = true> <Delay = 0.00>
ST_1 : Operation 48 [1/1] (0.00ns)   --->   "call void (...)* @_ssdm_op_SpecInterface(i8* %data_V_data_20_V, [8 x i8]* @ap_fifo_str, i32 0, i32 0, [1 x i8]* @p_str1608, i32 0, i32 0, [1 x i8]* @p_str1609, [1 x i8]* @p_str1610, [1 x i8]* @p_str1611, i32 2, i32 2, i32 16, i32 16, [1 x i8]* @p_str1612, [1 x i8]* @p_str1613)"   --->   Operation 48 'specinterface' <Predicate = true> <Delay = 0.00>
ST_1 : Operation 49 [1/1] (0.00ns)   --->   "call void (...)* @_ssdm_op_SpecInterface(i8* %data_V_data_19_V, [8 x i8]* @ap_fifo_str, i32 0, i32 0, [1 x i8]* @p_str1601, i32 0, i32 0, [1 x i8]* @p_str1602, [1 x i8]* @p_str1603, [1 x i8]* @p_str1604, i32 2, i32 2, i32 16, i32 16, [1 x i8]* @p_str1605, [1 x i8]* @p_str1606)"   --->   Operation 49 'specinterface' <Predicate = true> <Delay = 0.00>
ST_1 : Operation 50 [1/1] (0.00ns)   --->   "call void (...)* @_ssdm_op_SpecInterface(i8* %data_V_data_18_V, [8 x i8]* @ap_fifo_str, i32 0, i32 0, [1 x i8]* @p_str1594, i32 0, i32 0, [1 x i8]* @p_str1595, [1 x i8]* @p_str1596, [1 x i8]* @p_str1597, i32 2, i32 2, i32 16, i32 16, [1 x i8]* @p_str1598, [1 x i8]* @p_str1599)"   --->   Operation 50 'specinterface' <Predicate = true> <Delay = 0.00>
ST_1 : Operation 51 [1/1] (0.00ns)   --->   "call void (...)* @_ssdm_op_SpecInterface(i8* %data_V_data_17_V, [8 x i8]* @ap_fifo_str, i32 0, i32 0, [1 x i8]* @p_str1587, i32 0, i32 0, [1 x i8]* @p_str1588, [1 x i8]* @p_str1589, [1 x i8]* @p_str1590, i32 2, i32 2, i32 16, i32 16, [1 x i8]* @p_str1591, [1 x i8]* @p_str1592)"   --->   Operation 51 'specinterface' <Predicate = true> <Delay = 0.00>
ST_1 : Operation 52 [1/1] (0.00ns)   --->   "call void (...)* @_ssdm_op_SpecInterface(i8* %data_V_data_16_V, [8 x i8]* @ap_fifo_str, i32 0, i32 0, [1 x i8]* @p_str1580, i32 0, i32 0, [1 x i8]* @p_str1581, [1 x i8]* @p_str1582, [1 x i8]* @p_str1583, i32 2, i32 2, i32 16, i32 16, [1 x i8]* @p_str1584, [1 x i8]* @p_str1585)"   --->   Operation 52 'specinterface' <Predicate = true> <Delay = 0.00>
ST_1 : Operation 53 [1/1] (0.00ns)   --->   "call void (...)* @_ssdm_op_SpecInterface(i8* %data_V_data_15_V, [8 x i8]* @ap_fifo_str, i32 0, i32 0, [1 x i8]* @p_str1573, i32 0, i32 0, [1 x i8]* @p_str1574, [1 x i8]* @p_str1575, [1 x i8]* @p_str1576, i32 2, i32 2, i32 16, i32 16, [1 x i8]* @p_str1577, [1 x i8]* @p_str1578)"   --->   Operation 53 'specinterface' <Predicate = true> <Delay = 0.00>
ST_1 : Operation 54 [1/1] (0.00ns)   --->   "call void (...)* @_ssdm_op_SpecInterface(i8* %data_V_data_14_V, [8 x i8]* @ap_fifo_str, i32 0, i32 0, [1 x i8]* @p_str1566, i32 0, i32 0, [1 x i8]* @p_str1567, [1 x i8]* @p_str1568, [1 x i8]* @p_str1569, i32 2, i32 2, i32 16, i32 16, [1 x i8]* @p_str1570, [1 x i8]* @p_str1571)"   --->   Operation 54 'specinterface' <Predicate = true> <Delay = 0.00>
ST_1 : Operation 55 [1/1] (0.00ns)   --->   "call void (...)* @_ssdm_op_SpecInterface(i8* %data_V_data_13_V, [8 x i8]* @ap_fifo_str, i32 0, i32 0, [1 x i8]* @p_str1559, i32 0, i32 0, [1 x i8]* @p_str1560, [1 x i8]* @p_str1561, [1 x i8]* @p_str1562, i32 2, i32 2, i32 16, i32 16, [1 x i8]* @p_str1563, [1 x i8]* @p_str1564)"   --->   Operation 55 'specinterface' <Predicate = true> <Delay = 0.00>
ST_1 : Operation 56 [1/1] (0.00ns)   --->   "call void (...)* @_ssdm_op_SpecInterface(i8* %data_V_data_12_V, [8 x i8]* @ap_fifo_str, i32 0, i32 0, [1 x i8]* @p_str1552, i32 0, i32 0, [1 x i8]* @p_str1553, [1 x i8]* @p_str1554, [1 x i8]* @p_str1555, i32 2, i32 2, i32 16, i32 16, [1 x i8]* @p_str1556, [1 x i8]* @p_str1557)"   --->   Operation 56 'specinterface' <Predicate = true> <Delay = 0.00>
ST_1 : Operation 57 [1/1] (0.00ns)   --->   "call void (...)* @_ssdm_op_SpecInterface(i8* %data_V_data_11_V, [8 x i8]* @ap_fifo_str, i32 0, i32 0, [1 x i8]* @p_str1545, i32 0, i32 0, [1 x i8]* @p_str1546, [1 x i8]* @p_str1547, [1 x i8]* @p_str1548, i32 2, i32 2, i32 16, i32 16, [1 x i8]* @p_str1549, [1 x i8]* @p_str1550)"   --->   Operation 57 'specinterface' <Predicate = true> <Delay = 0.00>
ST_1 : Operation 58 [1/1] (0.00ns)   --->   "call void (...)* @_ssdm_op_SpecInterface(i8* %data_V_data_10_V, [8 x i8]* @ap_fifo_str, i32 0, i32 0, [1 x i8]* @p_str1538, i32 0, i32 0, [1 x i8]* @p_str1539, [1 x i8]* @p_str1540, [1 x i8]* @p_str1541, i32 2, i32 2, i32 16, i32 16, [1 x i8]* @p_str1542, [1 x i8]* @p_str1543)"   --->   Operation 58 'specinterface' <Predicate = true> <Delay = 0.00>
ST_1 : Operation 59 [1/1] (0.00ns)   --->   "call void (...)* @_ssdm_op_SpecInterface(i8* %data_V_data_9_V, [8 x i8]* @ap_fifo_str, i32 0, i32 0, [1 x i8]* @p_str1531, i32 0, i32 0, [1 x i8]* @p_str1532, [1 x i8]* @p_str1533, [1 x i8]* @p_str1534, i32 2, i32 2, i32 16, i32 16, [1 x i8]* @p_str1535, [1 x i8]* @p_str1536)"   --->   Operation 59 'specinterface' <Predicate = true> <Delay = 0.00>
ST_1 : Operation 60 [1/1] (0.00ns)   --->   "call void (...)* @_ssdm_op_SpecInterface(i8* %data_V_data_8_V, [8 x i8]* @ap_fifo_str, i32 0, i32 0, [1 x i8]* @p_str1524, i32 0, i32 0, [1 x i8]* @p_str1525, [1 x i8]* @p_str1526, [1 x i8]* @p_str1527, i32 2, i32 2, i32 16, i32 16, [1 x i8]* @p_str1528, [1 x i8]* @p_str1529)"   --->   Operation 60 'specinterface' <Predicate = true> <Delay = 0.00>
ST_1 : Operation 61 [1/1] (0.00ns)   --->   "call void (...)* @_ssdm_op_SpecInterface(i8* %data_V_data_7_V, [8 x i8]* @ap_fifo_str, i32 0, i32 0, [1 x i8]* @p_str1517, i32 0, i32 0, [1 x i8]* @p_str1518, [1 x i8]* @p_str1519, [1 x i8]* @p_str1520, i32 2, i32 2, i32 16, i32 16, [1 x i8]* @p_str1521, [1 x i8]* @p_str1522)"   --->   Operation 61 'specinterface' <Predicate = true> <Delay = 0.00>
ST_1 : Operation 62 [1/1] (0.00ns)   --->   "call void (...)* @_ssdm_op_SpecInterface(i8* %data_V_data_6_V, [8 x i8]* @ap_fifo_str, i32 0, i32 0, [1 x i8]* @p_str1510, i32 0, i32 0, [1 x i8]* @p_str1511, [1 x i8]* @p_str1512, [1 x i8]* @p_str1513, i32 2, i32 2, i32 16, i32 16, [1 x i8]* @p_str1514, [1 x i8]* @p_str1515)"   --->   Operation 62 'specinterface' <Predicate = true> <Delay = 0.00>
ST_1 : Operation 63 [1/1] (0.00ns)   --->   "call void (...)* @_ssdm_op_SpecInterface(i8* %data_V_data_5_V, [8 x i8]* @ap_fifo_str, i32 0, i32 0, [1 x i8]* @p_str1503, i32 0, i32 0, [1 x i8]* @p_str1504, [1 x i8]* @p_str1505, [1 x i8]* @p_str1506, i32 2, i32 2, i32 16, i32 16, [1 x i8]* @p_str1507, [1 x i8]* @p_str1508)"   --->   Operation 63 'specinterface' <Predicate = true> <Delay = 0.00>
ST_1 : Operation 64 [1/1] (0.00ns)   --->   "call void (...)* @_ssdm_op_SpecInterface(i8* %data_V_data_4_V, [8 x i8]* @ap_fifo_str, i32 0, i32 0, [1 x i8]* @p_str1496, i32 0, i32 0, [1 x i8]* @p_str1497, [1 x i8]* @p_str1498, [1 x i8]* @p_str1499, i32 2, i32 2, i32 16, i32 16, [1 x i8]* @p_str1500, [1 x i8]* @p_str1501)"   --->   Operation 64 'specinterface' <Predicate = true> <Delay = 0.00>
ST_1 : Operation 65 [1/1] (0.00ns)   --->   "call void (...)* @_ssdm_op_SpecInterface(i8* %data_V_data_3_V, [8 x i8]* @ap_fifo_str, i32 0, i32 0, [1 x i8]* @p_str1489, i32 0, i32 0, [1 x i8]* @p_str1490, [1 x i8]* @p_str1491, [1 x i8]* @p_str1492, i32 2, i32 2, i32 16, i32 16, [1 x i8]* @p_str1493, [1 x i8]* @p_str1494)"   --->   Operation 65 'specinterface' <Predicate = true> <Delay = 0.00>
ST_1 : Operation 66 [1/1] (0.00ns)   --->   "call void (...)* @_ssdm_op_SpecInterface(i8* %data_V_data_2_V, [8 x i8]* @ap_fifo_str, i32 0, i32 0, [1 x i8]* @p_str1482, i32 0, i32 0, [1 x i8]* @p_str1483, [1 x i8]* @p_str1484, [1 x i8]* @p_str1485, i32 2, i32 2, i32 16, i32 16, [1 x i8]* @p_str1486, [1 x i8]* @p_str1487)"   --->   Operation 66 'specinterface' <Predicate = true> <Delay = 0.00>
ST_1 : Operation 67 [1/1] (0.00ns)   --->   "call void (...)* @_ssdm_op_SpecInterface(i8* %data_V_data_1_V, [8 x i8]* @ap_fifo_str, i32 0, i32 0, [1 x i8]* @p_str1475, i32 0, i32 0, [1 x i8]* @p_str1476, [1 x i8]* @p_str1477, [1 x i8]* @p_str1478, i32 2, i32 2, i32 16, i32 16, [1 x i8]* @p_str1479, [1 x i8]* @p_str1480)"   --->   Operation 67 'specinterface' <Predicate = true> <Delay = 0.00>
ST_1 : Operation 68 [1/1] (0.00ns)   --->   "call void (...)* @_ssdm_op_SpecInterface(i8* %data_V_data_0_V, [8 x i8]* @ap_fifo_str, i32 0, i32 0, [1 x i8]* @p_str1468, i32 0, i32 0, [1 x i8]* @p_str1469, [1 x i8]* @p_str1470, [1 x i8]* @p_str1471, i32 2, i32 2, i32 16, i32 16, [1 x i8]* @p_str1472, [1 x i8]* @p_str1473)"   --->   Operation 68 'specinterface' <Predicate = true> <Delay = 0.00>
ST_1 : Operation 69 [1/1] (0.60ns)   --->   "br label %1" [firmware/nnet_utils/nnet_activation_stream.h:19]   --->   Operation 69 'br' <Predicate = true> <Delay = 0.60>

State 2 <SV = 1> <Delay = 0.70>
ST_2 : Operation 70 [1/1] (0.00ns)   --->   "%i_0 = phi i5 [ 0, %0 ], [ %i, %LinearActLoop ]"   --->   Operation 70 'phi' 'i_0' <Predicate = true> <Delay = 0.00>
ST_2 : Operation 71 [1/1] (0.63ns)   --->   "%icmp_ln19 = icmp eq i5 %i_0, -16" [firmware/nnet_utils/nnet_activation_stream.h:19]   --->   Operation 71 'icmp' 'icmp_ln19' <Predicate = true> <Delay = 0.63> <Core = "Cmp">   --->   Core 25 'Cmp' <Latency = 0> <II = 1> <Delay = 0.63> <FuncUnit> <Opcode : 'icmp'> <InPorts = 2> <OutPorts = 1>
ST_2 : Operation 72 [1/1] (0.00ns)   --->   "%empty = call i32 (...)* @_ssdm_op_SpecLoopTripCount(i64 16, i64 16, i64 16)"   --->   Operation 72 'speclooptripcount' 'empty' <Predicate = true> <Delay = 0.00>
ST_2 : Operation 73 [1/1] (0.70ns)   --->   "%i = add i5 %i_0, 1" [firmware/nnet_utils/nnet_activation_stream.h:19]   --->   Operation 73 'add' 'i' <Predicate = true> <Delay = 0.70> <Core = "AddSub">   --->   Core 14 'AddSub' <Latency = 0> <II = 1> <Delay = 0.70> <FuncUnit> <Opcode : 'add' 'sub'> <InPorts = 2> <OutPorts = 1>
ST_2 : Operation 74 [1/1] (0.00ns)   --->   "br i1 %icmp_ln19, label %2, label %LinearActLoop" [firmware/nnet_utils/nnet_activation_stream.h:19]   --->   Operation 74 'br' <Predicate = true> <Delay = 0.00>

State 3 <SV = 2> <Delay = 2.91>
ST_3 : Operation 75 [1/1] (0.00ns)   --->   "call void (...)* @_ssdm_op_SpecLoopName([14 x i8]* @p_str56) nounwind" [firmware/nnet_utils/nnet_activation_stream.h:19]   --->   Operation 75 'specloopname' <Predicate = (!icmp_ln19)> <Delay = 0.00>
ST_3 : Operation 76 [1/1] (0.00ns)   --->   "%tmp = call i32 (...)* @_ssdm_op_SpecRegionBegin([14 x i8]* @p_str56)" [firmware/nnet_utils/nnet_activation_stream.h:19]   --->   Operation 76 'specregionbegin' 'tmp' <Predicate = (!icmp_ln19)> <Delay = 0.00>
ST_3 : Operation 77 [1/1] (0.00ns)   --->   "call void (...)* @_ssdm_op_SpecPipeline(i32 -1, i32 1, i32 1, i32 0, [1 x i8]* @p_str15) nounwind" [firmware/nnet_utils/nnet_activation_stream.h:20]   --->   Operation 77 'specpipeline' <Predicate = (!icmp_ln19)> <Delay = 0.00>
ST_3 : Operation 78 [1/1] (1.45ns)   --->   "%empty_67 = call { i8, i8, i8, i8, i8, i8, i8, i8, i8, i8, i8, i8, i8, i8, i8, i8, i8, i8, i8, i8, i8, i8, i8, i8, i8, i8, i8, i8, i8, i8, i8, i8 } @_ssdm_op_Read.ap_fifo.volatile.i8P.i8P.i8P.i8P.i8P.i8P.i8P.i8P.i8P.i8P.i8P.i8P.i8P.i8P.i8P.i8P.i8P.i8P.i8P.i8P.i8P.i8P.i8P.i8P.i8P.i8P.i8P.i8P.i8P.i8P.i8P.i8P(i8* %data_V_data_0_V, i8* %data_V_data_1_V, i8* %data_V_data_2_V, i8* %data_V_data_3_V, i8* %data_V_data_4_V, i8* %data_V_data_5_V, i8* %data_V_data_6_V, i8* %data_V_data_7_V, i8* %data_V_data_8_V, i8* %data_V_data_9_V, i8* %data_V_data_10_V, i8* %data_V_data_11_V, i8* %data_V_data_12_V, i8* %data_V_data_13_V, i8* %data_V_data_14_V, i8* %data_V_data_15_V, i8* %data_V_data_16_V, i8* %data_V_data_17_V, i8* %data_V_data_18_V, i8* %data_V_data_19_V, i8* %data_V_data_20_V, i8* %data_V_data_21_V, i8* %data_V_data_22_V, i8* %data_V_data_23_V, i8* %data_V_data_24_V, i8* %data_V_data_25_V, i8* %data_V_data_26_V, i8* %data_V_data_27_V, i8* %data_V_data_28_V, i8* %data_V_data_29_V, i8* %data_V_data_30_V, i8* %data_V_data_31_V)" [firmware/nnet_utils/nnet_activation_stream.h:22]   --->   Operation 78 'read' 'empty_67' <Predicate = (!icmp_ln19)> <Delay = 1.45> <Core = "FIFO">   --->   Core 32 'FIFO' <Latency = 0> <II = 1> <Delay = 1.45> <Storage> <Opcode : 'read' 'write' 'nbread' 'nbwrite'> <Ports = 0> <Width = 20> <Depth = 1> <FIFO>
ST_3 : Operation 79 [1/1] (0.00ns)   --->   "%tmp_data_V_0 = extractvalue { i8, i8, i8, i8, i8, i8, i8, i8, i8, i8, i8, i8, i8, i8, i8, i8, i8, i8, i8, i8, i8, i8, i8, i8, i8, i8, i8, i8, i8, i8, i8, i8 } %empty_67, 0" [firmware/nnet_utils/nnet_activation_stream.h:22]   --->   Operation 79 'extractvalue' 'tmp_data_V_0' <Predicate = (!icmp_ln19)> <Delay = 0.00>
ST_3 : Operation 80 [1/1] (0.00ns)   --->   "%tmp_data_V_1 = extractvalue { i8, i8, i8, i8, i8, i8, i8, i8, i8, i8, i8, i8, i8, i8, i8, i8, i8, i8, i8, i8, i8, i8, i8, i8, i8, i8, i8, i8, i8, i8, i8, i8 } %empty_67, 1" [firmware/nnet_utils/nnet_activation_stream.h:22]   --->   Operation 80 'extractvalue' 'tmp_data_V_1' <Predicate = (!icmp_ln19)> <Delay = 0.00>
ST_3 : Operation 81 [1/1] (0.00ns)   --->   "%tmp_data_V_2 = extractvalue { i8, i8, i8, i8, i8, i8, i8, i8, i8, i8, i8, i8, i8, i8, i8, i8, i8, i8, i8, i8, i8, i8, i8, i8, i8, i8, i8, i8, i8, i8, i8, i8 } %empty_67, 2" [firmware/nnet_utils/nnet_activation_stream.h:22]   --->   Operation 81 'extractvalue' 'tmp_data_V_2' <Predicate = (!icmp_ln19)> <Delay = 0.00>
ST_3 : Operation 82 [1/1] (0.00ns)   --->   "%tmp_data_V_3 = extractvalue { i8, i8, i8, i8, i8, i8, i8, i8, i8, i8, i8, i8, i8, i8, i8, i8, i8, i8, i8, i8, i8, i8, i8, i8, i8, i8, i8, i8, i8, i8, i8, i8 } %empty_67, 3" [firmware/nnet_utils/nnet_activation_stream.h:22]   --->   Operation 82 'extractvalue' 'tmp_data_V_3' <Predicate = (!icmp_ln19)> <Delay = 0.00>
ST_3 : Operation 83 [1/1] (0.00ns)   --->   "%tmp_data_V_4 = extractvalue { i8, i8, i8, i8, i8, i8, i8, i8, i8, i8, i8, i8, i8, i8, i8, i8, i8, i8, i8, i8, i8, i8, i8, i8, i8, i8, i8, i8, i8, i8, i8, i8 } %empty_67, 4" [firmware/nnet_utils/nnet_activation_stream.h:22]   --->   Operation 83 'extractvalue' 'tmp_data_V_4' <Predicate = (!icmp_ln19)> <Delay = 0.00>
ST_3 : Operation 84 [1/1] (0.00ns)   --->   "%tmp_data_V_5 = extractvalue { i8, i8, i8, i8, i8, i8, i8, i8, i8, i8, i8, i8, i8, i8, i8, i8, i8, i8, i8, i8, i8, i8, i8, i8, i8, i8, i8, i8, i8, i8, i8, i8 } %empty_67, 5" [firmware/nnet_utils/nnet_activation_stream.h:22]   --->   Operation 84 'extractvalue' 'tmp_data_V_5' <Predicate = (!icmp_ln19)> <Delay = 0.00>
ST_3 : Operation 85 [1/1] (0.00ns)   --->   "%tmp_data_V_6 = extractvalue { i8, i8, i8, i8, i8, i8, i8, i8, i8, i8, i8, i8, i8, i8, i8, i8, i8, i8, i8, i8, i8, i8, i8, i8, i8, i8, i8, i8, i8, i8, i8, i8 } %empty_67, 6" [firmware/nnet_utils/nnet_activation_stream.h:22]   --->   Operation 85 'extractvalue' 'tmp_data_V_6' <Predicate = (!icmp_ln19)> <Delay = 0.00>
ST_3 : Operation 86 [1/1] (0.00ns)   --->   "%tmp_data_V_7 = extractvalue { i8, i8, i8, i8, i8, i8, i8, i8, i8, i8, i8, i8, i8, i8, i8, i8, i8, i8, i8, i8, i8, i8, i8, i8, i8, i8, i8, i8, i8, i8, i8, i8 } %empty_67, 7" [firmware/nnet_utils/nnet_activation_stream.h:22]   --->   Operation 86 'extractvalue' 'tmp_data_V_7' <Predicate = (!icmp_ln19)> <Delay = 0.00>
ST_3 : Operation 87 [1/1] (0.00ns)   --->   "%tmp_data_V_8 = extractvalue { i8, i8, i8, i8, i8, i8, i8, i8, i8, i8, i8, i8, i8, i8, i8, i8, i8, i8, i8, i8, i8, i8, i8, i8, i8, i8, i8, i8, i8, i8, i8, i8 } %empty_67, 8" [firmware/nnet_utils/nnet_activation_stream.h:22]   --->   Operation 87 'extractvalue' 'tmp_data_V_8' <Predicate = (!icmp_ln19)> <Delay = 0.00>
ST_3 : Operation 88 [1/1] (0.00ns)   --->   "%tmp_data_V_937 = extractvalue { i8, i8, i8, i8, i8, i8, i8, i8, i8, i8, i8, i8, i8, i8, i8, i8, i8, i8, i8, i8, i8, i8, i8, i8, i8, i8, i8, i8, i8, i8, i8, i8 } %empty_67, 9" [firmware/nnet_utils/nnet_activation_stream.h:22]   --->   Operation 88 'extractvalue' 'tmp_data_V_937' <Predicate = (!icmp_ln19)> <Delay = 0.00>
ST_3 : Operation 89 [1/1] (0.00ns)   --->   "%tmp_data_V_10 = extractvalue { i8, i8, i8, i8, i8, i8, i8, i8, i8, i8, i8, i8, i8, i8, i8, i8, i8, i8, i8, i8, i8, i8, i8, i8, i8, i8, i8, i8, i8, i8, i8, i8 } %empty_67, 10" [firmware/nnet_utils/nnet_activation_stream.h:22]   --->   Operation 89 'extractvalue' 'tmp_data_V_10' <Predicate = (!icmp_ln19)> <Delay = 0.00>
ST_3 : Operation 90 [1/1] (0.00ns)   --->   "%tmp_data_V_11 = extractvalue { i8, i8, i8, i8, i8, i8, i8, i8, i8, i8, i8, i8, i8, i8, i8, i8, i8, i8, i8, i8, i8, i8, i8, i8, i8, i8, i8, i8, i8, i8, i8, i8 } %empty_67, 11" [firmware/nnet_utils/nnet_activation_stream.h:22]   --->   Operation 90 'extractvalue' 'tmp_data_V_11' <Predicate = (!icmp_ln19)> <Delay = 0.00>
ST_3 : Operation 91 [1/1] (0.00ns)   --->   "%tmp_data_V_12 = extractvalue { i8, i8, i8, i8, i8, i8, i8, i8, i8, i8, i8, i8, i8, i8, i8, i8, i8, i8, i8, i8, i8, i8, i8, i8, i8, i8, i8, i8, i8, i8, i8, i8 } %empty_67, 12" [firmware/nnet_utils/nnet_activation_stream.h:22]   --->   Operation 91 'extractvalue' 'tmp_data_V_12' <Predicate = (!icmp_ln19)> <Delay = 0.00>
ST_3 : Operation 92 [1/1] (0.00ns)   --->   "%tmp_data_V_13 = extractvalue { i8, i8, i8, i8, i8, i8, i8, i8, i8, i8, i8, i8, i8, i8, i8, i8, i8, i8, i8, i8, i8, i8, i8, i8, i8, i8, i8, i8, i8, i8, i8, i8 } %empty_67, 13" [firmware/nnet_utils/nnet_activation_stream.h:22]   --->   Operation 92 'extractvalue' 'tmp_data_V_13' <Predicate = (!icmp_ln19)> <Delay = 0.00>
ST_3 : Operation 93 [1/1] (0.00ns)   --->   "%tmp_data_V_14 = extractvalue { i8, i8, i8, i8, i8, i8, i8, i8, i8, i8, i8, i8, i8, i8, i8, i8, i8, i8, i8, i8, i8, i8, i8, i8, i8, i8, i8, i8, i8, i8, i8, i8 } %empty_67, 14" [firmware/nnet_utils/nnet_activation_stream.h:22]   --->   Operation 93 'extractvalue' 'tmp_data_V_14' <Predicate = (!icmp_ln19)> <Delay = 0.00>
ST_3 : Operation 94 [1/1] (0.00ns)   --->   "%tmp_data_V_15 = extractvalue { i8, i8, i8, i8, i8, i8, i8, i8, i8, i8, i8, i8, i8, i8, i8, i8, i8, i8, i8, i8, i8, i8, i8, i8, i8, i8, i8, i8, i8, i8, i8, i8 } %empty_67, 15" [firmware/nnet_utils/nnet_activation_stream.h:22]   --->   Operation 94 'extractvalue' 'tmp_data_V_15' <Predicate = (!icmp_ln19)> <Delay = 0.00>
ST_3 : Operation 95 [1/1] (0.00ns)   --->   "%tmp_data_V_16 = extractvalue { i8, i8, i8, i8, i8, i8, i8, i8, i8, i8, i8, i8, i8, i8, i8, i8, i8, i8, i8, i8, i8, i8, i8, i8, i8, i8, i8, i8, i8, i8, i8, i8 } %empty_67, 16" [firmware/nnet_utils/nnet_activation_stream.h:22]   --->   Operation 95 'extractvalue' 'tmp_data_V_16' <Predicate = (!icmp_ln19)> <Delay = 0.00>
ST_3 : Operation 96 [1/1] (0.00ns)   --->   "%tmp_data_V_17 = extractvalue { i8, i8, i8, i8, i8, i8, i8, i8, i8, i8, i8, i8, i8, i8, i8, i8, i8, i8, i8, i8, i8, i8, i8, i8, i8, i8, i8, i8, i8, i8, i8, i8 } %empty_67, 17" [firmware/nnet_utils/nnet_activation_stream.h:22]   --->   Operation 96 'extractvalue' 'tmp_data_V_17' <Predicate = (!icmp_ln19)> <Delay = 0.00>
ST_3 : Operation 97 [1/1] (0.00ns)   --->   "%tmp_data_V_18 = extractvalue { i8, i8, i8, i8, i8, i8, i8, i8, i8, i8, i8, i8, i8, i8, i8, i8, i8, i8, i8, i8, i8, i8, i8, i8, i8, i8, i8, i8, i8, i8, i8, i8 } %empty_67, 18" [firmware/nnet_utils/nnet_activation_stream.h:22]   --->   Operation 97 'extractvalue' 'tmp_data_V_18' <Predicate = (!icmp_ln19)> <Delay = 0.00>
ST_3 : Operation 98 [1/1] (0.00ns)   --->   "%tmp_data_V_19 = extractvalue { i8, i8, i8, i8, i8, i8, i8, i8, i8, i8, i8, i8, i8, i8, i8, i8, i8, i8, i8, i8, i8, i8, i8, i8, i8, i8, i8, i8, i8, i8, i8, i8 } %empty_67, 19" [firmware/nnet_utils/nnet_activation_stream.h:22]   --->   Operation 98 'extractvalue' 'tmp_data_V_19' <Predicate = (!icmp_ln19)> <Delay = 0.00>
ST_3 : Operation 99 [1/1] (0.00ns)   --->   "%tmp_data_V_20 = extractvalue { i8, i8, i8, i8, i8, i8, i8, i8, i8, i8, i8, i8, i8, i8, i8, i8, i8, i8, i8, i8, i8, i8, i8, i8, i8, i8, i8, i8, i8, i8, i8, i8 } %empty_67, 20" [firmware/nnet_utils/nnet_activation_stream.h:22]   --->   Operation 99 'extractvalue' 'tmp_data_V_20' <Predicate = (!icmp_ln19)> <Delay = 0.00>
ST_3 : Operation 100 [1/1] (0.00ns)   --->   "%tmp_data_V_21 = extractvalue { i8, i8, i8, i8, i8, i8, i8, i8, i8, i8, i8, i8, i8, i8, i8, i8, i8, i8, i8, i8, i8, i8, i8, i8, i8, i8, i8, i8, i8, i8, i8, i8 } %empty_67, 21" [firmware/nnet_utils/nnet_activation_stream.h:22]   --->   Operation 100 'extractvalue' 'tmp_data_V_21' <Predicate = (!icmp_ln19)> <Delay = 0.00>
ST_3 : Operation 101 [1/1] (0.00ns)   --->   "%tmp_data_V_22 = extractvalue { i8, i8, i8, i8, i8, i8, i8, i8, i8, i8, i8, i8, i8, i8, i8, i8, i8, i8, i8, i8, i8, i8, i8, i8, i8, i8, i8, i8, i8, i8, i8, i8 } %empty_67, 22" [firmware/nnet_utils/nnet_activation_stream.h:22]   --->   Operation 101 'extractvalue' 'tmp_data_V_22' <Predicate = (!icmp_ln19)> <Delay = 0.00>
ST_3 : Operation 102 [1/1] (0.00ns)   --->   "%tmp_data_V_23 = extractvalue { i8, i8, i8, i8, i8, i8, i8, i8, i8, i8, i8, i8, i8, i8, i8, i8, i8, i8, i8, i8, i8, i8, i8, i8, i8, i8, i8, i8, i8, i8, i8, i8 } %empty_67, 23" [firmware/nnet_utils/nnet_activation_stream.h:22]   --->   Operation 102 'extractvalue' 'tmp_data_V_23' <Predicate = (!icmp_ln19)> <Delay = 0.00>
ST_3 : Operation 103 [1/1] (0.00ns)   --->   "%tmp_data_V_24 = extractvalue { i8, i8, i8, i8, i8, i8, i8, i8, i8, i8, i8, i8, i8, i8, i8, i8, i8, i8, i8, i8, i8, i8, i8, i8, i8, i8, i8, i8, i8, i8, i8, i8 } %empty_67, 24" [firmware/nnet_utils/nnet_activation_stream.h:22]   --->   Operation 103 'extractvalue' 'tmp_data_V_24' <Predicate = (!icmp_ln19)> <Delay = 0.00>
ST_3 : Operation 104 [1/1] (0.00ns)   --->   "%tmp_data_V_25 = extractvalue { i8, i8, i8, i8, i8, i8, i8, i8, i8, i8, i8, i8, i8, i8, i8, i8, i8, i8, i8, i8, i8, i8, i8, i8, i8, i8, i8, i8, i8, i8, i8, i8 } %empty_67, 25" [firmware/nnet_utils/nnet_activation_stream.h:22]   --->   Operation 104 'extractvalue' 'tmp_data_V_25' <Predicate = (!icmp_ln19)> <Delay = 0.00>
ST_3 : Operation 105 [1/1] (0.00ns)   --->   "%tmp_data_V_26 = extractvalue { i8, i8, i8, i8, i8, i8, i8, i8, i8, i8, i8, i8, i8, i8, i8, i8, i8, i8, i8, i8, i8, i8, i8, i8, i8, i8, i8, i8, i8, i8, i8, i8 } %empty_67, 26" [firmware/nnet_utils/nnet_activation_stream.h:22]   --->   Operation 105 'extractvalue' 'tmp_data_V_26' <Predicate = (!icmp_ln19)> <Delay = 0.00>
ST_3 : Operation 106 [1/1] (0.00ns)   --->   "%tmp_data_V_27 = extractvalue { i8, i8, i8, i8, i8, i8, i8, i8, i8, i8, i8, i8, i8, i8, i8, i8, i8, i8, i8, i8, i8, i8, i8, i8, i8, i8, i8, i8, i8, i8, i8, i8 } %empty_67, 27" [firmware/nnet_utils/nnet_activation_stream.h:22]   --->   Operation 106 'extractvalue' 'tmp_data_V_27' <Predicate = (!icmp_ln19)> <Delay = 0.00>
ST_3 : Operation 107 [1/1] (0.00ns)   --->   "%tmp_data_V_28 = extractvalue { i8, i8, i8, i8, i8, i8, i8, i8, i8, i8, i8, i8, i8, i8, i8, i8, i8, i8, i8, i8, i8, i8, i8, i8, i8, i8, i8, i8, i8, i8, i8, i8 } %empty_67, 28" [firmware/nnet_utils/nnet_activation_stream.h:22]   --->   Operation 107 'extractvalue' 'tmp_data_V_28' <Predicate = (!icmp_ln19)> <Delay = 0.00>
ST_3 : Operation 108 [1/1] (0.00ns)   --->   "%tmp_data_V_29 = extractvalue { i8, i8, i8, i8, i8, i8, i8, i8, i8, i8, i8, i8, i8, i8, i8, i8, i8, i8, i8, i8, i8, i8, i8, i8, i8, i8, i8, i8, i8, i8, i8, i8 } %empty_67, 29" [firmware/nnet_utils/nnet_activation_stream.h:22]   --->   Operation 108 'extractvalue' 'tmp_data_V_29' <Predicate = (!icmp_ln19)> <Delay = 0.00>
ST_3 : Operation 109 [1/1] (0.00ns)   --->   "%tmp_data_V_30 = extractvalue { i8, i8, i8, i8, i8, i8, i8, i8, i8, i8, i8, i8, i8, i8, i8, i8, i8, i8, i8, i8, i8, i8, i8, i8, i8, i8, i8, i8, i8, i8, i8, i8 } %empty_67, 30" [firmware/nnet_utils/nnet_activation_stream.h:22]   --->   Operation 109 'extractvalue' 'tmp_data_V_30' <Predicate = (!icmp_ln19)> <Delay = 0.00>
ST_3 : Operation 110 [1/1] (0.00ns)   --->   "%tmp_data_V_31 = extractvalue { i8, i8, i8, i8, i8, i8, i8, i8, i8, i8, i8, i8, i8, i8, i8, i8, i8, i8, i8, i8, i8, i8, i8, i8, i8, i8, i8, i8, i8, i8, i8, i8 } %empty_67, 31" [firmware/nnet_utils/nnet_activation_stream.h:22]   --->   Operation 110 'extractvalue' 'tmp_data_V_31' <Predicate = (!icmp_ln19)> <Delay = 0.00>
ST_3 : Operation 111 [1/1] (0.00ns)   --->   "%tmp_data_0_V = call i9 @_ssdm_op_BitConcatenate.i9.i8.i1(i8 %tmp_data_V_0, i1 false)" [firmware/nnet_utils/nnet_activation_stream.h:29]   --->   Operation 111 'bitconcatenate' 'tmp_data_0_V' <Predicate = (!icmp_ln19)> <Delay = 0.00>
ST_3 : Operation 112 [1/1] (0.00ns)   --->   "%tmp_data_0_V_5 = zext i9 %tmp_data_0_V to i20" [firmware/nnet_utils/nnet_activation_stream.h:29]   --->   Operation 112 'zext' 'tmp_data_0_V_5' <Predicate = (!icmp_ln19)> <Delay = 0.00>
ST_3 : Operation 113 [1/1] (0.00ns)   --->   "%tmp_data_1_V = call i9 @_ssdm_op_BitConcatenate.i9.i8.i1(i8 %tmp_data_V_1, i1 false)" [firmware/nnet_utils/nnet_activation_stream.h:29]   --->   Operation 113 'bitconcatenate' 'tmp_data_1_V' <Predicate = (!icmp_ln19)> <Delay = 0.00>
ST_3 : Operation 114 [1/1] (0.00ns)   --->   "%tmp_data_1_V_5 = zext i9 %tmp_data_1_V to i20" [firmware/nnet_utils/nnet_activation_stream.h:29]   --->   Operation 114 'zext' 'tmp_data_1_V_5' <Predicate = (!icmp_ln19)> <Delay = 0.00>
ST_3 : Operation 115 [1/1] (0.00ns)   --->   "%tmp_data_2_V = call i9 @_ssdm_op_BitConcatenate.i9.i8.i1(i8 %tmp_data_V_2, i1 false)" [firmware/nnet_utils/nnet_activation_stream.h:29]   --->   Operation 115 'bitconcatenate' 'tmp_data_2_V' <Predicate = (!icmp_ln19)> <Delay = 0.00>
ST_3 : Operation 116 [1/1] (0.00ns)   --->   "%tmp_data_2_V_5 = zext i9 %tmp_data_2_V to i20" [firmware/nnet_utils/nnet_activation_stream.h:29]   --->   Operation 116 'zext' 'tmp_data_2_V_5' <Predicate = (!icmp_ln19)> <Delay = 0.00>
ST_3 : Operation 117 [1/1] (0.00ns)   --->   "%tmp_data_3_V = call i9 @_ssdm_op_BitConcatenate.i9.i8.i1(i8 %tmp_data_V_3, i1 false)" [firmware/nnet_utils/nnet_activation_stream.h:29]   --->   Operation 117 'bitconcatenate' 'tmp_data_3_V' <Predicate = (!icmp_ln19)> <Delay = 0.00>
ST_3 : Operation 118 [1/1] (0.00ns)   --->   "%tmp_data_3_V_4 = zext i9 %tmp_data_3_V to i20" [firmware/nnet_utils/nnet_activation_stream.h:29]   --->   Operation 118 'zext' 'tmp_data_3_V_4' <Predicate = (!icmp_ln19)> <Delay = 0.00>
ST_3 : Operation 119 [1/1] (0.00ns)   --->   "%tmp_data_4_V = call i9 @_ssdm_op_BitConcatenate.i9.i8.i1(i8 %tmp_data_V_4, i1 false)" [firmware/nnet_utils/nnet_activation_stream.h:29]   --->   Operation 119 'bitconcatenate' 'tmp_data_4_V' <Predicate = (!icmp_ln19)> <Delay = 0.00>
ST_3 : Operation 120 [1/1] (0.00ns)   --->   "%tmp_data_4_V_4 = zext i9 %tmp_data_4_V to i20" [firmware/nnet_utils/nnet_activation_stream.h:29]   --->   Operation 120 'zext' 'tmp_data_4_V_4' <Predicate = (!icmp_ln19)> <Delay = 0.00>
ST_3 : Operation 121 [1/1] (0.00ns)   --->   "%tmp_data_5_V = call i9 @_ssdm_op_BitConcatenate.i9.i8.i1(i8 %tmp_data_V_5, i1 false)" [firmware/nnet_utils/nnet_activation_stream.h:29]   --->   Operation 121 'bitconcatenate' 'tmp_data_5_V' <Predicate = (!icmp_ln19)> <Delay = 0.00>
ST_3 : Operation 122 [1/1] (0.00ns)   --->   "%tmp_data_5_V_3 = zext i9 %tmp_data_5_V to i20" [firmware/nnet_utils/nnet_activation_stream.h:29]   --->   Operation 122 'zext' 'tmp_data_5_V_3' <Predicate = (!icmp_ln19)> <Delay = 0.00>
ST_3 : Operation 123 [1/1] (0.00ns)   --->   "%tmp_data_6_V = call i9 @_ssdm_op_BitConcatenate.i9.i8.i1(i8 %tmp_data_V_6, i1 false)" [firmware/nnet_utils/nnet_activation_stream.h:29]   --->   Operation 123 'bitconcatenate' 'tmp_data_6_V' <Predicate = (!icmp_ln19)> <Delay = 0.00>
ST_3 : Operation 124 [1/1] (0.00ns)   --->   "%tmp_data_6_V_4 = zext i9 %tmp_data_6_V to i20" [firmware/nnet_utils/nnet_activation_stream.h:29]   --->   Operation 124 'zext' 'tmp_data_6_V_4' <Predicate = (!icmp_ln19)> <Delay = 0.00>
ST_3 : Operation 125 [1/1] (0.00ns)   --->   "%tmp_data_7_V = call i9 @_ssdm_op_BitConcatenate.i9.i8.i1(i8 %tmp_data_V_7, i1 false)" [firmware/nnet_utils/nnet_activation_stream.h:29]   --->   Operation 125 'bitconcatenate' 'tmp_data_7_V' <Predicate = (!icmp_ln19)> <Delay = 0.00>
ST_3 : Operation 126 [1/1] (0.00ns)   --->   "%tmp_data_7_V_4 = zext i9 %tmp_data_7_V to i20" [firmware/nnet_utils/nnet_activation_stream.h:29]   --->   Operation 126 'zext' 'tmp_data_7_V_4' <Predicate = (!icmp_ln19)> <Delay = 0.00>
ST_3 : Operation 127 [1/1] (0.00ns)   --->   "%tmp_data_8_V = call i9 @_ssdm_op_BitConcatenate.i9.i8.i1(i8 %tmp_data_V_8, i1 false)" [firmware/nnet_utils/nnet_activation_stream.h:29]   --->   Operation 127 'bitconcatenate' 'tmp_data_8_V' <Predicate = (!icmp_ln19)> <Delay = 0.00>
ST_3 : Operation 128 [1/1] (0.00ns)   --->   "%tmp_data_8_V_3 = zext i9 %tmp_data_8_V to i20" [firmware/nnet_utils/nnet_activation_stream.h:29]   --->   Operation 128 'zext' 'tmp_data_8_V_3' <Predicate = (!icmp_ln19)> <Delay = 0.00>
ST_3 : Operation 129 [1/1] (0.00ns)   --->   "%tmp_data_9_V = call i9 @_ssdm_op_BitConcatenate.i9.i8.i1(i8 %tmp_data_V_937, i1 false)" [firmware/nnet_utils/nnet_activation_stream.h:29]   --->   Operation 129 'bitconcatenate' 'tmp_data_9_V' <Predicate = (!icmp_ln19)> <Delay = 0.00>
ST_3 : Operation 130 [1/1] (0.00ns)   --->   "%tmp_data_9_V_4 = zext i9 %tmp_data_9_V to i20" [firmware/nnet_utils/nnet_activation_stream.h:29]   --->   Operation 130 'zext' 'tmp_data_9_V_4' <Predicate = (!icmp_ln19)> <Delay = 0.00>
ST_3 : Operation 131 [1/1] (0.00ns)   --->   "%tmp_data_10_V = call i9 @_ssdm_op_BitConcatenate.i9.i8.i1(i8 %tmp_data_V_10, i1 false)" [firmware/nnet_utils/nnet_activation_stream.h:29]   --->   Operation 131 'bitconcatenate' 'tmp_data_10_V' <Predicate = (!icmp_ln19)> <Delay = 0.00>
ST_3 : Operation 132 [1/1] (0.00ns)   --->   "%tmp_data_10_V_4 = zext i9 %tmp_data_10_V to i20" [firmware/nnet_utils/nnet_activation_stream.h:29]   --->   Operation 132 'zext' 'tmp_data_10_V_4' <Predicate = (!icmp_ln19)> <Delay = 0.00>
ST_3 : Operation 133 [1/1] (0.00ns)   --->   "%tmp_data_11_V = call i9 @_ssdm_op_BitConcatenate.i9.i8.i1(i8 %tmp_data_V_11, i1 false)" [firmware/nnet_utils/nnet_activation_stream.h:29]   --->   Operation 133 'bitconcatenate' 'tmp_data_11_V' <Predicate = (!icmp_ln19)> <Delay = 0.00>
ST_3 : Operation 134 [1/1] (0.00ns)   --->   "%tmp_data_11_V_4 = zext i9 %tmp_data_11_V to i20" [firmware/nnet_utils/nnet_activation_stream.h:29]   --->   Operation 134 'zext' 'tmp_data_11_V_4' <Predicate = (!icmp_ln19)> <Delay = 0.00>
ST_3 : Operation 135 [1/1] (0.00ns)   --->   "%tmp_data_12_V = call i9 @_ssdm_op_BitConcatenate.i9.i8.i1(i8 %tmp_data_V_12, i1 false)" [firmware/nnet_utils/nnet_activation_stream.h:29]   --->   Operation 135 'bitconcatenate' 'tmp_data_12_V' <Predicate = (!icmp_ln19)> <Delay = 0.00>
ST_3 : Operation 136 [1/1] (0.00ns)   --->   "%tmp_data_12_V_3 = zext i9 %tmp_data_12_V to i20" [firmware/nnet_utils/nnet_activation_stream.h:29]   --->   Operation 136 'zext' 'tmp_data_12_V_3' <Predicate = (!icmp_ln19)> <Delay = 0.00>
ST_3 : Operation 137 [1/1] (0.00ns)   --->   "%tmp_data_13_V = call i9 @_ssdm_op_BitConcatenate.i9.i8.i1(i8 %tmp_data_V_13, i1 false)" [firmware/nnet_utils/nnet_activation_stream.h:29]   --->   Operation 137 'bitconcatenate' 'tmp_data_13_V' <Predicate = (!icmp_ln19)> <Delay = 0.00>
ST_3 : Operation 138 [1/1] (0.00ns)   --->   "%tmp_data_13_V_4 = zext i9 %tmp_data_13_V to i20" [firmware/nnet_utils/nnet_activation_stream.h:29]   --->   Operation 138 'zext' 'tmp_data_13_V_4' <Predicate = (!icmp_ln19)> <Delay = 0.00>
ST_3 : Operation 139 [1/1] (0.00ns)   --->   "%tmp_data_14_V = call i9 @_ssdm_op_BitConcatenate.i9.i8.i1(i8 %tmp_data_V_14, i1 false)" [firmware/nnet_utils/nnet_activation_stream.h:29]   --->   Operation 139 'bitconcatenate' 'tmp_data_14_V' <Predicate = (!icmp_ln19)> <Delay = 0.00>
ST_3 : Operation 140 [1/1] (0.00ns)   --->   "%tmp_data_14_V_4 = zext i9 %tmp_data_14_V to i20" [firmware/nnet_utils/nnet_activation_stream.h:29]   --->   Operation 140 'zext' 'tmp_data_14_V_4' <Predicate = (!icmp_ln19)> <Delay = 0.00>
ST_3 : Operation 141 [1/1] (0.00ns)   --->   "%tmp_data_15_V = call i9 @_ssdm_op_BitConcatenate.i9.i8.i1(i8 %tmp_data_V_15, i1 false)" [firmware/nnet_utils/nnet_activation_stream.h:29]   --->   Operation 141 'bitconcatenate' 'tmp_data_15_V' <Predicate = (!icmp_ln19)> <Delay = 0.00>
ST_3 : Operation 142 [1/1] (0.00ns)   --->   "%tmp_data_15_V_4 = zext i9 %tmp_data_15_V to i20" [firmware/nnet_utils/nnet_activation_stream.h:29]   --->   Operation 142 'zext' 'tmp_data_15_V_4' <Predicate = (!icmp_ln19)> <Delay = 0.00>
ST_3 : Operation 143 [1/1] (0.00ns)   --->   "%tmp_data_16_V = call i9 @_ssdm_op_BitConcatenate.i9.i8.i1(i8 %tmp_data_V_16, i1 false)" [firmware/nnet_utils/nnet_activation_stream.h:29]   --->   Operation 143 'bitconcatenate' 'tmp_data_16_V' <Predicate = (!icmp_ln19)> <Delay = 0.00>
ST_3 : Operation 144 [1/1] (0.00ns)   --->   "%tmp_data_16_V_3 = zext i9 %tmp_data_16_V to i20" [firmware/nnet_utils/nnet_activation_stream.h:29]   --->   Operation 144 'zext' 'tmp_data_16_V_3' <Predicate = (!icmp_ln19)> <Delay = 0.00>
ST_3 : Operation 145 [1/1] (0.00ns)   --->   "%tmp_data_17_V = call i9 @_ssdm_op_BitConcatenate.i9.i8.i1(i8 %tmp_data_V_17, i1 false)" [firmware/nnet_utils/nnet_activation_stream.h:29]   --->   Operation 145 'bitconcatenate' 'tmp_data_17_V' <Predicate = (!icmp_ln19)> <Delay = 0.00>
ST_3 : Operation 146 [1/1] (0.00ns)   --->   "%tmp_data_17_V_4 = zext i9 %tmp_data_17_V to i20" [firmware/nnet_utils/nnet_activation_stream.h:29]   --->   Operation 146 'zext' 'tmp_data_17_V_4' <Predicate = (!icmp_ln19)> <Delay = 0.00>
ST_3 : Operation 147 [1/1] (0.00ns)   --->   "%tmp_data_18_V = call i9 @_ssdm_op_BitConcatenate.i9.i8.i1(i8 %tmp_data_V_18, i1 false)" [firmware/nnet_utils/nnet_activation_stream.h:29]   --->   Operation 147 'bitconcatenate' 'tmp_data_18_V' <Predicate = (!icmp_ln19)> <Delay = 0.00>
ST_3 : Operation 148 [1/1] (0.00ns)   --->   "%tmp_data_18_V_3 = zext i9 %tmp_data_18_V to i20" [firmware/nnet_utils/nnet_activation_stream.h:29]   --->   Operation 148 'zext' 'tmp_data_18_V_3' <Predicate = (!icmp_ln19)> <Delay = 0.00>
ST_3 : Operation 149 [1/1] (0.00ns)   --->   "%tmp_data_19_V = call i9 @_ssdm_op_BitConcatenate.i9.i8.i1(i8 %tmp_data_V_19, i1 false)" [firmware/nnet_utils/nnet_activation_stream.h:29]   --->   Operation 149 'bitconcatenate' 'tmp_data_19_V' <Predicate = (!icmp_ln19)> <Delay = 0.00>
ST_3 : Operation 150 [1/1] (0.00ns)   --->   "%tmp_data_19_V_4 = zext i9 %tmp_data_19_V to i20" [firmware/nnet_utils/nnet_activation_stream.h:29]   --->   Operation 150 'zext' 'tmp_data_19_V_4' <Predicate = (!icmp_ln19)> <Delay = 0.00>
ST_3 : Operation 151 [1/1] (0.00ns)   --->   "%tmp_data_20_V = call i9 @_ssdm_op_BitConcatenate.i9.i8.i1(i8 %tmp_data_V_20, i1 false)" [firmware/nnet_utils/nnet_activation_stream.h:29]   --->   Operation 151 'bitconcatenate' 'tmp_data_20_V' <Predicate = (!icmp_ln19)> <Delay = 0.00>
ST_3 : Operation 152 [1/1] (0.00ns)   --->   "%tmp_data_20_V_4 = zext i9 %tmp_data_20_V to i20" [firmware/nnet_utils/nnet_activation_stream.h:29]   --->   Operation 152 'zext' 'tmp_data_20_V_4' <Predicate = (!icmp_ln19)> <Delay = 0.00>
ST_3 : Operation 153 [1/1] (0.00ns)   --->   "%tmp_data_21_V = call i9 @_ssdm_op_BitConcatenate.i9.i8.i1(i8 %tmp_data_V_21, i1 false)" [firmware/nnet_utils/nnet_activation_stream.h:29]   --->   Operation 153 'bitconcatenate' 'tmp_data_21_V' <Predicate = (!icmp_ln19)> <Delay = 0.00>
ST_3 : Operation 154 [1/1] (0.00ns)   --->   "%tmp_data_21_V_3 = zext i9 %tmp_data_21_V to i20" [firmware/nnet_utils/nnet_activation_stream.h:29]   --->   Operation 154 'zext' 'tmp_data_21_V_3' <Predicate = (!icmp_ln19)> <Delay = 0.00>
ST_3 : Operation 155 [1/1] (0.00ns)   --->   "%tmp_data_22_V = call i9 @_ssdm_op_BitConcatenate.i9.i8.i1(i8 %tmp_data_V_22, i1 false)" [firmware/nnet_utils/nnet_activation_stream.h:29]   --->   Operation 155 'bitconcatenate' 'tmp_data_22_V' <Predicate = (!icmp_ln19)> <Delay = 0.00>
ST_3 : Operation 156 [1/1] (0.00ns)   --->   "%tmp_data_22_V_4 = zext i9 %tmp_data_22_V to i20" [firmware/nnet_utils/nnet_activation_stream.h:29]   --->   Operation 156 'zext' 'tmp_data_22_V_4' <Predicate = (!icmp_ln19)> <Delay = 0.00>
ST_3 : Operation 157 [1/1] (0.00ns)   --->   "%tmp_data_23_V = call i9 @_ssdm_op_BitConcatenate.i9.i8.i1(i8 %tmp_data_V_23, i1 false)" [firmware/nnet_utils/nnet_activation_stream.h:29]   --->   Operation 157 'bitconcatenate' 'tmp_data_23_V' <Predicate = (!icmp_ln19)> <Delay = 0.00>
ST_3 : Operation 158 [1/1] (0.00ns)   --->   "%tmp_data_23_V_3 = zext i9 %tmp_data_23_V to i20" [firmware/nnet_utils/nnet_activation_stream.h:29]   --->   Operation 158 'zext' 'tmp_data_23_V_3' <Predicate = (!icmp_ln19)> <Delay = 0.00>
ST_3 : Operation 159 [1/1] (0.00ns)   --->   "%tmp_data_24_V = call i9 @_ssdm_op_BitConcatenate.i9.i8.i1(i8 %tmp_data_V_24, i1 false)" [firmware/nnet_utils/nnet_activation_stream.h:29]   --->   Operation 159 'bitconcatenate' 'tmp_data_24_V' <Predicate = (!icmp_ln19)> <Delay = 0.00>
ST_3 : Operation 160 [1/1] (0.00ns)   --->   "%tmp_data_24_V_4 = zext i9 %tmp_data_24_V to i20" [firmware/nnet_utils/nnet_activation_stream.h:29]   --->   Operation 160 'zext' 'tmp_data_24_V_4' <Predicate = (!icmp_ln19)> <Delay = 0.00>
ST_3 : Operation 161 [1/1] (0.00ns)   --->   "%tmp_data_25_V = call i9 @_ssdm_op_BitConcatenate.i9.i8.i1(i8 %tmp_data_V_25, i1 false)" [firmware/nnet_utils/nnet_activation_stream.h:29]   --->   Operation 161 'bitconcatenate' 'tmp_data_25_V' <Predicate = (!icmp_ln19)> <Delay = 0.00>
ST_3 : Operation 162 [1/1] (0.00ns)   --->   "%tmp_data_25_V_4 = zext i9 %tmp_data_25_V to i20" [firmware/nnet_utils/nnet_activation_stream.h:29]   --->   Operation 162 'zext' 'tmp_data_25_V_4' <Predicate = (!icmp_ln19)> <Delay = 0.00>
ST_3 : Operation 163 [1/1] (0.00ns)   --->   "%tmp_data_26_V = call i9 @_ssdm_op_BitConcatenate.i9.i8.i1(i8 %tmp_data_V_26, i1 false)" [firmware/nnet_utils/nnet_activation_stream.h:29]   --->   Operation 163 'bitconcatenate' 'tmp_data_26_V' <Predicate = (!icmp_ln19)> <Delay = 0.00>
ST_3 : Operation 164 [1/1] (0.00ns)   --->   "%tmp_data_26_V_4 = zext i9 %tmp_data_26_V to i20" [firmware/nnet_utils/nnet_activation_stream.h:29]   --->   Operation 164 'zext' 'tmp_data_26_V_4' <Predicate = (!icmp_ln19)> <Delay = 0.00>
ST_3 : Operation 165 [1/1] (0.00ns)   --->   "%tmp_data_27_V = call i9 @_ssdm_op_BitConcatenate.i9.i8.i1(i8 %tmp_data_V_27, i1 false)" [firmware/nnet_utils/nnet_activation_stream.h:29]   --->   Operation 165 'bitconcatenate' 'tmp_data_27_V' <Predicate = (!icmp_ln19)> <Delay = 0.00>
ST_3 : Operation 166 [1/1] (0.00ns)   --->   "%tmp_data_27_V_3 = zext i9 %tmp_data_27_V to i20" [firmware/nnet_utils/nnet_activation_stream.h:29]   --->   Operation 166 'zext' 'tmp_data_27_V_3' <Predicate = (!icmp_ln19)> <Delay = 0.00>
ST_3 : Operation 167 [1/1] (0.00ns)   --->   "%tmp_data_28_V = call i9 @_ssdm_op_BitConcatenate.i9.i8.i1(i8 %tmp_data_V_28, i1 false)" [firmware/nnet_utils/nnet_activation_stream.h:29]   --->   Operation 167 'bitconcatenate' 'tmp_data_28_V' <Predicate = (!icmp_ln19)> <Delay = 0.00>
ST_3 : Operation 168 [1/1] (0.00ns)   --->   "%tmp_data_28_V_4 = zext i9 %tmp_data_28_V to i20" [firmware/nnet_utils/nnet_activation_stream.h:29]   --->   Operation 168 'zext' 'tmp_data_28_V_4' <Predicate = (!icmp_ln19)> <Delay = 0.00>
ST_3 : Operation 169 [1/1] (0.00ns)   --->   "%tmp_data_29_V = call i9 @_ssdm_op_BitConcatenate.i9.i8.i1(i8 %tmp_data_V_29, i1 false)" [firmware/nnet_utils/nnet_activation_stream.h:29]   --->   Operation 169 'bitconcatenate' 'tmp_data_29_V' <Predicate = (!icmp_ln19)> <Delay = 0.00>
ST_3 : Operation 170 [1/1] (0.00ns)   --->   "%tmp_data_29_V_4 = zext i9 %tmp_data_29_V to i20" [firmware/nnet_utils/nnet_activation_stream.h:29]   --->   Operation 170 'zext' 'tmp_data_29_V_4' <Predicate = (!icmp_ln19)> <Delay = 0.00>
ST_3 : Operation 171 [1/1] (0.00ns)   --->   "%tmp_data_30_V = call i9 @_ssdm_op_BitConcatenate.i9.i8.i1(i8 %tmp_data_V_30, i1 false)" [firmware/nnet_utils/nnet_activation_stream.h:29]   --->   Operation 171 'bitconcatenate' 'tmp_data_30_V' <Predicate = (!icmp_ln19)> <Delay = 0.00>
ST_3 : Operation 172 [1/1] (0.00ns)   --->   "%tmp_data_30_V_2 = zext i9 %tmp_data_30_V to i20" [firmware/nnet_utils/nnet_activation_stream.h:29]   --->   Operation 172 'zext' 'tmp_data_30_V_2' <Predicate = (!icmp_ln19)> <Delay = 0.00>
ST_3 : Operation 173 [1/1] (0.00ns)   --->   "%tmp_data_31_V = call i9 @_ssdm_op_BitConcatenate.i9.i8.i1(i8 %tmp_data_V_31, i1 false)" [firmware/nnet_utils/nnet_activation_stream.h:29]   --->   Operation 173 'bitconcatenate' 'tmp_data_31_V' <Predicate = (!icmp_ln19)> <Delay = 0.00>
ST_3 : Operation 174 [1/1] (0.00ns)   --->   "%tmp_data_31_V_4 = zext i9 %tmp_data_31_V to i20" [firmware/nnet_utils/nnet_activation_stream.h:29]   --->   Operation 174 'zext' 'tmp_data_31_V_4' <Predicate = (!icmp_ln19)> <Delay = 0.00>
ST_3 : Operation 175 [1/1] (1.45ns)   --->   "call void @_ssdm_op_Write.ap_fifo.volatile.i20P.i20P.i20P.i20P.i20P.i20P.i20P.i20P.i20P.i20P.i20P.i20P.i20P.i20P.i20P.i20P.i20P.i20P.i20P.i20P.i20P.i20P.i20P.i20P.i20P.i20P.i20P.i20P.i20P.i20P.i20P.i20P(i20* %res_V_data_0_V, i20* %res_V_data_1_V, i20* %res_V_data_2_V, i20* %res_V_data_3_V, i20* %res_V_data_4_V, i20* %res_V_data_5_V, i20* %res_V_data_6_V, i20* %res_V_data_7_V, i20* %res_V_data_8_V, i20* %res_V_data_9_V, i20* %res_V_data_10_V, i20* %res_V_data_11_V, i20* %res_V_data_12_V, i20* %res_V_data_13_V, i20* %res_V_data_14_V, i20* %res_V_data_15_V, i20* %res_V_data_16_V, i20* %res_V_data_17_V, i20* %res_V_data_18_V, i20* %res_V_data_19_V, i20* %res_V_data_20_V, i20* %res_V_data_21_V, i20* %res_V_data_22_V, i20* %res_V_data_23_V, i20* %res_V_data_24_V, i20* %res_V_data_25_V, i20* %res_V_data_26_V, i20* %res_V_data_27_V, i20* %res_V_data_28_V, i20* %res_V_data_29_V, i20* %res_V_data_30_V, i20* %res_V_data_31_V, i20 %tmp_data_0_V_5, i20 %tmp_data_1_V_5, i20 %tmp_data_2_V_5, i20 %tmp_data_3_V_4, i20 %tmp_data_4_V_4, i20 %tmp_data_5_V_3, i20 %tmp_data_6_V_4, i20 %tmp_data_7_V_4, i20 %tmp_data_8_V_3, i20 %tmp_data_9_V_4, i20 %tmp_data_10_V_4, i20 %tmp_data_11_V_4, i20 %tmp_data_12_V_3, i20 %tmp_data_13_V_4, i20 %tmp_data_14_V_4, i20 %tmp_data_15_V_4, i20 %tmp_data_16_V_3, i20 %tmp_data_17_V_4, i20 %tmp_data_18_V_3, i20 %tmp_data_19_V_4, i20 %tmp_data_20_V_4, i20 %tmp_data_21_V_3, i20 %tmp_data_22_V_4, i20 %tmp_data_23_V_3, i20 %tmp_data_24_V_4, i20 %tmp_data_25_V_4, i20 %tmp_data_26_V_4, i20 %tmp_data_27_V_3, i20 %tmp_data_28_V_4, i20 %tmp_data_29_V_4, i20 %tmp_data_30_V_2, i20 %tmp_data_31_V_4)" [firmware/nnet_utils/nnet_activation_stream.h:32]   --->   Operation 175 'write' <Predicate = (!icmp_ln19)> <Delay = 1.45> <Core = "FIFO">   --->   Core 32 'FIFO' <Latency = 0> <II = 1> <Delay = 1.45> <Storage> <Opcode : 'read' 'write' 'nbread' 'nbwrite'> <Ports = 0> <Width = 20> <Depth = 1> <FIFO>
ST_3 : Operation 176 [1/1] (0.00ns)   --->   "%empty_68 = call i32 (...)* @_ssdm_op_SpecRegionEnd([14 x i8]* @p_str56, i32 %tmp)" [firmware/nnet_utils/nnet_activation_stream.h:33]   --->   Operation 176 'specregionend' 'empty_68' <Predicate = (!icmp_ln19)> <Delay = 0.00>
ST_3 : Operation 177 [1/1] (0.00ns)   --->   "br label %1" [firmware/nnet_utils/nnet_activation_stream.h:19]   --->   Operation 177 'br' <Predicate = (!icmp_ln19)> <Delay = 0.00>

State 4 <SV = 2> <Delay = 0.00>
ST_4 : Operation 178 [1/1] (0.00ns)   --->   "ret void" [firmware/nnet_utils/nnet_activation_stream.h:34]   --->   Operation 178 'ret' <Predicate = true> <Delay = 0.00>


============================================================
+ Verbose Summary: Timing violations
============================================================
Target clock period: 5ns, clock uncertainty: 0.625ns.

 <State 1>: 0.603ns
The critical path consists of the following:
	multiplexor before 'phi' operation ('i') with incoming values : ('i', firmware/nnet_utils/nnet_activation_stream.h:19) [131]  (0.603 ns)

 <State 2>: 0.707ns
The critical path consists of the following:
	'phi' operation ('i') with incoming values : ('i', firmware/nnet_utils/nnet_activation_stream.h:19) [131]  (0 ns)
	'add' operation ('i', firmware/nnet_utils/nnet_activation_stream.h:19) [134]  (0.707 ns)

 <State 3>: 2.92ns
The critical path consists of the following:
	fifo read on port 'data_V_data_0_V' (firmware/nnet_utils/nnet_activation_stream.h:22) [140]  (1.46 ns)
	fifo write on port 'res_V_data_0_V' (firmware/nnet_utils/nnet_activation_stream.h:32) [237]  (1.46 ns)

 <State 4>: 0ns
The critical path consists of the following:


============================================================
+ Verbose Summary: Binding
============================================================
N/A
* FSMD analyzer results:
  - Output states:
 - Input state : 
  - Chain level:
	State 1
	State 2
	State 3
	State 4


============================================================
+ Verbose Summary: Datapath Resource usage 
============================================================
N/A
