

================================================================
== Vivado HLS Report for 'softmax_stable_array_array_ap_fixed_16_6_5_3_0_5u_Softmax_config18_s'
================================================================
* Date:           Tue Dec 10 22:25:01 2024

* Version:        2020.1 (Build 2897737 on Wed May 27 20:21:37 MDT 2020)
* Project:        hls_deepset_pointwisePhi_iostream_prj
* Solution:       solution1
* Product family: virtexuplus
* Target device:  xcvu13p-flga2577-2-e


================================================================
== Performance Estimates
================================================================
+ Timing: 
    * Summary: 
    +--------+---------+----------+------------+
    |  Clock |  Target | Estimated| Uncertainty|
    +--------+---------+----------+------------+
    |ap_clk  | 5.00 ns | 3.719 ns |   0.62 ns  |
    +--------+---------+----------+------------+

+ Latency: 
    * Summary: 
    +---------+---------+-----------+-----------+-----+-----+----------+
    |  Latency (cycles) |   Latency (absolute)  |  Interval | Pipeline |
    |   min   |   max   |    min    |    max    | min | max |   Type   |
    +---------+---------+-----------+-----------+-----+-----+----------+
    |        4|        4| 20.000 ns | 20.000 ns |    1|    1| function |
    +---------+---------+-----------+-----------+-----+-----+----------+

    + Detail: 
        * Instance: 
        N/A

        * Loop: 
        N/A

============================================================
+ Verbose Summary: Synthesis Manager
============================================================
InlineROM: 1
ExposeGlobal: 0
============================================================
+ Verbose Summary: CDFG Model
============================================================
IsTopModel: 0
ResetActiveHigh: 1
IsCombinational: 0
IsDatapathOnly: 0
HasWiredReturn: 1
HasMFsm: 2
HasVarLatency: 0
IsPipeline: 1
IsRtlPipelined: 1
IsInstanceOverlapped: 0
IsDontTouch: 0
HasImplIP: 0
IsGatedGlobalClock: 0

+ Individual pipeline summary: 
  * Pipeline-0: initiation interval (II) = 1, depth = 5


============================================================
+ Verbose Summary: Schedule
============================================================
* Number of FSM states : 5
* Pipeline : 1
  Pipeline-0 : II = 1, D = 5, States = { 1 2 3 4 5 }
* Dataflow Pipeline: 0

* FSM state transitions: 
1 --> 2 
2 --> 3 
3 --> 4 
4 --> 5 
5 --> 

* FSM state operations: 

State 1 <SV = 0> <Delay = 3.65>
ST_1 : Operation 6 [1/1] (1.45ns)   --->   "%empty = call { i22, i22, i22, i22, i22 } @_ssdm_op_Read.ap_fifo.volatile.i22P.i22P.i22P.i22P.i22P(i22* %data_V_data_0_V, i22* %data_V_data_1_V, i22* %data_V_data_2_V, i22* %data_V_data_3_V, i22* %data_V_data_4_V)" [firmware/nnet_utils/nnet_activation_stream.h:199]   --->   Operation 6 'read' 'empty' <Predicate = true> <Delay = 1.45> <Core = "FIFO">   --->   Core 32 'FIFO' <Latency = 0> <II = 1> <Delay = 1.45> <Storage> <Opcode : 'read' 'write' 'nbread' 'nbwrite'> <Ports = 0> <Width = 22> <Depth = 1> <FIFO>
ST_1 : Operation 7 [1/1] (0.00ns)   --->   "%data_array_0_V = extractvalue { i22, i22, i22, i22, i22 } %empty, 0" [firmware/nnet_utils/nnet_activation_stream.h:199]   --->   Operation 7 'extractvalue' 'data_array_0_V' <Predicate = true> <Delay = 0.00>
ST_1 : Operation 8 [1/1] (0.00ns)   --->   "%data_array_1_V = extractvalue { i22, i22, i22, i22, i22 } %empty, 1" [firmware/nnet_utils/nnet_activation_stream.h:199]   --->   Operation 8 'extractvalue' 'data_array_1_V' <Predicate = true> <Delay = 0.00>
ST_1 : Operation 9 [1/1] (0.00ns)   --->   "%data_array_2_V = extractvalue { i22, i22, i22, i22, i22 } %empty, 2" [firmware/nnet_utils/nnet_activation_stream.h:199]   --->   Operation 9 'extractvalue' 'data_array_2_V' <Predicate = true> <Delay = 0.00>
ST_1 : Operation 10 [1/1] (0.00ns)   --->   "%data_array_3_V = extractvalue { i22, i22, i22, i22, i22 } %empty, 3" [firmware/nnet_utils/nnet_activation_stream.h:199]   --->   Operation 10 'extractvalue' 'data_array_3_V' <Predicate = true> <Delay = 0.00>
ST_1 : Operation 11 [1/1] (0.00ns)   --->   "%data_array_4_V = extractvalue { i22, i22, i22, i22, i22 } %empty, 4" [firmware/nnet_utils/nnet_activation_stream.h:199]   --->   Operation 11 'extractvalue' 'data_array_4_V' <Predicate = true> <Delay = 0.00>
ST_1 : Operation 12 [1/1] (0.74ns)   --->   "%icmp_ln1496 = icmp slt i22 %data_array_0_V, %data_array_1_V" [firmware/nnet_utils/nnet_common.h:65->firmware/nnet_utils/nnet_common.h:43->firmware/nnet_utils/nnet_common.h:45->firmware/nnet_utils/nnet_common.h:45->firmware/nnet_utils/nnet_activation_stream.h:209]   --->   Operation 12 'icmp' 'icmp_ln1496' <Predicate = true> <Delay = 0.74> <Core = "Cmp">   --->   Core 25 'Cmp' <Latency = 0> <II = 1> <Delay = 0.74> <FuncUnit> <Opcode : 'icmp'> <InPorts = 2> <OutPorts = 1>
ST_1 : Operation 13 [1/1] (0.35ns)   --->   "%select_ln65 = select i1 %icmp_ln1496, i22 %data_array_1_V, i22 %data_array_0_V" [firmware/nnet_utils/nnet_common.h:65->firmware/nnet_utils/nnet_common.h:43->firmware/nnet_utils/nnet_common.h:45->firmware/nnet_utils/nnet_common.h:45->firmware/nnet_utils/nnet_activation_stream.h:209]   --->   Operation 13 'select' 'select_ln65' <Predicate = true> <Delay = 0.35> <Core = "Sel">   --->   Core 26 'Sel' <Latency = 0> <II = 1> <Delay = 0.30> <FuncUnit> <Opcode : 'select'> <InPorts = 3> <OutPorts = 1>
ST_1 : Operation 14 [1/1] (0.74ns)   --->   "%icmp_ln1496_1 = icmp slt i22 %data_array_2_V, %data_array_3_V" [firmware/nnet_utils/nnet_common.h:65->firmware/nnet_utils/nnet_common.h:43->firmware/nnet_utils/nnet_common.h:45->firmware/nnet_utils/nnet_common.h:45->firmware/nnet_utils/nnet_activation_stream.h:209]   --->   Operation 14 'icmp' 'icmp_ln1496_1' <Predicate = true> <Delay = 0.74> <Core = "Cmp">   --->   Core 25 'Cmp' <Latency = 0> <II = 1> <Delay = 0.74> <FuncUnit> <Opcode : 'icmp'> <InPorts = 2> <OutPorts = 1>
ST_1 : Operation 15 [1/1] (0.35ns)   --->   "%select_ln65_1 = select i1 %icmp_ln1496_1, i22 %data_array_3_V, i22 %data_array_2_V" [firmware/nnet_utils/nnet_common.h:65->firmware/nnet_utils/nnet_common.h:43->firmware/nnet_utils/nnet_common.h:45->firmware/nnet_utils/nnet_common.h:45->firmware/nnet_utils/nnet_activation_stream.h:209]   --->   Operation 15 'select' 'select_ln65_1' <Predicate = true> <Delay = 0.35> <Core = "Sel">   --->   Core 26 'Sel' <Latency = 0> <II = 1> <Delay = 0.30> <FuncUnit> <Opcode : 'select'> <InPorts = 3> <OutPorts = 1>
ST_1 : Operation 16 [1/1] (0.74ns)   --->   "%icmp_ln1496_2 = icmp slt i22 %select_ln65, %select_ln65_1" [firmware/nnet_utils/nnet_common.h:65->firmware/nnet_utils/nnet_common.h:45->firmware/nnet_utils/nnet_common.h:45->firmware/nnet_utils/nnet_activation_stream.h:209]   --->   Operation 16 'icmp' 'icmp_ln1496_2' <Predicate = true> <Delay = 0.74> <Core = "Cmp">   --->   Core 25 'Cmp' <Latency = 0> <II = 1> <Delay = 0.74> <FuncUnit> <Opcode : 'icmp'> <InPorts = 2> <OutPorts = 1>
ST_1 : Operation 17 [1/1] (0.35ns)   --->   "%select_ln65_2 = select i1 %icmp_ln1496_2, i22 %select_ln65_1, i22 %select_ln65" [firmware/nnet_utils/nnet_common.h:65->firmware/nnet_utils/nnet_common.h:45->firmware/nnet_utils/nnet_common.h:45->firmware/nnet_utils/nnet_activation_stream.h:209]   --->   Operation 17 'select' 'select_ln65_2' <Predicate = true> <Delay = 0.35> <Core = "Sel">   --->   Core 26 'Sel' <Latency = 0> <II = 1> <Delay = 0.30> <FuncUnit> <Opcode : 'select'> <InPorts = 3> <OutPorts = 1>

State 2 <SV = 1> <Delay = 3.68>
ST_2 : Operation 18 [1/1] (0.74ns)   --->   "%icmp_ln1496_3 = icmp slt i22 %select_ln65_2, %data_array_4_V" [firmware/nnet_utils/nnet_common.h:65->firmware/nnet_utils/nnet_common.h:45->firmware/nnet_utils/nnet_activation_stream.h:209]   --->   Operation 18 'icmp' 'icmp_ln1496_3' <Predicate = true> <Delay = 0.74> <Core = "Cmp">   --->   Core 25 'Cmp' <Latency = 0> <II = 1> <Delay = 0.74> <FuncUnit> <Opcode : 'icmp'> <InPorts = 2> <OutPorts = 1>
ST_2 : Operation 19 [1/1] (0.35ns)   --->   "%x_max_V = select i1 %icmp_ln1496_3, i22 %data_array_4_V, i22 %select_ln65_2" [firmware/nnet_utils/nnet_common.h:65->firmware/nnet_utils/nnet_common.h:45->firmware/nnet_utils/nnet_activation_stream.h:209]   --->   Operation 19 'select' 'x_max_V' <Predicate = true> <Delay = 0.35> <Core = "Sel">   --->   Core 26 'Sel' <Latency = 0> <II = 1> <Delay = 0.30> <FuncUnit> <Opcode : 'select'> <InPorts = 3> <OutPorts = 1>
ST_2 : Operation 20 [1/1] (0.00ns)   --->   "%sext_ln703 = sext i22 %data_array_0_V to i23" [firmware/nnet_utils/nnet_activation_stream.h:215]   --->   Operation 20 'sext' 'sext_ln703' <Predicate = true> <Delay = 0.00>
ST_2 : Operation 21 [1/1] (0.00ns)   --->   "%sext_ln703_1 = sext i22 %x_max_V to i23" [firmware/nnet_utils/nnet_activation_stream.h:215]   --->   Operation 21 'sext' 'sext_ln703_1' <Predicate = true> <Delay = 0.00>
ST_2 : Operation 22 [1/1] (0.82ns)   --->   "%sub_ln1193 = sub i23 %sext_ln703, %sext_ln703_1" [firmware/nnet_utils/nnet_activation_stream.h:215]   --->   Operation 22 'sub' 'sub_ln1193' <Predicate = true> <Delay = 0.82> <Core = "AddSub">   --->   Core 14 'AddSub' <Latency = 0> <II = 1> <Delay = 0.79> <FuncUnit> <Opcode : 'add' 'sub'> <InPorts = 2> <OutPorts = 1>
ST_2 : Operation 23 [1/1] (0.00ns)   --->   "%tmp_11 = call i1 @_ssdm_op_BitSelect.i1.i23.i32(i23 %sub_ln1193, i32 22)" [firmware/nnet_utils/nnet_activation_stream.h:215]   --->   Operation 23 'bitselect' 'tmp_11' <Predicate = true> <Delay = 0.00>
ST_2 : Operation 24 [1/1] (0.00ns)   --->   "%tmp_12 = call i1 @_ssdm_op_BitSelect.i1.i23.i32(i23 %sub_ln1193, i32 21)" [firmware/nnet_utils/nnet_activation_stream.h:215]   --->   Operation 24 'bitselect' 'tmp_12' <Predicate = true> <Delay = 0.00>
ST_2 : Operation 25 [1/1] (0.00ns) (grouped into LUT with out node select_ln388)   --->   "%xor_ln786 = xor i1 %tmp_12, true" [firmware/nnet_utils/nnet_activation_stream.h:215]   --->   Operation 25 'xor' 'xor_ln786' <Predicate = true> <Delay = 0.00> <Core = "LogicGate">   --->   Core 27 'LogicGate' <Latency = 0> <II = 1> <Delay = 0.12> <FuncUnit> <Opcode : 'and' 'or' 'xor'> <InPorts = 2> <OutPorts = 1>
ST_2 : Operation 26 [1/1] (0.00ns) (grouped into LUT with out node select_ln388)   --->   "%and_ln786 = and i1 %tmp_11, %xor_ln786" [firmware/nnet_utils/nnet_activation_stream.h:215]   --->   Operation 26 'and' 'and_ln786' <Predicate = true> <Delay = 0.00> <Core = "LogicGate">   --->   Core 27 'LogicGate' <Latency = 0> <II = 1> <Delay = 0.12> <FuncUnit> <Opcode : 'and' 'or' 'xor'> <InPorts = 2> <OutPorts = 1>
ST_2 : Operation 27 [1/1] (0.00ns) (grouped into LUT with out node y_V)   --->   "%xor_ln340_5 = xor i1 %tmp_11, %tmp_12" [firmware/nnet_utils/nnet_activation_stream.h:215]   --->   Operation 27 'xor' 'xor_ln340_5' <Predicate = true> <Delay = 0.00> <Core = "LogicGate">   --->   Core 27 'LogicGate' <Latency = 0> <II = 1> <Delay = 0.12> <FuncUnit> <Opcode : 'and' 'or' 'xor'> <InPorts = 2> <OutPorts = 1>
ST_2 : Operation 28 [1/1] (0.00ns) (grouped into LUT with out node y_V)   --->   "%xor_ln340 = xor i1 %tmp_11, true" [firmware/nnet_utils/nnet_activation_stream.h:215]   --->   Operation 28 'xor' 'xor_ln340' <Predicate = true> <Delay = 0.00> <Core = "LogicGate">   --->   Core 27 'LogicGate' <Latency = 0> <II = 1> <Delay = 0.12> <FuncUnit> <Opcode : 'and' 'or' 'xor'> <InPorts = 2> <OutPorts = 1>
ST_2 : Operation 29 [1/1] (0.00ns) (grouped into LUT with out node y_V)   --->   "%or_ln340 = or i1 %tmp_12, %xor_ln340" [firmware/nnet_utils/nnet_activation_stream.h:215]   --->   Operation 29 'or' 'or_ln340' <Predicate = true> <Delay = 0.00> <Core = "LogicGate">   --->   Core 27 'LogicGate' <Latency = 0> <II = 1> <Delay = 0.12> <FuncUnit> <Opcode : 'and' 'or' 'xor'> <InPorts = 2> <OutPorts = 1>
ST_2 : Operation 30 [1/1] (0.00ns)   --->   "%sext_ln703_2 = sext i22 %data_array_1_V to i23" [firmware/nnet_utils/nnet_activation_stream.h:215]   --->   Operation 30 'sext' 'sext_ln703_2' <Predicate = true> <Delay = 0.00>
ST_2 : Operation 31 [1/1] (0.82ns)   --->   "%sub_ln1193_1 = sub i23 %sext_ln703_2, %sext_ln703_1" [firmware/nnet_utils/nnet_activation_stream.h:215]   --->   Operation 31 'sub' 'sub_ln1193_1' <Predicate = true> <Delay = 0.82> <Core = "AddSub">   --->   Core 14 'AddSub' <Latency = 0> <II = 1> <Delay = 0.79> <FuncUnit> <Opcode : 'add' 'sub'> <InPorts = 2> <OutPorts = 1>
ST_2 : Operation 32 [1/1] (0.00ns)   --->   "%tmp_13 = call i1 @_ssdm_op_BitSelect.i1.i23.i32(i23 %sub_ln1193_1, i32 22)" [firmware/nnet_utils/nnet_activation_stream.h:215]   --->   Operation 32 'bitselect' 'tmp_13' <Predicate = true> <Delay = 0.00>
ST_2 : Operation 33 [1/1] (0.00ns)   --->   "%tmp_14 = call i1 @_ssdm_op_BitSelect.i1.i23.i32(i23 %sub_ln1193_1, i32 21)" [firmware/nnet_utils/nnet_activation_stream.h:215]   --->   Operation 33 'bitselect' 'tmp_14' <Predicate = true> <Delay = 0.00>
ST_2 : Operation 34 [1/1] (0.00ns) (grouped into LUT with out node select_ln388_1)   --->   "%xor_ln786_1 = xor i1 %tmp_14, true" [firmware/nnet_utils/nnet_activation_stream.h:215]   --->   Operation 34 'xor' 'xor_ln786_1' <Predicate = true> <Delay = 0.00> <Core = "LogicGate">   --->   Core 27 'LogicGate' <Latency = 0> <II = 1> <Delay = 0.12> <FuncUnit> <Opcode : 'and' 'or' 'xor'> <InPorts = 2> <OutPorts = 1>
ST_2 : Operation 35 [1/1] (0.00ns) (grouped into LUT with out node select_ln388_1)   --->   "%and_ln786_1 = and i1 %tmp_13, %xor_ln786_1" [firmware/nnet_utils/nnet_activation_stream.h:215]   --->   Operation 35 'and' 'and_ln786_1' <Predicate = true> <Delay = 0.00> <Core = "LogicGate">   --->   Core 27 'LogicGate' <Latency = 0> <II = 1> <Delay = 0.12> <FuncUnit> <Opcode : 'and' 'or' 'xor'> <InPorts = 2> <OutPorts = 1>
ST_2 : Operation 36 [1/1] (0.00ns) (grouped into LUT with out node y_V_1)   --->   "%xor_ln340_6 = xor i1 %tmp_13, %tmp_14" [firmware/nnet_utils/nnet_activation_stream.h:215]   --->   Operation 36 'xor' 'xor_ln340_6' <Predicate = true> <Delay = 0.00> <Core = "LogicGate">   --->   Core 27 'LogicGate' <Latency = 0> <II = 1> <Delay = 0.12> <FuncUnit> <Opcode : 'and' 'or' 'xor'> <InPorts = 2> <OutPorts = 1>
ST_2 : Operation 37 [1/1] (0.00ns) (grouped into LUT with out node y_V_1)   --->   "%xor_ln340_1 = xor i1 %tmp_13, true" [firmware/nnet_utils/nnet_activation_stream.h:215]   --->   Operation 37 'xor' 'xor_ln340_1' <Predicate = true> <Delay = 0.00> <Core = "LogicGate">   --->   Core 27 'LogicGate' <Latency = 0> <II = 1> <Delay = 0.12> <FuncUnit> <Opcode : 'and' 'or' 'xor'> <InPorts = 2> <OutPorts = 1>
ST_2 : Operation 38 [1/1] (0.00ns) (grouped into LUT with out node y_V_1)   --->   "%or_ln340_1 = or i1 %tmp_14, %xor_ln340_1" [firmware/nnet_utils/nnet_activation_stream.h:215]   --->   Operation 38 'or' 'or_ln340_1' <Predicate = true> <Delay = 0.00> <Core = "LogicGate">   --->   Core 27 'LogicGate' <Latency = 0> <II = 1> <Delay = 0.12> <FuncUnit> <Opcode : 'and' 'or' 'xor'> <InPorts = 2> <OutPorts = 1>
ST_2 : Operation 39 [1/1] (0.00ns)   --->   "%sext_ln703_3 = sext i22 %data_array_2_V to i23" [firmware/nnet_utils/nnet_activation_stream.h:215]   --->   Operation 39 'sext' 'sext_ln703_3' <Predicate = true> <Delay = 0.00>
ST_2 : Operation 40 [1/1] (0.82ns)   --->   "%sub_ln1193_2 = sub i23 %sext_ln703_3, %sext_ln703_1" [firmware/nnet_utils/nnet_activation_stream.h:215]   --->   Operation 40 'sub' 'sub_ln1193_2' <Predicate = true> <Delay = 0.82> <Core = "AddSub">   --->   Core 14 'AddSub' <Latency = 0> <II = 1> <Delay = 0.79> <FuncUnit> <Opcode : 'add' 'sub'> <InPorts = 2> <OutPorts = 1>
ST_2 : Operation 41 [1/1] (0.00ns)   --->   "%tmp_15 = call i1 @_ssdm_op_BitSelect.i1.i23.i32(i23 %sub_ln1193_2, i32 22)" [firmware/nnet_utils/nnet_activation_stream.h:215]   --->   Operation 41 'bitselect' 'tmp_15' <Predicate = true> <Delay = 0.00>
ST_2 : Operation 42 [1/1] (0.00ns)   --->   "%tmp_16 = call i1 @_ssdm_op_BitSelect.i1.i23.i32(i23 %sub_ln1193_2, i32 21)" [firmware/nnet_utils/nnet_activation_stream.h:215]   --->   Operation 42 'bitselect' 'tmp_16' <Predicate = true> <Delay = 0.00>
ST_2 : Operation 43 [1/1] (0.00ns) (grouped into LUT with out node select_ln388_2)   --->   "%xor_ln786_2 = xor i1 %tmp_16, true" [firmware/nnet_utils/nnet_activation_stream.h:215]   --->   Operation 43 'xor' 'xor_ln786_2' <Predicate = true> <Delay = 0.00> <Core = "LogicGate">   --->   Core 27 'LogicGate' <Latency = 0> <II = 1> <Delay = 0.12> <FuncUnit> <Opcode : 'and' 'or' 'xor'> <InPorts = 2> <OutPorts = 1>
ST_2 : Operation 44 [1/1] (0.00ns) (grouped into LUT with out node select_ln388_2)   --->   "%and_ln786_2 = and i1 %tmp_15, %xor_ln786_2" [firmware/nnet_utils/nnet_activation_stream.h:215]   --->   Operation 44 'and' 'and_ln786_2' <Predicate = true> <Delay = 0.00> <Core = "LogicGate">   --->   Core 27 'LogicGate' <Latency = 0> <II = 1> <Delay = 0.12> <FuncUnit> <Opcode : 'and' 'or' 'xor'> <InPorts = 2> <OutPorts = 1>
ST_2 : Operation 45 [1/1] (0.00ns) (grouped into LUT with out node y_V_2)   --->   "%xor_ln340_7 = xor i1 %tmp_15, %tmp_16" [firmware/nnet_utils/nnet_activation_stream.h:215]   --->   Operation 45 'xor' 'xor_ln340_7' <Predicate = true> <Delay = 0.00> <Core = "LogicGate">   --->   Core 27 'LogicGate' <Latency = 0> <II = 1> <Delay = 0.12> <FuncUnit> <Opcode : 'and' 'or' 'xor'> <InPorts = 2> <OutPorts = 1>
ST_2 : Operation 46 [1/1] (0.00ns) (grouped into LUT with out node y_V_2)   --->   "%xor_ln340_2 = xor i1 %tmp_15, true" [firmware/nnet_utils/nnet_activation_stream.h:215]   --->   Operation 46 'xor' 'xor_ln340_2' <Predicate = true> <Delay = 0.00> <Core = "LogicGate">   --->   Core 27 'LogicGate' <Latency = 0> <II = 1> <Delay = 0.12> <FuncUnit> <Opcode : 'and' 'or' 'xor'> <InPorts = 2> <OutPorts = 1>
ST_2 : Operation 47 [1/1] (0.00ns) (grouped into LUT with out node y_V_2)   --->   "%or_ln340_2 = or i1 %tmp_16, %xor_ln340_2" [firmware/nnet_utils/nnet_activation_stream.h:215]   --->   Operation 47 'or' 'or_ln340_2' <Predicate = true> <Delay = 0.00> <Core = "LogicGate">   --->   Core 27 'LogicGate' <Latency = 0> <II = 1> <Delay = 0.12> <FuncUnit> <Opcode : 'and' 'or' 'xor'> <InPorts = 2> <OutPorts = 1>
ST_2 : Operation 48 [1/1] (0.00ns)   --->   "%sext_ln703_4 = sext i22 %data_array_3_V to i23" [firmware/nnet_utils/nnet_activation_stream.h:215]   --->   Operation 48 'sext' 'sext_ln703_4' <Predicate = true> <Delay = 0.00>
ST_2 : Operation 49 [1/1] (0.82ns)   --->   "%sub_ln1193_3 = sub i23 %sext_ln703_4, %sext_ln703_1" [firmware/nnet_utils/nnet_activation_stream.h:215]   --->   Operation 49 'sub' 'sub_ln1193_3' <Predicate = true> <Delay = 0.82> <Core = "AddSub">   --->   Core 14 'AddSub' <Latency = 0> <II = 1> <Delay = 0.79> <FuncUnit> <Opcode : 'add' 'sub'> <InPorts = 2> <OutPorts = 1>
ST_2 : Operation 50 [1/1] (0.00ns)   --->   "%tmp_17 = call i1 @_ssdm_op_BitSelect.i1.i23.i32(i23 %sub_ln1193_3, i32 22)" [firmware/nnet_utils/nnet_activation_stream.h:215]   --->   Operation 50 'bitselect' 'tmp_17' <Predicate = true> <Delay = 0.00>
ST_2 : Operation 51 [1/1] (0.00ns)   --->   "%tmp_18 = call i1 @_ssdm_op_BitSelect.i1.i23.i32(i23 %sub_ln1193_3, i32 21)" [firmware/nnet_utils/nnet_activation_stream.h:215]   --->   Operation 51 'bitselect' 'tmp_18' <Predicate = true> <Delay = 0.00>
ST_2 : Operation 52 [1/1] (0.00ns) (grouped into LUT with out node select_ln388_3)   --->   "%xor_ln786_3 = xor i1 %tmp_18, true" [firmware/nnet_utils/nnet_activation_stream.h:215]   --->   Operation 52 'xor' 'xor_ln786_3' <Predicate = true> <Delay = 0.00> <Core = "LogicGate">   --->   Core 27 'LogicGate' <Latency = 0> <II = 1> <Delay = 0.12> <FuncUnit> <Opcode : 'and' 'or' 'xor'> <InPorts = 2> <OutPorts = 1>
ST_2 : Operation 53 [1/1] (0.00ns) (grouped into LUT with out node select_ln388_3)   --->   "%and_ln786_3 = and i1 %tmp_17, %xor_ln786_3" [firmware/nnet_utils/nnet_activation_stream.h:215]   --->   Operation 53 'and' 'and_ln786_3' <Predicate = true> <Delay = 0.00> <Core = "LogicGate">   --->   Core 27 'LogicGate' <Latency = 0> <II = 1> <Delay = 0.12> <FuncUnit> <Opcode : 'and' 'or' 'xor'> <InPorts = 2> <OutPorts = 1>
ST_2 : Operation 54 [1/1] (0.00ns) (grouped into LUT with out node y_V_3)   --->   "%xor_ln340_8 = xor i1 %tmp_17, %tmp_18" [firmware/nnet_utils/nnet_activation_stream.h:215]   --->   Operation 54 'xor' 'xor_ln340_8' <Predicate = true> <Delay = 0.00> <Core = "LogicGate">   --->   Core 27 'LogicGate' <Latency = 0> <II = 1> <Delay = 0.12> <FuncUnit> <Opcode : 'and' 'or' 'xor'> <InPorts = 2> <OutPorts = 1>
ST_2 : Operation 55 [1/1] (0.00ns) (grouped into LUT with out node y_V_3)   --->   "%xor_ln340_3 = xor i1 %tmp_17, true" [firmware/nnet_utils/nnet_activation_stream.h:215]   --->   Operation 55 'xor' 'xor_ln340_3' <Predicate = true> <Delay = 0.00> <Core = "LogicGate">   --->   Core 27 'LogicGate' <Latency = 0> <II = 1> <Delay = 0.12> <FuncUnit> <Opcode : 'and' 'or' 'xor'> <InPorts = 2> <OutPorts = 1>
ST_2 : Operation 56 [1/1] (0.00ns) (grouped into LUT with out node y_V_3)   --->   "%or_ln340_3 = or i1 %tmp_18, %xor_ln340_3" [firmware/nnet_utils/nnet_activation_stream.h:215]   --->   Operation 56 'or' 'or_ln340_3' <Predicate = true> <Delay = 0.00> <Core = "LogicGate">   --->   Core 27 'LogicGate' <Latency = 0> <II = 1> <Delay = 0.12> <FuncUnit> <Opcode : 'and' 'or' 'xor'> <InPorts = 2> <OutPorts = 1>
ST_2 : Operation 57 [1/1] (0.00ns)   --->   "%sext_ln703_5 = sext i22 %data_array_4_V to i23" [firmware/nnet_utils/nnet_activation_stream.h:215]   --->   Operation 57 'sext' 'sext_ln703_5' <Predicate = true> <Delay = 0.00>
ST_2 : Operation 58 [1/1] (0.82ns)   --->   "%sub_ln1193_4 = sub i23 %sext_ln703_5, %sext_ln703_1" [firmware/nnet_utils/nnet_activation_stream.h:215]   --->   Operation 58 'sub' 'sub_ln1193_4' <Predicate = true> <Delay = 0.82> <Core = "AddSub">   --->   Core 14 'AddSub' <Latency = 0> <II = 1> <Delay = 0.79> <FuncUnit> <Opcode : 'add' 'sub'> <InPorts = 2> <OutPorts = 1>
ST_2 : Operation 59 [1/1] (0.00ns)   --->   "%tmp_19 = call i1 @_ssdm_op_BitSelect.i1.i23.i32(i23 %sub_ln1193_4, i32 22)" [firmware/nnet_utils/nnet_activation_stream.h:215]   --->   Operation 59 'bitselect' 'tmp_19' <Predicate = true> <Delay = 0.00>
ST_2 : Operation 60 [1/1] (0.00ns)   --->   "%tmp_20 = call i1 @_ssdm_op_BitSelect.i1.i23.i32(i23 %sub_ln1193_4, i32 21)" [firmware/nnet_utils/nnet_activation_stream.h:215]   --->   Operation 60 'bitselect' 'tmp_20' <Predicate = true> <Delay = 0.00>
ST_2 : Operation 61 [1/1] (0.00ns) (grouped into LUT with out node select_ln388_4)   --->   "%xor_ln786_4 = xor i1 %tmp_20, true" [firmware/nnet_utils/nnet_activation_stream.h:215]   --->   Operation 61 'xor' 'xor_ln786_4' <Predicate = true> <Delay = 0.00> <Core = "LogicGate">   --->   Core 27 'LogicGate' <Latency = 0> <II = 1> <Delay = 0.12> <FuncUnit> <Opcode : 'and' 'or' 'xor'> <InPorts = 2> <OutPorts = 1>
ST_2 : Operation 62 [1/1] (0.00ns) (grouped into LUT with out node select_ln388_4)   --->   "%and_ln786_4 = and i1 %tmp_19, %xor_ln786_4" [firmware/nnet_utils/nnet_activation_stream.h:215]   --->   Operation 62 'and' 'and_ln786_4' <Predicate = true> <Delay = 0.00> <Core = "LogicGate">   --->   Core 27 'LogicGate' <Latency = 0> <II = 1> <Delay = 0.12> <FuncUnit> <Opcode : 'and' 'or' 'xor'> <InPorts = 2> <OutPorts = 1>
ST_2 : Operation 63 [1/1] (0.00ns) (grouped into LUT with out node y_V_4)   --->   "%xor_ln340_9 = xor i1 %tmp_19, %tmp_20" [firmware/nnet_utils/nnet_activation_stream.h:215]   --->   Operation 63 'xor' 'xor_ln340_9' <Predicate = true> <Delay = 0.00> <Core = "LogicGate">   --->   Core 27 'LogicGate' <Latency = 0> <II = 1> <Delay = 0.12> <FuncUnit> <Opcode : 'and' 'or' 'xor'> <InPorts = 2> <OutPorts = 1>
ST_2 : Operation 64 [1/1] (0.00ns) (grouped into LUT with out node y_V_4)   --->   "%xor_ln340_4 = xor i1 %tmp_19, true" [firmware/nnet_utils/nnet_activation_stream.h:215]   --->   Operation 64 'xor' 'xor_ln340_4' <Predicate = true> <Delay = 0.00> <Core = "LogicGate">   --->   Core 27 'LogicGate' <Latency = 0> <II = 1> <Delay = 0.12> <FuncUnit> <Opcode : 'and' 'or' 'xor'> <InPorts = 2> <OutPorts = 1>
ST_2 : Operation 65 [1/1] (0.00ns) (grouped into LUT with out node y_V_4)   --->   "%or_ln340_4 = or i1 %tmp_20, %xor_ln340_4" [firmware/nnet_utils/nnet_activation_stream.h:215]   --->   Operation 65 'or' 'or_ln340_4' <Predicate = true> <Delay = 0.00> <Core = "LogicGate">   --->   Core 27 'LogicGate' <Latency = 0> <II = 1> <Delay = 0.12> <FuncUnit> <Opcode : 'and' 'or' 'xor'> <InPorts = 2> <OutPorts = 1>
ST_2 : Operation 66 [1/1] (0.00ns)   --->   "%tmp = call i10 @_ssdm_op_PartSelect.i10.i23.i32.i32(i23 %sub_ln1193, i32 12, i32 21)" [firmware/nnet_utils/nnet_activation.h:144->firmware/nnet_utils/nnet_activation_stream.h:224]   --->   Operation 66 'partselect' 'tmp' <Predicate = true> <Delay = 0.00>
ST_2 : Operation 67 [1/1] (0.00ns) (grouped into LUT with out node y_V)   --->   "%select_ln340 = select i1 %xor_ln340_5, i10 511, i10 %tmp" [firmware/nnet_utils/nnet_activation_stream.h:215]   --->   Operation 67 'select' 'select_ln340' <Predicate = true> <Delay = 0.00> <Core = "Sel">   --->   Core 26 'Sel' <Latency = 0> <II = 1> <Delay = 0.30> <FuncUnit> <Opcode : 'select'> <InPorts = 3> <OutPorts = 1>
ST_2 : Operation 68 [1/1] (0.30ns) (out node of the LUT)   --->   "%select_ln388 = select i1 %and_ln786, i10 -512, i10 %tmp" [firmware/nnet_utils/nnet_activation_stream.h:215]   --->   Operation 68 'select' 'select_ln388' <Predicate = true> <Delay = 0.30> <Core = "Sel">   --->   Core 26 'Sel' <Latency = 0> <II = 1> <Delay = 0.30> <FuncUnit> <Opcode : 'select'> <InPorts = 3> <OutPorts = 1>
ST_2 : Operation 69 [1/1] (0.30ns) (out node of the LUT)   --->   "%y_V = select i1 %or_ln340, i10 %select_ln340, i10 %select_ln388" [firmware/nnet_utils/nnet_activation_stream.h:215]   --->   Operation 69 'select' 'y_V' <Predicate = true> <Delay = 0.30> <Core = "Sel">   --->   Core 26 'Sel' <Latency = 0> <II = 1> <Delay = 0.30> <FuncUnit> <Opcode : 'select'> <InPorts = 3> <OutPorts = 1>
ST_2 : Operation 70 [1/1] (0.00ns)   --->   "%zext_ln225 = zext i10 %y_V to i64" [firmware/nnet_utils/nnet_activation_stream.h:225]   --->   Operation 70 'zext' 'zext_ln225' <Predicate = true> <Delay = 0.00>
ST_2 : Operation 71 [1/1] (0.00ns)   --->   "%exp_table3_addr = getelementptr [1024 x i17]* @exp_table3, i64 0, i64 %zext_ln225" [firmware/nnet_utils/nnet_activation_stream.h:225]   --->   Operation 71 'getelementptr' 'exp_table3_addr' <Predicate = true> <Delay = 0.00>
ST_2 : Operation 72 [2/2] (1.15ns)   --->   "%exp_res_0_V = load i17* %exp_table3_addr, align 4" [firmware/nnet_utils/nnet_activation_stream.h:225]   --->   Operation 72 'load' 'exp_res_0_V' <Predicate = true> <Delay = 1.15> <Core = "ROM_nP">   --->   Core 52 'ROM_nP' <Latency = 1> <II = 1> <Delay = 1.15> <Storage> <Opcode : 'load'> <Ports = 0> <Width = 18> <Depth = 1024> <ROM>
ST_2 : Operation 73 [1/1] (0.00ns)   --->   "%tmp_8 = call i10 @_ssdm_op_PartSelect.i10.i23.i32.i32(i23 %sub_ln1193_1, i32 12, i32 21)" [firmware/nnet_utils/nnet_activation.h:144->firmware/nnet_utils/nnet_activation_stream.h:224]   --->   Operation 73 'partselect' 'tmp_8' <Predicate = true> <Delay = 0.00>
ST_2 : Operation 74 [1/1] (0.00ns) (grouped into LUT with out node y_V_1)   --->   "%select_ln340_2 = select i1 %xor_ln340_6, i10 511, i10 %tmp_8" [firmware/nnet_utils/nnet_activation_stream.h:215]   --->   Operation 74 'select' 'select_ln340_2' <Predicate = true> <Delay = 0.00> <Core = "Sel">   --->   Core 26 'Sel' <Latency = 0> <II = 1> <Delay = 0.30> <FuncUnit> <Opcode : 'select'> <InPorts = 3> <OutPorts = 1>
ST_2 : Operation 75 [1/1] (0.30ns) (out node of the LUT)   --->   "%select_ln388_1 = select i1 %and_ln786_1, i10 -512, i10 %tmp_8" [firmware/nnet_utils/nnet_activation_stream.h:215]   --->   Operation 75 'select' 'select_ln388_1' <Predicate = true> <Delay = 0.30> <Core = "Sel">   --->   Core 26 'Sel' <Latency = 0> <II = 1> <Delay = 0.30> <FuncUnit> <Opcode : 'select'> <InPorts = 3> <OutPorts = 1>
ST_2 : Operation 76 [1/1] (0.30ns) (out node of the LUT)   --->   "%y_V_1 = select i1 %or_ln340_1, i10 %select_ln340_2, i10 %select_ln388_1" [firmware/nnet_utils/nnet_activation_stream.h:215]   --->   Operation 76 'select' 'y_V_1' <Predicate = true> <Delay = 0.30> <Core = "Sel">   --->   Core 26 'Sel' <Latency = 0> <II = 1> <Delay = 0.30> <FuncUnit> <Opcode : 'select'> <InPorts = 3> <OutPorts = 1>
ST_2 : Operation 77 [1/1] (0.00ns)   --->   "%zext_ln225_1 = zext i10 %y_V_1 to i64" [firmware/nnet_utils/nnet_activation_stream.h:225]   --->   Operation 77 'zext' 'zext_ln225_1' <Predicate = true> <Delay = 0.00>
ST_2 : Operation 78 [1/1] (0.00ns)   --->   "%exp_table3_addr_1 = getelementptr [1024 x i17]* @exp_table3, i64 0, i64 %zext_ln225_1" [firmware/nnet_utils/nnet_activation_stream.h:225]   --->   Operation 78 'getelementptr' 'exp_table3_addr_1' <Predicate = true> <Delay = 0.00>
ST_2 : Operation 79 [2/2] (1.15ns)   --->   "%exp_res_1_V = load i17* %exp_table3_addr_1, align 4" [firmware/nnet_utils/nnet_activation_stream.h:225]   --->   Operation 79 'load' 'exp_res_1_V' <Predicate = true> <Delay = 1.15> <Core = "ROM_nP">   --->   Core 52 'ROM_nP' <Latency = 1> <II = 1> <Delay = 1.15> <Storage> <Opcode : 'load'> <Ports = 0> <Width = 18> <Depth = 1024> <ROM>
ST_2 : Operation 80 [1/1] (0.00ns)   --->   "%tmp_s = call i10 @_ssdm_op_PartSelect.i10.i23.i32.i32(i23 %sub_ln1193_2, i32 12, i32 21)" [firmware/nnet_utils/nnet_activation.h:144->firmware/nnet_utils/nnet_activation_stream.h:224]   --->   Operation 80 'partselect' 'tmp_s' <Predicate = true> <Delay = 0.00>
ST_2 : Operation 81 [1/1] (0.00ns) (grouped into LUT with out node y_V_2)   --->   "%select_ln340_4 = select i1 %xor_ln340_7, i10 511, i10 %tmp_s" [firmware/nnet_utils/nnet_activation_stream.h:215]   --->   Operation 81 'select' 'select_ln340_4' <Predicate = true> <Delay = 0.00> <Core = "Sel">   --->   Core 26 'Sel' <Latency = 0> <II = 1> <Delay = 0.30> <FuncUnit> <Opcode : 'select'> <InPorts = 3> <OutPorts = 1>
ST_2 : Operation 82 [1/1] (0.30ns) (out node of the LUT)   --->   "%select_ln388_2 = select i1 %and_ln786_2, i10 -512, i10 %tmp_s" [firmware/nnet_utils/nnet_activation_stream.h:215]   --->   Operation 82 'select' 'select_ln388_2' <Predicate = true> <Delay = 0.30> <Core = "Sel">   --->   Core 26 'Sel' <Latency = 0> <II = 1> <Delay = 0.30> <FuncUnit> <Opcode : 'select'> <InPorts = 3> <OutPorts = 1>
ST_2 : Operation 83 [1/1] (0.30ns) (out node of the LUT)   --->   "%y_V_2 = select i1 %or_ln340_2, i10 %select_ln340_4, i10 %select_ln388_2" [firmware/nnet_utils/nnet_activation_stream.h:215]   --->   Operation 83 'select' 'y_V_2' <Predicate = true> <Delay = 0.30> <Core = "Sel">   --->   Core 26 'Sel' <Latency = 0> <II = 1> <Delay = 0.30> <FuncUnit> <Opcode : 'select'> <InPorts = 3> <OutPorts = 1>
ST_2 : Operation 84 [1/1] (0.00ns)   --->   "%zext_ln225_2 = zext i10 %y_V_2 to i64" [firmware/nnet_utils/nnet_activation_stream.h:225]   --->   Operation 84 'zext' 'zext_ln225_2' <Predicate = true> <Delay = 0.00>
ST_2 : Operation 85 [1/1] (0.00ns)   --->   "%exp_table3_addr_2 = getelementptr [1024 x i17]* @exp_table3, i64 0, i64 %zext_ln225_2" [firmware/nnet_utils/nnet_activation_stream.h:225]   --->   Operation 85 'getelementptr' 'exp_table3_addr_2' <Predicate = true> <Delay = 0.00>
ST_2 : Operation 86 [2/2] (1.15ns)   --->   "%exp_res_2_V = load i17* %exp_table3_addr_2, align 4" [firmware/nnet_utils/nnet_activation_stream.h:225]   --->   Operation 86 'load' 'exp_res_2_V' <Predicate = true> <Delay = 1.15> <Core = "ROM_nP">   --->   Core 52 'ROM_nP' <Latency = 1> <II = 1> <Delay = 1.15> <Storage> <Opcode : 'load'> <Ports = 0> <Width = 18> <Depth = 1024> <ROM>
ST_2 : Operation 87 [1/1] (0.00ns)   --->   "%tmp_7 = call i10 @_ssdm_op_PartSelect.i10.i23.i32.i32(i23 %sub_ln1193_3, i32 12, i32 21)" [firmware/nnet_utils/nnet_activation.h:144->firmware/nnet_utils/nnet_activation_stream.h:224]   --->   Operation 87 'partselect' 'tmp_7' <Predicate = true> <Delay = 0.00>
ST_2 : Operation 88 [1/1] (0.00ns) (grouped into LUT with out node y_V_3)   --->   "%select_ln340_6 = select i1 %xor_ln340_8, i10 511, i10 %tmp_7" [firmware/nnet_utils/nnet_activation_stream.h:215]   --->   Operation 88 'select' 'select_ln340_6' <Predicate = true> <Delay = 0.00> <Core = "Sel">   --->   Core 26 'Sel' <Latency = 0> <II = 1> <Delay = 0.30> <FuncUnit> <Opcode : 'select'> <InPorts = 3> <OutPorts = 1>
ST_2 : Operation 89 [1/1] (0.30ns) (out node of the LUT)   --->   "%select_ln388_3 = select i1 %and_ln786_3, i10 -512, i10 %tmp_7" [firmware/nnet_utils/nnet_activation_stream.h:215]   --->   Operation 89 'select' 'select_ln388_3' <Predicate = true> <Delay = 0.30> <Core = "Sel">   --->   Core 26 'Sel' <Latency = 0> <II = 1> <Delay = 0.30> <FuncUnit> <Opcode : 'select'> <InPorts = 3> <OutPorts = 1>
ST_2 : Operation 90 [1/1] (0.30ns) (out node of the LUT)   --->   "%y_V_3 = select i1 %or_ln340_3, i10 %select_ln340_6, i10 %select_ln388_3" [firmware/nnet_utils/nnet_activation_stream.h:215]   --->   Operation 90 'select' 'y_V_3' <Predicate = true> <Delay = 0.30> <Core = "Sel">   --->   Core 26 'Sel' <Latency = 0> <II = 1> <Delay = 0.30> <FuncUnit> <Opcode : 'select'> <InPorts = 3> <OutPorts = 1>
ST_2 : Operation 91 [1/1] (0.00ns)   --->   "%zext_ln225_3 = zext i10 %y_V_3 to i64" [firmware/nnet_utils/nnet_activation_stream.h:225]   --->   Operation 91 'zext' 'zext_ln225_3' <Predicate = true> <Delay = 0.00>
ST_2 : Operation 92 [1/1] (0.00ns)   --->   "%exp_table3_addr_3 = getelementptr [1024 x i17]* @exp_table3, i64 0, i64 %zext_ln225_3" [firmware/nnet_utils/nnet_activation_stream.h:225]   --->   Operation 92 'getelementptr' 'exp_table3_addr_3' <Predicate = true> <Delay = 0.00>
ST_2 : Operation 93 [2/2] (1.15ns)   --->   "%exp_res_3_V = load i17* %exp_table3_addr_3, align 4" [firmware/nnet_utils/nnet_activation_stream.h:225]   --->   Operation 93 'load' 'exp_res_3_V' <Predicate = true> <Delay = 1.15> <Core = "ROM_nP">   --->   Core 52 'ROM_nP' <Latency = 1> <II = 1> <Delay = 1.15> <Storage> <Opcode : 'load'> <Ports = 0> <Width = 18> <Depth = 1024> <ROM>
ST_2 : Operation 94 [1/1] (0.00ns)   --->   "%tmp_9 = call i10 @_ssdm_op_PartSelect.i10.i23.i32.i32(i23 %sub_ln1193_4, i32 12, i32 21)" [firmware/nnet_utils/nnet_activation.h:144->firmware/nnet_utils/nnet_activation_stream.h:224]   --->   Operation 94 'partselect' 'tmp_9' <Predicate = true> <Delay = 0.00>
ST_2 : Operation 95 [1/1] (0.00ns) (grouped into LUT with out node y_V_4)   --->   "%select_ln340_8 = select i1 %xor_ln340_9, i10 511, i10 %tmp_9" [firmware/nnet_utils/nnet_activation_stream.h:215]   --->   Operation 95 'select' 'select_ln340_8' <Predicate = true> <Delay = 0.00> <Core = "Sel">   --->   Core 26 'Sel' <Latency = 0> <II = 1> <Delay = 0.30> <FuncUnit> <Opcode : 'select'> <InPorts = 3> <OutPorts = 1>
ST_2 : Operation 96 [1/1] (0.30ns) (out node of the LUT)   --->   "%select_ln388_4 = select i1 %and_ln786_4, i10 -512, i10 %tmp_9" [firmware/nnet_utils/nnet_activation_stream.h:215]   --->   Operation 96 'select' 'select_ln388_4' <Predicate = true> <Delay = 0.30> <Core = "Sel">   --->   Core 26 'Sel' <Latency = 0> <II = 1> <Delay = 0.30> <FuncUnit> <Opcode : 'select'> <InPorts = 3> <OutPorts = 1>
ST_2 : Operation 97 [1/1] (0.30ns) (out node of the LUT)   --->   "%y_V_4 = select i1 %or_ln340_4, i10 %select_ln340_8, i10 %select_ln388_4" [firmware/nnet_utils/nnet_activation_stream.h:215]   --->   Operation 97 'select' 'y_V_4' <Predicate = true> <Delay = 0.30> <Core = "Sel">   --->   Core 26 'Sel' <Latency = 0> <II = 1> <Delay = 0.30> <FuncUnit> <Opcode : 'select'> <InPorts = 3> <OutPorts = 1>

State 3 <SV = 2> <Delay = 3.62>
ST_3 : Operation 98 [1/2] (1.15ns)   --->   "%exp_res_0_V = load i17* %exp_table3_addr, align 4" [firmware/nnet_utils/nnet_activation_stream.h:225]   --->   Operation 98 'load' 'exp_res_0_V' <Predicate = true> <Delay = 1.15> <Core = "ROM_nP">   --->   Core 52 'ROM_nP' <Latency = 1> <II = 1> <Delay = 1.15> <Storage> <Opcode : 'load'> <Ports = 0> <Width = 18> <Depth = 1024> <ROM>
ST_3 : Operation 99 [1/2] (1.15ns)   --->   "%exp_res_1_V = load i17* %exp_table3_addr_1, align 4" [firmware/nnet_utils/nnet_activation_stream.h:225]   --->   Operation 99 'load' 'exp_res_1_V' <Predicate = true> <Delay = 1.15> <Core = "ROM_nP">   --->   Core 52 'ROM_nP' <Latency = 1> <II = 1> <Delay = 1.15> <Storage> <Opcode : 'load'> <Ports = 0> <Width = 18> <Depth = 1024> <ROM>
ST_3 : Operation 100 [1/2] (1.15ns)   --->   "%exp_res_2_V = load i17* %exp_table3_addr_2, align 4" [firmware/nnet_utils/nnet_activation_stream.h:225]   --->   Operation 100 'load' 'exp_res_2_V' <Predicate = true> <Delay = 1.15> <Core = "ROM_nP">   --->   Core 52 'ROM_nP' <Latency = 1> <II = 1> <Delay = 1.15> <Storage> <Opcode : 'load'> <Ports = 0> <Width = 18> <Depth = 1024> <ROM>
ST_3 : Operation 101 [1/2] (1.15ns)   --->   "%exp_res_3_V = load i17* %exp_table3_addr_3, align 4" [firmware/nnet_utils/nnet_activation_stream.h:225]   --->   Operation 101 'load' 'exp_res_3_V' <Predicate = true> <Delay = 1.15> <Core = "ROM_nP">   --->   Core 52 'ROM_nP' <Latency = 1> <II = 1> <Delay = 1.15> <Storage> <Opcode : 'load'> <Ports = 0> <Width = 18> <Depth = 1024> <ROM>
ST_3 : Operation 102 [1/1] (0.00ns)   --->   "%zext_ln225_4 = zext i10 %y_V_4 to i64" [firmware/nnet_utils/nnet_activation_stream.h:225]   --->   Operation 102 'zext' 'zext_ln225_4' <Predicate = true> <Delay = 0.00>
ST_3 : Operation 103 [1/1] (0.00ns)   --->   "%exp_table3_addr_4 = getelementptr [1024 x i17]* @exp_table3, i64 0, i64 %zext_ln225_4" [firmware/nnet_utils/nnet_activation_stream.h:225]   --->   Operation 103 'getelementptr' 'exp_table3_addr_4' <Predicate = true> <Delay = 0.00>
ST_3 : Operation 104 [2/2] (1.15ns)   --->   "%exp_res_4_V = load i17* %exp_table3_addr_4, align 4" [firmware/nnet_utils/nnet_activation_stream.h:225]   --->   Operation 104 'load' 'exp_res_4_V' <Predicate = true> <Delay = 1.15> <Core = "ROM_nP">   --->   Core 52 'ROM_nP' <Latency = 1> <II = 1> <Delay = 1.15> <Storage> <Opcode : 'load'> <Ports = 0> <Width = 18> <Depth = 1024> <ROM>
ST_3 : Operation 105 [1/1] (0.00ns)   --->   "%p_Val2_6 = zext i17 %exp_res_0_V to i18" [firmware/nnet_utils/nnet_common.h:43->firmware/nnet_utils/nnet_common.h:45->firmware/nnet_utils/nnet_common.h:45->firmware/nnet_utils/nnet_activation_stream.h:232]   --->   Operation 105 'zext' 'p_Val2_6' <Predicate = true> <Delay = 0.00>
ST_3 : Operation 106 [1/1] (0.00ns)   --->   "%p_Val2_7 = zext i17 %exp_res_1_V to i18" [firmware/nnet_utils/nnet_common.h:43->firmware/nnet_utils/nnet_common.h:45->firmware/nnet_utils/nnet_common.h:45->firmware/nnet_utils/nnet_activation_stream.h:232]   --->   Operation 106 'zext' 'p_Val2_7' <Predicate = true> <Delay = 0.00>
ST_3 : Operation 107 [1/1] (0.79ns)   --->   "%p_Val2_8 = add i18 %p_Val2_6, %p_Val2_7" [firmware/nnet_utils/nnet_common.h:50->firmware/nnet_utils/nnet_common.h:43->firmware/nnet_utils/nnet_common.h:45->firmware/nnet_utils/nnet_common.h:45->firmware/nnet_utils/nnet_activation_stream.h:232]   --->   Operation 107 'add' 'p_Val2_8' <Predicate = true> <Delay = 0.79> <Core = "AddSub">   --->   Core 14 'AddSub' <Latency = 0> <II = 1> <Delay = 0.79> <FuncUnit> <Opcode : 'add' 'sub'> <InPorts = 2> <OutPorts = 1>
ST_3 : Operation 108 [1/1] (0.00ns)   --->   "%p_Result_s = call i1 @_ssdm_op_BitSelect.i1.i18.i32(i18 %p_Val2_8, i32 17)" [firmware/nnet_utils/nnet_common.h:50->firmware/nnet_utils/nnet_common.h:43->firmware/nnet_utils/nnet_common.h:45->firmware/nnet_utils/nnet_common.h:45->firmware/nnet_utils/nnet_activation_stream.h:232]   --->   Operation 108 'bitselect' 'p_Result_s' <Predicate = true> <Delay = 0.00>
ST_3 : Operation 109 [1/1] (0.29ns)   --->   "%p_Val2_12 = select i1 %p_Result_s, i18 131071, i18 %p_Val2_8" [firmware/nnet_utils/nnet_common.h:50->firmware/nnet_utils/nnet_common.h:43->firmware/nnet_utils/nnet_common.h:45->firmware/nnet_utils/nnet_common.h:45->firmware/nnet_utils/nnet_activation_stream.h:232]   --->   Operation 109 'select' 'p_Val2_12' <Predicate = true> <Delay = 0.29> <Core = "Sel">   --->   Core 26 'Sel' <Latency = 0> <II = 1> <Delay = 0.30> <FuncUnit> <Opcode : 'select'> <InPorts = 3> <OutPorts = 1>
ST_3 : Operation 110 [1/1] (0.00ns)   --->   "%p_Val2_9 = zext i17 %exp_res_2_V to i18" [firmware/nnet_utils/nnet_common.h:43->firmware/nnet_utils/nnet_common.h:45->firmware/nnet_utils/nnet_common.h:45->firmware/nnet_utils/nnet_activation_stream.h:232]   --->   Operation 110 'zext' 'p_Val2_9' <Predicate = true> <Delay = 0.00>
ST_3 : Operation 111 [1/1] (0.00ns)   --->   "%p_Val2_10 = zext i17 %exp_res_3_V to i18" [firmware/nnet_utils/nnet_common.h:43->firmware/nnet_utils/nnet_common.h:45->firmware/nnet_utils/nnet_common.h:45->firmware/nnet_utils/nnet_activation_stream.h:232]   --->   Operation 111 'zext' 'p_Val2_10' <Predicate = true> <Delay = 0.00>
ST_3 : Operation 112 [1/1] (0.79ns)   --->   "%p_Val2_11 = add i18 %p_Val2_9, %p_Val2_10" [firmware/nnet_utils/nnet_common.h:50->firmware/nnet_utils/nnet_common.h:43->firmware/nnet_utils/nnet_common.h:45->firmware/nnet_utils/nnet_common.h:45->firmware/nnet_utils/nnet_activation_stream.h:232]   --->   Operation 112 'add' 'p_Val2_11' <Predicate = true> <Delay = 0.79> <Core = "AddSub">   --->   Core 14 'AddSub' <Latency = 0> <II = 1> <Delay = 0.79> <FuncUnit> <Opcode : 'add' 'sub'> <InPorts = 2> <OutPorts = 1>
ST_3 : Operation 113 [1/1] (0.00ns)   --->   "%p_Result_14 = call i1 @_ssdm_op_BitSelect.i1.i18.i32(i18 %p_Val2_11, i32 17)" [firmware/nnet_utils/nnet_common.h:50->firmware/nnet_utils/nnet_common.h:43->firmware/nnet_utils/nnet_common.h:45->firmware/nnet_utils/nnet_common.h:45->firmware/nnet_utils/nnet_activation_stream.h:232]   --->   Operation 113 'bitselect' 'p_Result_14' <Predicate = true> <Delay = 0.00>
ST_3 : Operation 114 [1/1] (0.29ns)   --->   "%p_Val2_13 = select i1 %p_Result_14, i18 131071, i18 %p_Val2_11" [firmware/nnet_utils/nnet_common.h:50->firmware/nnet_utils/nnet_common.h:43->firmware/nnet_utils/nnet_common.h:45->firmware/nnet_utils/nnet_common.h:45->firmware/nnet_utils/nnet_activation_stream.h:232]   --->   Operation 114 'select' 'p_Val2_13' <Predicate = true> <Delay = 0.29> <Core = "Sel">   --->   Core 26 'Sel' <Latency = 0> <II = 1> <Delay = 0.30> <FuncUnit> <Opcode : 'select'> <InPorts = 3> <OutPorts = 1>
ST_3 : Operation 115 [1/1] (0.00ns)   --->   "%lhs_V = sext i18 %p_Val2_12 to i19" [firmware/nnet_utils/nnet_common.h:50->firmware/nnet_utils/nnet_common.h:45->firmware/nnet_utils/nnet_common.h:45->firmware/nnet_utils/nnet_activation_stream.h:232]   --->   Operation 115 'sext' 'lhs_V' <Predicate = true> <Delay = 0.00>
ST_3 : Operation 116 [1/1] (0.00ns)   --->   "%rhs_V = sext i18 %p_Val2_13 to i19" [firmware/nnet_utils/nnet_common.h:50->firmware/nnet_utils/nnet_common.h:45->firmware/nnet_utils/nnet_common.h:45->firmware/nnet_utils/nnet_activation_stream.h:232]   --->   Operation 116 'sext' 'rhs_V' <Predicate = true> <Delay = 0.00>
ST_3 : Operation 117 [1/1] (0.79ns)   --->   "%ret_V = add nsw i19 %rhs_V, %lhs_V" [firmware/nnet_utils/nnet_common.h:50->firmware/nnet_utils/nnet_common.h:45->firmware/nnet_utils/nnet_common.h:45->firmware/nnet_utils/nnet_activation_stream.h:232]   --->   Operation 117 'add' 'ret_V' <Predicate = true> <Delay = 0.79> <Core = "AddSub">   --->   Core 14 'AddSub' <Latency = 0> <II = 1> <Delay = 0.79> <FuncUnit> <Opcode : 'add' 'sub'> <InPorts = 2> <OutPorts = 1>
ST_3 : Operation 118 [1/1] (0.00ns)   --->   "%p_Result_15 = call i1 @_ssdm_op_BitSelect.i1.i19.i32(i19 %ret_V, i32 18)" [firmware/nnet_utils/nnet_common.h:50->firmware/nnet_utils/nnet_common.h:45->firmware/nnet_utils/nnet_common.h:45->firmware/nnet_utils/nnet_activation_stream.h:232]   --->   Operation 118 'bitselect' 'p_Result_15' <Predicate = true> <Delay = 0.00>
ST_3 : Operation 119 [1/1] (0.79ns)   --->   "%p_Val2_15 = add i18 %p_Val2_12, %p_Val2_13" [firmware/nnet_utils/nnet_common.h:50->firmware/nnet_utils/nnet_common.h:45->firmware/nnet_utils/nnet_common.h:45->firmware/nnet_utils/nnet_activation_stream.h:232]   --->   Operation 119 'add' 'p_Val2_15' <Predicate = true> <Delay = 0.79> <Core = "AddSub">   --->   Core 14 'AddSub' <Latency = 0> <II = 1> <Delay = 0.79> <FuncUnit> <Opcode : 'add' 'sub'> <InPorts = 2> <OutPorts = 1>
ST_3 : Operation 120 [1/1] (0.00ns)   --->   "%p_Result_16 = call i1 @_ssdm_op_BitSelect.i1.i18.i32(i18 %p_Val2_15, i32 17)" [firmware/nnet_utils/nnet_common.h:50->firmware/nnet_utils/nnet_common.h:45->firmware/nnet_utils/nnet_common.h:45->firmware/nnet_utils/nnet_activation_stream.h:232]   --->   Operation 120 'bitselect' 'p_Result_16' <Predicate = true> <Delay = 0.00>
ST_3 : Operation 121 [1/1] (0.00ns) (grouped into LUT with out node select_ln388_5)   --->   "%xor_ln786_5 = xor i1 %p_Result_16, true" [firmware/nnet_utils/nnet_common.h:50->firmware/nnet_utils/nnet_common.h:45->firmware/nnet_utils/nnet_common.h:45->firmware/nnet_utils/nnet_activation_stream.h:232]   --->   Operation 121 'xor' 'xor_ln786_5' <Predicate = true> <Delay = 0.00> <Core = "LogicGate">   --->   Core 27 'LogicGate' <Latency = 0> <II = 1> <Delay = 0.12> <FuncUnit> <Opcode : 'and' 'or' 'xor'> <InPorts = 2> <OutPorts = 1>
ST_3 : Operation 122 [1/1] (0.00ns) (grouped into LUT with out node select_ln388_5)   --->   "%underflow = and i1 %p_Result_15, %xor_ln786_5" [firmware/nnet_utils/nnet_common.h:50->firmware/nnet_utils/nnet_common.h:45->firmware/nnet_utils/nnet_common.h:45->firmware/nnet_utils/nnet_activation_stream.h:232]   --->   Operation 122 'and' 'underflow' <Predicate = true> <Delay = 0.00> <Core = "LogicGate">   --->   Core 27 'LogicGate' <Latency = 0> <II = 1> <Delay = 0.12> <FuncUnit> <Opcode : 'and' 'or' 'xor'> <InPorts = 2> <OutPorts = 1>
ST_3 : Operation 123 [1/1] (0.00ns) (grouped into LUT with out node p_Val2_16)   --->   "%xor_ln340_10 = xor i1 %p_Result_15, %p_Result_16" [firmware/nnet_utils/nnet_common.h:50->firmware/nnet_utils/nnet_common.h:45->firmware/nnet_utils/nnet_common.h:45->firmware/nnet_utils/nnet_activation_stream.h:232]   --->   Operation 123 'xor' 'xor_ln340_10' <Predicate = true> <Delay = 0.00> <Core = "LogicGate">   --->   Core 27 'LogicGate' <Latency = 0> <II = 1> <Delay = 0.12> <FuncUnit> <Opcode : 'and' 'or' 'xor'> <InPorts = 2> <OutPorts = 1>
ST_3 : Operation 124 [1/1] (0.00ns) (grouped into LUT with out node p_Val2_16)   --->   "%xor_ln340_11 = xor i1 %p_Result_15, true" [firmware/nnet_utils/nnet_common.h:50->firmware/nnet_utils/nnet_common.h:45->firmware/nnet_utils/nnet_common.h:45->firmware/nnet_utils/nnet_activation_stream.h:232]   --->   Operation 124 'xor' 'xor_ln340_11' <Predicate = true> <Delay = 0.00> <Core = "LogicGate">   --->   Core 27 'LogicGate' <Latency = 0> <II = 1> <Delay = 0.12> <FuncUnit> <Opcode : 'and' 'or' 'xor'> <InPorts = 2> <OutPorts = 1>
ST_3 : Operation 125 [1/1] (0.00ns) (grouped into LUT with out node p_Val2_16)   --->   "%or_ln340_5 = or i1 %p_Result_16, %xor_ln340_11" [firmware/nnet_utils/nnet_common.h:50->firmware/nnet_utils/nnet_common.h:45->firmware/nnet_utils/nnet_common.h:45->firmware/nnet_utils/nnet_activation_stream.h:232]   --->   Operation 125 'or' 'or_ln340_5' <Predicate = true> <Delay = 0.00> <Core = "LogicGate">   --->   Core 27 'LogicGate' <Latency = 0> <II = 1> <Delay = 0.12> <FuncUnit> <Opcode : 'and' 'or' 'xor'> <InPorts = 2> <OutPorts = 1>
ST_3 : Operation 126 [1/1] (0.00ns) (grouped into LUT with out node p_Val2_16)   --->   "%select_ln340_12 = select i1 %xor_ln340_10, i18 131071, i18 %p_Val2_15" [firmware/nnet_utils/nnet_common.h:50->firmware/nnet_utils/nnet_common.h:45->firmware/nnet_utils/nnet_common.h:45->firmware/nnet_utils/nnet_activation_stream.h:232]   --->   Operation 126 'select' 'select_ln340_12' <Predicate = true> <Delay = 0.00> <Core = "Sel">   --->   Core 26 'Sel' <Latency = 0> <II = 1> <Delay = 0.30> <FuncUnit> <Opcode : 'select'> <InPorts = 3> <OutPorts = 1>
ST_3 : Operation 127 [1/1] (0.29ns) (out node of the LUT)   --->   "%select_ln388_5 = select i1 %underflow, i18 -131072, i18 %p_Val2_15" [firmware/nnet_utils/nnet_common.h:50->firmware/nnet_utils/nnet_common.h:45->firmware/nnet_utils/nnet_common.h:45->firmware/nnet_utils/nnet_activation_stream.h:232]   --->   Operation 127 'select' 'select_ln388_5' <Predicate = true> <Delay = 0.29> <Core = "Sel">   --->   Core 26 'Sel' <Latency = 0> <II = 1> <Delay = 0.30> <FuncUnit> <Opcode : 'select'> <InPorts = 3> <OutPorts = 1>
ST_3 : Operation 128 [1/1] (0.29ns) (out node of the LUT)   --->   "%p_Val2_16 = select i1 %or_ln340_5, i18 %select_ln340_12, i18 %select_ln388_5" [firmware/nnet_utils/nnet_common.h:50->firmware/nnet_utils/nnet_common.h:45->firmware/nnet_utils/nnet_common.h:45->firmware/nnet_utils/nnet_activation_stream.h:232]   --->   Operation 128 'select' 'p_Val2_16' <Predicate = true> <Delay = 0.29> <Core = "Sel">   --->   Core 26 'Sel' <Latency = 0> <II = 1> <Delay = 0.30> <FuncUnit> <Opcode : 'select'> <InPorts = 3> <OutPorts = 1>

State 4 <SV = 3> <Delay = 3.71>
ST_4 : Operation 129 [1/2] (1.15ns)   --->   "%exp_res_4_V = load i17* %exp_table3_addr_4, align 4" [firmware/nnet_utils/nnet_activation_stream.h:225]   --->   Operation 129 'load' 'exp_res_4_V' <Predicate = true> <Delay = 1.15> <Core = "ROM_nP">   --->   Core 52 'ROM_nP' <Latency = 1> <II = 1> <Delay = 1.15> <Storage> <Opcode : 'load'> <Ports = 0> <Width = 18> <Depth = 1024> <ROM>
ST_4 : Operation 130 [1/1] (0.00ns)   --->   "%p_Val2_17 = zext i17 %exp_res_4_V to i18" [firmware/nnet_utils/nnet_common.h:45->firmware/nnet_utils/nnet_activation_stream.h:232]   --->   Operation 130 'zext' 'p_Val2_17' <Predicate = true> <Delay = 0.00>
ST_4 : Operation 131 [1/1] (0.00ns)   --->   "%lhs_V_1 = sext i18 %p_Val2_16 to i19" [firmware/nnet_utils/nnet_common.h:50->firmware/nnet_utils/nnet_common.h:45->firmware/nnet_utils/nnet_activation_stream.h:232]   --->   Operation 131 'sext' 'lhs_V_1' <Predicate = true> <Delay = 0.00>
ST_4 : Operation 132 [1/1] (0.00ns)   --->   "%rhs_V_1 = zext i17 %exp_res_4_V to i19" [firmware/nnet_utils/nnet_common.h:50->firmware/nnet_utils/nnet_common.h:45->firmware/nnet_utils/nnet_activation_stream.h:232]   --->   Operation 132 'zext' 'rhs_V_1' <Predicate = true> <Delay = 0.00>
ST_4 : Operation 133 [1/1] (0.79ns)   --->   "%ret_V_1 = add nsw i19 %lhs_V_1, %rhs_V_1" [firmware/nnet_utils/nnet_common.h:50->firmware/nnet_utils/nnet_common.h:45->firmware/nnet_utils/nnet_activation_stream.h:232]   --->   Operation 133 'add' 'ret_V_1' <Predicate = true> <Delay = 0.79> <Core = "AddSub">   --->   Core 14 'AddSub' <Latency = 0> <II = 1> <Delay = 0.79> <FuncUnit> <Opcode : 'add' 'sub'> <InPorts = 2> <OutPorts = 1>
ST_4 : Operation 134 [1/1] (0.00ns)   --->   "%p_Result_17 = call i1 @_ssdm_op_BitSelect.i1.i19.i32(i19 %ret_V_1, i32 18)" [firmware/nnet_utils/nnet_common.h:50->firmware/nnet_utils/nnet_common.h:45->firmware/nnet_utils/nnet_activation_stream.h:232]   --->   Operation 134 'bitselect' 'p_Result_17' <Predicate = true> <Delay = 0.00>
ST_4 : Operation 135 [1/1] (0.79ns)   --->   "%p_Val2_19 = add i18 %p_Val2_17, %p_Val2_16" [firmware/nnet_utils/nnet_common.h:50->firmware/nnet_utils/nnet_common.h:45->firmware/nnet_utils/nnet_activation_stream.h:232]   --->   Operation 135 'add' 'p_Val2_19' <Predicate = true> <Delay = 0.79> <Core = "AddSub">   --->   Core 14 'AddSub' <Latency = 0> <II = 1> <Delay = 0.79> <FuncUnit> <Opcode : 'add' 'sub'> <InPorts = 2> <OutPorts = 1>
ST_4 : Operation 136 [1/1] (0.00ns)   --->   "%p_Result_18 = call i1 @_ssdm_op_BitSelect.i1.i18.i32(i18 %p_Val2_19, i32 17)" [firmware/nnet_utils/nnet_common.h:50->firmware/nnet_utils/nnet_common.h:45->firmware/nnet_utils/nnet_activation_stream.h:232]   --->   Operation 136 'bitselect' 'p_Result_18' <Predicate = true> <Delay = 0.00>
ST_4 : Operation 137 [1/1] (0.00ns) (grouped into LUT with out node select_ln388_6)   --->   "%xor_ln786_6 = xor i1 %p_Result_18, true" [firmware/nnet_utils/nnet_common.h:50->firmware/nnet_utils/nnet_common.h:45->firmware/nnet_utils/nnet_activation_stream.h:232]   --->   Operation 137 'xor' 'xor_ln786_6' <Predicate = true> <Delay = 0.00> <Core = "LogicGate">   --->   Core 27 'LogicGate' <Latency = 0> <II = 1> <Delay = 0.12> <FuncUnit> <Opcode : 'and' 'or' 'xor'> <InPorts = 2> <OutPorts = 1>
ST_4 : Operation 138 [1/1] (0.00ns) (grouped into LUT with out node select_ln388_6)   --->   "%underflow_1 = and i1 %p_Result_17, %xor_ln786_6" [firmware/nnet_utils/nnet_common.h:50->firmware/nnet_utils/nnet_common.h:45->firmware/nnet_utils/nnet_activation_stream.h:232]   --->   Operation 138 'and' 'underflow_1' <Predicate = true> <Delay = 0.00> <Core = "LogicGate">   --->   Core 27 'LogicGate' <Latency = 0> <II = 1> <Delay = 0.12> <FuncUnit> <Opcode : 'and' 'or' 'xor'> <InPorts = 2> <OutPorts = 1>
ST_4 : Operation 139 [1/1] (0.00ns) (grouped into LUT with out node y_V_5)   --->   "%xor_ln340_12 = xor i1 %p_Result_17, %p_Result_18" [firmware/nnet_utils/nnet_common.h:50->firmware/nnet_utils/nnet_common.h:45->firmware/nnet_utils/nnet_activation_stream.h:232]   --->   Operation 139 'xor' 'xor_ln340_12' <Predicate = true> <Delay = 0.00> <Core = "LogicGate">   --->   Core 27 'LogicGate' <Latency = 0> <II = 1> <Delay = 0.12> <FuncUnit> <Opcode : 'and' 'or' 'xor'> <InPorts = 2> <OutPorts = 1>
ST_4 : Operation 140 [1/1] (0.00ns) (grouped into LUT with out node y_V_5)   --->   "%xor_ln340_13 = xor i1 %p_Result_17, true" [firmware/nnet_utils/nnet_common.h:50->firmware/nnet_utils/nnet_common.h:45->firmware/nnet_utils/nnet_activation_stream.h:232]   --->   Operation 140 'xor' 'xor_ln340_13' <Predicate = true> <Delay = 0.00> <Core = "LogicGate">   --->   Core 27 'LogicGate' <Latency = 0> <II = 1> <Delay = 0.12> <FuncUnit> <Opcode : 'and' 'or' 'xor'> <InPorts = 2> <OutPorts = 1>
ST_4 : Operation 141 [1/1] (0.00ns) (grouped into LUT with out node y_V_5)   --->   "%or_ln340_6 = or i1 %p_Result_18, %xor_ln340_13" [firmware/nnet_utils/nnet_common.h:50->firmware/nnet_utils/nnet_common.h:45->firmware/nnet_utils/nnet_activation_stream.h:232]   --->   Operation 141 'or' 'or_ln340_6' <Predicate = true> <Delay = 0.00> <Core = "LogicGate">   --->   Core 27 'LogicGate' <Latency = 0> <II = 1> <Delay = 0.12> <FuncUnit> <Opcode : 'and' 'or' 'xor'> <InPorts = 2> <OutPorts = 1>
ST_4 : Operation 142 [1/1] (0.00ns)   --->   "%tmp_10 = call i10 @_ssdm_op_PartSelect.i10.i18.i32.i32(i18 %p_Val2_19, i32 8, i32 17)" [firmware/nnet_utils/nnet_activation.h:144->firmware/nnet_utils/nnet_activation_stream.h:235]   --->   Operation 142 'partselect' 'tmp_10' <Predicate = true> <Delay = 0.00>
ST_4 : Operation 143 [1/1] (0.00ns) (grouped into LUT with out node y_V_5)   --->   "%select_ln340_14 = select i1 %xor_ln340_12, i10 511, i10 %tmp_10" [firmware/nnet_utils/nnet_common.h:50->firmware/nnet_utils/nnet_common.h:45->firmware/nnet_utils/nnet_activation_stream.h:232]   --->   Operation 143 'select' 'select_ln340_14' <Predicate = true> <Delay = 0.00> <Core = "Sel">   --->   Core 26 'Sel' <Latency = 0> <II = 1> <Delay = 0.30> <FuncUnit> <Opcode : 'select'> <InPorts = 3> <OutPorts = 1>
ST_4 : Operation 144 [1/1] (0.30ns) (out node of the LUT)   --->   "%select_ln388_6 = select i1 %underflow_1, i10 -512, i10 %tmp_10" [firmware/nnet_utils/nnet_common.h:50->firmware/nnet_utils/nnet_common.h:45->firmware/nnet_utils/nnet_activation_stream.h:232]   --->   Operation 144 'select' 'select_ln388_6' <Predicate = true> <Delay = 0.30> <Core = "Sel">   --->   Core 26 'Sel' <Latency = 0> <II = 1> <Delay = 0.30> <FuncUnit> <Opcode : 'select'> <InPorts = 3> <OutPorts = 1>
ST_4 : Operation 145 [1/1] (0.30ns) (out node of the LUT)   --->   "%y_V_5 = select i1 %or_ln340_6, i10 %select_ln340_14, i10 %select_ln388_6" [firmware/nnet_utils/nnet_common.h:50->firmware/nnet_utils/nnet_common.h:45->firmware/nnet_utils/nnet_activation_stream.h:232]   --->   Operation 145 'select' 'y_V_5' <Predicate = true> <Delay = 0.30> <Core = "Sel">   --->   Core 26 'Sel' <Latency = 0> <II = 1> <Delay = 0.30> <FuncUnit> <Opcode : 'select'> <InPorts = 3> <OutPorts = 1>
ST_4 : Operation 146 [1/1] (0.00ns)   --->   "%zext_ln235 = zext i10 %y_V_5 to i64" [firmware/nnet_utils/nnet_activation_stream.h:235]   --->   Operation 146 'zext' 'zext_ln235' <Predicate = true> <Delay = 0.00>
ST_4 : Operation 147 [1/1] (0.00ns)   --->   "%invert_table4_addr = getelementptr [1024 x i18]* @invert_table4, i64 0, i64 %zext_ln235" [firmware/nnet_utils/nnet_activation_stream.h:235]   --->   Operation 147 'getelementptr' 'invert_table4_addr' <Predicate = true> <Delay = 0.00>
ST_4 : Operation 148 [2/2] (1.15ns)   --->   "%inv_exp_sum_V = load i18* %invert_table4_addr, align 4" [firmware/nnet_utils/nnet_activation_stream.h:235]   --->   Operation 148 'load' 'inv_exp_sum_V' <Predicate = true> <Delay = 1.15> <Core = "ROM_nP">   --->   Core 52 'ROM_nP' <Latency = 1> <II = 1> <Delay = 1.15> <Storage> <Opcode : 'load'> <Ports = 0> <Width = 18> <Depth = 1024> <ROM>

State 5 <SV = 4> <Delay = 3.19>
ST_5 : Operation 149 [1/1] (0.00ns)   --->   "call void (...)* @_ssdm_op_SpecInterface(i22* %data_V_data_0_V, [8 x i8]* @ap_fifo_str, i32 0, i32 0, [1 x i8]* @p_str2588, i32 0, i32 0, [1 x i8]* @p_str2589, [1 x i8]* @p_str2590, [1 x i8]* @p_str2591, i32 2, i32 2, i32 16, i32 16, [1 x i8]* @p_str2592, [1 x i8]* @p_str2593)"   --->   Operation 149 'specinterface' <Predicate = true> <Delay = 0.00>
ST_5 : Operation 150 [1/1] (0.00ns)   --->   "call void (...)* @_ssdm_op_SpecInterface(i22* %data_V_data_1_V, [8 x i8]* @ap_fifo_str, i32 0, i32 0, [1 x i8]* @p_str2595, i32 0, i32 0, [1 x i8]* @p_str2596, [1 x i8]* @p_str2597, [1 x i8]* @p_str2598, i32 2, i32 2, i32 16, i32 16, [1 x i8]* @p_str2599, [1 x i8]* @p_str2600)"   --->   Operation 150 'specinterface' <Predicate = true> <Delay = 0.00>
ST_5 : Operation 151 [1/1] (0.00ns)   --->   "call void (...)* @_ssdm_op_SpecInterface(i22* %data_V_data_2_V, [8 x i8]* @ap_fifo_str, i32 0, i32 0, [1 x i8]* @p_str2602, i32 0, i32 0, [1 x i8]* @p_str2603, [1 x i8]* @p_str2604, [1 x i8]* @p_str2605, i32 2, i32 2, i32 16, i32 16, [1 x i8]* @p_str2606, [1 x i8]* @p_str2607)"   --->   Operation 151 'specinterface' <Predicate = true> <Delay = 0.00>
ST_5 : Operation 152 [1/1] (0.00ns)   --->   "call void (...)* @_ssdm_op_SpecInterface(i22* %data_V_data_3_V, [8 x i8]* @ap_fifo_str, i32 0, i32 0, [1 x i8]* @p_str2609, i32 0, i32 0, [1 x i8]* @p_str2610, [1 x i8]* @p_str2611, [1 x i8]* @p_str2612, i32 2, i32 2, i32 16, i32 16, [1 x i8]* @p_str2613, [1 x i8]* @p_str2614)"   --->   Operation 152 'specinterface' <Predicate = true> <Delay = 0.00>
ST_5 : Operation 153 [1/1] (0.00ns)   --->   "call void (...)* @_ssdm_op_SpecInterface(i22* %data_V_data_4_V, [8 x i8]* @ap_fifo_str, i32 0, i32 0, [1 x i8]* @p_str2616, i32 0, i32 0, [1 x i8]* @p_str2617, [1 x i8]* @p_str2618, [1 x i8]* @p_str2619, i32 2, i32 2, i32 16, i32 16, [1 x i8]* @p_str2620, [1 x i8]* @p_str2621)"   --->   Operation 153 'specinterface' <Predicate = true> <Delay = 0.00>
ST_5 : Operation 154 [1/1] (0.00ns)   --->   "call void (...)* @_ssdm_op_SpecInterface(i16* %res_V_data_0_V, [5 x i8]* @p_str, i32 0, i32 0, [5 x i8]* @p_str14, i32 0, i32 0, [1 x i8]* @p_str15, [1 x i8]* @p_str15, [1 x i8]* @p_str15, i32 0, i32 0, i32 0, i32 0, [1 x i8]* @p_str15, [1 x i8]* @p_str15)"   --->   Operation 154 'specinterface' <Predicate = true> <Delay = 0.00>
ST_5 : Operation 155 [1/1] (0.00ns)   --->   "call void (...)* @_ssdm_op_SpecInterface(i16* %res_V_data_1_V, [5 x i8]* @p_str, i32 0, i32 0, [5 x i8]* @p_str14, i32 0, i32 0, [1 x i8]* @p_str15, [1 x i8]* @p_str15, [1 x i8]* @p_str15, i32 0, i32 0, i32 0, i32 0, [1 x i8]* @p_str15, [1 x i8]* @p_str15)"   --->   Operation 155 'specinterface' <Predicate = true> <Delay = 0.00>
ST_5 : Operation 156 [1/1] (0.00ns)   --->   "call void (...)* @_ssdm_op_SpecInterface(i16* %res_V_data_2_V, [5 x i8]* @p_str, i32 0, i32 0, [5 x i8]* @p_str14, i32 0, i32 0, [1 x i8]* @p_str15, [1 x i8]* @p_str15, [1 x i8]* @p_str15, i32 0, i32 0, i32 0, i32 0, [1 x i8]* @p_str15, [1 x i8]* @p_str15)"   --->   Operation 156 'specinterface' <Predicate = true> <Delay = 0.00>
ST_5 : Operation 157 [1/1] (0.00ns)   --->   "call void (...)* @_ssdm_op_SpecInterface(i16* %res_V_data_3_V, [5 x i8]* @p_str, i32 0, i32 0, [5 x i8]* @p_str14, i32 0, i32 0, [1 x i8]* @p_str15, [1 x i8]* @p_str15, [1 x i8]* @p_str15, i32 0, i32 0, i32 0, i32 0, [1 x i8]* @p_str15, [1 x i8]* @p_str15)"   --->   Operation 157 'specinterface' <Predicate = true> <Delay = 0.00>
ST_5 : Operation 158 [1/1] (0.00ns)   --->   "call void (...)* @_ssdm_op_SpecInterface(i16* %res_V_data_4_V, [5 x i8]* @p_str, i32 0, i32 0, [5 x i8]* @p_str14, i32 0, i32 0, [1 x i8]* @p_str15, [1 x i8]* @p_str15, [1 x i8]* @p_str15, i32 0, i32 0, i32 0, i32 0, [1 x i8]* @p_str15, [1 x i8]* @p_str15)"   --->   Operation 158 'specinterface' <Predicate = true> <Delay = 0.00>
ST_5 : Operation 159 [1/1] (0.00ns)   --->   "call void (...)* @_ssdm_op_SpecLoopName([17 x i8]* @p_str28) nounwind" [firmware/nnet_utils/nnet_activation_stream.h:196]   --->   Operation 159 'specloopname' <Predicate = true> <Delay = 0.00>
ST_5 : Operation 160 [1/1] (0.00ns)   --->   "%tmp_1 = call i32 (...)* @_ssdm_op_SpecRegionBegin([17 x i8]* @p_str28)" [firmware/nnet_utils/nnet_activation_stream.h:196]   --->   Operation 160 'specregionbegin' 'tmp_1' <Predicate = true> <Delay = 0.00>
ST_5 : Operation 161 [1/1] (0.00ns)   --->   "call void (...)* @_ssdm_op_SpecPipeline(i32 1, i32 1, i32 1, i32 0, [1 x i8]* @p_str15) nounwind" [firmware/nnet_utils/nnet_activation_stream.h:197]   --->   Operation 161 'specpipeline' <Predicate = true> <Delay = 0.00>
ST_5 : Operation 162 [1/2] (1.15ns)   --->   "%inv_exp_sum_V = load i18* %invert_table4_addr, align 4" [firmware/nnet_utils/nnet_activation_stream.h:235]   --->   Operation 162 'load' 'inv_exp_sum_V' <Predicate = true> <Delay = 1.15> <Core = "ROM_nP">   --->   Core 52 'ROM_nP' <Latency = 1> <II = 1> <Delay = 1.15> <Storage> <Opcode : 'load'> <Ports = 0> <Width = 18> <Depth = 1024> <ROM>
ST_5 : Operation 163 [1/1] (0.00ns)   --->   "%sext_ln241 = sext i18 %inv_exp_sum_V to i26" [firmware/nnet_utils/nnet_activation_stream.h:241]   --->   Operation 163 'sext' 'sext_ln241' <Predicate = true> <Delay = 0.00>
ST_5 : Operation 164 [1/1] (0.00ns)   --->   "%tmp_2 = call i32 (...)* @_ssdm_op_SpecRegionBegin([19 x i8]* @p_str32)" [firmware/nnet_utils/nnet_activation_stream.h:241]   --->   Operation 164 'specregionbegin' 'tmp_2' <Predicate = true> <Delay = 0.00>
ST_5 : Operation 165 [1/1] (0.00ns)   --->   "call void (...)* @_ssdm_op_SpecResourceLimit(i32 5, [4 x i8]* @p_str33, [1 x i8]* @p_str15, [1 x i8]* @p_str15, [1 x i8]* @p_str15) nounwind" [firmware/nnet_utils/nnet_activation_stream.h:243]   --->   Operation 165 'specresourcelimit' <Predicate = true> <Delay = 0.00>
ST_5 : Operation 166 [1/1] (0.00ns)   --->   "%zext_ln1118 = zext i17 %exp_res_0_V to i26" [firmware/nnet_utils/nnet_activation_stream.h:244]   --->   Operation 166 'zext' 'zext_ln1118' <Predicate = true> <Delay = 0.00>
ST_5 : Operation 167 [1/1] (2.03ns)   --->   "%mul_ln1118 = mul i26 %sext_ln241, %zext_ln1118" [firmware/nnet_utils/nnet_activation_stream.h:244]   --->   Operation 167 'mul' 'mul_ln1118' <Predicate = true> <Delay = 2.03> <Core = "Mul">   --->   Core 16 'Mul' <Latency = 0> <II = 1> <Delay = 2.03> <FuncUnit> <Opcode : 'mul'> <InPorts = 2> <OutPorts = 1>
ST_5 : Operation 168 [1/1] (0.00ns)   --->   "%tmp_data_0_V = call i16 @_ssdm_op_PartSelect.i16.i26.i32.i32(i26 %mul_ln1118, i32 10, i32 25)" [firmware/nnet_utils/nnet_activation_stream.h:244]   --->   Operation 168 'partselect' 'tmp_data_0_V' <Predicate = true> <Delay = 0.00>
ST_5 : Operation 169 [1/1] (0.00ns)   --->   "%empty_45 = call i32 (...)* @_ssdm_op_SpecRegionEnd([19 x i8]* @p_str32, i32 %tmp_2)" [firmware/nnet_utils/nnet_activation_stream.h:245]   --->   Operation 169 'specregionend' 'empty_45' <Predicate = true> <Delay = 0.00>
ST_5 : Operation 170 [1/1] (0.00ns)   --->   "%tmp_3 = call i32 (...)* @_ssdm_op_SpecRegionBegin([19 x i8]* @p_str32)" [firmware/nnet_utils/nnet_activation_stream.h:241]   --->   Operation 170 'specregionbegin' 'tmp_3' <Predicate = true> <Delay = 0.00>
ST_5 : Operation 171 [1/1] (0.00ns)   --->   "call void (...)* @_ssdm_op_SpecResourceLimit(i32 5, [4 x i8]* @p_str33, [1 x i8]* @p_str15, [1 x i8]* @p_str15, [1 x i8]* @p_str15) nounwind" [firmware/nnet_utils/nnet_activation_stream.h:243]   --->   Operation 171 'specresourcelimit' <Predicate = true> <Delay = 0.00>
ST_5 : Operation 172 [1/1] (0.00ns)   --->   "%zext_ln1118_1 = zext i17 %exp_res_1_V to i26" [firmware/nnet_utils/nnet_activation_stream.h:244]   --->   Operation 172 'zext' 'zext_ln1118_1' <Predicate = true> <Delay = 0.00>
ST_5 : Operation 173 [1/1] (2.03ns)   --->   "%mul_ln1118_1 = mul i26 %sext_ln241, %zext_ln1118_1" [firmware/nnet_utils/nnet_activation_stream.h:244]   --->   Operation 173 'mul' 'mul_ln1118_1' <Predicate = true> <Delay = 2.03> <Core = "Mul">   --->   Core 16 'Mul' <Latency = 0> <II = 1> <Delay = 2.03> <FuncUnit> <Opcode : 'mul'> <InPorts = 2> <OutPorts = 1>
ST_5 : Operation 174 [1/1] (0.00ns)   --->   "%tmp_data_1_V = call i16 @_ssdm_op_PartSelect.i16.i26.i32.i32(i26 %mul_ln1118_1, i32 10, i32 25)" [firmware/nnet_utils/nnet_activation_stream.h:244]   --->   Operation 174 'partselect' 'tmp_data_1_V' <Predicate = true> <Delay = 0.00>
ST_5 : Operation 175 [1/1] (0.00ns)   --->   "%empty_46 = call i32 (...)* @_ssdm_op_SpecRegionEnd([19 x i8]* @p_str32, i32 %tmp_3)" [firmware/nnet_utils/nnet_activation_stream.h:245]   --->   Operation 175 'specregionend' 'empty_46' <Predicate = true> <Delay = 0.00>
ST_5 : Operation 176 [1/1] (0.00ns)   --->   "%tmp_4 = call i32 (...)* @_ssdm_op_SpecRegionBegin([19 x i8]* @p_str32)" [firmware/nnet_utils/nnet_activation_stream.h:241]   --->   Operation 176 'specregionbegin' 'tmp_4' <Predicate = true> <Delay = 0.00>
ST_5 : Operation 177 [1/1] (0.00ns)   --->   "call void (...)* @_ssdm_op_SpecResourceLimit(i32 5, [4 x i8]* @p_str33, [1 x i8]* @p_str15, [1 x i8]* @p_str15, [1 x i8]* @p_str15) nounwind" [firmware/nnet_utils/nnet_activation_stream.h:243]   --->   Operation 177 'specresourcelimit' <Predicate = true> <Delay = 0.00>
ST_5 : Operation 178 [1/1] (0.00ns)   --->   "%zext_ln1118_2 = zext i17 %exp_res_2_V to i26" [firmware/nnet_utils/nnet_activation_stream.h:244]   --->   Operation 178 'zext' 'zext_ln1118_2' <Predicate = true> <Delay = 0.00>
ST_5 : Operation 179 [1/1] (2.03ns)   --->   "%mul_ln1118_2 = mul i26 %sext_ln241, %zext_ln1118_2" [firmware/nnet_utils/nnet_activation_stream.h:244]   --->   Operation 179 'mul' 'mul_ln1118_2' <Predicate = true> <Delay = 2.03> <Core = "Mul">   --->   Core 16 'Mul' <Latency = 0> <II = 1> <Delay = 2.03> <FuncUnit> <Opcode : 'mul'> <InPorts = 2> <OutPorts = 1>
ST_5 : Operation 180 [1/1] (0.00ns)   --->   "%tmp_data_2_V = call i16 @_ssdm_op_PartSelect.i16.i26.i32.i32(i26 %mul_ln1118_2, i32 10, i32 25)" [firmware/nnet_utils/nnet_activation_stream.h:244]   --->   Operation 180 'partselect' 'tmp_data_2_V' <Predicate = true> <Delay = 0.00>
ST_5 : Operation 181 [1/1] (0.00ns)   --->   "%empty_47 = call i32 (...)* @_ssdm_op_SpecRegionEnd([19 x i8]* @p_str32, i32 %tmp_4)" [firmware/nnet_utils/nnet_activation_stream.h:245]   --->   Operation 181 'specregionend' 'empty_47' <Predicate = true> <Delay = 0.00>
ST_5 : Operation 182 [1/1] (0.00ns)   --->   "%tmp_5 = call i32 (...)* @_ssdm_op_SpecRegionBegin([19 x i8]* @p_str32)" [firmware/nnet_utils/nnet_activation_stream.h:241]   --->   Operation 182 'specregionbegin' 'tmp_5' <Predicate = true> <Delay = 0.00>
ST_5 : Operation 183 [1/1] (0.00ns)   --->   "call void (...)* @_ssdm_op_SpecResourceLimit(i32 5, [4 x i8]* @p_str33, [1 x i8]* @p_str15, [1 x i8]* @p_str15, [1 x i8]* @p_str15) nounwind" [firmware/nnet_utils/nnet_activation_stream.h:243]   --->   Operation 183 'specresourcelimit' <Predicate = true> <Delay = 0.00>
ST_5 : Operation 184 [1/1] (0.00ns)   --->   "%zext_ln1118_3 = zext i17 %exp_res_3_V to i26" [firmware/nnet_utils/nnet_activation_stream.h:244]   --->   Operation 184 'zext' 'zext_ln1118_3' <Predicate = true> <Delay = 0.00>
ST_5 : Operation 185 [1/1] (2.03ns)   --->   "%mul_ln1118_3 = mul i26 %sext_ln241, %zext_ln1118_3" [firmware/nnet_utils/nnet_activation_stream.h:244]   --->   Operation 185 'mul' 'mul_ln1118_3' <Predicate = true> <Delay = 2.03> <Core = "Mul">   --->   Core 16 'Mul' <Latency = 0> <II = 1> <Delay = 2.03> <FuncUnit> <Opcode : 'mul'> <InPorts = 2> <OutPorts = 1>
ST_5 : Operation 186 [1/1] (0.00ns)   --->   "%tmp_data_3_V = call i16 @_ssdm_op_PartSelect.i16.i26.i32.i32(i26 %mul_ln1118_3, i32 10, i32 25)" [firmware/nnet_utils/nnet_activation_stream.h:244]   --->   Operation 186 'partselect' 'tmp_data_3_V' <Predicate = true> <Delay = 0.00>
ST_5 : Operation 187 [1/1] (0.00ns)   --->   "%empty_48 = call i32 (...)* @_ssdm_op_SpecRegionEnd([19 x i8]* @p_str32, i32 %tmp_5)" [firmware/nnet_utils/nnet_activation_stream.h:245]   --->   Operation 187 'specregionend' 'empty_48' <Predicate = true> <Delay = 0.00>
ST_5 : Operation 188 [1/1] (0.00ns)   --->   "%tmp_6 = call i32 (...)* @_ssdm_op_SpecRegionBegin([19 x i8]* @p_str32)" [firmware/nnet_utils/nnet_activation_stream.h:241]   --->   Operation 188 'specregionbegin' 'tmp_6' <Predicate = true> <Delay = 0.00>
ST_5 : Operation 189 [1/1] (0.00ns)   --->   "call void (...)* @_ssdm_op_SpecResourceLimit(i32 5, [4 x i8]* @p_str33, [1 x i8]* @p_str15, [1 x i8]* @p_str15, [1 x i8]* @p_str15) nounwind" [firmware/nnet_utils/nnet_activation_stream.h:243]   --->   Operation 189 'specresourcelimit' <Predicate = true> <Delay = 0.00>
ST_5 : Operation 190 [1/1] (0.00ns)   --->   "%zext_ln1118_4 = zext i17 %exp_res_4_V to i26" [firmware/nnet_utils/nnet_activation_stream.h:244]   --->   Operation 190 'zext' 'zext_ln1118_4' <Predicate = true> <Delay = 0.00>
ST_5 : Operation 191 [1/1] (2.03ns)   --->   "%mul_ln1118_4 = mul i26 %sext_ln241, %zext_ln1118_4" [firmware/nnet_utils/nnet_activation_stream.h:244]   --->   Operation 191 'mul' 'mul_ln1118_4' <Predicate = true> <Delay = 2.03> <Core = "Mul">   --->   Core 16 'Mul' <Latency = 0> <II = 1> <Delay = 2.03> <FuncUnit> <Opcode : 'mul'> <InPorts = 2> <OutPorts = 1>
ST_5 : Operation 192 [1/1] (0.00ns)   --->   "%tmp_data_4_V = call i16 @_ssdm_op_PartSelect.i16.i26.i32.i32(i26 %mul_ln1118_4, i32 10, i32 25)" [firmware/nnet_utils/nnet_activation_stream.h:244]   --->   Operation 192 'partselect' 'tmp_data_4_V' <Predicate = true> <Delay = 0.00>
ST_5 : Operation 193 [1/1] (0.00ns)   --->   "%empty_49 = call i32 (...)* @_ssdm_op_SpecRegionEnd([19 x i8]* @p_str32, i32 %tmp_6)" [firmware/nnet_utils/nnet_activation_stream.h:245]   --->   Operation 193 'specregionend' 'empty_49' <Predicate = true> <Delay = 0.00>
ST_5 : Operation 194 [1/1] (0.00ns)   --->   "call void @_ssdm_op_Write.axis.volatile.i16P.i16P.i16P.i16P.i16P(i16* %res_V_data_0_V, i16* %res_V_data_1_V, i16* %res_V_data_2_V, i16* %res_V_data_3_V, i16* %res_V_data_4_V, i16 %tmp_data_0_V, i16 %tmp_data_1_V, i16 %tmp_data_2_V, i16 %tmp_data_3_V, i16 %tmp_data_4_V)" [firmware/nnet_utils/nnet_activation_stream.h:246]   --->   Operation 194 'write' <Predicate = true> <Delay = 0.00> <Core = "AXI4Stream">   --->   Core 5 'AXI4Stream' <Latency = 0> <II = 1> <Delay = 1.00> <Adapter> <Opcode : >
ST_5 : Operation 195 [1/1] (0.00ns)   --->   "%empty_50 = call i32 (...)* @_ssdm_op_SpecRegionEnd([17 x i8]* @p_str28, i32 %tmp_1)" [firmware/nnet_utils/nnet_activation_stream.h:247]   --->   Operation 195 'specregionend' 'empty_50' <Predicate = true> <Delay = 0.00>
ST_5 : Operation 196 [1/1] (0.00ns)   --->   "ret void" [firmware/nnet_utils/nnet_activation_stream.h:248]   --->   Operation 196 'ret' <Predicate = true> <Delay = 0.00>


============================================================
+ Verbose Summary: Timing violations
============================================================
Target clock period: 5ns, clock uncertainty: 0.625ns.

 <State 1>: 3.65ns
The critical path consists of the following:
	fifo read on port 'data_V_data_0_V' (firmware/nnet_utils/nnet_activation_stream.h:199) [28]  (1.46 ns)
	'icmp' operation ('icmp_ln1496_1', firmware/nnet_utils/nnet_common.h:65->firmware/nnet_utils/nnet_common.h:43->firmware/nnet_utils/nnet_common.h:45->firmware/nnet_utils/nnet_common.h:45->firmware/nnet_utils/nnet_activation_stream.h:209) [36]  (0.745 ns)
	'select' operation ('select_ln65_1', firmware/nnet_utils/nnet_common.h:65->firmware/nnet_utils/nnet_common.h:43->firmware/nnet_utils/nnet_common.h:45->firmware/nnet_utils/nnet_common.h:45->firmware/nnet_utils/nnet_activation_stream.h:209) [37]  (0.353 ns)
	'icmp' operation ('icmp_ln1496_2', firmware/nnet_utils/nnet_common.h:65->firmware/nnet_utils/nnet_common.h:45->firmware/nnet_utils/nnet_common.h:45->firmware/nnet_utils/nnet_activation_stream.h:209) [38]  (0.745 ns)
	'select' operation ('select_ln65_2', firmware/nnet_utils/nnet_common.h:65->firmware/nnet_utils/nnet_common.h:45->firmware/nnet_utils/nnet_common.h:45->firmware/nnet_utils/nnet_activation_stream.h:209) [39]  (0.353 ns)

 <State 2>: 3.68ns
The critical path consists of the following:
	'icmp' operation ('icmp_ln1496_3', firmware/nnet_utils/nnet_common.h:65->firmware/nnet_utils/nnet_common.h:45->firmware/nnet_utils/nnet_activation_stream.h:209) [40]  (0.745 ns)
	'select' operation ('x_max.V', firmware/nnet_utils/nnet_common.h:65->firmware/nnet_utils/nnet_common.h:45->firmware/nnet_utils/nnet_activation_stream.h:209) [41]  (0.353 ns)
	'sub' operation ('sub_ln1193', firmware/nnet_utils/nnet_activation_stream.h:215) [44]  (0.821 ns)
	'and' operation ('and_ln786', firmware/nnet_utils/nnet_activation_stream.h:215) [48]  (0 ns)
	'select' operation ('select_ln388', firmware/nnet_utils/nnet_activation_stream.h:215) [90]  (0.303 ns)
	'select' operation ('y.V', firmware/nnet_utils/nnet_activation_stream.h:215) [91]  (0.303 ns)
	'getelementptr' operation ('exp_table3_addr', firmware/nnet_utils/nnet_activation_stream.h:225) [93]  (0 ns)
	'load' operation ('exp_res[0].V', firmware/nnet_utils/nnet_activation_stream.h:225) on array 'exp_table3' [94]  (1.16 ns)

 <State 3>: 3.63ns
The critical path consists of the following:
	'load' operation ('exp_res[0].V', firmware/nnet_utils/nnet_activation_stream.h:225) on array 'exp_table3' [94]  (1.16 ns)
	'add' operation ('__Val2__', firmware/nnet_utils/nnet_common.h:50->firmware/nnet_utils/nnet_common.h:43->firmware/nnet_utils/nnet_common.h:45->firmware/nnet_utils/nnet_common.h:45->firmware/nnet_utils/nnet_activation_stream.h:232) [125]  (0.791 ns)
	'select' operation ('__Val2__', firmware/nnet_utils/nnet_common.h:50->firmware/nnet_utils/nnet_common.h:43->firmware/nnet_utils/nnet_common.h:45->firmware/nnet_utils/nnet_common.h:45->firmware/nnet_utils/nnet_activation_stream.h:232) [127]  (0.293 ns)
	'add' operation ('ret.V', firmware/nnet_utils/nnet_common.h:50->firmware/nnet_utils/nnet_common.h:45->firmware/nnet_utils/nnet_common.h:45->firmware/nnet_utils/nnet_activation_stream.h:232) [135]  (0.797 ns)
	'and' operation ('underflow', firmware/nnet_utils/nnet_common.h:50->firmware/nnet_utils/nnet_common.h:45->firmware/nnet_utils/nnet_common.h:45->firmware/nnet_utils/nnet_activation_stream.h:232) [140]  (0 ns)
	'select' operation ('select_ln388_5', firmware/nnet_utils/nnet_common.h:50->firmware/nnet_utils/nnet_common.h:45->firmware/nnet_utils/nnet_common.h:45->firmware/nnet_utils/nnet_activation_stream.h:232) [145]  (0.293 ns)
	'select' operation ('__Val2__', firmware/nnet_utils/nnet_common.h:50->firmware/nnet_utils/nnet_common.h:45->firmware/nnet_utils/nnet_common.h:45->firmware/nnet_utils/nnet_activation_stream.h:232) [146]  (0.293 ns)

 <State 4>: 3.72ns
The critical path consists of the following:
	'load' operation ('exp_res[4].V', firmware/nnet_utils/nnet_activation_stream.h:225) on array 'exp_table3' [122]  (1.16 ns)
	'add' operation ('ret.V', firmware/nnet_utils/nnet_common.h:50->firmware/nnet_utils/nnet_common.h:45->firmware/nnet_utils/nnet_activation_stream.h:232) [150]  (0.797 ns)
	'and' operation ('underflow', firmware/nnet_utils/nnet_common.h:50->firmware/nnet_utils/nnet_common.h:45->firmware/nnet_utils/nnet_activation_stream.h:232) [155]  (0 ns)
	'select' operation ('select_ln388_6', firmware/nnet_utils/nnet_common.h:50->firmware/nnet_utils/nnet_common.h:45->firmware/nnet_utils/nnet_activation_stream.h:232) [161]  (0.303 ns)
	'select' operation ('y.V', firmware/nnet_utils/nnet_common.h:50->firmware/nnet_utils/nnet_common.h:45->firmware/nnet_utils/nnet_activation_stream.h:232) [162]  (0.303 ns)
	'getelementptr' operation ('invert_table4_addr', firmware/nnet_utils/nnet_activation_stream.h:235) [164]  (0 ns)
	'load' operation ('inv_exp_sum.V', firmware/nnet_utils/nnet_activation_stream.h:235) on array 'invert_table4' [165]  (1.16 ns)

 <State 5>: 3.19ns
The critical path consists of the following:
	'load' operation ('inv_exp_sum.V', firmware/nnet_utils/nnet_activation_stream.h:235) on array 'invert_table4' [165]  (1.16 ns)
	'mul' operation ('mul_ln1118', firmware/nnet_utils/nnet_activation_stream.h:244) [170]  (2.03 ns)


============================================================
+ Verbose Summary: Binding
============================================================
N/A
* FSMD analyzer results:
  - Output states:
 - Input state : 
  - Chain level:
	State 1
	State 2
	State 3
	State 4
	State 5


============================================================
+ Verbose Summary: Datapath Resource usage 
============================================================
N/A
