

================================================================
== Vivado HLS Report for 'fill_buffer_1'
================================================================
* Date:           Tue Dec 10 21:02:02 2024

* Version:        2020.1 (Build 2897737 on Wed May 27 20:21:37 MDT 2020)
* Project:        hls_deepset_pointwisePhi_ioparallel_prj
* Solution:       solution1
* Product family: virtexuplus
* Target device:  xcvu13p-flga2577-2-e


================================================================
== Performance Estimates
================================================================
+ Timing: 
    * Summary: 
    +--------+---------+----------+------------+
    |  Clock |  Target | Estimated| Uncertainty|
    +--------+---------+----------+------------+
    |ap_clk  | 5.00 ns | 3.080 ns |   0.62 ns  |
    +--------+---------+----------+------------+

+ Latency: 
    * Summary: 
    +---------+---------+----------+----------+-----+-----+----------+
    |  Latency (cycles) |  Latency (absolute) |  Interval | Pipeline |
    |   min   |   max   |    min   |    max   | min | max |   Type   |
    +---------+---------+----------+----------+-----+-----+----------+
    |        0|        0|   0 ns   |   0 ns   |    1|    1| function |
    +---------+---------+----------+----------+-----+-----+----------+

    + Detail: 
        * Instance: 
        N/A

        * Loop: 
        N/A



================================================================
== Utilization Estimates
================================================================
* Summary: 
+---------------------+---------+-------+---------+---------+------+
|         Name        | BRAM_18K| DSP48E|    FF   |   LUT   | URAM |
+---------------------+---------+-------+---------+---------+------+
|DSP                  |        -|      -|        -|        -|     -|
|Expression           |        -|      -|        0|     4272|     -|
|FIFO                 |        -|      -|        -|        -|     -|
|Instance             |        -|      -|        -|        -|     -|
|Memory               |        -|      -|        -|        -|     -|
|Multiplexer          |        -|      -|        -|        -|     -|
|Register             |        -|      -|        -|        -|     -|
+---------------------+---------+-------+---------+---------+------+
|Total                |        0|      0|        0|     4272|     0|
+---------------------+---------+-------+---------+---------+------+
|Available SLR        |     1344|   3072|   864000|   432000|   320|
+---------------------+---------+-------+---------+---------+------+
|Utilization SLR (%)  |        0|      0|        0|    ~0   |     0|
+---------------------+---------+-------+---------+---------+------+
|Available            |     5376|  12288|  3456000|  1728000|  1280|
+---------------------+---------+-------+---------+---------+------+
|Utilization (%)      |        0|      0|        0|    ~0   |     0|
+---------------------+---------+-------+---------+---------+------+

+ Detail: 
    * Instance: 
    N/A

    * DSP48E: 
    N/A

    * Memory: 
    N/A

    * FIFO: 
    N/A

    * Expression: 
    +----------------------------+----------+-------+---+----+------------+------------+
    |        Variable Name       | Operation| DSP48E| FF| LUT| Bitwidth P0| Bitwidth P1|
    +----------------------------+----------+-------+---+----+------------+------------+
    |icmp_ln100_fu_4404_p2       |   icmp   |      0|  0|   9|           4|           1|
    |icmp_ln104_fu_4666_p2       |   icmp   |      0|  0|   9|           4|           2|
    |icmp_ln108_fu_4928_p2       |   icmp   |      0|  0|   9|           4|           2|
    |icmp_ln112_fu_5190_p2       |   icmp   |      0|  0|   9|           4|           3|
    |icmp_ln116_fu_5452_p2       |   icmp   |      0|  0|   9|           4|           3|
    |icmp_ln120_fu_5714_p2       |   icmp   |      0|  0|   9|           4|           3|
    |icmp_ln124_fu_5976_p2       |   icmp   |      0|  0|   9|           4|           3|
    |icmp_ln128_fu_6238_p2       |   icmp   |      0|  0|  11|           4|           5|
    |icmp_ln132_fu_6500_p2       |   icmp   |      0|  0|   9|           4|           4|
    |icmp_ln136_fu_6762_p2       |   icmp   |      0|  0|   9|           4|           4|
    |icmp_ln140_fu_7024_p2       |   icmp   |      0|  0|   9|           4|           4|
    |icmp_ln144_fu_7286_p2       |   icmp   |      0|  0|   9|           4|           4|
    |icmp_ln148_fu_7548_p2       |   icmp   |      0|  0|   9|           4|           3|
    |icmp_ln152_fu_7810_p2       |   icmp   |      0|  0|   9|           4|           3|
    |icmp_ln156_fu_8072_p2       |   icmp   |      0|  0|   9|           4|           2|
    |icmp_ln96_fu_4398_p2        |   icmp   |      0|  0|   9|           4|           1|
    |or_ln156_10_fu_8140_p2      |    or    |      0|  0|   2|           1|           1|
    |or_ln156_11_fu_8146_p2      |    or    |      0|  0|   2|           1|           1|
    |or_ln156_12_fu_8152_p2      |    or    |      0|  0|   2|           1|           1|
    |or_ln156_13_fu_8158_p2      |    or    |      0|  0|   2|           1|           1|
    |or_ln156_14_fu_8164_p2      |    or    |      0|  0|   2|           1|           1|
    |or_ln156_1_fu_8170_p2       |    or    |      0|  0|   2|           1|           1|
    |or_ln156_2_fu_8092_p2       |    or    |      0|  0|   2|           1|           1|
    |or_ln156_3_fu_8098_p2       |    or    |      0|  0|   2|           1|           1|
    |or_ln156_4_fu_8104_p2       |    or    |      0|  0|   2|           1|           1|
    |or_ln156_5_fu_8110_p2       |    or    |      0|  0|   2|           1|           1|
    |or_ln156_6_fu_8116_p2       |    or    |      0|  0|   2|           1|           1|
    |or_ln156_7_fu_8122_p2       |    or    |      0|  0|   2|           1|           1|
    |or_ln156_8_fu_8128_p2       |    or    |      0|  0|   2|           1|           1|
    |or_ln156_9_fu_8134_p2       |    or    |      0|  0|   2|           1|           1|
    |or_ln156_fu_8086_p2         |    or    |      0|  0|   2|           1|           1|
    |select_ln100_10_fu_4490_p3  |  select  |      0|  0|   8|           1|           8|
    |select_ln100_11_fu_4498_p3  |  select  |      0|  0|   8|           1|           8|
    |select_ln100_12_fu_4506_p3  |  select  |      0|  0|   8|           1|           8|
    |select_ln100_13_fu_4514_p3  |  select  |      0|  0|   8|           1|           8|
    |select_ln100_14_fu_4522_p3  |  select  |      0|  0|   8|           1|           8|
    |select_ln100_15_fu_4530_p3  |  select  |      0|  0|   8|           1|           8|
    |select_ln100_16_fu_4538_p3  |  select  |      0|  0|   8|           1|           8|
    |select_ln100_17_fu_4546_p3  |  select  |      0|  0|   8|           1|           8|
    |select_ln100_18_fu_4554_p3  |  select  |      0|  0|   8|           1|           8|
    |select_ln100_19_fu_4562_p3  |  select  |      0|  0|   8|           1|           8|
    |select_ln100_1_fu_4418_p3   |  select  |      0|  0|   8|           1|           8|
    |select_ln100_20_fu_4570_p3  |  select  |      0|  0|   8|           1|           8|
    |select_ln100_21_fu_4578_p3  |  select  |      0|  0|   8|           1|           8|
    |select_ln100_22_fu_4586_p3  |  select  |      0|  0|   8|           1|           8|
    |select_ln100_23_fu_4594_p3  |  select  |      0|  0|   8|           1|           8|
    |select_ln100_24_fu_4602_p3  |  select  |      0|  0|   8|           1|           8|
    |select_ln100_25_fu_4610_p3  |  select  |      0|  0|   8|           1|           8|
    |select_ln100_26_fu_4618_p3  |  select  |      0|  0|   8|           1|           8|
    |select_ln100_27_fu_4626_p3  |  select  |      0|  0|   8|           1|           8|
    |select_ln100_28_fu_4634_p3  |  select  |      0|  0|   8|           1|           8|
    |select_ln100_29_fu_4642_p3  |  select  |      0|  0|   8|           1|           8|
    |select_ln100_2_fu_4426_p3   |  select  |      0|  0|   8|           1|           8|
    |select_ln100_30_fu_4650_p3  |  select  |      0|  0|   8|           1|           8|
    |select_ln100_31_fu_4658_p3  |  select  |      0|  0|   8|           1|           8|
    |select_ln100_3_fu_4434_p3   |  select  |      0|  0|   8|           1|           8|
    |select_ln100_4_fu_4442_p3   |  select  |      0|  0|   8|           1|           8|
    |select_ln100_5_fu_4450_p3   |  select  |      0|  0|   8|           1|           8|
    |select_ln100_6_fu_4458_p3   |  select  |      0|  0|   8|           1|           8|
    |select_ln100_7_fu_4466_p3   |  select  |      0|  0|   8|           1|           8|
    |select_ln100_8_fu_4474_p3   |  select  |      0|  0|   8|           1|           8|
    |select_ln100_9_fu_4482_p3   |  select  |      0|  0|   8|           1|           8|
    |select_ln100_fu_4410_p3     |  select  |      0|  0|   8|           1|           8|
    |select_ln104_10_fu_4752_p3  |  select  |      0|  0|   8|           1|           8|
    |select_ln104_11_fu_4760_p3  |  select  |      0|  0|   8|           1|           8|
    |select_ln104_12_fu_4768_p3  |  select  |      0|  0|   8|           1|           8|
    |select_ln104_13_fu_4776_p3  |  select  |      0|  0|   8|           1|           8|
    |select_ln104_14_fu_4784_p3  |  select  |      0|  0|   8|           1|           8|
    |select_ln104_15_fu_4792_p3  |  select  |      0|  0|   8|           1|           8|
    |select_ln104_16_fu_4800_p3  |  select  |      0|  0|   8|           1|           8|
    |select_ln104_17_fu_4808_p3  |  select  |      0|  0|   8|           1|           8|
    |select_ln104_18_fu_4816_p3  |  select  |      0|  0|   8|           1|           8|
    |select_ln104_19_fu_4824_p3  |  select  |      0|  0|   8|           1|           8|
    |select_ln104_1_fu_4680_p3   |  select  |      0|  0|   8|           1|           8|
    |select_ln104_20_fu_4832_p3  |  select  |      0|  0|   8|           1|           8|
    |select_ln104_21_fu_4840_p3  |  select  |      0|  0|   8|           1|           8|
    |select_ln104_22_fu_4848_p3  |  select  |      0|  0|   8|           1|           8|
    |select_ln104_23_fu_4856_p3  |  select  |      0|  0|   8|           1|           8|
    |select_ln104_24_fu_4864_p3  |  select  |      0|  0|   8|           1|           8|
    |select_ln104_25_fu_4872_p3  |  select  |      0|  0|   8|           1|           8|
    |select_ln104_26_fu_4880_p3  |  select  |      0|  0|   8|           1|           8|
    |select_ln104_27_fu_4888_p3  |  select  |      0|  0|   8|           1|           8|
    |select_ln104_28_fu_4896_p3  |  select  |      0|  0|   8|           1|           8|
    |select_ln104_29_fu_4904_p3  |  select  |      0|  0|   8|           1|           8|
    |select_ln104_2_fu_4688_p3   |  select  |      0|  0|   8|           1|           8|
    |select_ln104_30_fu_4912_p3  |  select  |      0|  0|   8|           1|           8|
    |select_ln104_31_fu_4920_p3  |  select  |      0|  0|   8|           1|           8|
    |select_ln104_3_fu_4696_p3   |  select  |      0|  0|   8|           1|           8|
    |select_ln104_4_fu_4704_p3   |  select  |      0|  0|   8|           1|           8|
    |select_ln104_5_fu_4712_p3   |  select  |      0|  0|   8|           1|           8|
    |select_ln104_6_fu_4720_p3   |  select  |      0|  0|   8|           1|           8|
    |select_ln104_7_fu_4728_p3   |  select  |      0|  0|   8|           1|           8|
    |select_ln104_8_fu_4736_p3   |  select  |      0|  0|   8|           1|           8|
    |select_ln104_9_fu_4744_p3   |  select  |      0|  0|   8|           1|           8|
    |select_ln104_fu_4672_p3     |  select  |      0|  0|   8|           1|           8|
    |select_ln108_10_fu_5014_p3  |  select  |      0|  0|   8|           1|           8|
    |select_ln108_11_fu_5022_p3  |  select  |      0|  0|   8|           1|           8|
    |select_ln108_12_fu_5030_p3  |  select  |      0|  0|   8|           1|           8|
    |select_ln108_13_fu_5038_p3  |  select  |      0|  0|   8|           1|           8|
    |select_ln108_14_fu_5046_p3  |  select  |      0|  0|   8|           1|           8|
    |select_ln108_15_fu_5054_p3  |  select  |      0|  0|   8|           1|           8|
    |select_ln108_16_fu_5062_p3  |  select  |      0|  0|   8|           1|           8|
    |select_ln108_17_fu_5070_p3  |  select  |      0|  0|   8|           1|           8|
    |select_ln108_18_fu_5078_p3  |  select  |      0|  0|   8|           1|           8|
    |select_ln108_19_fu_5086_p3  |  select  |      0|  0|   8|           1|           8|
    |select_ln108_1_fu_4942_p3   |  select  |      0|  0|   8|           1|           8|
    |select_ln108_20_fu_5094_p3  |  select  |      0|  0|   8|           1|           8|
    |select_ln108_21_fu_5102_p3  |  select  |      0|  0|   8|           1|           8|
    |select_ln108_22_fu_5110_p3  |  select  |      0|  0|   8|           1|           8|
    |select_ln108_23_fu_5118_p3  |  select  |      0|  0|   8|           1|           8|
    |select_ln108_24_fu_5126_p3  |  select  |      0|  0|   8|           1|           8|
    |select_ln108_25_fu_5134_p3  |  select  |      0|  0|   8|           1|           8|
    |select_ln108_26_fu_5142_p3  |  select  |      0|  0|   8|           1|           8|
    |select_ln108_27_fu_5150_p3  |  select  |      0|  0|   8|           1|           8|
    |select_ln108_28_fu_5158_p3  |  select  |      0|  0|   8|           1|           8|
    |select_ln108_29_fu_5166_p3  |  select  |      0|  0|   8|           1|           8|
    |select_ln108_2_fu_4950_p3   |  select  |      0|  0|   8|           1|           8|
    |select_ln108_30_fu_5174_p3  |  select  |      0|  0|   8|           1|           8|
    |select_ln108_31_fu_5182_p3  |  select  |      0|  0|   8|           1|           8|
    |select_ln108_3_fu_4958_p3   |  select  |      0|  0|   8|           1|           8|
    |select_ln108_4_fu_4966_p3   |  select  |      0|  0|   8|           1|           8|
    |select_ln108_5_fu_4974_p3   |  select  |      0|  0|   8|           1|           8|
    |select_ln108_6_fu_4982_p3   |  select  |      0|  0|   8|           1|           8|
    |select_ln108_7_fu_4990_p3   |  select  |      0|  0|   8|           1|           8|
    |select_ln108_8_fu_4998_p3   |  select  |      0|  0|   8|           1|           8|
    |select_ln108_9_fu_5006_p3   |  select  |      0|  0|   8|           1|           8|
    |select_ln108_fu_4934_p3     |  select  |      0|  0|   8|           1|           8|
    |select_ln112_10_fu_5276_p3  |  select  |      0|  0|   8|           1|           8|
    |select_ln112_11_fu_5284_p3  |  select  |      0|  0|   8|           1|           8|
    |select_ln112_12_fu_5292_p3  |  select  |      0|  0|   8|           1|           8|
    |select_ln112_13_fu_5300_p3  |  select  |      0|  0|   8|           1|           8|
    |select_ln112_14_fu_5308_p3  |  select  |      0|  0|   8|           1|           8|
    |select_ln112_15_fu_5316_p3  |  select  |      0|  0|   8|           1|           8|
    |select_ln112_16_fu_5324_p3  |  select  |      0|  0|   8|           1|           8|
    |select_ln112_17_fu_5332_p3  |  select  |      0|  0|   8|           1|           8|
    |select_ln112_18_fu_5340_p3  |  select  |      0|  0|   8|           1|           8|
    |select_ln112_19_fu_5348_p3  |  select  |      0|  0|   8|           1|           8|
    |select_ln112_1_fu_5204_p3   |  select  |      0|  0|   8|           1|           8|
    |select_ln112_20_fu_5356_p3  |  select  |      0|  0|   8|           1|           8|
    |select_ln112_21_fu_5364_p3  |  select  |      0|  0|   8|           1|           8|
    |select_ln112_22_fu_5372_p3  |  select  |      0|  0|   8|           1|           8|
    |select_ln112_23_fu_5380_p3  |  select  |      0|  0|   8|           1|           8|
    |select_ln112_24_fu_5388_p3  |  select  |      0|  0|   8|           1|           8|
    |select_ln112_25_fu_5396_p3  |  select  |      0|  0|   8|           1|           8|
    |select_ln112_26_fu_5404_p3  |  select  |      0|  0|   8|           1|           8|
    |select_ln112_27_fu_5412_p3  |  select  |      0|  0|   8|           1|           8|
    |select_ln112_28_fu_5420_p3  |  select  |      0|  0|   8|           1|           8|
    |select_ln112_29_fu_5428_p3  |  select  |      0|  0|   8|           1|           8|
    |select_ln112_2_fu_5212_p3   |  select  |      0|  0|   8|           1|           8|
    |select_ln112_30_fu_5436_p3  |  select  |      0|  0|   8|           1|           8|
    |select_ln112_31_fu_5444_p3  |  select  |      0|  0|   8|           1|           8|
    |select_ln112_3_fu_5220_p3   |  select  |      0|  0|   8|           1|           8|
    |select_ln112_4_fu_5228_p3   |  select  |      0|  0|   8|           1|           8|
    |select_ln112_5_fu_5236_p3   |  select  |      0|  0|   8|           1|           8|
    |select_ln112_6_fu_5244_p3   |  select  |      0|  0|   8|           1|           8|
    |select_ln112_7_fu_5252_p3   |  select  |      0|  0|   8|           1|           8|
    |select_ln112_8_fu_5260_p3   |  select  |      0|  0|   8|           1|           8|
    |select_ln112_9_fu_5268_p3   |  select  |      0|  0|   8|           1|           8|
    |select_ln112_fu_5196_p3     |  select  |      0|  0|   8|           1|           8|
    |select_ln116_10_fu_5538_p3  |  select  |      0|  0|   8|           1|           8|
    |select_ln116_11_fu_5546_p3  |  select  |      0|  0|   8|           1|           8|
    |select_ln116_12_fu_5554_p3  |  select  |      0|  0|   8|           1|           8|
    |select_ln116_13_fu_5562_p3  |  select  |      0|  0|   8|           1|           8|
    |select_ln116_14_fu_5570_p3  |  select  |      0|  0|   8|           1|           8|
    |select_ln116_15_fu_5578_p3  |  select  |      0|  0|   8|           1|           8|
    |select_ln116_16_fu_5586_p3  |  select  |      0|  0|   8|           1|           8|
    |select_ln116_17_fu_5594_p3  |  select  |      0|  0|   8|           1|           8|
    |select_ln116_18_fu_5602_p3  |  select  |      0|  0|   8|           1|           8|
    |select_ln116_19_fu_5610_p3  |  select  |      0|  0|   8|           1|           8|
    |select_ln116_1_fu_5466_p3   |  select  |      0|  0|   8|           1|           8|
    |select_ln116_20_fu_5618_p3  |  select  |      0|  0|   8|           1|           8|
    |select_ln116_21_fu_5626_p3  |  select  |      0|  0|   8|           1|           8|
    |select_ln116_22_fu_5634_p3  |  select  |      0|  0|   8|           1|           8|
    |select_ln116_23_fu_5642_p3  |  select  |      0|  0|   8|           1|           8|
    |select_ln116_24_fu_5650_p3  |  select  |      0|  0|   8|           1|           8|
    |select_ln116_25_fu_5658_p3  |  select  |      0|  0|   8|           1|           8|
    |select_ln116_26_fu_5666_p3  |  select  |      0|  0|   8|           1|           8|
    |select_ln116_27_fu_5674_p3  |  select  |      0|  0|   8|           1|           8|
    |select_ln116_28_fu_5682_p3  |  select  |      0|  0|   8|           1|           8|
    |select_ln116_29_fu_5690_p3  |  select  |      0|  0|   8|           1|           8|
    |select_ln116_2_fu_5474_p3   |  select  |      0|  0|   8|           1|           8|
    |select_ln116_30_fu_5698_p3  |  select  |      0|  0|   8|           1|           8|
    |select_ln116_31_fu_5706_p3  |  select  |      0|  0|   8|           1|           8|
    |select_ln116_3_fu_5482_p3   |  select  |      0|  0|   8|           1|           8|
    |select_ln116_4_fu_5490_p3   |  select  |      0|  0|   8|           1|           8|
    |select_ln116_5_fu_5498_p3   |  select  |      0|  0|   8|           1|           8|
    |select_ln116_6_fu_5506_p3   |  select  |      0|  0|   8|           1|           8|
    |select_ln116_7_fu_5514_p3   |  select  |      0|  0|   8|           1|           8|
    |select_ln116_8_fu_5522_p3   |  select  |      0|  0|   8|           1|           8|
    |select_ln116_9_fu_5530_p3   |  select  |      0|  0|   8|           1|           8|
    |select_ln116_fu_5458_p3     |  select  |      0|  0|   8|           1|           8|
    |select_ln120_10_fu_5800_p3  |  select  |      0|  0|   8|           1|           8|
    |select_ln120_11_fu_5808_p3  |  select  |      0|  0|   8|           1|           8|
    |select_ln120_12_fu_5816_p3  |  select  |      0|  0|   8|           1|           8|
    |select_ln120_13_fu_5824_p3  |  select  |      0|  0|   8|           1|           8|
    |select_ln120_14_fu_5832_p3  |  select  |      0|  0|   8|           1|           8|
    |select_ln120_15_fu_5840_p3  |  select  |      0|  0|   8|           1|           8|
    |select_ln120_16_fu_5848_p3  |  select  |      0|  0|   8|           1|           8|
    |select_ln120_17_fu_5856_p3  |  select  |      0|  0|   8|           1|           8|
    |select_ln120_18_fu_5864_p3  |  select  |      0|  0|   8|           1|           8|
    |select_ln120_19_fu_5872_p3  |  select  |      0|  0|   8|           1|           8|
    |select_ln120_1_fu_5728_p3   |  select  |      0|  0|   8|           1|           8|
    |select_ln120_20_fu_5880_p3  |  select  |      0|  0|   8|           1|           8|
    |select_ln120_21_fu_5888_p3  |  select  |      0|  0|   8|           1|           8|
    |select_ln120_22_fu_5896_p3  |  select  |      0|  0|   8|           1|           8|
    |select_ln120_23_fu_5904_p3  |  select  |      0|  0|   8|           1|           8|
    |select_ln120_24_fu_5912_p3  |  select  |      0|  0|   8|           1|           8|
    |select_ln120_25_fu_5920_p3  |  select  |      0|  0|   8|           1|           8|
    |select_ln120_26_fu_5928_p3  |  select  |      0|  0|   8|           1|           8|
    |select_ln120_27_fu_5936_p3  |  select  |      0|  0|   8|           1|           8|
    |select_ln120_28_fu_5944_p3  |  select  |      0|  0|   8|           1|           8|
    |select_ln120_29_fu_5952_p3  |  select  |      0|  0|   8|           1|           8|
    |select_ln120_2_fu_5736_p3   |  select  |      0|  0|   8|           1|           8|
    |select_ln120_30_fu_5960_p3  |  select  |      0|  0|   8|           1|           8|
    |select_ln120_31_fu_5968_p3  |  select  |      0|  0|   8|           1|           8|
    |select_ln120_3_fu_5744_p3   |  select  |      0|  0|   8|           1|           8|
    |select_ln120_4_fu_5752_p3   |  select  |      0|  0|   8|           1|           8|
    |select_ln120_5_fu_5760_p3   |  select  |      0|  0|   8|           1|           8|
    |select_ln120_6_fu_5768_p3   |  select  |      0|  0|   8|           1|           8|
    |select_ln120_7_fu_5776_p3   |  select  |      0|  0|   8|           1|           8|
    |select_ln120_8_fu_5784_p3   |  select  |      0|  0|   8|           1|           8|
    |select_ln120_9_fu_5792_p3   |  select  |      0|  0|   8|           1|           8|
    |select_ln120_fu_5720_p3     |  select  |      0|  0|   8|           1|           8|
    |select_ln124_10_fu_6062_p3  |  select  |      0|  0|   8|           1|           8|
    |select_ln124_11_fu_6070_p3  |  select  |      0|  0|   8|           1|           8|
    |select_ln124_12_fu_6078_p3  |  select  |      0|  0|   8|           1|           8|
    |select_ln124_13_fu_6086_p3  |  select  |      0|  0|   8|           1|           8|
    |select_ln124_14_fu_6094_p3  |  select  |      0|  0|   8|           1|           8|
    |select_ln124_15_fu_6102_p3  |  select  |      0|  0|   8|           1|           8|
    |select_ln124_16_fu_6110_p3  |  select  |      0|  0|   8|           1|           8|
    |select_ln124_17_fu_6118_p3  |  select  |      0|  0|   8|           1|           8|
    |select_ln124_18_fu_6126_p3  |  select  |      0|  0|   8|           1|           8|
    |select_ln124_19_fu_6134_p3  |  select  |      0|  0|   8|           1|           8|
    |select_ln124_1_fu_5990_p3   |  select  |      0|  0|   8|           1|           8|
    |select_ln124_20_fu_6142_p3  |  select  |      0|  0|   8|           1|           8|
    |select_ln124_21_fu_6150_p3  |  select  |      0|  0|   8|           1|           8|
    |select_ln124_22_fu_6158_p3  |  select  |      0|  0|   8|           1|           8|
    |select_ln124_23_fu_6166_p3  |  select  |      0|  0|   8|           1|           8|
    |select_ln124_24_fu_6174_p3  |  select  |      0|  0|   8|           1|           8|
    |select_ln124_25_fu_6182_p3  |  select  |      0|  0|   8|           1|           8|
    |select_ln124_26_fu_6190_p3  |  select  |      0|  0|   8|           1|           8|
    |select_ln124_27_fu_6198_p3  |  select  |      0|  0|   8|           1|           8|
    |select_ln124_28_fu_6206_p3  |  select  |      0|  0|   8|           1|           8|
    |select_ln124_29_fu_6214_p3  |  select  |      0|  0|   8|           1|           8|
    |select_ln124_2_fu_5998_p3   |  select  |      0|  0|   8|           1|           8|
    |select_ln124_30_fu_6222_p3  |  select  |      0|  0|   8|           1|           8|
    |select_ln124_31_fu_6230_p3  |  select  |      0|  0|   8|           1|           8|
    |select_ln124_3_fu_6006_p3   |  select  |      0|  0|   8|           1|           8|
    |select_ln124_4_fu_6014_p3   |  select  |      0|  0|   8|           1|           8|
    |select_ln124_5_fu_6022_p3   |  select  |      0|  0|   8|           1|           8|
    |select_ln124_6_fu_6030_p3   |  select  |      0|  0|   8|           1|           8|
    |select_ln124_7_fu_6038_p3   |  select  |      0|  0|   8|           1|           8|
    |select_ln124_8_fu_6046_p3   |  select  |      0|  0|   8|           1|           8|
    |select_ln124_9_fu_6054_p3   |  select  |      0|  0|   8|           1|           8|
    |select_ln124_fu_5982_p3     |  select  |      0|  0|   8|           1|           8|
    |select_ln128_10_fu_6324_p3  |  select  |      0|  0|   8|           1|           8|
    |select_ln128_11_fu_6332_p3  |  select  |      0|  0|   8|           1|           8|
    |select_ln128_12_fu_6340_p3  |  select  |      0|  0|   8|           1|           8|
    |select_ln128_13_fu_6348_p3  |  select  |      0|  0|   8|           1|           8|
    |select_ln128_14_fu_6356_p3  |  select  |      0|  0|   8|           1|           8|
    |select_ln128_15_fu_6364_p3  |  select  |      0|  0|   8|           1|           8|
    |select_ln128_16_fu_6372_p3  |  select  |      0|  0|   8|           1|           8|
    |select_ln128_17_fu_6380_p3  |  select  |      0|  0|   8|           1|           8|
    |select_ln128_18_fu_6388_p3  |  select  |      0|  0|   8|           1|           8|
    |select_ln128_19_fu_6396_p3  |  select  |      0|  0|   8|           1|           8|
    |select_ln128_1_fu_6252_p3   |  select  |      0|  0|   8|           1|           8|
    |select_ln128_20_fu_6404_p3  |  select  |      0|  0|   8|           1|           8|
    |select_ln128_21_fu_6412_p3  |  select  |      0|  0|   8|           1|           8|
    |select_ln128_22_fu_6420_p3  |  select  |      0|  0|   8|           1|           8|
    |select_ln128_23_fu_6428_p3  |  select  |      0|  0|   8|           1|           8|
    |select_ln128_24_fu_6436_p3  |  select  |      0|  0|   8|           1|           8|
    |select_ln128_25_fu_6444_p3  |  select  |      0|  0|   8|           1|           8|
    |select_ln128_26_fu_6452_p3  |  select  |      0|  0|   8|           1|           8|
    |select_ln128_27_fu_6460_p3  |  select  |      0|  0|   8|           1|           8|
    |select_ln128_28_fu_6468_p3  |  select  |      0|  0|   8|           1|           8|
    |select_ln128_29_fu_6476_p3  |  select  |      0|  0|   8|           1|           8|
    |select_ln128_2_fu_6260_p3   |  select  |      0|  0|   8|           1|           8|
    |select_ln128_30_fu_6484_p3  |  select  |      0|  0|   8|           1|           8|
    |select_ln128_31_fu_6492_p3  |  select  |      0|  0|   8|           1|           8|
    |select_ln128_3_fu_6268_p3   |  select  |      0|  0|   8|           1|           8|
    |select_ln128_4_fu_6276_p3   |  select  |      0|  0|   8|           1|           8|
    |select_ln128_5_fu_6284_p3   |  select  |      0|  0|   8|           1|           8|
    |select_ln128_6_fu_6292_p3   |  select  |      0|  0|   8|           1|           8|
    |select_ln128_7_fu_6300_p3   |  select  |      0|  0|   8|           1|           8|
    |select_ln128_8_fu_6308_p3   |  select  |      0|  0|   8|           1|           8|
    |select_ln128_9_fu_6316_p3   |  select  |      0|  0|   8|           1|           8|
    |select_ln128_fu_6244_p3     |  select  |      0|  0|   8|           1|           8|
    |select_ln132_10_fu_6586_p3  |  select  |      0|  0|   8|           1|           8|
    |select_ln132_11_fu_6594_p3  |  select  |      0|  0|   8|           1|           8|
    |select_ln132_12_fu_6602_p3  |  select  |      0|  0|   8|           1|           8|
    |select_ln132_13_fu_6610_p3  |  select  |      0|  0|   8|           1|           8|
    |select_ln132_14_fu_6618_p3  |  select  |      0|  0|   8|           1|           8|
    |select_ln132_15_fu_6626_p3  |  select  |      0|  0|   8|           1|           8|
    |select_ln132_16_fu_6634_p3  |  select  |      0|  0|   8|           1|           8|
    |select_ln132_17_fu_6642_p3  |  select  |      0|  0|   8|           1|           8|
    |select_ln132_18_fu_6650_p3  |  select  |      0|  0|   8|           1|           8|
    |select_ln132_19_fu_6658_p3  |  select  |      0|  0|   8|           1|           8|
    |select_ln132_1_fu_6514_p3   |  select  |      0|  0|   8|           1|           8|
    |select_ln132_20_fu_6666_p3  |  select  |      0|  0|   8|           1|           8|
    |select_ln132_21_fu_6674_p3  |  select  |      0|  0|   8|           1|           8|
    |select_ln132_22_fu_6682_p3  |  select  |      0|  0|   8|           1|           8|
    |select_ln132_23_fu_6690_p3  |  select  |      0|  0|   8|           1|           8|
    |select_ln132_24_fu_6698_p3  |  select  |      0|  0|   8|           1|           8|
    |select_ln132_25_fu_6706_p3  |  select  |      0|  0|   8|           1|           8|
    |select_ln132_26_fu_6714_p3  |  select  |      0|  0|   8|           1|           8|
    |select_ln132_27_fu_6722_p3  |  select  |      0|  0|   8|           1|           8|
    |select_ln132_28_fu_6730_p3  |  select  |      0|  0|   8|           1|           8|
    |select_ln132_29_fu_6738_p3  |  select  |      0|  0|   8|           1|           8|
    |select_ln132_2_fu_6522_p3   |  select  |      0|  0|   8|           1|           8|
    |select_ln132_30_fu_6746_p3  |  select  |      0|  0|   8|           1|           8|
    |select_ln132_31_fu_6754_p3  |  select  |      0|  0|   8|           1|           8|
    |select_ln132_3_fu_6530_p3   |  select  |      0|  0|   8|           1|           8|
    |select_ln132_4_fu_6538_p3   |  select  |      0|  0|   8|           1|           8|
    |select_ln132_5_fu_6546_p3   |  select  |      0|  0|   8|           1|           8|
    |select_ln132_6_fu_6554_p3   |  select  |      0|  0|   8|           1|           8|
    |select_ln132_7_fu_6562_p3   |  select  |      0|  0|   8|           1|           8|
    |select_ln132_8_fu_6570_p3   |  select  |      0|  0|   8|           1|           8|
    |select_ln132_9_fu_6578_p3   |  select  |      0|  0|   8|           1|           8|
    |select_ln132_fu_6506_p3     |  select  |      0|  0|   8|           1|           8|
    |select_ln136_10_fu_6848_p3  |  select  |      0|  0|   8|           1|           8|
    |select_ln136_11_fu_6856_p3  |  select  |      0|  0|   8|           1|           8|
    |select_ln136_12_fu_6864_p3  |  select  |      0|  0|   8|           1|           8|
    |select_ln136_13_fu_6872_p3  |  select  |      0|  0|   8|           1|           8|
    |select_ln136_14_fu_6880_p3  |  select  |      0|  0|   8|           1|           8|
    |select_ln136_15_fu_6888_p3  |  select  |      0|  0|   8|           1|           8|
    |select_ln136_16_fu_6896_p3  |  select  |      0|  0|   8|           1|           8|
    |select_ln136_17_fu_6904_p3  |  select  |      0|  0|   8|           1|           8|
    |select_ln136_18_fu_6912_p3  |  select  |      0|  0|   8|           1|           8|
    |select_ln136_19_fu_6920_p3  |  select  |      0|  0|   8|           1|           8|
    |select_ln136_1_fu_6776_p3   |  select  |      0|  0|   8|           1|           8|
    |select_ln136_20_fu_6928_p3  |  select  |      0|  0|   8|           1|           8|
    |select_ln136_21_fu_6936_p3  |  select  |      0|  0|   8|           1|           8|
    |select_ln136_22_fu_6944_p3  |  select  |      0|  0|   8|           1|           8|
    |select_ln136_23_fu_6952_p3  |  select  |      0|  0|   8|           1|           8|
    |select_ln136_24_fu_6960_p3  |  select  |      0|  0|   8|           1|           8|
    |select_ln136_25_fu_6968_p3  |  select  |      0|  0|   8|           1|           8|
    |select_ln136_26_fu_6976_p3  |  select  |      0|  0|   8|           1|           8|
    |select_ln136_27_fu_6984_p3  |  select  |      0|  0|   8|           1|           8|
    |select_ln136_28_fu_6992_p3  |  select  |      0|  0|   8|           1|           8|
    |select_ln136_29_fu_7000_p3  |  select  |      0|  0|   8|           1|           8|
    |select_ln136_2_fu_6784_p3   |  select  |      0|  0|   8|           1|           8|
    |select_ln136_30_fu_7008_p3  |  select  |      0|  0|   8|           1|           8|
    |select_ln136_31_fu_7016_p3  |  select  |      0|  0|   8|           1|           8|
    |select_ln136_3_fu_6792_p3   |  select  |      0|  0|   8|           1|           8|
    |select_ln136_4_fu_6800_p3   |  select  |      0|  0|   8|           1|           8|
    |select_ln136_5_fu_6808_p3   |  select  |      0|  0|   8|           1|           8|
    |select_ln136_6_fu_6816_p3   |  select  |      0|  0|   8|           1|           8|
    |select_ln136_7_fu_6824_p3   |  select  |      0|  0|   8|           1|           8|
    |select_ln136_8_fu_6832_p3   |  select  |      0|  0|   8|           1|           8|
    |select_ln136_9_fu_6840_p3   |  select  |      0|  0|   8|           1|           8|
    |select_ln136_fu_6768_p3     |  select  |      0|  0|   8|           1|           8|
    |select_ln140_10_fu_7110_p3  |  select  |      0|  0|   8|           1|           8|
    |select_ln140_11_fu_7118_p3  |  select  |      0|  0|   8|           1|           8|
    |select_ln140_12_fu_7126_p3  |  select  |      0|  0|   8|           1|           8|
    |select_ln140_13_fu_7134_p3  |  select  |      0|  0|   8|           1|           8|
    |select_ln140_14_fu_7142_p3  |  select  |      0|  0|   8|           1|           8|
    |select_ln140_15_fu_7150_p3  |  select  |      0|  0|   8|           1|           8|
    |select_ln140_16_fu_7158_p3  |  select  |      0|  0|   8|           1|           8|
    |select_ln140_17_fu_7166_p3  |  select  |      0|  0|   8|           1|           8|
    |select_ln140_18_fu_7174_p3  |  select  |      0|  0|   8|           1|           8|
    |select_ln140_19_fu_7182_p3  |  select  |      0|  0|   8|           1|           8|
    |select_ln140_1_fu_7038_p3   |  select  |      0|  0|   8|           1|           8|
    |select_ln140_20_fu_7190_p3  |  select  |      0|  0|   8|           1|           8|
    |select_ln140_21_fu_7198_p3  |  select  |      0|  0|   8|           1|           8|
    |select_ln140_22_fu_7206_p3  |  select  |      0|  0|   8|           1|           8|
    |select_ln140_23_fu_7214_p3  |  select  |      0|  0|   8|           1|           8|
    |select_ln140_24_fu_7222_p3  |  select  |      0|  0|   8|           1|           8|
    |select_ln140_25_fu_7230_p3  |  select  |      0|  0|   8|           1|           8|
    |select_ln140_26_fu_7238_p3  |  select  |      0|  0|   8|           1|           8|
    |select_ln140_27_fu_7246_p3  |  select  |      0|  0|   8|           1|           8|
    |select_ln140_28_fu_7254_p3  |  select  |      0|  0|   8|           1|           8|
    |select_ln140_29_fu_7262_p3  |  select  |      0|  0|   8|           1|           8|
    |select_ln140_2_fu_7046_p3   |  select  |      0|  0|   8|           1|           8|
    |select_ln140_30_fu_7270_p3  |  select  |      0|  0|   8|           1|           8|
    |select_ln140_31_fu_7278_p3  |  select  |      0|  0|   8|           1|           8|
    |select_ln140_3_fu_7054_p3   |  select  |      0|  0|   8|           1|           8|
    |select_ln140_4_fu_7062_p3   |  select  |      0|  0|   8|           1|           8|
    |select_ln140_5_fu_7070_p3   |  select  |      0|  0|   8|           1|           8|
    |select_ln140_6_fu_7078_p3   |  select  |      0|  0|   8|           1|           8|
    |select_ln140_7_fu_7086_p3   |  select  |      0|  0|   8|           1|           8|
    |select_ln140_8_fu_7094_p3   |  select  |      0|  0|   8|           1|           8|
    |select_ln140_9_fu_7102_p3   |  select  |      0|  0|   8|           1|           8|
    |select_ln140_fu_7030_p3     |  select  |      0|  0|   8|           1|           8|
    |select_ln144_10_fu_7372_p3  |  select  |      0|  0|   8|           1|           8|
    |select_ln144_11_fu_7380_p3  |  select  |      0|  0|   8|           1|           8|
    |select_ln144_12_fu_7388_p3  |  select  |      0|  0|   8|           1|           8|
    |select_ln144_13_fu_7396_p3  |  select  |      0|  0|   8|           1|           8|
    |select_ln144_14_fu_7404_p3  |  select  |      0|  0|   8|           1|           8|
    |select_ln144_15_fu_7412_p3  |  select  |      0|  0|   8|           1|           8|
    |select_ln144_16_fu_7420_p3  |  select  |      0|  0|   8|           1|           8|
    |select_ln144_17_fu_7428_p3  |  select  |      0|  0|   8|           1|           8|
    |select_ln144_18_fu_7436_p3  |  select  |      0|  0|   8|           1|           8|
    |select_ln144_19_fu_7444_p3  |  select  |      0|  0|   8|           1|           8|
    |select_ln144_1_fu_7300_p3   |  select  |      0|  0|   8|           1|           8|
    |select_ln144_20_fu_7452_p3  |  select  |      0|  0|   8|           1|           8|
    |select_ln144_21_fu_7460_p3  |  select  |      0|  0|   8|           1|           8|
    |select_ln144_22_fu_7468_p3  |  select  |      0|  0|   8|           1|           8|
    |select_ln144_23_fu_7476_p3  |  select  |      0|  0|   8|           1|           8|
    |select_ln144_24_fu_7484_p3  |  select  |      0|  0|   8|           1|           8|
    |select_ln144_25_fu_7492_p3  |  select  |      0|  0|   8|           1|           8|
    |select_ln144_26_fu_7500_p3  |  select  |      0|  0|   8|           1|           8|
    |select_ln144_27_fu_7508_p3  |  select  |      0|  0|   8|           1|           8|
    |select_ln144_28_fu_7516_p3  |  select  |      0|  0|   8|           1|           8|
    |select_ln144_29_fu_7524_p3  |  select  |      0|  0|   8|           1|           8|
    |select_ln144_2_fu_7308_p3   |  select  |      0|  0|   8|           1|           8|
    |select_ln144_30_fu_7532_p3  |  select  |      0|  0|   8|           1|           8|
    |select_ln144_31_fu_7540_p3  |  select  |      0|  0|   8|           1|           8|
    |select_ln144_3_fu_7316_p3   |  select  |      0|  0|   8|           1|           8|
    |select_ln144_4_fu_7324_p3   |  select  |      0|  0|   8|           1|           8|
    |select_ln144_5_fu_7332_p3   |  select  |      0|  0|   8|           1|           8|
    |select_ln144_6_fu_7340_p3   |  select  |      0|  0|   8|           1|           8|
    |select_ln144_7_fu_7348_p3   |  select  |      0|  0|   8|           1|           8|
    |select_ln144_8_fu_7356_p3   |  select  |      0|  0|   8|           1|           8|
    |select_ln144_9_fu_7364_p3   |  select  |      0|  0|   8|           1|           8|
    |select_ln144_fu_7292_p3     |  select  |      0|  0|   8|           1|           8|
    |select_ln148_10_fu_7634_p3  |  select  |      0|  0|   8|           1|           8|
    |select_ln148_11_fu_7642_p3  |  select  |      0|  0|   8|           1|           8|
    |select_ln148_12_fu_7650_p3  |  select  |      0|  0|   8|           1|           8|
    |select_ln148_13_fu_7658_p3  |  select  |      0|  0|   8|           1|           8|
    |select_ln148_14_fu_7666_p3  |  select  |      0|  0|   8|           1|           8|
    |select_ln148_15_fu_7674_p3  |  select  |      0|  0|   8|           1|           8|
    |select_ln148_16_fu_7682_p3  |  select  |      0|  0|   8|           1|           8|
    |select_ln148_17_fu_7690_p3  |  select  |      0|  0|   8|           1|           8|
    |select_ln148_18_fu_7698_p3  |  select  |      0|  0|   8|           1|           8|
    |select_ln148_19_fu_7706_p3  |  select  |      0|  0|   8|           1|           8|
    |select_ln148_1_fu_7562_p3   |  select  |      0|  0|   8|           1|           8|
    |select_ln148_20_fu_7714_p3  |  select  |      0|  0|   8|           1|           8|
    |select_ln148_21_fu_7722_p3  |  select  |      0|  0|   8|           1|           8|
    |select_ln148_22_fu_7730_p3  |  select  |      0|  0|   8|           1|           8|
    |select_ln148_23_fu_7738_p3  |  select  |      0|  0|   8|           1|           8|
    |select_ln148_24_fu_7746_p3  |  select  |      0|  0|   8|           1|           8|
    |select_ln148_25_fu_7754_p3  |  select  |      0|  0|   8|           1|           8|
    |select_ln148_26_fu_7762_p3  |  select  |      0|  0|   8|           1|           8|
    |select_ln148_27_fu_7770_p3  |  select  |      0|  0|   8|           1|           8|
    |select_ln148_28_fu_7778_p3  |  select  |      0|  0|   8|           1|           8|
    |select_ln148_29_fu_7786_p3  |  select  |      0|  0|   8|           1|           8|
    |select_ln148_2_fu_7570_p3   |  select  |      0|  0|   8|           1|           8|
    |select_ln148_30_fu_7794_p3  |  select  |      0|  0|   8|           1|           8|
    |select_ln148_31_fu_7802_p3  |  select  |      0|  0|   8|           1|           8|
    |select_ln148_3_fu_7578_p3   |  select  |      0|  0|   8|           1|           8|
    |select_ln148_4_fu_7586_p3   |  select  |      0|  0|   8|           1|           8|
    |select_ln148_5_fu_7594_p3   |  select  |      0|  0|   8|           1|           8|
    |select_ln148_6_fu_7602_p3   |  select  |      0|  0|   8|           1|           8|
    |select_ln148_7_fu_7610_p3   |  select  |      0|  0|   8|           1|           8|
    |select_ln148_8_fu_7618_p3   |  select  |      0|  0|   8|           1|           8|
    |select_ln148_9_fu_7626_p3   |  select  |      0|  0|   8|           1|           8|
    |select_ln148_fu_7554_p3     |  select  |      0|  0|   8|           1|           8|
    |select_ln152_10_fu_7896_p3  |  select  |      0|  0|   8|           1|           8|
    |select_ln152_11_fu_7904_p3  |  select  |      0|  0|   8|           1|           8|
    |select_ln152_12_fu_7912_p3  |  select  |      0|  0|   8|           1|           8|
    |select_ln152_13_fu_7920_p3  |  select  |      0|  0|   8|           1|           8|
    |select_ln152_14_fu_7928_p3  |  select  |      0|  0|   8|           1|           8|
    |select_ln152_15_fu_7936_p3  |  select  |      0|  0|   8|           1|           8|
    |select_ln152_16_fu_7944_p3  |  select  |      0|  0|   8|           1|           8|
    |select_ln152_17_fu_7952_p3  |  select  |      0|  0|   8|           1|           8|
    |select_ln152_18_fu_7960_p3  |  select  |      0|  0|   8|           1|           8|
    |select_ln152_19_fu_7968_p3  |  select  |      0|  0|   8|           1|           8|
    |select_ln152_1_fu_7824_p3   |  select  |      0|  0|   8|           1|           8|
    |select_ln152_20_fu_7976_p3  |  select  |      0|  0|   8|           1|           8|
    |select_ln152_21_fu_7984_p3  |  select  |      0|  0|   8|           1|           8|
    |select_ln152_22_fu_7992_p3  |  select  |      0|  0|   8|           1|           8|
    |select_ln152_23_fu_8000_p3  |  select  |      0|  0|   8|           1|           8|
    |select_ln152_24_fu_8008_p3  |  select  |      0|  0|   8|           1|           8|
    |select_ln152_25_fu_8016_p3  |  select  |      0|  0|   8|           1|           8|
    |select_ln152_26_fu_8024_p3  |  select  |      0|  0|   8|           1|           8|
    |select_ln152_27_fu_8032_p3  |  select  |      0|  0|   8|           1|           8|
    |select_ln152_28_fu_8040_p3  |  select  |      0|  0|   8|           1|           8|
    |select_ln152_29_fu_8048_p3  |  select  |      0|  0|   8|           1|           8|
    |select_ln152_2_fu_7832_p3   |  select  |      0|  0|   8|           1|           8|
    |select_ln152_30_fu_8056_p3  |  select  |      0|  0|   8|           1|           8|
    |select_ln152_31_fu_8064_p3  |  select  |      0|  0|   8|           1|           8|
    |select_ln152_3_fu_7840_p3   |  select  |      0|  0|   8|           1|           8|
    |select_ln152_4_fu_7848_p3   |  select  |      0|  0|   8|           1|           8|
    |select_ln152_5_fu_7856_p3   |  select  |      0|  0|   8|           1|           8|
    |select_ln152_6_fu_7864_p3   |  select  |      0|  0|   8|           1|           8|
    |select_ln152_7_fu_7872_p3   |  select  |      0|  0|   8|           1|           8|
    |select_ln152_8_fu_7880_p3   |  select  |      0|  0|   8|           1|           8|
    |select_ln152_9_fu_7888_p3   |  select  |      0|  0|   8|           1|           8|
    |select_ln152_fu_7816_p3     |  select  |      0|  0|   8|           1|           8|
    |select_ln156_10_fu_8248_p3  |  select  |      0|  0|   8|           1|           8|
    |select_ln156_11_fu_8256_p3  |  select  |      0|  0|   8|           1|           8|
    |select_ln156_12_fu_8264_p3  |  select  |      0|  0|   8|           1|           8|
    |select_ln156_13_fu_8272_p3  |  select  |      0|  0|   8|           1|           8|
    |select_ln156_14_fu_8280_p3  |  select  |      0|  0|   8|           1|           8|
    |select_ln156_15_fu_8288_p3  |  select  |      0|  0|   8|           1|           8|
    |select_ln156_16_fu_8296_p3  |  select  |      0|  0|   8|           1|           8|
    |select_ln156_17_fu_8304_p3  |  select  |      0|  0|   8|           1|           8|
    |select_ln156_18_fu_8312_p3  |  select  |      0|  0|   8|           1|           8|
    |select_ln156_19_fu_8320_p3  |  select  |      0|  0|   8|           1|           8|
    |select_ln156_1_fu_8176_p3   |  select  |      0|  0|   8|           1|           8|
    |select_ln156_20_fu_8328_p3  |  select  |      0|  0|   8|           1|           8|
    |select_ln156_21_fu_8336_p3  |  select  |      0|  0|   8|           1|           8|
    |select_ln156_22_fu_8344_p3  |  select  |      0|  0|   8|           1|           8|
    |select_ln156_23_fu_8352_p3  |  select  |      0|  0|   8|           1|           8|
    |select_ln156_24_fu_8360_p3  |  select  |      0|  0|   8|           1|           8|
    |select_ln156_25_fu_8368_p3  |  select  |      0|  0|   8|           1|           8|
    |select_ln156_26_fu_8376_p3  |  select  |      0|  0|   8|           1|           8|
    |select_ln156_27_fu_8384_p3  |  select  |      0|  0|   8|           1|           8|
    |select_ln156_28_fu_8392_p3  |  select  |      0|  0|   8|           1|           8|
    |select_ln156_29_fu_8400_p3  |  select  |      0|  0|   8|           1|           8|
    |select_ln156_2_fu_8184_p3   |  select  |      0|  0|   8|           1|           8|
    |select_ln156_30_fu_8408_p3  |  select  |      0|  0|   8|           1|           8|
    |select_ln156_31_fu_8416_p3  |  select  |      0|  0|   8|           1|           8|
    |select_ln156_3_fu_8192_p3   |  select  |      0|  0|   8|           1|           8|
    |select_ln156_4_fu_8200_p3   |  select  |      0|  0|   8|           1|           8|
    |select_ln156_5_fu_8208_p3   |  select  |      0|  0|   8|           1|           8|
    |select_ln156_6_fu_8216_p3   |  select  |      0|  0|   8|           1|           8|
    |select_ln156_7_fu_8224_p3   |  select  |      0|  0|   8|           1|           8|
    |select_ln156_8_fu_8232_p3   |  select  |      0|  0|   8|           1|           8|
    |select_ln156_9_fu_8240_p3   |  select  |      0|  0|   8|           1|           8|
    |select_ln156_fu_8078_p3     |  select  |      0|  0|   8|           1|           8|
    |select_ln160_10_fu_8504_p3  |  select  |      0|  0|   8|           1|           8|
    |select_ln160_11_fu_8512_p3  |  select  |      0|  0|   8|           1|           8|
    |select_ln160_12_fu_8520_p3  |  select  |      0|  0|   8|           1|           8|
    |select_ln160_13_fu_8528_p3  |  select  |      0|  0|   8|           1|           8|
    |select_ln160_14_fu_8536_p3  |  select  |      0|  0|   8|           1|           8|
    |select_ln160_15_fu_8544_p3  |  select  |      0|  0|   8|           1|           8|
    |select_ln160_16_fu_8552_p3  |  select  |      0|  0|   8|           1|           8|
    |select_ln160_17_fu_8560_p3  |  select  |      0|  0|   8|           1|           8|
    |select_ln160_18_fu_8568_p3  |  select  |      0|  0|   8|           1|           8|
    |select_ln160_19_fu_8576_p3  |  select  |      0|  0|   8|           1|           8|
    |select_ln160_1_fu_8432_p3   |  select  |      0|  0|   8|           1|           8|
    |select_ln160_20_fu_8584_p3  |  select  |      0|  0|   8|           1|           8|
    |select_ln160_21_fu_8592_p3  |  select  |      0|  0|   8|           1|           8|
    |select_ln160_22_fu_8600_p3  |  select  |      0|  0|   8|           1|           8|
    |select_ln160_23_fu_8608_p3  |  select  |      0|  0|   8|           1|           8|
    |select_ln160_24_fu_8616_p3  |  select  |      0|  0|   8|           1|           8|
    |select_ln160_25_fu_8624_p3  |  select  |      0|  0|   8|           1|           8|
    |select_ln160_26_fu_8632_p3  |  select  |      0|  0|   8|           1|           8|
    |select_ln160_27_fu_8640_p3  |  select  |      0|  0|   8|           1|           8|
    |select_ln160_28_fu_8648_p3  |  select  |      0|  0|   8|           1|           8|
    |select_ln160_29_fu_8656_p3  |  select  |      0|  0|   8|           1|           8|
    |select_ln160_2_fu_8440_p3   |  select  |      0|  0|   8|           1|           8|
    |select_ln160_30_fu_8664_p3  |  select  |      0|  0|   8|           1|           8|
    |select_ln160_31_fu_8672_p3  |  select  |      0|  0|   8|           1|           8|
    |select_ln160_3_fu_8448_p3   |  select  |      0|  0|   8|           1|           8|
    |select_ln160_4_fu_8456_p3   |  select  |      0|  0|   8|           1|           8|
    |select_ln160_5_fu_8464_p3   |  select  |      0|  0|   8|           1|           8|
    |select_ln160_6_fu_8472_p3   |  select  |      0|  0|   8|           1|           8|
    |select_ln160_7_fu_8480_p3   |  select  |      0|  0|   8|           1|           8|
    |select_ln160_8_fu_8488_p3   |  select  |      0|  0|   8|           1|           8|
    |select_ln160_9_fu_8496_p3   |  select  |      0|  0|   8|           1|           8|
    |select_ln160_fu_8424_p3     |  select  |      0|  0|   8|           1|           8|
    +----------------------------+----------+-------+---+----+------------+------------+
    |Total                       |          |      0|  0|4272|         591|        4158|
    +----------------------------+----------+-------+---+----+------------+------------+

    * Multiplexer: 
    N/A

    * Register: 
    N/A



================================================================
== Interface
================================================================
* Summary: 
+------------------+-----+-----+------------+------------------+--------------+
|     RTL Ports    | Dir | Bits|  Protocol  |   Source Object  |    C Type    |
+------------------+-----+-----+------------+------------------+--------------+
|ap_ready          | out |    1| ap_ctrl_hs |   fill_buffer.1  | return value |
|ap_return_0       | out |    8| ap_ctrl_hs |   fill_buffer.1  | return value |
|ap_return_1       | out |    8| ap_ctrl_hs |   fill_buffer.1  | return value |
|ap_return_2       | out |    8| ap_ctrl_hs |   fill_buffer.1  | return value |
|ap_return_3       | out |    8| ap_ctrl_hs |   fill_buffer.1  | return value |
|ap_return_4       | out |    8| ap_ctrl_hs |   fill_buffer.1  | return value |
|ap_return_5       | out |    8| ap_ctrl_hs |   fill_buffer.1  | return value |
|ap_return_6       | out |    8| ap_ctrl_hs |   fill_buffer.1  | return value |
|ap_return_7       | out |    8| ap_ctrl_hs |   fill_buffer.1  | return value |
|ap_return_8       | out |    8| ap_ctrl_hs |   fill_buffer.1  | return value |
|ap_return_9       | out |    8| ap_ctrl_hs |   fill_buffer.1  | return value |
|ap_return_10      | out |    8| ap_ctrl_hs |   fill_buffer.1  | return value |
|ap_return_11      | out |    8| ap_ctrl_hs |   fill_buffer.1  | return value |
|ap_return_12      | out |    8| ap_ctrl_hs |   fill_buffer.1  | return value |
|ap_return_13      | out |    8| ap_ctrl_hs |   fill_buffer.1  | return value |
|ap_return_14      | out |    8| ap_ctrl_hs |   fill_buffer.1  | return value |
|ap_return_15      | out |    8| ap_ctrl_hs |   fill_buffer.1  | return value |
|ap_return_16      | out |    8| ap_ctrl_hs |   fill_buffer.1  | return value |
|ap_return_17      | out |    8| ap_ctrl_hs |   fill_buffer.1  | return value |
|ap_return_18      | out |    8| ap_ctrl_hs |   fill_buffer.1  | return value |
|ap_return_19      | out |    8| ap_ctrl_hs |   fill_buffer.1  | return value |
|ap_return_20      | out |    8| ap_ctrl_hs |   fill_buffer.1  | return value |
|ap_return_21      | out |    8| ap_ctrl_hs |   fill_buffer.1  | return value |
|ap_return_22      | out |    8| ap_ctrl_hs |   fill_buffer.1  | return value |
|ap_return_23      | out |    8| ap_ctrl_hs |   fill_buffer.1  | return value |
|ap_return_24      | out |    8| ap_ctrl_hs |   fill_buffer.1  | return value |
|ap_return_25      | out |    8| ap_ctrl_hs |   fill_buffer.1  | return value |
|ap_return_26      | out |    8| ap_ctrl_hs |   fill_buffer.1  | return value |
|ap_return_27      | out |    8| ap_ctrl_hs |   fill_buffer.1  | return value |
|ap_return_28      | out |    8| ap_ctrl_hs |   fill_buffer.1  | return value |
|ap_return_29      | out |    8| ap_ctrl_hs |   fill_buffer.1  | return value |
|ap_return_30      | out |    8| ap_ctrl_hs |   fill_buffer.1  | return value |
|ap_return_31      | out |    8| ap_ctrl_hs |   fill_buffer.1  | return value |
|data_0_V_read     |  in |    8|   ap_none  |   data_0_V_read  |    scalar    |
|data_1_V_read     |  in |    8|   ap_none  |   data_1_V_read  |    scalar    |
|data_2_V_read     |  in |    8|   ap_none  |   data_2_V_read  |    scalar    |
|data_3_V_read     |  in |    8|   ap_none  |   data_3_V_read  |    scalar    |
|data_4_V_read     |  in |    8|   ap_none  |   data_4_V_read  |    scalar    |
|data_5_V_read     |  in |    8|   ap_none  |   data_5_V_read  |    scalar    |
|data_6_V_read     |  in |    8|   ap_none  |   data_6_V_read  |    scalar    |
|data_7_V_read     |  in |    8|   ap_none  |   data_7_V_read  |    scalar    |
|data_8_V_read     |  in |    8|   ap_none  |   data_8_V_read  |    scalar    |
|data_9_V_read     |  in |    8|   ap_none  |   data_9_V_read  |    scalar    |
|data_10_V_read    |  in |    8|   ap_none  |  data_10_V_read  |    scalar    |
|data_11_V_read    |  in |    8|   ap_none  |  data_11_V_read  |    scalar    |
|data_12_V_read    |  in |    8|   ap_none  |  data_12_V_read  |    scalar    |
|data_13_V_read    |  in |    8|   ap_none  |  data_13_V_read  |    scalar    |
|data_14_V_read    |  in |    8|   ap_none  |  data_14_V_read  |    scalar    |
|data_15_V_read    |  in |    8|   ap_none  |  data_15_V_read  |    scalar    |
|data_16_V_read    |  in |    8|   ap_none  |  data_16_V_read  |    scalar    |
|data_17_V_read    |  in |    8|   ap_none  |  data_17_V_read  |    scalar    |
|data_18_V_read    |  in |    8|   ap_none  |  data_18_V_read  |    scalar    |
|data_19_V_read    |  in |    8|   ap_none  |  data_19_V_read  |    scalar    |
|data_20_V_read    |  in |    8|   ap_none  |  data_20_V_read  |    scalar    |
|data_21_V_read    |  in |    8|   ap_none  |  data_21_V_read  |    scalar    |
|data_22_V_read    |  in |    8|   ap_none  |  data_22_V_read  |    scalar    |
|data_23_V_read    |  in |    8|   ap_none  |  data_23_V_read  |    scalar    |
|data_24_V_read    |  in |    8|   ap_none  |  data_24_V_read  |    scalar    |
|data_25_V_read    |  in |    8|   ap_none  |  data_25_V_read  |    scalar    |
|data_26_V_read    |  in |    8|   ap_none  |  data_26_V_read  |    scalar    |
|data_27_V_read    |  in |    8|   ap_none  |  data_27_V_read  |    scalar    |
|data_28_V_read    |  in |    8|   ap_none  |  data_28_V_read  |    scalar    |
|data_29_V_read    |  in |    8|   ap_none  |  data_29_V_read  |    scalar    |
|data_30_V_read    |  in |    8|   ap_none  |  data_30_V_read  |    scalar    |
|data_31_V_read    |  in |    8|   ap_none  |  data_31_V_read  |    scalar    |
|data_32_V_read    |  in |    8|   ap_none  |  data_32_V_read  |    scalar    |
|data_33_V_read    |  in |    8|   ap_none  |  data_33_V_read  |    scalar    |
|data_34_V_read    |  in |    8|   ap_none  |  data_34_V_read  |    scalar    |
|data_35_V_read    |  in |    8|   ap_none  |  data_35_V_read  |    scalar    |
|data_36_V_read    |  in |    8|   ap_none  |  data_36_V_read  |    scalar    |
|data_37_V_read    |  in |    8|   ap_none  |  data_37_V_read  |    scalar    |
|data_38_V_read    |  in |    8|   ap_none  |  data_38_V_read  |    scalar    |
|data_39_V_read    |  in |    8|   ap_none  |  data_39_V_read  |    scalar    |
|data_40_V_read    |  in |    8|   ap_none  |  data_40_V_read  |    scalar    |
|data_41_V_read    |  in |    8|   ap_none  |  data_41_V_read  |    scalar    |
|data_42_V_read    |  in |    8|   ap_none  |  data_42_V_read  |    scalar    |
|data_43_V_read    |  in |    8|   ap_none  |  data_43_V_read  |    scalar    |
|data_44_V_read    |  in |    8|   ap_none  |  data_44_V_read  |    scalar    |
|data_45_V_read    |  in |    8|   ap_none  |  data_45_V_read  |    scalar    |
|data_46_V_read    |  in |    8|   ap_none  |  data_46_V_read  |    scalar    |
|data_47_V_read    |  in |    8|   ap_none  |  data_47_V_read  |    scalar    |
|data_48_V_read    |  in |    8|   ap_none  |  data_48_V_read  |    scalar    |
|data_49_V_read    |  in |    8|   ap_none  |  data_49_V_read  |    scalar    |
|data_50_V_read    |  in |    8|   ap_none  |  data_50_V_read  |    scalar    |
|data_51_V_read    |  in |    8|   ap_none  |  data_51_V_read  |    scalar    |
|data_52_V_read    |  in |    8|   ap_none  |  data_52_V_read  |    scalar    |
|data_53_V_read    |  in |    8|   ap_none  |  data_53_V_read  |    scalar    |
|data_54_V_read    |  in |    8|   ap_none  |  data_54_V_read  |    scalar    |
|data_55_V_read    |  in |    8|   ap_none  |  data_55_V_read  |    scalar    |
|data_56_V_read    |  in |    8|   ap_none  |  data_56_V_read  |    scalar    |
|data_57_V_read    |  in |    8|   ap_none  |  data_57_V_read  |    scalar    |
|data_58_V_read    |  in |    8|   ap_none  |  data_58_V_read  |    scalar    |
|data_59_V_read    |  in |    8|   ap_none  |  data_59_V_read  |    scalar    |
|data_60_V_read    |  in |    8|   ap_none  |  data_60_V_read  |    scalar    |
|data_61_V_read    |  in |    8|   ap_none  |  data_61_V_read  |    scalar    |
|data_62_V_read    |  in |    8|   ap_none  |  data_62_V_read  |    scalar    |
|data_63_V_read    |  in |    8|   ap_none  |  data_63_V_read  |    scalar    |
|data_64_V_read    |  in |    8|   ap_none  |  data_64_V_read  |    scalar    |
|data_65_V_read    |  in |    8|   ap_none  |  data_65_V_read  |    scalar    |
|data_66_V_read    |  in |    8|   ap_none  |  data_66_V_read  |    scalar    |
|data_67_V_read    |  in |    8|   ap_none  |  data_67_V_read  |    scalar    |
|data_68_V_read    |  in |    8|   ap_none  |  data_68_V_read  |    scalar    |
|data_69_V_read    |  in |    8|   ap_none  |  data_69_V_read  |    scalar    |
|data_70_V_read    |  in |    8|   ap_none  |  data_70_V_read  |    scalar    |
|data_71_V_read    |  in |    8|   ap_none  |  data_71_V_read  |    scalar    |
|data_72_V_read    |  in |    8|   ap_none  |  data_72_V_read  |    scalar    |
|data_73_V_read    |  in |    8|   ap_none  |  data_73_V_read  |    scalar    |
|data_74_V_read    |  in |    8|   ap_none  |  data_74_V_read  |    scalar    |
|data_75_V_read    |  in |    8|   ap_none  |  data_75_V_read  |    scalar    |
|data_76_V_read    |  in |    8|   ap_none  |  data_76_V_read  |    scalar    |
|data_77_V_read    |  in |    8|   ap_none  |  data_77_V_read  |    scalar    |
|data_78_V_read    |  in |    8|   ap_none  |  data_78_V_read  |    scalar    |
|data_79_V_read    |  in |    8|   ap_none  |  data_79_V_read  |    scalar    |
|data_80_V_read    |  in |    8|   ap_none  |  data_80_V_read  |    scalar    |
|data_81_V_read    |  in |    8|   ap_none  |  data_81_V_read  |    scalar    |
|data_82_V_read    |  in |    8|   ap_none  |  data_82_V_read  |    scalar    |
|data_83_V_read    |  in |    8|   ap_none  |  data_83_V_read  |    scalar    |
|data_84_V_read    |  in |    8|   ap_none  |  data_84_V_read  |    scalar    |
|data_85_V_read    |  in |    8|   ap_none  |  data_85_V_read  |    scalar    |
|data_86_V_read    |  in |    8|   ap_none  |  data_86_V_read  |    scalar    |
|data_87_V_read    |  in |    8|   ap_none  |  data_87_V_read  |    scalar    |
|data_88_V_read    |  in |    8|   ap_none  |  data_88_V_read  |    scalar    |
|data_89_V_read    |  in |    8|   ap_none  |  data_89_V_read  |    scalar    |
|data_90_V_read    |  in |    8|   ap_none  |  data_90_V_read  |    scalar    |
|data_91_V_read    |  in |    8|   ap_none  |  data_91_V_read  |    scalar    |
|data_92_V_read    |  in |    8|   ap_none  |  data_92_V_read  |    scalar    |
|data_93_V_read    |  in |    8|   ap_none  |  data_93_V_read  |    scalar    |
|data_94_V_read    |  in |    8|   ap_none  |  data_94_V_read  |    scalar    |
|data_95_V_read    |  in |    8|   ap_none  |  data_95_V_read  |    scalar    |
|data_96_V_read    |  in |    8|   ap_none  |  data_96_V_read  |    scalar    |
|data_97_V_read    |  in |    8|   ap_none  |  data_97_V_read  |    scalar    |
|data_98_V_read    |  in |    8|   ap_none  |  data_98_V_read  |    scalar    |
|data_99_V_read    |  in |    8|   ap_none  |  data_99_V_read  |    scalar    |
|data_100_V_read   |  in |    8|   ap_none  |  data_100_V_read |    scalar    |
|data_101_V_read   |  in |    8|   ap_none  |  data_101_V_read |    scalar    |
|data_102_V_read   |  in |    8|   ap_none  |  data_102_V_read |    scalar    |
|data_103_V_read   |  in |    8|   ap_none  |  data_103_V_read |    scalar    |
|data_104_V_read   |  in |    8|   ap_none  |  data_104_V_read |    scalar    |
|data_105_V_read   |  in |    8|   ap_none  |  data_105_V_read |    scalar    |
|data_106_V_read   |  in |    8|   ap_none  |  data_106_V_read |    scalar    |
|data_107_V_read   |  in |    8|   ap_none  |  data_107_V_read |    scalar    |
|data_108_V_read   |  in |    8|   ap_none  |  data_108_V_read |    scalar    |
|data_109_V_read   |  in |    8|   ap_none  |  data_109_V_read |    scalar    |
|data_110_V_read   |  in |    8|   ap_none  |  data_110_V_read |    scalar    |
|data_111_V_read   |  in |    8|   ap_none  |  data_111_V_read |    scalar    |
|data_112_V_read   |  in |    8|   ap_none  |  data_112_V_read |    scalar    |
|data_113_V_read   |  in |    8|   ap_none  |  data_113_V_read |    scalar    |
|data_114_V_read   |  in |    8|   ap_none  |  data_114_V_read |    scalar    |
|data_115_V_read   |  in |    8|   ap_none  |  data_115_V_read |    scalar    |
|data_116_V_read   |  in |    8|   ap_none  |  data_116_V_read |    scalar    |
|data_117_V_read   |  in |    8|   ap_none  |  data_117_V_read |    scalar    |
|data_118_V_read   |  in |    8|   ap_none  |  data_118_V_read |    scalar    |
|data_119_V_read   |  in |    8|   ap_none  |  data_119_V_read |    scalar    |
|data_120_V_read   |  in |    8|   ap_none  |  data_120_V_read |    scalar    |
|data_121_V_read   |  in |    8|   ap_none  |  data_121_V_read |    scalar    |
|data_122_V_read   |  in |    8|   ap_none  |  data_122_V_read |    scalar    |
|data_123_V_read   |  in |    8|   ap_none  |  data_123_V_read |    scalar    |
|data_124_V_read   |  in |    8|   ap_none  |  data_124_V_read |    scalar    |
|data_125_V_read   |  in |    8|   ap_none  |  data_125_V_read |    scalar    |
|data_126_V_read   |  in |    8|   ap_none  |  data_126_V_read |    scalar    |
|data_127_V_read   |  in |    8|   ap_none  |  data_127_V_read |    scalar    |
|data_128_V_read   |  in |    8|   ap_none  |  data_128_V_read |    scalar    |
|data_129_V_read   |  in |    8|   ap_none  |  data_129_V_read |    scalar    |
|data_130_V_read   |  in |    8|   ap_none  |  data_130_V_read |    scalar    |
|data_131_V_read   |  in |    8|   ap_none  |  data_131_V_read |    scalar    |
|data_132_V_read   |  in |    8|   ap_none  |  data_132_V_read |    scalar    |
|data_133_V_read   |  in |    8|   ap_none  |  data_133_V_read |    scalar    |
|data_134_V_read   |  in |    8|   ap_none  |  data_134_V_read |    scalar    |
|data_135_V_read   |  in |    8|   ap_none  |  data_135_V_read |    scalar    |
|data_136_V_read   |  in |    8|   ap_none  |  data_136_V_read |    scalar    |
|data_137_V_read   |  in |    8|   ap_none  |  data_137_V_read |    scalar    |
|data_138_V_read   |  in |    8|   ap_none  |  data_138_V_read |    scalar    |
|data_139_V_read   |  in |    8|   ap_none  |  data_139_V_read |    scalar    |
|data_140_V_read   |  in |    8|   ap_none  |  data_140_V_read |    scalar    |
|data_141_V_read   |  in |    8|   ap_none  |  data_141_V_read |    scalar    |
|data_142_V_read   |  in |    8|   ap_none  |  data_142_V_read |    scalar    |
|data_143_V_read   |  in |    8|   ap_none  |  data_143_V_read |    scalar    |
|data_144_V_read   |  in |    8|   ap_none  |  data_144_V_read |    scalar    |
|data_145_V_read   |  in |    8|   ap_none  |  data_145_V_read |    scalar    |
|data_146_V_read   |  in |    8|   ap_none  |  data_146_V_read |    scalar    |
|data_147_V_read   |  in |    8|   ap_none  |  data_147_V_read |    scalar    |
|data_148_V_read   |  in |    8|   ap_none  |  data_148_V_read |    scalar    |
|data_149_V_read   |  in |    8|   ap_none  |  data_149_V_read |    scalar    |
|data_150_V_read   |  in |    8|   ap_none  |  data_150_V_read |    scalar    |
|data_151_V_read   |  in |    8|   ap_none  |  data_151_V_read |    scalar    |
|data_152_V_read   |  in |    8|   ap_none  |  data_152_V_read |    scalar    |
|data_153_V_read   |  in |    8|   ap_none  |  data_153_V_read |    scalar    |
|data_154_V_read   |  in |    8|   ap_none  |  data_154_V_read |    scalar    |
|data_155_V_read   |  in |    8|   ap_none  |  data_155_V_read |    scalar    |
|data_156_V_read   |  in |    8|   ap_none  |  data_156_V_read |    scalar    |
|data_157_V_read   |  in |    8|   ap_none  |  data_157_V_read |    scalar    |
|data_158_V_read   |  in |    8|   ap_none  |  data_158_V_read |    scalar    |
|data_159_V_read   |  in |    8|   ap_none  |  data_159_V_read |    scalar    |
|data_160_V_read   |  in |    8|   ap_none  |  data_160_V_read |    scalar    |
|data_161_V_read   |  in |    8|   ap_none  |  data_161_V_read |    scalar    |
|data_162_V_read   |  in |    8|   ap_none  |  data_162_V_read |    scalar    |
|data_163_V_read   |  in |    8|   ap_none  |  data_163_V_read |    scalar    |
|data_164_V_read   |  in |    8|   ap_none  |  data_164_V_read |    scalar    |
|data_165_V_read   |  in |    8|   ap_none  |  data_165_V_read |    scalar    |
|data_166_V_read   |  in |    8|   ap_none  |  data_166_V_read |    scalar    |
|data_167_V_read   |  in |    8|   ap_none  |  data_167_V_read |    scalar    |
|data_168_V_read   |  in |    8|   ap_none  |  data_168_V_read |    scalar    |
|data_169_V_read   |  in |    8|   ap_none  |  data_169_V_read |    scalar    |
|data_170_V_read   |  in |    8|   ap_none  |  data_170_V_read |    scalar    |
|data_171_V_read   |  in |    8|   ap_none  |  data_171_V_read |    scalar    |
|data_172_V_read   |  in |    8|   ap_none  |  data_172_V_read |    scalar    |
|data_173_V_read   |  in |    8|   ap_none  |  data_173_V_read |    scalar    |
|data_174_V_read   |  in |    8|   ap_none  |  data_174_V_read |    scalar    |
|data_175_V_read   |  in |    8|   ap_none  |  data_175_V_read |    scalar    |
|data_176_V_read   |  in |    8|   ap_none  |  data_176_V_read |    scalar    |
|data_177_V_read   |  in |    8|   ap_none  |  data_177_V_read |    scalar    |
|data_178_V_read   |  in |    8|   ap_none  |  data_178_V_read |    scalar    |
|data_179_V_read   |  in |    8|   ap_none  |  data_179_V_read |    scalar    |
|data_180_V_read   |  in |    8|   ap_none  |  data_180_V_read |    scalar    |
|data_181_V_read   |  in |    8|   ap_none  |  data_181_V_read |    scalar    |
|data_182_V_read   |  in |    8|   ap_none  |  data_182_V_read |    scalar    |
|data_183_V_read   |  in |    8|   ap_none  |  data_183_V_read |    scalar    |
|data_184_V_read   |  in |    8|   ap_none  |  data_184_V_read |    scalar    |
|data_185_V_read   |  in |    8|   ap_none  |  data_185_V_read |    scalar    |
|data_186_V_read   |  in |    8|   ap_none  |  data_186_V_read |    scalar    |
|data_187_V_read   |  in |    8|   ap_none  |  data_187_V_read |    scalar    |
|data_188_V_read   |  in |    8|   ap_none  |  data_188_V_read |    scalar    |
|data_189_V_read   |  in |    8|   ap_none  |  data_189_V_read |    scalar    |
|data_190_V_read   |  in |    8|   ap_none  |  data_190_V_read |    scalar    |
|data_191_V_read   |  in |    8|   ap_none  |  data_191_V_read |    scalar    |
|data_192_V_read   |  in |    8|   ap_none  |  data_192_V_read |    scalar    |
|data_193_V_read   |  in |    8|   ap_none  |  data_193_V_read |    scalar    |
|data_194_V_read   |  in |    8|   ap_none  |  data_194_V_read |    scalar    |
|data_195_V_read   |  in |    8|   ap_none  |  data_195_V_read |    scalar    |
|data_196_V_read   |  in |    8|   ap_none  |  data_196_V_read |    scalar    |
|data_197_V_read   |  in |    8|   ap_none  |  data_197_V_read |    scalar    |
|data_198_V_read   |  in |    8|   ap_none  |  data_198_V_read |    scalar    |
|data_199_V_read   |  in |    8|   ap_none  |  data_199_V_read |    scalar    |
|data_200_V_read   |  in |    8|   ap_none  |  data_200_V_read |    scalar    |
|data_201_V_read   |  in |    8|   ap_none  |  data_201_V_read |    scalar    |
|data_202_V_read   |  in |    8|   ap_none  |  data_202_V_read |    scalar    |
|data_203_V_read   |  in |    8|   ap_none  |  data_203_V_read |    scalar    |
|data_204_V_read   |  in |    8|   ap_none  |  data_204_V_read |    scalar    |
|data_205_V_read   |  in |    8|   ap_none  |  data_205_V_read |    scalar    |
|data_206_V_read   |  in |    8|   ap_none  |  data_206_V_read |    scalar    |
|data_207_V_read   |  in |    8|   ap_none  |  data_207_V_read |    scalar    |
|data_208_V_read   |  in |    8|   ap_none  |  data_208_V_read |    scalar    |
|data_209_V_read   |  in |    8|   ap_none  |  data_209_V_read |    scalar    |
|data_210_V_read   |  in |    8|   ap_none  |  data_210_V_read |    scalar    |
|data_211_V_read   |  in |    8|   ap_none  |  data_211_V_read |    scalar    |
|data_212_V_read   |  in |    8|   ap_none  |  data_212_V_read |    scalar    |
|data_213_V_read   |  in |    8|   ap_none  |  data_213_V_read |    scalar    |
|data_214_V_read   |  in |    8|   ap_none  |  data_214_V_read |    scalar    |
|data_215_V_read   |  in |    8|   ap_none  |  data_215_V_read |    scalar    |
|data_216_V_read   |  in |    8|   ap_none  |  data_216_V_read |    scalar    |
|data_217_V_read   |  in |    8|   ap_none  |  data_217_V_read |    scalar    |
|data_218_V_read   |  in |    8|   ap_none  |  data_218_V_read |    scalar    |
|data_219_V_read   |  in |    8|   ap_none  |  data_219_V_read |    scalar    |
|data_220_V_read   |  in |    8|   ap_none  |  data_220_V_read |    scalar    |
|data_221_V_read   |  in |    8|   ap_none  |  data_221_V_read |    scalar    |
|data_222_V_read   |  in |    8|   ap_none  |  data_222_V_read |    scalar    |
|data_223_V_read   |  in |    8|   ap_none  |  data_223_V_read |    scalar    |
|data_224_V_read   |  in |    8|   ap_none  |  data_224_V_read |    scalar    |
|data_225_V_read   |  in |    8|   ap_none  |  data_225_V_read |    scalar    |
|data_226_V_read   |  in |    8|   ap_none  |  data_226_V_read |    scalar    |
|data_227_V_read   |  in |    8|   ap_none  |  data_227_V_read |    scalar    |
|data_228_V_read   |  in |    8|   ap_none  |  data_228_V_read |    scalar    |
|data_229_V_read   |  in |    8|   ap_none  |  data_229_V_read |    scalar    |
|data_230_V_read   |  in |    8|   ap_none  |  data_230_V_read |    scalar    |
|data_231_V_read   |  in |    8|   ap_none  |  data_231_V_read |    scalar    |
|data_232_V_read   |  in |    8|   ap_none  |  data_232_V_read |    scalar    |
|data_233_V_read   |  in |    8|   ap_none  |  data_233_V_read |    scalar    |
|data_234_V_read   |  in |    8|   ap_none  |  data_234_V_read |    scalar    |
|data_235_V_read   |  in |    8|   ap_none  |  data_235_V_read |    scalar    |
|data_236_V_read   |  in |    8|   ap_none  |  data_236_V_read |    scalar    |
|data_237_V_read   |  in |    8|   ap_none  |  data_237_V_read |    scalar    |
|data_238_V_read   |  in |    8|   ap_none  |  data_238_V_read |    scalar    |
|data_239_V_read   |  in |    8|   ap_none  |  data_239_V_read |    scalar    |
|data_240_V_read   |  in |    8|   ap_none  |  data_240_V_read |    scalar    |
|data_241_V_read   |  in |    8|   ap_none  |  data_241_V_read |    scalar    |
|data_242_V_read   |  in |    8|   ap_none  |  data_242_V_read |    scalar    |
|data_243_V_read   |  in |    8|   ap_none  |  data_243_V_read |    scalar    |
|data_244_V_read   |  in |    8|   ap_none  |  data_244_V_read |    scalar    |
|data_245_V_read   |  in |    8|   ap_none  |  data_245_V_read |    scalar    |
|data_246_V_read   |  in |    8|   ap_none  |  data_246_V_read |    scalar    |
|data_247_V_read   |  in |    8|   ap_none  |  data_247_V_read |    scalar    |
|data_248_V_read   |  in |    8|   ap_none  |  data_248_V_read |    scalar    |
|data_249_V_read   |  in |    8|   ap_none  |  data_249_V_read |    scalar    |
|data_250_V_read   |  in |    8|   ap_none  |  data_250_V_read |    scalar    |
|data_251_V_read   |  in |    8|   ap_none  |  data_251_V_read |    scalar    |
|data_252_V_read   |  in |    8|   ap_none  |  data_252_V_read |    scalar    |
|data_253_V_read   |  in |    8|   ap_none  |  data_253_V_read |    scalar    |
|data_254_V_read   |  in |    8|   ap_none  |  data_254_V_read |    scalar    |
|data_255_V_read   |  in |    8|   ap_none  |  data_255_V_read |    scalar    |
|data_256_V_read   |  in |    8|   ap_none  |  data_256_V_read |    scalar    |
|data_257_V_read   |  in |    8|   ap_none  |  data_257_V_read |    scalar    |
|data_258_V_read   |  in |    8|   ap_none  |  data_258_V_read |    scalar    |
|data_259_V_read   |  in |    8|   ap_none  |  data_259_V_read |    scalar    |
|data_260_V_read   |  in |    8|   ap_none  |  data_260_V_read |    scalar    |
|data_261_V_read   |  in |    8|   ap_none  |  data_261_V_read |    scalar    |
|data_262_V_read   |  in |    8|   ap_none  |  data_262_V_read |    scalar    |
|data_263_V_read   |  in |    8|   ap_none  |  data_263_V_read |    scalar    |
|data_264_V_read   |  in |    8|   ap_none  |  data_264_V_read |    scalar    |
|data_265_V_read   |  in |    8|   ap_none  |  data_265_V_read |    scalar    |
|data_266_V_read   |  in |    8|   ap_none  |  data_266_V_read |    scalar    |
|data_267_V_read   |  in |    8|   ap_none  |  data_267_V_read |    scalar    |
|data_268_V_read   |  in |    8|   ap_none  |  data_268_V_read |    scalar    |
|data_269_V_read   |  in |    8|   ap_none  |  data_269_V_read |    scalar    |
|data_270_V_read   |  in |    8|   ap_none  |  data_270_V_read |    scalar    |
|data_271_V_read   |  in |    8|   ap_none  |  data_271_V_read |    scalar    |
|data_272_V_read   |  in |    8|   ap_none  |  data_272_V_read |    scalar    |
|data_273_V_read   |  in |    8|   ap_none  |  data_273_V_read |    scalar    |
|data_274_V_read   |  in |    8|   ap_none  |  data_274_V_read |    scalar    |
|data_275_V_read   |  in |    8|   ap_none  |  data_275_V_read |    scalar    |
|data_276_V_read   |  in |    8|   ap_none  |  data_276_V_read |    scalar    |
|data_277_V_read   |  in |    8|   ap_none  |  data_277_V_read |    scalar    |
|data_278_V_read   |  in |    8|   ap_none  |  data_278_V_read |    scalar    |
|data_279_V_read   |  in |    8|   ap_none  |  data_279_V_read |    scalar    |
|data_280_V_read   |  in |    8|   ap_none  |  data_280_V_read |    scalar    |
|data_281_V_read   |  in |    8|   ap_none  |  data_281_V_read |    scalar    |
|data_282_V_read   |  in |    8|   ap_none  |  data_282_V_read |    scalar    |
|data_283_V_read   |  in |    8|   ap_none  |  data_283_V_read |    scalar    |
|data_284_V_read   |  in |    8|   ap_none  |  data_284_V_read |    scalar    |
|data_285_V_read   |  in |    8|   ap_none  |  data_285_V_read |    scalar    |
|data_286_V_read   |  in |    8|   ap_none  |  data_286_V_read |    scalar    |
|data_287_V_read   |  in |    8|   ap_none  |  data_287_V_read |    scalar    |
|data_288_V_read   |  in |    8|   ap_none  |  data_288_V_read |    scalar    |
|data_289_V_read   |  in |    8|   ap_none  |  data_289_V_read |    scalar    |
|data_290_V_read   |  in |    8|   ap_none  |  data_290_V_read |    scalar    |
|data_291_V_read   |  in |    8|   ap_none  |  data_291_V_read |    scalar    |
|data_292_V_read   |  in |    8|   ap_none  |  data_292_V_read |    scalar    |
|data_293_V_read   |  in |    8|   ap_none  |  data_293_V_read |    scalar    |
|data_294_V_read   |  in |    8|   ap_none  |  data_294_V_read |    scalar    |
|data_295_V_read   |  in |    8|   ap_none  |  data_295_V_read |    scalar    |
|data_296_V_read   |  in |    8|   ap_none  |  data_296_V_read |    scalar    |
|data_297_V_read   |  in |    8|   ap_none  |  data_297_V_read |    scalar    |
|data_298_V_read   |  in |    8|   ap_none  |  data_298_V_read |    scalar    |
|data_299_V_read   |  in |    8|   ap_none  |  data_299_V_read |    scalar    |
|data_300_V_read   |  in |    8|   ap_none  |  data_300_V_read |    scalar    |
|data_301_V_read   |  in |    8|   ap_none  |  data_301_V_read |    scalar    |
|data_302_V_read   |  in |    8|   ap_none  |  data_302_V_read |    scalar    |
|data_303_V_read   |  in |    8|   ap_none  |  data_303_V_read |    scalar    |
|data_304_V_read   |  in |    8|   ap_none  |  data_304_V_read |    scalar    |
|data_305_V_read   |  in |    8|   ap_none  |  data_305_V_read |    scalar    |
|data_306_V_read   |  in |    8|   ap_none  |  data_306_V_read |    scalar    |
|data_307_V_read   |  in |    8|   ap_none  |  data_307_V_read |    scalar    |
|data_308_V_read   |  in |    8|   ap_none  |  data_308_V_read |    scalar    |
|data_309_V_read   |  in |    8|   ap_none  |  data_309_V_read |    scalar    |
|data_310_V_read   |  in |    8|   ap_none  |  data_310_V_read |    scalar    |
|data_311_V_read   |  in |    8|   ap_none  |  data_311_V_read |    scalar    |
|data_312_V_read   |  in |    8|   ap_none  |  data_312_V_read |    scalar    |
|data_313_V_read   |  in |    8|   ap_none  |  data_313_V_read |    scalar    |
|data_314_V_read   |  in |    8|   ap_none  |  data_314_V_read |    scalar    |
|data_315_V_read   |  in |    8|   ap_none  |  data_315_V_read |    scalar    |
|data_316_V_read   |  in |    8|   ap_none  |  data_316_V_read |    scalar    |
|data_317_V_read   |  in |    8|   ap_none  |  data_317_V_read |    scalar    |
|data_318_V_read   |  in |    8|   ap_none  |  data_318_V_read |    scalar    |
|data_319_V_read   |  in |    8|   ap_none  |  data_319_V_read |    scalar    |
|data_320_V_read   |  in |    8|   ap_none  |  data_320_V_read |    scalar    |
|data_321_V_read   |  in |    8|   ap_none  |  data_321_V_read |    scalar    |
|data_322_V_read   |  in |    8|   ap_none  |  data_322_V_read |    scalar    |
|data_323_V_read   |  in |    8|   ap_none  |  data_323_V_read |    scalar    |
|data_324_V_read   |  in |    8|   ap_none  |  data_324_V_read |    scalar    |
|data_325_V_read   |  in |    8|   ap_none  |  data_325_V_read |    scalar    |
|data_326_V_read   |  in |    8|   ap_none  |  data_326_V_read |    scalar    |
|data_327_V_read   |  in |    8|   ap_none  |  data_327_V_read |    scalar    |
|data_328_V_read   |  in |    8|   ap_none  |  data_328_V_read |    scalar    |
|data_329_V_read   |  in |    8|   ap_none  |  data_329_V_read |    scalar    |
|data_330_V_read   |  in |    8|   ap_none  |  data_330_V_read |    scalar    |
|data_331_V_read   |  in |    8|   ap_none  |  data_331_V_read |    scalar    |
|data_332_V_read   |  in |    8|   ap_none  |  data_332_V_read |    scalar    |
|data_333_V_read   |  in |    8|   ap_none  |  data_333_V_read |    scalar    |
|data_334_V_read   |  in |    8|   ap_none  |  data_334_V_read |    scalar    |
|data_335_V_read   |  in |    8|   ap_none  |  data_335_V_read |    scalar    |
|data_336_V_read   |  in |    8|   ap_none  |  data_336_V_read |    scalar    |
|data_337_V_read   |  in |    8|   ap_none  |  data_337_V_read |    scalar    |
|data_338_V_read   |  in |    8|   ap_none  |  data_338_V_read |    scalar    |
|data_339_V_read   |  in |    8|   ap_none  |  data_339_V_read |    scalar    |
|data_340_V_read   |  in |    8|   ap_none  |  data_340_V_read |    scalar    |
|data_341_V_read   |  in |    8|   ap_none  |  data_341_V_read |    scalar    |
|data_342_V_read   |  in |    8|   ap_none  |  data_342_V_read |    scalar    |
|data_343_V_read   |  in |    8|   ap_none  |  data_343_V_read |    scalar    |
|data_344_V_read   |  in |    8|   ap_none  |  data_344_V_read |    scalar    |
|data_345_V_read   |  in |    8|   ap_none  |  data_345_V_read |    scalar    |
|data_346_V_read   |  in |    8|   ap_none  |  data_346_V_read |    scalar    |
|data_347_V_read   |  in |    8|   ap_none  |  data_347_V_read |    scalar    |
|data_348_V_read   |  in |    8|   ap_none  |  data_348_V_read |    scalar    |
|data_349_V_read   |  in |    8|   ap_none  |  data_349_V_read |    scalar    |
|data_350_V_read   |  in |    8|   ap_none  |  data_350_V_read |    scalar    |
|data_351_V_read   |  in |    8|   ap_none  |  data_351_V_read |    scalar    |
|data_352_V_read   |  in |    8|   ap_none  |  data_352_V_read |    scalar    |
|data_353_V_read   |  in |    8|   ap_none  |  data_353_V_read |    scalar    |
|data_354_V_read   |  in |    8|   ap_none  |  data_354_V_read |    scalar    |
|data_355_V_read   |  in |    8|   ap_none  |  data_355_V_read |    scalar    |
|data_356_V_read   |  in |    8|   ap_none  |  data_356_V_read |    scalar    |
|data_357_V_read   |  in |    8|   ap_none  |  data_357_V_read |    scalar    |
|data_358_V_read   |  in |    8|   ap_none  |  data_358_V_read |    scalar    |
|data_359_V_read   |  in |    8|   ap_none  |  data_359_V_read |    scalar    |
|data_360_V_read   |  in |    8|   ap_none  |  data_360_V_read |    scalar    |
|data_361_V_read   |  in |    8|   ap_none  |  data_361_V_read |    scalar    |
|data_362_V_read   |  in |    8|   ap_none  |  data_362_V_read |    scalar    |
|data_363_V_read   |  in |    8|   ap_none  |  data_363_V_read |    scalar    |
|data_364_V_read   |  in |    8|   ap_none  |  data_364_V_read |    scalar    |
|data_365_V_read   |  in |    8|   ap_none  |  data_365_V_read |    scalar    |
|data_366_V_read   |  in |    8|   ap_none  |  data_366_V_read |    scalar    |
|data_367_V_read   |  in |    8|   ap_none  |  data_367_V_read |    scalar    |
|data_368_V_read   |  in |    8|   ap_none  |  data_368_V_read |    scalar    |
|data_369_V_read   |  in |    8|   ap_none  |  data_369_V_read |    scalar    |
|data_370_V_read   |  in |    8|   ap_none  |  data_370_V_read |    scalar    |
|data_371_V_read   |  in |    8|   ap_none  |  data_371_V_read |    scalar    |
|data_372_V_read   |  in |    8|   ap_none  |  data_372_V_read |    scalar    |
|data_373_V_read   |  in |    8|   ap_none  |  data_373_V_read |    scalar    |
|data_374_V_read   |  in |    8|   ap_none  |  data_374_V_read |    scalar    |
|data_375_V_read   |  in |    8|   ap_none  |  data_375_V_read |    scalar    |
|data_376_V_read   |  in |    8|   ap_none  |  data_376_V_read |    scalar    |
|data_377_V_read   |  in |    8|   ap_none  |  data_377_V_read |    scalar    |
|data_378_V_read   |  in |    8|   ap_none  |  data_378_V_read |    scalar    |
|data_379_V_read   |  in |    8|   ap_none  |  data_379_V_read |    scalar    |
|data_380_V_read   |  in |    8|   ap_none  |  data_380_V_read |    scalar    |
|data_381_V_read   |  in |    8|   ap_none  |  data_381_V_read |    scalar    |
|data_382_V_read   |  in |    8|   ap_none  |  data_382_V_read |    scalar    |
|data_383_V_read   |  in |    8|   ap_none  |  data_383_V_read |    scalar    |
|data_384_V_read   |  in |    8|   ap_none  |  data_384_V_read |    scalar    |
|data_385_V_read   |  in |    8|   ap_none  |  data_385_V_read |    scalar    |
|data_386_V_read   |  in |    8|   ap_none  |  data_386_V_read |    scalar    |
|data_387_V_read   |  in |    8|   ap_none  |  data_387_V_read |    scalar    |
|data_388_V_read   |  in |    8|   ap_none  |  data_388_V_read |    scalar    |
|data_389_V_read   |  in |    8|   ap_none  |  data_389_V_read |    scalar    |
|data_390_V_read   |  in |    8|   ap_none  |  data_390_V_read |    scalar    |
|data_391_V_read   |  in |    8|   ap_none  |  data_391_V_read |    scalar    |
|data_392_V_read   |  in |    8|   ap_none  |  data_392_V_read |    scalar    |
|data_393_V_read   |  in |    8|   ap_none  |  data_393_V_read |    scalar    |
|data_394_V_read   |  in |    8|   ap_none  |  data_394_V_read |    scalar    |
|data_395_V_read   |  in |    8|   ap_none  |  data_395_V_read |    scalar    |
|data_396_V_read   |  in |    8|   ap_none  |  data_396_V_read |    scalar    |
|data_397_V_read   |  in |    8|   ap_none  |  data_397_V_read |    scalar    |
|data_398_V_read   |  in |    8|   ap_none  |  data_398_V_read |    scalar    |
|data_399_V_read   |  in |    8|   ap_none  |  data_399_V_read |    scalar    |
|data_400_V_read   |  in |    8|   ap_none  |  data_400_V_read |    scalar    |
|data_401_V_read   |  in |    8|   ap_none  |  data_401_V_read |    scalar    |
|data_402_V_read   |  in |    8|   ap_none  |  data_402_V_read |    scalar    |
|data_403_V_read   |  in |    8|   ap_none  |  data_403_V_read |    scalar    |
|data_404_V_read   |  in |    8|   ap_none  |  data_404_V_read |    scalar    |
|data_405_V_read   |  in |    8|   ap_none  |  data_405_V_read |    scalar    |
|data_406_V_read   |  in |    8|   ap_none  |  data_406_V_read |    scalar    |
|data_407_V_read   |  in |    8|   ap_none  |  data_407_V_read |    scalar    |
|data_408_V_read   |  in |    8|   ap_none  |  data_408_V_read |    scalar    |
|data_409_V_read   |  in |    8|   ap_none  |  data_409_V_read |    scalar    |
|data_410_V_read   |  in |    8|   ap_none  |  data_410_V_read |    scalar    |
|data_411_V_read   |  in |    8|   ap_none  |  data_411_V_read |    scalar    |
|data_412_V_read   |  in |    8|   ap_none  |  data_412_V_read |    scalar    |
|data_413_V_read   |  in |    8|   ap_none  |  data_413_V_read |    scalar    |
|data_414_V_read   |  in |    8|   ap_none  |  data_414_V_read |    scalar    |
|data_415_V_read   |  in |    8|   ap_none  |  data_415_V_read |    scalar    |
|data_416_V_read   |  in |    8|   ap_none  |  data_416_V_read |    scalar    |
|data_417_V_read   |  in |    8|   ap_none  |  data_417_V_read |    scalar    |
|data_418_V_read   |  in |    8|   ap_none  |  data_418_V_read |    scalar    |
|data_419_V_read   |  in |    8|   ap_none  |  data_419_V_read |    scalar    |
|data_420_V_read   |  in |    8|   ap_none  |  data_420_V_read |    scalar    |
|data_421_V_read   |  in |    8|   ap_none  |  data_421_V_read |    scalar    |
|data_422_V_read   |  in |    8|   ap_none  |  data_422_V_read |    scalar    |
|data_423_V_read   |  in |    8|   ap_none  |  data_423_V_read |    scalar    |
|data_424_V_read   |  in |    8|   ap_none  |  data_424_V_read |    scalar    |
|data_425_V_read   |  in |    8|   ap_none  |  data_425_V_read |    scalar    |
|data_426_V_read   |  in |    8|   ap_none  |  data_426_V_read |    scalar    |
|data_427_V_read   |  in |    8|   ap_none  |  data_427_V_read |    scalar    |
|data_428_V_read   |  in |    8|   ap_none  |  data_428_V_read |    scalar    |
|data_429_V_read   |  in |    8|   ap_none  |  data_429_V_read |    scalar    |
|data_430_V_read   |  in |    8|   ap_none  |  data_430_V_read |    scalar    |
|data_431_V_read   |  in |    8|   ap_none  |  data_431_V_read |    scalar    |
|data_432_V_read   |  in |    8|   ap_none  |  data_432_V_read |    scalar    |
|data_433_V_read   |  in |    8|   ap_none  |  data_433_V_read |    scalar    |
|data_434_V_read   |  in |    8|   ap_none  |  data_434_V_read |    scalar    |
|data_435_V_read   |  in |    8|   ap_none  |  data_435_V_read |    scalar    |
|data_436_V_read   |  in |    8|   ap_none  |  data_436_V_read |    scalar    |
|data_437_V_read   |  in |    8|   ap_none  |  data_437_V_read |    scalar    |
|data_438_V_read   |  in |    8|   ap_none  |  data_438_V_read |    scalar    |
|data_439_V_read   |  in |    8|   ap_none  |  data_439_V_read |    scalar    |
|data_440_V_read   |  in |    8|   ap_none  |  data_440_V_read |    scalar    |
|data_441_V_read   |  in |    8|   ap_none  |  data_441_V_read |    scalar    |
|data_442_V_read   |  in |    8|   ap_none  |  data_442_V_read |    scalar    |
|data_443_V_read   |  in |    8|   ap_none  |  data_443_V_read |    scalar    |
|data_444_V_read   |  in |    8|   ap_none  |  data_444_V_read |    scalar    |
|data_445_V_read   |  in |    8|   ap_none  |  data_445_V_read |    scalar    |
|data_446_V_read   |  in |    8|   ap_none  |  data_446_V_read |    scalar    |
|data_447_V_read   |  in |    8|   ap_none  |  data_447_V_read |    scalar    |
|data_448_V_read   |  in |    8|   ap_none  |  data_448_V_read |    scalar    |
|data_449_V_read   |  in |    8|   ap_none  |  data_449_V_read |    scalar    |
|data_450_V_read   |  in |    8|   ap_none  |  data_450_V_read |    scalar    |
|data_451_V_read   |  in |    8|   ap_none  |  data_451_V_read |    scalar    |
|data_452_V_read   |  in |    8|   ap_none  |  data_452_V_read |    scalar    |
|data_453_V_read   |  in |    8|   ap_none  |  data_453_V_read |    scalar    |
|data_454_V_read   |  in |    8|   ap_none  |  data_454_V_read |    scalar    |
|data_455_V_read   |  in |    8|   ap_none  |  data_455_V_read |    scalar    |
|data_456_V_read   |  in |    8|   ap_none  |  data_456_V_read |    scalar    |
|data_457_V_read   |  in |    8|   ap_none  |  data_457_V_read |    scalar    |
|data_458_V_read   |  in |    8|   ap_none  |  data_458_V_read |    scalar    |
|data_459_V_read   |  in |    8|   ap_none  |  data_459_V_read |    scalar    |
|data_460_V_read   |  in |    8|   ap_none  |  data_460_V_read |    scalar    |
|data_461_V_read   |  in |    8|   ap_none  |  data_461_V_read |    scalar    |
|data_462_V_read   |  in |    8|   ap_none  |  data_462_V_read |    scalar    |
|data_463_V_read   |  in |    8|   ap_none  |  data_463_V_read |    scalar    |
|data_464_V_read   |  in |    8|   ap_none  |  data_464_V_read |    scalar    |
|data_465_V_read   |  in |    8|   ap_none  |  data_465_V_read |    scalar    |
|data_466_V_read   |  in |    8|   ap_none  |  data_466_V_read |    scalar    |
|data_467_V_read   |  in |    8|   ap_none  |  data_467_V_read |    scalar    |
|data_468_V_read   |  in |    8|   ap_none  |  data_468_V_read |    scalar    |
|data_469_V_read   |  in |    8|   ap_none  |  data_469_V_read |    scalar    |
|data_470_V_read   |  in |    8|   ap_none  |  data_470_V_read |    scalar    |
|data_471_V_read   |  in |    8|   ap_none  |  data_471_V_read |    scalar    |
|data_472_V_read   |  in |    8|   ap_none  |  data_472_V_read |    scalar    |
|data_473_V_read   |  in |    8|   ap_none  |  data_473_V_read |    scalar    |
|data_474_V_read   |  in |    8|   ap_none  |  data_474_V_read |    scalar    |
|data_475_V_read   |  in |    8|   ap_none  |  data_475_V_read |    scalar    |
|data_476_V_read   |  in |    8|   ap_none  |  data_476_V_read |    scalar    |
|data_477_V_read   |  in |    8|   ap_none  |  data_477_V_read |    scalar    |
|data_478_V_read   |  in |    8|   ap_none  |  data_478_V_read |    scalar    |
|data_479_V_read   |  in |    8|   ap_none  |  data_479_V_read |    scalar    |
|data_480_V_read   |  in |    8|   ap_none  |  data_480_V_read |    scalar    |
|data_481_V_read   |  in |    8|   ap_none  |  data_481_V_read |    scalar    |
|data_482_V_read   |  in |    8|   ap_none  |  data_482_V_read |    scalar    |
|data_483_V_read   |  in |    8|   ap_none  |  data_483_V_read |    scalar    |
|data_484_V_read   |  in |    8|   ap_none  |  data_484_V_read |    scalar    |
|data_485_V_read   |  in |    8|   ap_none  |  data_485_V_read |    scalar    |
|data_486_V_read   |  in |    8|   ap_none  |  data_486_V_read |    scalar    |
|data_487_V_read   |  in |    8|   ap_none  |  data_487_V_read |    scalar    |
|data_488_V_read   |  in |    8|   ap_none  |  data_488_V_read |    scalar    |
|data_489_V_read   |  in |    8|   ap_none  |  data_489_V_read |    scalar    |
|data_490_V_read   |  in |    8|   ap_none  |  data_490_V_read |    scalar    |
|data_491_V_read   |  in |    8|   ap_none  |  data_491_V_read |    scalar    |
|data_492_V_read   |  in |    8|   ap_none  |  data_492_V_read |    scalar    |
|data_493_V_read   |  in |    8|   ap_none  |  data_493_V_read |    scalar    |
|data_494_V_read   |  in |    8|   ap_none  |  data_494_V_read |    scalar    |
|data_495_V_read   |  in |    8|   ap_none  |  data_495_V_read |    scalar    |
|data_496_V_read   |  in |    8|   ap_none  |  data_496_V_read |    scalar    |
|data_497_V_read   |  in |    8|   ap_none  |  data_497_V_read |    scalar    |
|data_498_V_read   |  in |    8|   ap_none  |  data_498_V_read |    scalar    |
|data_499_V_read   |  in |    8|   ap_none  |  data_499_V_read |    scalar    |
|data_500_V_read   |  in |    8|   ap_none  |  data_500_V_read |    scalar    |
|data_501_V_read   |  in |    8|   ap_none  |  data_501_V_read |    scalar    |
|data_502_V_read   |  in |    8|   ap_none  |  data_502_V_read |    scalar    |
|data_503_V_read   |  in |    8|   ap_none  |  data_503_V_read |    scalar    |
|data_504_V_read   |  in |    8|   ap_none  |  data_504_V_read |    scalar    |
|data_505_V_read   |  in |    8|   ap_none  |  data_505_V_read |    scalar    |
|data_506_V_read   |  in |    8|   ap_none  |  data_506_V_read |    scalar    |
|data_507_V_read   |  in |    8|   ap_none  |  data_507_V_read |    scalar    |
|data_508_V_read   |  in |    8|   ap_none  |  data_508_V_read |    scalar    |
|data_509_V_read   |  in |    8|   ap_none  |  data_509_V_read |    scalar    |
|data_510_V_read   |  in |    8|   ap_none  |  data_510_V_read |    scalar    |
|data_511_V_read   |  in |    8|   ap_none  |  data_511_V_read |    scalar    |
|buffer_0_V_read   |  in |    8|   ap_none  |  buffer_0_V_read |    scalar    |
|buffer_1_V_read   |  in |    8|   ap_none  |  buffer_1_V_read |    scalar    |
|buffer_2_V_read   |  in |    8|   ap_none  |  buffer_2_V_read |    scalar    |
|buffer_3_V_read   |  in |    8|   ap_none  |  buffer_3_V_read |    scalar    |
|buffer_4_V_read   |  in |    8|   ap_none  |  buffer_4_V_read |    scalar    |
|buffer_5_V_read   |  in |    8|   ap_none  |  buffer_5_V_read |    scalar    |
|buffer_6_V_read   |  in |    8|   ap_none  |  buffer_6_V_read |    scalar    |
|buffer_7_V_read   |  in |    8|   ap_none  |  buffer_7_V_read |    scalar    |
|buffer_8_V_read   |  in |    8|   ap_none  |  buffer_8_V_read |    scalar    |
|buffer_9_V_read   |  in |    8|   ap_none  |  buffer_9_V_read |    scalar    |
|buffer_10_V_read  |  in |    8|   ap_none  | buffer_10_V_read |    scalar    |
|buffer_11_V_read  |  in |    8|   ap_none  | buffer_11_V_read |    scalar    |
|buffer_12_V_read  |  in |    8|   ap_none  | buffer_12_V_read |    scalar    |
|buffer_13_V_read  |  in |    8|   ap_none  | buffer_13_V_read |    scalar    |
|buffer_14_V_read  |  in |    8|   ap_none  | buffer_14_V_read |    scalar    |
|buffer_15_V_read  |  in |    8|   ap_none  | buffer_15_V_read |    scalar    |
|buffer_16_V_read  |  in |    8|   ap_none  | buffer_16_V_read |    scalar    |
|buffer_17_V_read  |  in |    8|   ap_none  | buffer_17_V_read |    scalar    |
|buffer_18_V_read  |  in |    8|   ap_none  | buffer_18_V_read |    scalar    |
|buffer_19_V_read  |  in |    8|   ap_none  | buffer_19_V_read |    scalar    |
|buffer_20_V_read  |  in |    8|   ap_none  | buffer_20_V_read |    scalar    |
|buffer_21_V_read  |  in |    8|   ap_none  | buffer_21_V_read |    scalar    |
|buffer_22_V_read  |  in |    8|   ap_none  | buffer_22_V_read |    scalar    |
|buffer_23_V_read  |  in |    8|   ap_none  | buffer_23_V_read |    scalar    |
|buffer_24_V_read  |  in |    8|   ap_none  | buffer_24_V_read |    scalar    |
|buffer_25_V_read  |  in |    8|   ap_none  | buffer_25_V_read |    scalar    |
|buffer_26_V_read  |  in |    8|   ap_none  | buffer_26_V_read |    scalar    |
|buffer_27_V_read  |  in |    8|   ap_none  | buffer_27_V_read |    scalar    |
|buffer_28_V_read  |  in |    8|   ap_none  | buffer_28_V_read |    scalar    |
|buffer_29_V_read  |  in |    8|   ap_none  | buffer_29_V_read |    scalar    |
|buffer_30_V_read  |  in |    8|   ap_none  | buffer_30_V_read |    scalar    |
|buffer_31_V_read  |  in |    8|   ap_none  | buffer_31_V_read |    scalar    |
|partition         |  in |    4|   ap_none  |     partition    |    scalar    |
+------------------+-----+-----+------------+------------------+--------------+

