

================================================================
== Vivado HLS Report for 'global_pooling1d_cl_ap_fixed_ap_fixed_16_6_5_3_0_config12_s'
================================================================
* Date:           Tue Dec 10 21:19:25 2024

* Version:        2020.1 (Build 2897737 on Wed May 27 20:21:37 MDT 2020)
* Project:        hls_deepset_pointwisePhi_ioparallel_prj
* Solution:       solution1
* Product family: virtexuplus
* Target device:  xcvu13p-flga2577-2-e


================================================================
== Performance Estimates
================================================================
+ Timing: 
    * Summary: 
    +--------+---------+----------+------------+
    |  Clock |  Target | Estimated| Uncertainty|
    +--------+---------+----------+------------+
    |ap_clk  | 5.00 ns | 2.960 ns |   0.62 ns  |
    +--------+---------+----------+------------+

+ Latency: 
    * Summary: 
    +---------+---------+----------+----------+-----+-----+----------+
    |  Latency (cycles) |  Latency (absolute) |  Interval | Pipeline |
    |   min   |   max   |    min   |    max   | min | max |   Type   |
    +---------+---------+----------+----------+-----+-----+----------+
    |        0|        0|   0 ns   |   0 ns   |    1|    1| function |
    +---------+---------+----------+----------+-----+-----+----------+

    + Detail: 
        * Instance: 
        +---------------------------------------------------------------------------------------+---------------------------------------------------------+---------+---------+----------+----------+-----+-----+----------+
        |                                                                                       |                                                         |  Latency (cycles) |  Latency (absolute) |  Interval | Pipeline |
        |                                        Instance                                       |                          Module                         |   min   |   max   |    min   |    max   | min | max |   Type   |
        +---------------------------------------------------------------------------------------+---------------------------------------------------------+---------+---------+----------+----------+-----+-----+----------+
        |res_0_V_write_assign_pool_op_ap_fixed_20_11_4_0_0_16_1_ap_fixed_16_6_5_3_0_s_fu_4110   |pool_op_ap_fixed_20_11_4_0_0_16_1_ap_fixed_16_6_5_3_0_s  |        0|        0|   0 ns   |   0 ns   |    1|    1| function |
        |res_1_V_write_assign_pool_op_ap_fixed_20_11_4_0_0_16_1_ap_fixed_16_6_5_3_0_s_fu_4146   |pool_op_ap_fixed_20_11_4_0_0_16_1_ap_fixed_16_6_5_3_0_s  |        0|        0|   0 ns   |   0 ns   |    1|    1| function |
        |res_2_V_write_assign_pool_op_ap_fixed_20_11_4_0_0_16_1_ap_fixed_16_6_5_3_0_s_fu_4182   |pool_op_ap_fixed_20_11_4_0_0_16_1_ap_fixed_16_6_5_3_0_s  |        0|        0|   0 ns   |   0 ns   |    1|    1| function |
        |res_3_V_write_assign_pool_op_ap_fixed_20_11_4_0_0_16_1_ap_fixed_16_6_5_3_0_s_fu_4218   |pool_op_ap_fixed_20_11_4_0_0_16_1_ap_fixed_16_6_5_3_0_s  |        0|        0|   0 ns   |   0 ns   |    1|    1| function |
        |res_4_V_write_assign_pool_op_ap_fixed_20_11_4_0_0_16_1_ap_fixed_16_6_5_3_0_s_fu_4254   |pool_op_ap_fixed_20_11_4_0_0_16_1_ap_fixed_16_6_5_3_0_s  |        0|        0|   0 ns   |   0 ns   |    1|    1| function |
        |res_5_V_write_assign_pool_op_ap_fixed_20_11_4_0_0_16_1_ap_fixed_16_6_5_3_0_s_fu_4290   |pool_op_ap_fixed_20_11_4_0_0_16_1_ap_fixed_16_6_5_3_0_s  |        0|        0|   0 ns   |   0 ns   |    1|    1| function |
        |res_6_V_write_assign_pool_op_ap_fixed_20_11_4_0_0_16_1_ap_fixed_16_6_5_3_0_s_fu_4326   |pool_op_ap_fixed_20_11_4_0_0_16_1_ap_fixed_16_6_5_3_0_s  |        0|        0|   0 ns   |   0 ns   |    1|    1| function |
        |res_7_V_write_assign_pool_op_ap_fixed_20_11_4_0_0_16_1_ap_fixed_16_6_5_3_0_s_fu_4362   |pool_op_ap_fixed_20_11_4_0_0_16_1_ap_fixed_16_6_5_3_0_s  |        0|        0|   0 ns   |   0 ns   |    1|    1| function |
        |res_8_V_write_assign_pool_op_ap_fixed_20_11_4_0_0_16_1_ap_fixed_16_6_5_3_0_s_fu_4398   |pool_op_ap_fixed_20_11_4_0_0_16_1_ap_fixed_16_6_5_3_0_s  |        0|        0|   0 ns   |   0 ns   |    1|    1| function |
        |res_9_V_write_assign_pool_op_ap_fixed_20_11_4_0_0_16_1_ap_fixed_16_6_5_3_0_s_fu_4434   |pool_op_ap_fixed_20_11_4_0_0_16_1_ap_fixed_16_6_5_3_0_s  |        0|        0|   0 ns   |   0 ns   |    1|    1| function |
        |res_10_V_write_assign_pool_op_ap_fixed_20_11_4_0_0_16_1_ap_fixed_16_6_5_3_0_s_fu_4470  |pool_op_ap_fixed_20_11_4_0_0_16_1_ap_fixed_16_6_5_3_0_s  |        0|        0|   0 ns   |   0 ns   |    1|    1| function |
        |res_11_V_write_assign_pool_op_ap_fixed_20_11_4_0_0_16_1_ap_fixed_16_6_5_3_0_s_fu_4506  |pool_op_ap_fixed_20_11_4_0_0_16_1_ap_fixed_16_6_5_3_0_s  |        0|        0|   0 ns   |   0 ns   |    1|    1| function |
        |res_12_V_write_assign_pool_op_ap_fixed_20_11_4_0_0_16_1_ap_fixed_16_6_5_3_0_s_fu_4542  |pool_op_ap_fixed_20_11_4_0_0_16_1_ap_fixed_16_6_5_3_0_s  |        0|        0|   0 ns   |   0 ns   |    1|    1| function |
        |res_13_V_write_assign_pool_op_ap_fixed_20_11_4_0_0_16_1_ap_fixed_16_6_5_3_0_s_fu_4578  |pool_op_ap_fixed_20_11_4_0_0_16_1_ap_fixed_16_6_5_3_0_s  |        0|        0|   0 ns   |   0 ns   |    1|    1| function |
        |res_14_V_write_assign_pool_op_ap_fixed_20_11_4_0_0_16_1_ap_fixed_16_6_5_3_0_s_fu_4614  |pool_op_ap_fixed_20_11_4_0_0_16_1_ap_fixed_16_6_5_3_0_s  |        0|        0|   0 ns   |   0 ns   |    1|    1| function |
        |res_15_V_write_assign_pool_op_ap_fixed_20_11_4_0_0_16_1_ap_fixed_16_6_5_3_0_s_fu_4650  |pool_op_ap_fixed_20_11_4_0_0_16_1_ap_fixed_16_6_5_3_0_s  |        0|        0|   0 ns   |   0 ns   |    1|    1| function |
        |res_16_V_write_assign_pool_op_ap_fixed_20_11_4_0_0_16_1_ap_fixed_16_6_5_3_0_s_fu_4686  |pool_op_ap_fixed_20_11_4_0_0_16_1_ap_fixed_16_6_5_3_0_s  |        0|        0|   0 ns   |   0 ns   |    1|    1| function |
        |res_17_V_write_assign_pool_op_ap_fixed_20_11_4_0_0_16_1_ap_fixed_16_6_5_3_0_s_fu_4722  |pool_op_ap_fixed_20_11_4_0_0_16_1_ap_fixed_16_6_5_3_0_s  |        0|        0|   0 ns   |   0 ns   |    1|    1| function |
        |res_18_V_write_assign_pool_op_ap_fixed_20_11_4_0_0_16_1_ap_fixed_16_6_5_3_0_s_fu_4758  |pool_op_ap_fixed_20_11_4_0_0_16_1_ap_fixed_16_6_5_3_0_s  |        0|        0|   0 ns   |   0 ns   |    1|    1| function |
        |res_19_V_write_assign_pool_op_ap_fixed_20_11_4_0_0_16_1_ap_fixed_16_6_5_3_0_s_fu_4794  |pool_op_ap_fixed_20_11_4_0_0_16_1_ap_fixed_16_6_5_3_0_s  |        0|        0|   0 ns   |   0 ns   |    1|    1| function |
        |res_20_V_write_assign_pool_op_ap_fixed_20_11_4_0_0_16_1_ap_fixed_16_6_5_3_0_s_fu_4830  |pool_op_ap_fixed_20_11_4_0_0_16_1_ap_fixed_16_6_5_3_0_s  |        0|        0|   0 ns   |   0 ns   |    1|    1| function |
        |res_21_V_write_assign_pool_op_ap_fixed_20_11_4_0_0_16_1_ap_fixed_16_6_5_3_0_s_fu_4866  |pool_op_ap_fixed_20_11_4_0_0_16_1_ap_fixed_16_6_5_3_0_s  |        0|        0|   0 ns   |   0 ns   |    1|    1| function |
        |res_22_V_write_assign_pool_op_ap_fixed_20_11_4_0_0_16_1_ap_fixed_16_6_5_3_0_s_fu_4902  |pool_op_ap_fixed_20_11_4_0_0_16_1_ap_fixed_16_6_5_3_0_s  |        0|        0|   0 ns   |   0 ns   |    1|    1| function |
        |res_23_V_write_assign_pool_op_ap_fixed_20_11_4_0_0_16_1_ap_fixed_16_6_5_3_0_s_fu_4938  |pool_op_ap_fixed_20_11_4_0_0_16_1_ap_fixed_16_6_5_3_0_s  |        0|        0|   0 ns   |   0 ns   |    1|    1| function |
        |res_24_V_write_assign_pool_op_ap_fixed_20_11_4_0_0_16_1_ap_fixed_16_6_5_3_0_s_fu_4974  |pool_op_ap_fixed_20_11_4_0_0_16_1_ap_fixed_16_6_5_3_0_s  |        0|        0|   0 ns   |   0 ns   |    1|    1| function |
        |res_25_V_write_assign_pool_op_ap_fixed_20_11_4_0_0_16_1_ap_fixed_16_6_5_3_0_s_fu_5010  |pool_op_ap_fixed_20_11_4_0_0_16_1_ap_fixed_16_6_5_3_0_s  |        0|        0|   0 ns   |   0 ns   |    1|    1| function |
        |res_26_V_write_assign_pool_op_ap_fixed_20_11_4_0_0_16_1_ap_fixed_16_6_5_3_0_s_fu_5046  |pool_op_ap_fixed_20_11_4_0_0_16_1_ap_fixed_16_6_5_3_0_s  |        0|        0|   0 ns   |   0 ns   |    1|    1| function |
        |res_27_V_write_assign_pool_op_ap_fixed_20_11_4_0_0_16_1_ap_fixed_16_6_5_3_0_s_fu_5082  |pool_op_ap_fixed_20_11_4_0_0_16_1_ap_fixed_16_6_5_3_0_s  |        0|        0|   0 ns   |   0 ns   |    1|    1| function |
        |res_28_V_write_assign_pool_op_ap_fixed_20_11_4_0_0_16_1_ap_fixed_16_6_5_3_0_s_fu_5118  |pool_op_ap_fixed_20_11_4_0_0_16_1_ap_fixed_16_6_5_3_0_s  |        0|        0|   0 ns   |   0 ns   |    1|    1| function |
        |res_29_V_write_assign_pool_op_ap_fixed_20_11_4_0_0_16_1_ap_fixed_16_6_5_3_0_s_fu_5154  |pool_op_ap_fixed_20_11_4_0_0_16_1_ap_fixed_16_6_5_3_0_s  |        0|        0|   0 ns   |   0 ns   |    1|    1| function |
        |res_30_V_write_assign_pool_op_ap_fixed_20_11_4_0_0_16_1_ap_fixed_16_6_5_3_0_s_fu_5190  |pool_op_ap_fixed_20_11_4_0_0_16_1_ap_fixed_16_6_5_3_0_s  |        0|        0|   0 ns   |   0 ns   |    1|    1| function |
        |res_31_V_write_assign_pool_op_ap_fixed_20_11_4_0_0_16_1_ap_fixed_16_6_5_3_0_s_fu_5226  |pool_op_ap_fixed_20_11_4_0_0_16_1_ap_fixed_16_6_5_3_0_s  |        0|        0|   0 ns   |   0 ns   |    1|    1| function |
        +---------------------------------------------------------------------------------------+---------------------------------------------------------+---------+---------+----------+----------+-----+-----+----------+

        * Loop: 
        N/A



================================================================
== Utilization Estimates
================================================================
* Summary: 
+---------------------+---------+-------+---------+---------+------+
|         Name        | BRAM_18K| DSP48E|    FF   |   LUT   | URAM |
+---------------------+---------+-------+---------+---------+------+
|DSP                  |        -|      -|        -|        -|     -|
|Expression           |        -|      -|        0|        2|     -|
|FIFO                 |        -|      -|        -|        -|     -|
|Instance             |        -|      -|        0|     8992|     -|
|Memory               |        -|      -|        -|        -|     -|
|Multiplexer          |        -|      -|        -|      297|     -|
|Register             |        -|      -|      322|        -|     -|
+---------------------+---------+-------+---------+---------+------+
|Total                |        0|      0|      322|     9291|     0|
+---------------------+---------+-------+---------+---------+------+
|Available SLR        |     1344|   3072|   864000|   432000|   320|
+---------------------+---------+-------+---------+---------+------+
|Utilization SLR (%)  |        0|      0|    ~0   |        2|     0|
+---------------------+---------+-------+---------+---------+------+
|Available            |     5376|  12288|  3456000|  1728000|  1280|
+---------------------+---------+-------+---------+---------+------+
|Utilization (%)      |        0|      0|    ~0   |    ~0   |     0|
+---------------------+---------+-------+---------+---------+------+

+ Detail: 
    * Instance: 
    +---------------------------------------------------------------------------------------+---------------------------------------------------------+---------+-------+---+-----+-----+
    |                                        Instance                                       |                          Module                         | BRAM_18K| DSP48E| FF| LUT | URAM|
    +---------------------------------------------------------------------------------------+---------------------------------------------------------+---------+-------+---+-----+-----+
    |res_0_V_write_assign_pool_op_ap_fixed_20_11_4_0_0_16_1_ap_fixed_16_6_5_3_0_s_fu_4110   |pool_op_ap_fixed_20_11_4_0_0_16_1_ap_fixed_16_6_5_3_0_s  |        0|      0|  0|  281|    0|
    |res_1_V_write_assign_pool_op_ap_fixed_20_11_4_0_0_16_1_ap_fixed_16_6_5_3_0_s_fu_4146   |pool_op_ap_fixed_20_11_4_0_0_16_1_ap_fixed_16_6_5_3_0_s  |        0|      0|  0|  281|    0|
    |res_2_V_write_assign_pool_op_ap_fixed_20_11_4_0_0_16_1_ap_fixed_16_6_5_3_0_s_fu_4182   |pool_op_ap_fixed_20_11_4_0_0_16_1_ap_fixed_16_6_5_3_0_s  |        0|      0|  0|  281|    0|
    |res_3_V_write_assign_pool_op_ap_fixed_20_11_4_0_0_16_1_ap_fixed_16_6_5_3_0_s_fu_4218   |pool_op_ap_fixed_20_11_4_0_0_16_1_ap_fixed_16_6_5_3_0_s  |        0|      0|  0|  281|    0|
    |res_4_V_write_assign_pool_op_ap_fixed_20_11_4_0_0_16_1_ap_fixed_16_6_5_3_0_s_fu_4254   |pool_op_ap_fixed_20_11_4_0_0_16_1_ap_fixed_16_6_5_3_0_s  |        0|      0|  0|  281|    0|
    |res_5_V_write_assign_pool_op_ap_fixed_20_11_4_0_0_16_1_ap_fixed_16_6_5_3_0_s_fu_4290   |pool_op_ap_fixed_20_11_4_0_0_16_1_ap_fixed_16_6_5_3_0_s  |        0|      0|  0|  281|    0|
    |res_6_V_write_assign_pool_op_ap_fixed_20_11_4_0_0_16_1_ap_fixed_16_6_5_3_0_s_fu_4326   |pool_op_ap_fixed_20_11_4_0_0_16_1_ap_fixed_16_6_5_3_0_s  |        0|      0|  0|  281|    0|
    |res_7_V_write_assign_pool_op_ap_fixed_20_11_4_0_0_16_1_ap_fixed_16_6_5_3_0_s_fu_4362   |pool_op_ap_fixed_20_11_4_0_0_16_1_ap_fixed_16_6_5_3_0_s  |        0|      0|  0|  281|    0|
    |res_8_V_write_assign_pool_op_ap_fixed_20_11_4_0_0_16_1_ap_fixed_16_6_5_3_0_s_fu_4398   |pool_op_ap_fixed_20_11_4_0_0_16_1_ap_fixed_16_6_5_3_0_s  |        0|      0|  0|  281|    0|
    |res_9_V_write_assign_pool_op_ap_fixed_20_11_4_0_0_16_1_ap_fixed_16_6_5_3_0_s_fu_4434   |pool_op_ap_fixed_20_11_4_0_0_16_1_ap_fixed_16_6_5_3_0_s  |        0|      0|  0|  281|    0|
    |res_10_V_write_assign_pool_op_ap_fixed_20_11_4_0_0_16_1_ap_fixed_16_6_5_3_0_s_fu_4470  |pool_op_ap_fixed_20_11_4_0_0_16_1_ap_fixed_16_6_5_3_0_s  |        0|      0|  0|  281|    0|
    |res_11_V_write_assign_pool_op_ap_fixed_20_11_4_0_0_16_1_ap_fixed_16_6_5_3_0_s_fu_4506  |pool_op_ap_fixed_20_11_4_0_0_16_1_ap_fixed_16_6_5_3_0_s  |        0|      0|  0|  281|    0|
    |res_12_V_write_assign_pool_op_ap_fixed_20_11_4_0_0_16_1_ap_fixed_16_6_5_3_0_s_fu_4542  |pool_op_ap_fixed_20_11_4_0_0_16_1_ap_fixed_16_6_5_3_0_s  |        0|      0|  0|  281|    0|
    |res_13_V_write_assign_pool_op_ap_fixed_20_11_4_0_0_16_1_ap_fixed_16_6_5_3_0_s_fu_4578  |pool_op_ap_fixed_20_11_4_0_0_16_1_ap_fixed_16_6_5_3_0_s  |        0|      0|  0|  281|    0|
    |res_14_V_write_assign_pool_op_ap_fixed_20_11_4_0_0_16_1_ap_fixed_16_6_5_3_0_s_fu_4614  |pool_op_ap_fixed_20_11_4_0_0_16_1_ap_fixed_16_6_5_3_0_s  |        0|      0|  0|  281|    0|
    |res_15_V_write_assign_pool_op_ap_fixed_20_11_4_0_0_16_1_ap_fixed_16_6_5_3_0_s_fu_4650  |pool_op_ap_fixed_20_11_4_0_0_16_1_ap_fixed_16_6_5_3_0_s  |        0|      0|  0|  281|    0|
    |res_16_V_write_assign_pool_op_ap_fixed_20_11_4_0_0_16_1_ap_fixed_16_6_5_3_0_s_fu_4686  |pool_op_ap_fixed_20_11_4_0_0_16_1_ap_fixed_16_6_5_3_0_s  |        0|      0|  0|  281|    0|
    |res_17_V_write_assign_pool_op_ap_fixed_20_11_4_0_0_16_1_ap_fixed_16_6_5_3_0_s_fu_4722  |pool_op_ap_fixed_20_11_4_0_0_16_1_ap_fixed_16_6_5_3_0_s  |        0|      0|  0|  281|    0|
    |res_18_V_write_assign_pool_op_ap_fixed_20_11_4_0_0_16_1_ap_fixed_16_6_5_3_0_s_fu_4758  |pool_op_ap_fixed_20_11_4_0_0_16_1_ap_fixed_16_6_5_3_0_s  |        0|      0|  0|  281|    0|
    |res_19_V_write_assign_pool_op_ap_fixed_20_11_4_0_0_16_1_ap_fixed_16_6_5_3_0_s_fu_4794  |pool_op_ap_fixed_20_11_4_0_0_16_1_ap_fixed_16_6_5_3_0_s  |        0|      0|  0|  281|    0|
    |res_20_V_write_assign_pool_op_ap_fixed_20_11_4_0_0_16_1_ap_fixed_16_6_5_3_0_s_fu_4830  |pool_op_ap_fixed_20_11_4_0_0_16_1_ap_fixed_16_6_5_3_0_s  |        0|      0|  0|  281|    0|
    |res_21_V_write_assign_pool_op_ap_fixed_20_11_4_0_0_16_1_ap_fixed_16_6_5_3_0_s_fu_4866  |pool_op_ap_fixed_20_11_4_0_0_16_1_ap_fixed_16_6_5_3_0_s  |        0|      0|  0|  281|    0|
    |res_22_V_write_assign_pool_op_ap_fixed_20_11_4_0_0_16_1_ap_fixed_16_6_5_3_0_s_fu_4902  |pool_op_ap_fixed_20_11_4_0_0_16_1_ap_fixed_16_6_5_3_0_s  |        0|      0|  0|  281|    0|
    |res_23_V_write_assign_pool_op_ap_fixed_20_11_4_0_0_16_1_ap_fixed_16_6_5_3_0_s_fu_4938  |pool_op_ap_fixed_20_11_4_0_0_16_1_ap_fixed_16_6_5_3_0_s  |        0|      0|  0|  281|    0|
    |res_24_V_write_assign_pool_op_ap_fixed_20_11_4_0_0_16_1_ap_fixed_16_6_5_3_0_s_fu_4974  |pool_op_ap_fixed_20_11_4_0_0_16_1_ap_fixed_16_6_5_3_0_s  |        0|      0|  0|  281|    0|
    |res_25_V_write_assign_pool_op_ap_fixed_20_11_4_0_0_16_1_ap_fixed_16_6_5_3_0_s_fu_5010  |pool_op_ap_fixed_20_11_4_0_0_16_1_ap_fixed_16_6_5_3_0_s  |        0|      0|  0|  281|    0|
    |res_26_V_write_assign_pool_op_ap_fixed_20_11_4_0_0_16_1_ap_fixed_16_6_5_3_0_s_fu_5046  |pool_op_ap_fixed_20_11_4_0_0_16_1_ap_fixed_16_6_5_3_0_s  |        0|      0|  0|  281|    0|
    |res_27_V_write_assign_pool_op_ap_fixed_20_11_4_0_0_16_1_ap_fixed_16_6_5_3_0_s_fu_5082  |pool_op_ap_fixed_20_11_4_0_0_16_1_ap_fixed_16_6_5_3_0_s  |        0|      0|  0|  281|    0|
    |res_28_V_write_assign_pool_op_ap_fixed_20_11_4_0_0_16_1_ap_fixed_16_6_5_3_0_s_fu_5118  |pool_op_ap_fixed_20_11_4_0_0_16_1_ap_fixed_16_6_5_3_0_s  |        0|      0|  0|  281|    0|
    |res_29_V_write_assign_pool_op_ap_fixed_20_11_4_0_0_16_1_ap_fixed_16_6_5_3_0_s_fu_5154  |pool_op_ap_fixed_20_11_4_0_0_16_1_ap_fixed_16_6_5_3_0_s  |        0|      0|  0|  281|    0|
    |res_30_V_write_assign_pool_op_ap_fixed_20_11_4_0_0_16_1_ap_fixed_16_6_5_3_0_s_fu_5190  |pool_op_ap_fixed_20_11_4_0_0_16_1_ap_fixed_16_6_5_3_0_s  |        0|      0|  0|  281|    0|
    |res_31_V_write_assign_pool_op_ap_fixed_20_11_4_0_0_16_1_ap_fixed_16_6_5_3_0_s_fu_5226  |pool_op_ap_fixed_20_11_4_0_0_16_1_ap_fixed_16_6_5_3_0_s  |        0|      0|  0|  281|    0|
    +---------------------------------------------------------------------------------------+---------------------------------------------------------+---------+-------+---+-----+-----+
    |Total                                                                                  |                                                         |        0|      0|  0| 8992|    0|
    +---------------------------------------------------------------------------------------+---------------------------------------------------------+---------+-------+---+-----+-----+

    * DSP48E: 
    N/A

    * Memory: 
    N/A

    * FIFO: 
    N/A

    * Expression: 
    +-----------------+----------+-------+---+----+------------+------------+
    |  Variable Name  | Operation| DSP48E| FF| LUT| Bitwidth P0| Bitwidth P1|
    +-----------------+----------+-------+---+----+------------+------------+
    |ap_block_state1  |    or    |      0|  0|   2|           1|           1|
    +-----------------+----------+-------+---+----+------------+------------+
    |Total            |          |      0|  0|   2|           1|           1|
    +-----------------+----------+-------+---+----+------------+------------+

    * Multiplexer: 
    +--------------+----+-----------+-----+-----------+
    |     Name     | LUT| Input Size| Bits| Total Bits|
    +--------------+----+-----------+-----+-----------+
    |ap_done       |   9|          2|    1|          2|
    |ap_return_0   |   9|          2|   10|         20|
    |ap_return_1   |   9|          2|   10|         20|
    |ap_return_10  |   9|          2|   10|         20|
    |ap_return_11  |   9|          2|   10|         20|
    |ap_return_12  |   9|          2|   10|         20|
    |ap_return_13  |   9|          2|   10|         20|
    |ap_return_14  |   9|          2|   10|         20|
    |ap_return_15  |   9|          2|   10|         20|
    |ap_return_16  |   9|          2|   10|         20|
    |ap_return_17  |   9|          2|   10|         20|
    |ap_return_18  |   9|          2|   10|         20|
    |ap_return_19  |   9|          2|   10|         20|
    |ap_return_2   |   9|          2|   10|         20|
    |ap_return_20  |   9|          2|   10|         20|
    |ap_return_21  |   9|          2|   10|         20|
    |ap_return_22  |   9|          2|   10|         20|
    |ap_return_23  |   9|          2|   10|         20|
    |ap_return_24  |   9|          2|   10|         20|
    |ap_return_25  |   9|          2|   10|         20|
    |ap_return_26  |   9|          2|   10|         20|
    |ap_return_27  |   9|          2|   10|         20|
    |ap_return_28  |   9|          2|   10|         20|
    |ap_return_29  |   9|          2|   10|         20|
    |ap_return_3   |   9|          2|   10|         20|
    |ap_return_30  |   9|          2|   10|         20|
    |ap_return_31  |   9|          2|   10|         20|
    |ap_return_4   |   9|          2|   10|         20|
    |ap_return_5   |   9|          2|   10|         20|
    |ap_return_6   |   9|          2|   10|         20|
    |ap_return_7   |   9|          2|   10|         20|
    |ap_return_8   |   9|          2|   10|         20|
    |ap_return_9   |   9|          2|   10|         20|
    +--------------+----+-----------+-----+-----------+
    |Total         | 297|         66|  321|        642|
    +--------------+----+-----------+-----+-----------+

    * Register: 
    +-------------------+----+----+-----+-----------+
    |        Name       | FF | LUT| Bits| Const Bits|
    +-------------------+----+----+-----+-----------+
    |ap_CS_fsm          |   1|   0|    1|          0|
    |ap_done_reg        |   1|   0|    1|          0|
    |ap_return_0_preg   |  10|   0|   12|          2|
    |ap_return_10_preg  |  10|   0|   12|          2|
    |ap_return_11_preg  |  10|   0|   12|          2|
    |ap_return_12_preg  |  10|   0|   12|          2|
    |ap_return_13_preg  |  10|   0|   12|          2|
    |ap_return_14_preg  |  10|   0|   12|          2|
    |ap_return_15_preg  |  10|   0|   12|          2|
    |ap_return_16_preg  |  10|   0|   12|          2|
    |ap_return_17_preg  |  10|   0|   12|          2|
    |ap_return_18_preg  |  10|   0|   12|          2|
    |ap_return_19_preg  |  10|   0|   12|          2|
    |ap_return_1_preg   |  10|   0|   12|          2|
    |ap_return_20_preg  |  10|   0|   12|          2|
    |ap_return_21_preg  |  10|   0|   12|          2|
    |ap_return_22_preg  |  10|   0|   12|          2|
    |ap_return_23_preg  |  10|   0|   12|          2|
    |ap_return_24_preg  |  10|   0|   12|          2|
    |ap_return_25_preg  |  10|   0|   12|          2|
    |ap_return_26_preg  |  10|   0|   12|          2|
    |ap_return_27_preg  |  10|   0|   12|          2|
    |ap_return_28_preg  |  10|   0|   12|          2|
    |ap_return_29_preg  |  10|   0|   12|          2|
    |ap_return_2_preg   |  10|   0|   12|          2|
    |ap_return_30_preg  |  10|   0|   12|          2|
    |ap_return_31_preg  |  10|   0|   12|          2|
    |ap_return_3_preg   |  10|   0|   12|          2|
    |ap_return_4_preg   |  10|   0|   12|          2|
    |ap_return_5_preg   |  10|   0|   12|          2|
    |ap_return_6_preg   |  10|   0|   12|          2|
    |ap_return_7_preg   |  10|   0|   12|          2|
    |ap_return_8_preg   |  10|   0|   12|          2|
    |ap_return_9_preg   |  10|   0|   12|          2|
    +-------------------+----+----+-----+-----------+
    |Total              | 322|   0|  386|         64|
    +-------------------+----+----+-----+-----------+



================================================================
== Interface
================================================================
* Summary: 
+-----------------+-----+-----+------------+-------------------------------------------------------------+--------------+
|    RTL Ports    | Dir | Bits|  Protocol  |                        Source Object                        |    C Type    |
+-----------------+-----+-----+------------+-------------------------------------------------------------+--------------+
|ap_clk           |  in |    1| ap_ctrl_hs | global_pooling1d_cl<ap_fixed,ap_fixed<16,6,5,3,0>,config12> | return value |
|ap_rst           |  in |    1| ap_ctrl_hs | global_pooling1d_cl<ap_fixed,ap_fixed<16,6,5,3,0>,config12> | return value |
|ap_start         |  in |    1| ap_ctrl_hs | global_pooling1d_cl<ap_fixed,ap_fixed<16,6,5,3,0>,config12> | return value |
|ap_done          | out |    1| ap_ctrl_hs | global_pooling1d_cl<ap_fixed,ap_fixed<16,6,5,3,0>,config12> | return value |
|ap_continue      |  in |    1| ap_ctrl_hs | global_pooling1d_cl<ap_fixed,ap_fixed<16,6,5,3,0>,config12> | return value |
|ap_idle          | out |    1| ap_ctrl_hs | global_pooling1d_cl<ap_fixed,ap_fixed<16,6,5,3,0>,config12> | return value |
|ap_ready         | out |    1| ap_ctrl_hs | global_pooling1d_cl<ap_fixed,ap_fixed<16,6,5,3,0>,config12> | return value |
|ap_return_0      | out |   12| ap_ctrl_hs | global_pooling1d_cl<ap_fixed,ap_fixed<16,6,5,3,0>,config12> | return value |
|ap_return_1      | out |   12| ap_ctrl_hs | global_pooling1d_cl<ap_fixed,ap_fixed<16,6,5,3,0>,config12> | return value |
|ap_return_2      | out |   12| ap_ctrl_hs | global_pooling1d_cl<ap_fixed,ap_fixed<16,6,5,3,0>,config12> | return value |
|ap_return_3      | out |   12| ap_ctrl_hs | global_pooling1d_cl<ap_fixed,ap_fixed<16,6,5,3,0>,config12> | return value |
|ap_return_4      | out |   12| ap_ctrl_hs | global_pooling1d_cl<ap_fixed,ap_fixed<16,6,5,3,0>,config12> | return value |
|ap_return_5      | out |   12| ap_ctrl_hs | global_pooling1d_cl<ap_fixed,ap_fixed<16,6,5,3,0>,config12> | return value |
|ap_return_6      | out |   12| ap_ctrl_hs | global_pooling1d_cl<ap_fixed,ap_fixed<16,6,5,3,0>,config12> | return value |
|ap_return_7      | out |   12| ap_ctrl_hs | global_pooling1d_cl<ap_fixed,ap_fixed<16,6,5,3,0>,config12> | return value |
|ap_return_8      | out |   12| ap_ctrl_hs | global_pooling1d_cl<ap_fixed,ap_fixed<16,6,5,3,0>,config12> | return value |
|ap_return_9      | out |   12| ap_ctrl_hs | global_pooling1d_cl<ap_fixed,ap_fixed<16,6,5,3,0>,config12> | return value |
|ap_return_10     | out |   12| ap_ctrl_hs | global_pooling1d_cl<ap_fixed,ap_fixed<16,6,5,3,0>,config12> | return value |
|ap_return_11     | out |   12| ap_ctrl_hs | global_pooling1d_cl<ap_fixed,ap_fixed<16,6,5,3,0>,config12> | return value |
|ap_return_12     | out |   12| ap_ctrl_hs | global_pooling1d_cl<ap_fixed,ap_fixed<16,6,5,3,0>,config12> | return value |
|ap_return_13     | out |   12| ap_ctrl_hs | global_pooling1d_cl<ap_fixed,ap_fixed<16,6,5,3,0>,config12> | return value |
|ap_return_14     | out |   12| ap_ctrl_hs | global_pooling1d_cl<ap_fixed,ap_fixed<16,6,5,3,0>,config12> | return value |
|ap_return_15     | out |   12| ap_ctrl_hs | global_pooling1d_cl<ap_fixed,ap_fixed<16,6,5,3,0>,config12> | return value |
|ap_return_16     | out |   12| ap_ctrl_hs | global_pooling1d_cl<ap_fixed,ap_fixed<16,6,5,3,0>,config12> | return value |
|ap_return_17     | out |   12| ap_ctrl_hs | global_pooling1d_cl<ap_fixed,ap_fixed<16,6,5,3,0>,config12> | return value |
|ap_return_18     | out |   12| ap_ctrl_hs | global_pooling1d_cl<ap_fixed,ap_fixed<16,6,5,3,0>,config12> | return value |
|ap_return_19     | out |   12| ap_ctrl_hs | global_pooling1d_cl<ap_fixed,ap_fixed<16,6,5,3,0>,config12> | return value |
|ap_return_20     | out |   12| ap_ctrl_hs | global_pooling1d_cl<ap_fixed,ap_fixed<16,6,5,3,0>,config12> | return value |
|ap_return_21     | out |   12| ap_ctrl_hs | global_pooling1d_cl<ap_fixed,ap_fixed<16,6,5,3,0>,config12> | return value |
|ap_return_22     | out |   12| ap_ctrl_hs | global_pooling1d_cl<ap_fixed,ap_fixed<16,6,5,3,0>,config12> | return value |
|ap_return_23     | out |   12| ap_ctrl_hs | global_pooling1d_cl<ap_fixed,ap_fixed<16,6,5,3,0>,config12> | return value |
|ap_return_24     | out |   12| ap_ctrl_hs | global_pooling1d_cl<ap_fixed,ap_fixed<16,6,5,3,0>,config12> | return value |
|ap_return_25     | out |   12| ap_ctrl_hs | global_pooling1d_cl<ap_fixed,ap_fixed<16,6,5,3,0>,config12> | return value |
|ap_return_26     | out |   12| ap_ctrl_hs | global_pooling1d_cl<ap_fixed,ap_fixed<16,6,5,3,0>,config12> | return value |
|ap_return_27     | out |   12| ap_ctrl_hs | global_pooling1d_cl<ap_fixed,ap_fixed<16,6,5,3,0>,config12> | return value |
|ap_return_28     | out |   12| ap_ctrl_hs | global_pooling1d_cl<ap_fixed,ap_fixed<16,6,5,3,0>,config12> | return value |
|ap_return_29     | out |   12| ap_ctrl_hs | global_pooling1d_cl<ap_fixed,ap_fixed<16,6,5,3,0>,config12> | return value |
|ap_return_30     | out |   12| ap_ctrl_hs | global_pooling1d_cl<ap_fixed,ap_fixed<16,6,5,3,0>,config12> | return value |
|ap_return_31     | out |   12| ap_ctrl_hs | global_pooling1d_cl<ap_fixed,ap_fixed<16,6,5,3,0>,config12> | return value |
|data_0_V_read    |  in |    9|   ap_none  |                        data_0_V_read                        |    scalar    |
|data_1_V_read    |  in |    9|   ap_none  |                        data_1_V_read                        |    scalar    |
|data_2_V_read    |  in |    9|   ap_none  |                        data_2_V_read                        |    scalar    |
|data_3_V_read    |  in |    9|   ap_none  |                        data_3_V_read                        |    scalar    |
|data_4_V_read    |  in |    9|   ap_none  |                        data_4_V_read                        |    scalar    |
|data_5_V_read    |  in |    9|   ap_none  |                        data_5_V_read                        |    scalar    |
|data_6_V_read    |  in |    9|   ap_none  |                        data_6_V_read                        |    scalar    |
|data_7_V_read    |  in |    9|   ap_none  |                        data_7_V_read                        |    scalar    |
|data_8_V_read    |  in |    9|   ap_none  |                        data_8_V_read                        |    scalar    |
|data_9_V_read    |  in |    9|   ap_none  |                        data_9_V_read                        |    scalar    |
|data_10_V_read   |  in |    9|   ap_none  |                        data_10_V_read                       |    scalar    |
|data_11_V_read   |  in |    9|   ap_none  |                        data_11_V_read                       |    scalar    |
|data_12_V_read   |  in |    9|   ap_none  |                        data_12_V_read                       |    scalar    |
|data_13_V_read   |  in |    9|   ap_none  |                        data_13_V_read                       |    scalar    |
|data_14_V_read   |  in |    9|   ap_none  |                        data_14_V_read                       |    scalar    |
|data_15_V_read   |  in |    9|   ap_none  |                        data_15_V_read                       |    scalar    |
|data_16_V_read   |  in |    9|   ap_none  |                        data_16_V_read                       |    scalar    |
|data_17_V_read   |  in |    9|   ap_none  |                        data_17_V_read                       |    scalar    |
|data_18_V_read   |  in |    9|   ap_none  |                        data_18_V_read                       |    scalar    |
|data_19_V_read   |  in |    9|   ap_none  |                        data_19_V_read                       |    scalar    |
|data_20_V_read   |  in |    9|   ap_none  |                        data_20_V_read                       |    scalar    |
|data_21_V_read   |  in |    9|   ap_none  |                        data_21_V_read                       |    scalar    |
|data_22_V_read   |  in |    9|   ap_none  |                        data_22_V_read                       |    scalar    |
|data_23_V_read   |  in |    9|   ap_none  |                        data_23_V_read                       |    scalar    |
|data_24_V_read   |  in |    9|   ap_none  |                        data_24_V_read                       |    scalar    |
|data_25_V_read   |  in |    9|   ap_none  |                        data_25_V_read                       |    scalar    |
|data_26_V_read   |  in |    9|   ap_none  |                        data_26_V_read                       |    scalar    |
|data_27_V_read   |  in |    9|   ap_none  |                        data_27_V_read                       |    scalar    |
|data_28_V_read   |  in |    9|   ap_none  |                        data_28_V_read                       |    scalar    |
|data_29_V_read   |  in |    9|   ap_none  |                        data_29_V_read                       |    scalar    |
|data_30_V_read   |  in |    9|   ap_none  |                        data_30_V_read                       |    scalar    |
|data_31_V_read   |  in |    9|   ap_none  |                        data_31_V_read                       |    scalar    |
|data_32_V_read   |  in |    9|   ap_none  |                        data_32_V_read                       |    scalar    |
|data_33_V_read   |  in |    9|   ap_none  |                        data_33_V_read                       |    scalar    |
|data_34_V_read   |  in |    9|   ap_none  |                        data_34_V_read                       |    scalar    |
|data_35_V_read   |  in |    9|   ap_none  |                        data_35_V_read                       |    scalar    |
|data_36_V_read   |  in |    9|   ap_none  |                        data_36_V_read                       |    scalar    |
|data_37_V_read   |  in |    9|   ap_none  |                        data_37_V_read                       |    scalar    |
|data_38_V_read   |  in |    9|   ap_none  |                        data_38_V_read                       |    scalar    |
|data_39_V_read   |  in |    9|   ap_none  |                        data_39_V_read                       |    scalar    |
|data_40_V_read   |  in |    9|   ap_none  |                        data_40_V_read                       |    scalar    |
|data_41_V_read   |  in |    9|   ap_none  |                        data_41_V_read                       |    scalar    |
|data_42_V_read   |  in |    9|   ap_none  |                        data_42_V_read                       |    scalar    |
|data_43_V_read   |  in |    9|   ap_none  |                        data_43_V_read                       |    scalar    |
|data_44_V_read   |  in |    9|   ap_none  |                        data_44_V_read                       |    scalar    |
|data_45_V_read   |  in |    9|   ap_none  |                        data_45_V_read                       |    scalar    |
|data_46_V_read   |  in |    9|   ap_none  |                        data_46_V_read                       |    scalar    |
|data_47_V_read   |  in |    9|   ap_none  |                        data_47_V_read                       |    scalar    |
|data_48_V_read   |  in |    9|   ap_none  |                        data_48_V_read                       |    scalar    |
|data_49_V_read   |  in |    9|   ap_none  |                        data_49_V_read                       |    scalar    |
|data_50_V_read   |  in |    9|   ap_none  |                        data_50_V_read                       |    scalar    |
|data_51_V_read   |  in |    9|   ap_none  |                        data_51_V_read                       |    scalar    |
|data_52_V_read   |  in |    9|   ap_none  |                        data_52_V_read                       |    scalar    |
|data_53_V_read   |  in |    9|   ap_none  |                        data_53_V_read                       |    scalar    |
|data_54_V_read   |  in |    9|   ap_none  |                        data_54_V_read                       |    scalar    |
|data_55_V_read   |  in |    9|   ap_none  |                        data_55_V_read                       |    scalar    |
|data_56_V_read   |  in |    9|   ap_none  |                        data_56_V_read                       |    scalar    |
|data_57_V_read   |  in |    9|   ap_none  |                        data_57_V_read                       |    scalar    |
|data_58_V_read   |  in |    9|   ap_none  |                        data_58_V_read                       |    scalar    |
|data_59_V_read   |  in |    9|   ap_none  |                        data_59_V_read                       |    scalar    |
|data_60_V_read   |  in |    9|   ap_none  |                        data_60_V_read                       |    scalar    |
|data_61_V_read   |  in |    9|   ap_none  |                        data_61_V_read                       |    scalar    |
|data_62_V_read   |  in |    9|   ap_none  |                        data_62_V_read                       |    scalar    |
|data_63_V_read   |  in |    9|   ap_none  |                        data_63_V_read                       |    scalar    |
|data_64_V_read   |  in |    9|   ap_none  |                        data_64_V_read                       |    scalar    |
|data_65_V_read   |  in |    9|   ap_none  |                        data_65_V_read                       |    scalar    |
|data_66_V_read   |  in |    9|   ap_none  |                        data_66_V_read                       |    scalar    |
|data_67_V_read   |  in |    9|   ap_none  |                        data_67_V_read                       |    scalar    |
|data_68_V_read   |  in |    9|   ap_none  |                        data_68_V_read                       |    scalar    |
|data_69_V_read   |  in |    9|   ap_none  |                        data_69_V_read                       |    scalar    |
|data_70_V_read   |  in |    9|   ap_none  |                        data_70_V_read                       |    scalar    |
|data_71_V_read   |  in |    9|   ap_none  |                        data_71_V_read                       |    scalar    |
|data_72_V_read   |  in |    9|   ap_none  |                        data_72_V_read                       |    scalar    |
|data_73_V_read   |  in |    9|   ap_none  |                        data_73_V_read                       |    scalar    |
|data_74_V_read   |  in |    9|   ap_none  |                        data_74_V_read                       |    scalar    |
|data_75_V_read   |  in |    9|   ap_none  |                        data_75_V_read                       |    scalar    |
|data_76_V_read   |  in |    9|   ap_none  |                        data_76_V_read                       |    scalar    |
|data_77_V_read   |  in |    9|   ap_none  |                        data_77_V_read                       |    scalar    |
|data_78_V_read   |  in |    9|   ap_none  |                        data_78_V_read                       |    scalar    |
|data_79_V_read   |  in |    9|   ap_none  |                        data_79_V_read                       |    scalar    |
|data_80_V_read   |  in |    9|   ap_none  |                        data_80_V_read                       |    scalar    |
|data_81_V_read   |  in |    9|   ap_none  |                        data_81_V_read                       |    scalar    |
|data_82_V_read   |  in |    9|   ap_none  |                        data_82_V_read                       |    scalar    |
|data_83_V_read   |  in |    9|   ap_none  |                        data_83_V_read                       |    scalar    |
|data_84_V_read   |  in |    9|   ap_none  |                        data_84_V_read                       |    scalar    |
|data_85_V_read   |  in |    9|   ap_none  |                        data_85_V_read                       |    scalar    |
|data_86_V_read   |  in |    9|   ap_none  |                        data_86_V_read                       |    scalar    |
|data_87_V_read   |  in |    9|   ap_none  |                        data_87_V_read                       |    scalar    |
|data_88_V_read   |  in |    9|   ap_none  |                        data_88_V_read                       |    scalar    |
|data_89_V_read   |  in |    9|   ap_none  |                        data_89_V_read                       |    scalar    |
|data_90_V_read   |  in |    9|   ap_none  |                        data_90_V_read                       |    scalar    |
|data_91_V_read   |  in |    9|   ap_none  |                        data_91_V_read                       |    scalar    |
|data_92_V_read   |  in |    9|   ap_none  |                        data_92_V_read                       |    scalar    |
|data_93_V_read   |  in |    9|   ap_none  |                        data_93_V_read                       |    scalar    |
|data_94_V_read   |  in |    9|   ap_none  |                        data_94_V_read                       |    scalar    |
|data_95_V_read   |  in |    9|   ap_none  |                        data_95_V_read                       |    scalar    |
|data_96_V_read   |  in |    9|   ap_none  |                        data_96_V_read                       |    scalar    |
|data_97_V_read   |  in |    9|   ap_none  |                        data_97_V_read                       |    scalar    |
|data_98_V_read   |  in |    9|   ap_none  |                        data_98_V_read                       |    scalar    |
|data_99_V_read   |  in |    9|   ap_none  |                        data_99_V_read                       |    scalar    |
|data_100_V_read  |  in |    9|   ap_none  |                       data_100_V_read                       |    scalar    |
|data_101_V_read  |  in |    9|   ap_none  |                       data_101_V_read                       |    scalar    |
|data_102_V_read  |  in |    9|   ap_none  |                       data_102_V_read                       |    scalar    |
|data_103_V_read  |  in |    9|   ap_none  |                       data_103_V_read                       |    scalar    |
|data_104_V_read  |  in |    9|   ap_none  |                       data_104_V_read                       |    scalar    |
|data_105_V_read  |  in |    9|   ap_none  |                       data_105_V_read                       |    scalar    |
|data_106_V_read  |  in |    9|   ap_none  |                       data_106_V_read                       |    scalar    |
|data_107_V_read  |  in |    9|   ap_none  |                       data_107_V_read                       |    scalar    |
|data_108_V_read  |  in |    9|   ap_none  |                       data_108_V_read                       |    scalar    |
|data_109_V_read  |  in |    9|   ap_none  |                       data_109_V_read                       |    scalar    |
|data_110_V_read  |  in |    9|   ap_none  |                       data_110_V_read                       |    scalar    |
|data_111_V_read  |  in |    9|   ap_none  |                       data_111_V_read                       |    scalar    |
|data_112_V_read  |  in |    9|   ap_none  |                       data_112_V_read                       |    scalar    |
|data_113_V_read  |  in |    9|   ap_none  |                       data_113_V_read                       |    scalar    |
|data_114_V_read  |  in |    9|   ap_none  |                       data_114_V_read                       |    scalar    |
|data_115_V_read  |  in |    9|   ap_none  |                       data_115_V_read                       |    scalar    |
|data_116_V_read  |  in |    9|   ap_none  |                       data_116_V_read                       |    scalar    |
|data_117_V_read  |  in |    9|   ap_none  |                       data_117_V_read                       |    scalar    |
|data_118_V_read  |  in |    9|   ap_none  |                       data_118_V_read                       |    scalar    |
|data_119_V_read  |  in |    9|   ap_none  |                       data_119_V_read                       |    scalar    |
|data_120_V_read  |  in |    9|   ap_none  |                       data_120_V_read                       |    scalar    |
|data_121_V_read  |  in |    9|   ap_none  |                       data_121_V_read                       |    scalar    |
|data_122_V_read  |  in |    9|   ap_none  |                       data_122_V_read                       |    scalar    |
|data_123_V_read  |  in |    9|   ap_none  |                       data_123_V_read                       |    scalar    |
|data_124_V_read  |  in |    9|   ap_none  |                       data_124_V_read                       |    scalar    |
|data_125_V_read  |  in |    9|   ap_none  |                       data_125_V_read                       |    scalar    |
|data_126_V_read  |  in |    9|   ap_none  |                       data_126_V_read                       |    scalar    |
|data_127_V_read  |  in |    9|   ap_none  |                       data_127_V_read                       |    scalar    |
|data_128_V_read  |  in |    9|   ap_none  |                       data_128_V_read                       |    scalar    |
|data_129_V_read  |  in |    9|   ap_none  |                       data_129_V_read                       |    scalar    |
|data_130_V_read  |  in |    9|   ap_none  |                       data_130_V_read                       |    scalar    |
|data_131_V_read  |  in |    9|   ap_none  |                       data_131_V_read                       |    scalar    |
|data_132_V_read  |  in |    9|   ap_none  |                       data_132_V_read                       |    scalar    |
|data_133_V_read  |  in |    9|   ap_none  |                       data_133_V_read                       |    scalar    |
|data_134_V_read  |  in |    9|   ap_none  |                       data_134_V_read                       |    scalar    |
|data_135_V_read  |  in |    9|   ap_none  |                       data_135_V_read                       |    scalar    |
|data_136_V_read  |  in |    9|   ap_none  |                       data_136_V_read                       |    scalar    |
|data_137_V_read  |  in |    9|   ap_none  |                       data_137_V_read                       |    scalar    |
|data_138_V_read  |  in |    9|   ap_none  |                       data_138_V_read                       |    scalar    |
|data_139_V_read  |  in |    9|   ap_none  |                       data_139_V_read                       |    scalar    |
|data_140_V_read  |  in |    9|   ap_none  |                       data_140_V_read                       |    scalar    |
|data_141_V_read  |  in |    9|   ap_none  |                       data_141_V_read                       |    scalar    |
|data_142_V_read  |  in |    9|   ap_none  |                       data_142_V_read                       |    scalar    |
|data_143_V_read  |  in |    9|   ap_none  |                       data_143_V_read                       |    scalar    |
|data_144_V_read  |  in |    9|   ap_none  |                       data_144_V_read                       |    scalar    |
|data_145_V_read  |  in |    9|   ap_none  |                       data_145_V_read                       |    scalar    |
|data_146_V_read  |  in |    9|   ap_none  |                       data_146_V_read                       |    scalar    |
|data_147_V_read  |  in |    9|   ap_none  |                       data_147_V_read                       |    scalar    |
|data_148_V_read  |  in |    9|   ap_none  |                       data_148_V_read                       |    scalar    |
|data_149_V_read  |  in |    9|   ap_none  |                       data_149_V_read                       |    scalar    |
|data_150_V_read  |  in |    9|   ap_none  |                       data_150_V_read                       |    scalar    |
|data_151_V_read  |  in |    9|   ap_none  |                       data_151_V_read                       |    scalar    |
|data_152_V_read  |  in |    9|   ap_none  |                       data_152_V_read                       |    scalar    |
|data_153_V_read  |  in |    9|   ap_none  |                       data_153_V_read                       |    scalar    |
|data_154_V_read  |  in |    9|   ap_none  |                       data_154_V_read                       |    scalar    |
|data_155_V_read  |  in |    9|   ap_none  |                       data_155_V_read                       |    scalar    |
|data_156_V_read  |  in |    9|   ap_none  |                       data_156_V_read                       |    scalar    |
|data_157_V_read  |  in |    9|   ap_none  |                       data_157_V_read                       |    scalar    |
|data_158_V_read  |  in |    9|   ap_none  |                       data_158_V_read                       |    scalar    |
|data_159_V_read  |  in |    9|   ap_none  |                       data_159_V_read                       |    scalar    |
|data_160_V_read  |  in |    9|   ap_none  |                       data_160_V_read                       |    scalar    |
|data_161_V_read  |  in |    9|   ap_none  |                       data_161_V_read                       |    scalar    |
|data_162_V_read  |  in |    9|   ap_none  |                       data_162_V_read                       |    scalar    |
|data_163_V_read  |  in |    9|   ap_none  |                       data_163_V_read                       |    scalar    |
|data_164_V_read  |  in |    9|   ap_none  |                       data_164_V_read                       |    scalar    |
|data_165_V_read  |  in |    9|   ap_none  |                       data_165_V_read                       |    scalar    |
|data_166_V_read  |  in |    9|   ap_none  |                       data_166_V_read                       |    scalar    |
|data_167_V_read  |  in |    9|   ap_none  |                       data_167_V_read                       |    scalar    |
|data_168_V_read  |  in |    9|   ap_none  |                       data_168_V_read                       |    scalar    |
|data_169_V_read  |  in |    9|   ap_none  |                       data_169_V_read                       |    scalar    |
|data_170_V_read  |  in |    9|   ap_none  |                       data_170_V_read                       |    scalar    |
|data_171_V_read  |  in |    9|   ap_none  |                       data_171_V_read                       |    scalar    |
|data_172_V_read  |  in |    9|   ap_none  |                       data_172_V_read                       |    scalar    |
|data_173_V_read  |  in |    9|   ap_none  |                       data_173_V_read                       |    scalar    |
|data_174_V_read  |  in |    9|   ap_none  |                       data_174_V_read                       |    scalar    |
|data_175_V_read  |  in |    9|   ap_none  |                       data_175_V_read                       |    scalar    |
|data_176_V_read  |  in |    9|   ap_none  |                       data_176_V_read                       |    scalar    |
|data_177_V_read  |  in |    9|   ap_none  |                       data_177_V_read                       |    scalar    |
|data_178_V_read  |  in |    9|   ap_none  |                       data_178_V_read                       |    scalar    |
|data_179_V_read  |  in |    9|   ap_none  |                       data_179_V_read                       |    scalar    |
|data_180_V_read  |  in |    9|   ap_none  |                       data_180_V_read                       |    scalar    |
|data_181_V_read  |  in |    9|   ap_none  |                       data_181_V_read                       |    scalar    |
|data_182_V_read  |  in |    9|   ap_none  |                       data_182_V_read                       |    scalar    |
|data_183_V_read  |  in |    9|   ap_none  |                       data_183_V_read                       |    scalar    |
|data_184_V_read  |  in |    9|   ap_none  |                       data_184_V_read                       |    scalar    |
|data_185_V_read  |  in |    9|   ap_none  |                       data_185_V_read                       |    scalar    |
|data_186_V_read  |  in |    9|   ap_none  |                       data_186_V_read                       |    scalar    |
|data_187_V_read  |  in |    9|   ap_none  |                       data_187_V_read                       |    scalar    |
|data_188_V_read  |  in |    9|   ap_none  |                       data_188_V_read                       |    scalar    |
|data_189_V_read  |  in |    9|   ap_none  |                       data_189_V_read                       |    scalar    |
|data_190_V_read  |  in |    9|   ap_none  |                       data_190_V_read                       |    scalar    |
|data_191_V_read  |  in |    9|   ap_none  |                       data_191_V_read                       |    scalar    |
|data_192_V_read  |  in |    9|   ap_none  |                       data_192_V_read                       |    scalar    |
|data_193_V_read  |  in |    9|   ap_none  |                       data_193_V_read                       |    scalar    |
|data_194_V_read  |  in |    9|   ap_none  |                       data_194_V_read                       |    scalar    |
|data_195_V_read  |  in |    9|   ap_none  |                       data_195_V_read                       |    scalar    |
|data_196_V_read  |  in |    9|   ap_none  |                       data_196_V_read                       |    scalar    |
|data_197_V_read  |  in |    9|   ap_none  |                       data_197_V_read                       |    scalar    |
|data_198_V_read  |  in |    9|   ap_none  |                       data_198_V_read                       |    scalar    |
|data_199_V_read  |  in |    9|   ap_none  |                       data_199_V_read                       |    scalar    |
|data_200_V_read  |  in |    9|   ap_none  |                       data_200_V_read                       |    scalar    |
|data_201_V_read  |  in |    9|   ap_none  |                       data_201_V_read                       |    scalar    |
|data_202_V_read  |  in |    9|   ap_none  |                       data_202_V_read                       |    scalar    |
|data_203_V_read  |  in |    9|   ap_none  |                       data_203_V_read                       |    scalar    |
|data_204_V_read  |  in |    9|   ap_none  |                       data_204_V_read                       |    scalar    |
|data_205_V_read  |  in |    9|   ap_none  |                       data_205_V_read                       |    scalar    |
|data_206_V_read  |  in |    9|   ap_none  |                       data_206_V_read                       |    scalar    |
|data_207_V_read  |  in |    9|   ap_none  |                       data_207_V_read                       |    scalar    |
|data_208_V_read  |  in |    9|   ap_none  |                       data_208_V_read                       |    scalar    |
|data_209_V_read  |  in |    9|   ap_none  |                       data_209_V_read                       |    scalar    |
|data_210_V_read  |  in |    9|   ap_none  |                       data_210_V_read                       |    scalar    |
|data_211_V_read  |  in |    9|   ap_none  |                       data_211_V_read                       |    scalar    |
|data_212_V_read  |  in |    9|   ap_none  |                       data_212_V_read                       |    scalar    |
|data_213_V_read  |  in |    9|   ap_none  |                       data_213_V_read                       |    scalar    |
|data_214_V_read  |  in |    9|   ap_none  |                       data_214_V_read                       |    scalar    |
|data_215_V_read  |  in |    9|   ap_none  |                       data_215_V_read                       |    scalar    |
|data_216_V_read  |  in |    9|   ap_none  |                       data_216_V_read                       |    scalar    |
|data_217_V_read  |  in |    9|   ap_none  |                       data_217_V_read                       |    scalar    |
|data_218_V_read  |  in |    9|   ap_none  |                       data_218_V_read                       |    scalar    |
|data_219_V_read  |  in |    9|   ap_none  |                       data_219_V_read                       |    scalar    |
|data_220_V_read  |  in |    9|   ap_none  |                       data_220_V_read                       |    scalar    |
|data_221_V_read  |  in |    9|   ap_none  |                       data_221_V_read                       |    scalar    |
|data_222_V_read  |  in |    9|   ap_none  |                       data_222_V_read                       |    scalar    |
|data_223_V_read  |  in |    9|   ap_none  |                       data_223_V_read                       |    scalar    |
|data_224_V_read  |  in |    9|   ap_none  |                       data_224_V_read                       |    scalar    |
|data_225_V_read  |  in |    9|   ap_none  |                       data_225_V_read                       |    scalar    |
|data_226_V_read  |  in |    9|   ap_none  |                       data_226_V_read                       |    scalar    |
|data_227_V_read  |  in |    9|   ap_none  |                       data_227_V_read                       |    scalar    |
|data_228_V_read  |  in |    9|   ap_none  |                       data_228_V_read                       |    scalar    |
|data_229_V_read  |  in |    9|   ap_none  |                       data_229_V_read                       |    scalar    |
|data_230_V_read  |  in |    9|   ap_none  |                       data_230_V_read                       |    scalar    |
|data_231_V_read  |  in |    9|   ap_none  |                       data_231_V_read                       |    scalar    |
|data_232_V_read  |  in |    9|   ap_none  |                       data_232_V_read                       |    scalar    |
|data_233_V_read  |  in |    9|   ap_none  |                       data_233_V_read                       |    scalar    |
|data_234_V_read  |  in |    9|   ap_none  |                       data_234_V_read                       |    scalar    |
|data_235_V_read  |  in |    9|   ap_none  |                       data_235_V_read                       |    scalar    |
|data_236_V_read  |  in |    9|   ap_none  |                       data_236_V_read                       |    scalar    |
|data_237_V_read  |  in |    9|   ap_none  |                       data_237_V_read                       |    scalar    |
|data_238_V_read  |  in |    9|   ap_none  |                       data_238_V_read                       |    scalar    |
|data_239_V_read  |  in |    9|   ap_none  |                       data_239_V_read                       |    scalar    |
|data_240_V_read  |  in |    9|   ap_none  |                       data_240_V_read                       |    scalar    |
|data_241_V_read  |  in |    9|   ap_none  |                       data_241_V_read                       |    scalar    |
|data_242_V_read  |  in |    9|   ap_none  |                       data_242_V_read                       |    scalar    |
|data_243_V_read  |  in |    9|   ap_none  |                       data_243_V_read                       |    scalar    |
|data_244_V_read  |  in |    9|   ap_none  |                       data_244_V_read                       |    scalar    |
|data_245_V_read  |  in |    9|   ap_none  |                       data_245_V_read                       |    scalar    |
|data_246_V_read  |  in |    9|   ap_none  |                       data_246_V_read                       |    scalar    |
|data_247_V_read  |  in |    9|   ap_none  |                       data_247_V_read                       |    scalar    |
|data_248_V_read  |  in |    9|   ap_none  |                       data_248_V_read                       |    scalar    |
|data_249_V_read  |  in |    9|   ap_none  |                       data_249_V_read                       |    scalar    |
|data_250_V_read  |  in |    9|   ap_none  |                       data_250_V_read                       |    scalar    |
|data_251_V_read  |  in |    9|   ap_none  |                       data_251_V_read                       |    scalar    |
|data_252_V_read  |  in |    9|   ap_none  |                       data_252_V_read                       |    scalar    |
|data_253_V_read  |  in |    9|   ap_none  |                       data_253_V_read                       |    scalar    |
|data_254_V_read  |  in |    9|   ap_none  |                       data_254_V_read                       |    scalar    |
|data_255_V_read  |  in |    9|   ap_none  |                       data_255_V_read                       |    scalar    |
|data_256_V_read  |  in |    9|   ap_none  |                       data_256_V_read                       |    scalar    |
|data_257_V_read  |  in |    9|   ap_none  |                       data_257_V_read                       |    scalar    |
|data_258_V_read  |  in |    9|   ap_none  |                       data_258_V_read                       |    scalar    |
|data_259_V_read  |  in |    9|   ap_none  |                       data_259_V_read                       |    scalar    |
|data_260_V_read  |  in |    9|   ap_none  |                       data_260_V_read                       |    scalar    |
|data_261_V_read  |  in |    9|   ap_none  |                       data_261_V_read                       |    scalar    |
|data_262_V_read  |  in |    9|   ap_none  |                       data_262_V_read                       |    scalar    |
|data_263_V_read  |  in |    9|   ap_none  |                       data_263_V_read                       |    scalar    |
|data_264_V_read  |  in |    9|   ap_none  |                       data_264_V_read                       |    scalar    |
|data_265_V_read  |  in |    9|   ap_none  |                       data_265_V_read                       |    scalar    |
|data_266_V_read  |  in |    9|   ap_none  |                       data_266_V_read                       |    scalar    |
|data_267_V_read  |  in |    9|   ap_none  |                       data_267_V_read                       |    scalar    |
|data_268_V_read  |  in |    9|   ap_none  |                       data_268_V_read                       |    scalar    |
|data_269_V_read  |  in |    9|   ap_none  |                       data_269_V_read                       |    scalar    |
|data_270_V_read  |  in |    9|   ap_none  |                       data_270_V_read                       |    scalar    |
|data_271_V_read  |  in |    9|   ap_none  |                       data_271_V_read                       |    scalar    |
|data_272_V_read  |  in |    9|   ap_none  |                       data_272_V_read                       |    scalar    |
|data_273_V_read  |  in |    9|   ap_none  |                       data_273_V_read                       |    scalar    |
|data_274_V_read  |  in |    9|   ap_none  |                       data_274_V_read                       |    scalar    |
|data_275_V_read  |  in |    9|   ap_none  |                       data_275_V_read                       |    scalar    |
|data_276_V_read  |  in |    9|   ap_none  |                       data_276_V_read                       |    scalar    |
|data_277_V_read  |  in |    9|   ap_none  |                       data_277_V_read                       |    scalar    |
|data_278_V_read  |  in |    9|   ap_none  |                       data_278_V_read                       |    scalar    |
|data_279_V_read  |  in |    9|   ap_none  |                       data_279_V_read                       |    scalar    |
|data_280_V_read  |  in |    9|   ap_none  |                       data_280_V_read                       |    scalar    |
|data_281_V_read  |  in |    9|   ap_none  |                       data_281_V_read                       |    scalar    |
|data_282_V_read  |  in |    9|   ap_none  |                       data_282_V_read                       |    scalar    |
|data_283_V_read  |  in |    9|   ap_none  |                       data_283_V_read                       |    scalar    |
|data_284_V_read  |  in |    9|   ap_none  |                       data_284_V_read                       |    scalar    |
|data_285_V_read  |  in |    9|   ap_none  |                       data_285_V_read                       |    scalar    |
|data_286_V_read  |  in |    9|   ap_none  |                       data_286_V_read                       |    scalar    |
|data_287_V_read  |  in |    9|   ap_none  |                       data_287_V_read                       |    scalar    |
|data_288_V_read  |  in |    9|   ap_none  |                       data_288_V_read                       |    scalar    |
|data_289_V_read  |  in |    9|   ap_none  |                       data_289_V_read                       |    scalar    |
|data_290_V_read  |  in |    9|   ap_none  |                       data_290_V_read                       |    scalar    |
|data_291_V_read  |  in |    9|   ap_none  |                       data_291_V_read                       |    scalar    |
|data_292_V_read  |  in |    9|   ap_none  |                       data_292_V_read                       |    scalar    |
|data_293_V_read  |  in |    9|   ap_none  |                       data_293_V_read                       |    scalar    |
|data_294_V_read  |  in |    9|   ap_none  |                       data_294_V_read                       |    scalar    |
|data_295_V_read  |  in |    9|   ap_none  |                       data_295_V_read                       |    scalar    |
|data_296_V_read  |  in |    9|   ap_none  |                       data_296_V_read                       |    scalar    |
|data_297_V_read  |  in |    9|   ap_none  |                       data_297_V_read                       |    scalar    |
|data_298_V_read  |  in |    9|   ap_none  |                       data_298_V_read                       |    scalar    |
|data_299_V_read  |  in |    9|   ap_none  |                       data_299_V_read                       |    scalar    |
|data_300_V_read  |  in |    9|   ap_none  |                       data_300_V_read                       |    scalar    |
|data_301_V_read  |  in |    9|   ap_none  |                       data_301_V_read                       |    scalar    |
|data_302_V_read  |  in |    9|   ap_none  |                       data_302_V_read                       |    scalar    |
|data_303_V_read  |  in |    9|   ap_none  |                       data_303_V_read                       |    scalar    |
|data_304_V_read  |  in |    9|   ap_none  |                       data_304_V_read                       |    scalar    |
|data_305_V_read  |  in |    9|   ap_none  |                       data_305_V_read                       |    scalar    |
|data_306_V_read  |  in |    9|   ap_none  |                       data_306_V_read                       |    scalar    |
|data_307_V_read  |  in |    9|   ap_none  |                       data_307_V_read                       |    scalar    |
|data_308_V_read  |  in |    9|   ap_none  |                       data_308_V_read                       |    scalar    |
|data_309_V_read  |  in |    9|   ap_none  |                       data_309_V_read                       |    scalar    |
|data_310_V_read  |  in |    9|   ap_none  |                       data_310_V_read                       |    scalar    |
|data_311_V_read  |  in |    9|   ap_none  |                       data_311_V_read                       |    scalar    |
|data_312_V_read  |  in |    9|   ap_none  |                       data_312_V_read                       |    scalar    |
|data_313_V_read  |  in |    9|   ap_none  |                       data_313_V_read                       |    scalar    |
|data_314_V_read  |  in |    9|   ap_none  |                       data_314_V_read                       |    scalar    |
|data_315_V_read  |  in |    9|   ap_none  |                       data_315_V_read                       |    scalar    |
|data_316_V_read  |  in |    9|   ap_none  |                       data_316_V_read                       |    scalar    |
|data_317_V_read  |  in |    9|   ap_none  |                       data_317_V_read                       |    scalar    |
|data_318_V_read  |  in |    9|   ap_none  |                       data_318_V_read                       |    scalar    |
|data_319_V_read  |  in |    9|   ap_none  |                       data_319_V_read                       |    scalar    |
|data_320_V_read  |  in |    9|   ap_none  |                       data_320_V_read                       |    scalar    |
|data_321_V_read  |  in |    9|   ap_none  |                       data_321_V_read                       |    scalar    |
|data_322_V_read  |  in |    9|   ap_none  |                       data_322_V_read                       |    scalar    |
|data_323_V_read  |  in |    9|   ap_none  |                       data_323_V_read                       |    scalar    |
|data_324_V_read  |  in |    9|   ap_none  |                       data_324_V_read                       |    scalar    |
|data_325_V_read  |  in |    9|   ap_none  |                       data_325_V_read                       |    scalar    |
|data_326_V_read  |  in |    9|   ap_none  |                       data_326_V_read                       |    scalar    |
|data_327_V_read  |  in |    9|   ap_none  |                       data_327_V_read                       |    scalar    |
|data_328_V_read  |  in |    9|   ap_none  |                       data_328_V_read                       |    scalar    |
|data_329_V_read  |  in |    9|   ap_none  |                       data_329_V_read                       |    scalar    |
|data_330_V_read  |  in |    9|   ap_none  |                       data_330_V_read                       |    scalar    |
|data_331_V_read  |  in |    9|   ap_none  |                       data_331_V_read                       |    scalar    |
|data_332_V_read  |  in |    9|   ap_none  |                       data_332_V_read                       |    scalar    |
|data_333_V_read  |  in |    9|   ap_none  |                       data_333_V_read                       |    scalar    |
|data_334_V_read  |  in |    9|   ap_none  |                       data_334_V_read                       |    scalar    |
|data_335_V_read  |  in |    9|   ap_none  |                       data_335_V_read                       |    scalar    |
|data_336_V_read  |  in |    9|   ap_none  |                       data_336_V_read                       |    scalar    |
|data_337_V_read  |  in |    9|   ap_none  |                       data_337_V_read                       |    scalar    |
|data_338_V_read  |  in |    9|   ap_none  |                       data_338_V_read                       |    scalar    |
|data_339_V_read  |  in |    9|   ap_none  |                       data_339_V_read                       |    scalar    |
|data_340_V_read  |  in |    9|   ap_none  |                       data_340_V_read                       |    scalar    |
|data_341_V_read  |  in |    9|   ap_none  |                       data_341_V_read                       |    scalar    |
|data_342_V_read  |  in |    9|   ap_none  |                       data_342_V_read                       |    scalar    |
|data_343_V_read  |  in |    9|   ap_none  |                       data_343_V_read                       |    scalar    |
|data_344_V_read  |  in |    9|   ap_none  |                       data_344_V_read                       |    scalar    |
|data_345_V_read  |  in |    9|   ap_none  |                       data_345_V_read                       |    scalar    |
|data_346_V_read  |  in |    9|   ap_none  |                       data_346_V_read                       |    scalar    |
|data_347_V_read  |  in |    9|   ap_none  |                       data_347_V_read                       |    scalar    |
|data_348_V_read  |  in |    9|   ap_none  |                       data_348_V_read                       |    scalar    |
|data_349_V_read  |  in |    9|   ap_none  |                       data_349_V_read                       |    scalar    |
|data_350_V_read  |  in |    9|   ap_none  |                       data_350_V_read                       |    scalar    |
|data_351_V_read  |  in |    9|   ap_none  |                       data_351_V_read                       |    scalar    |
|data_352_V_read  |  in |    9|   ap_none  |                       data_352_V_read                       |    scalar    |
|data_353_V_read  |  in |    9|   ap_none  |                       data_353_V_read                       |    scalar    |
|data_354_V_read  |  in |    9|   ap_none  |                       data_354_V_read                       |    scalar    |
|data_355_V_read  |  in |    9|   ap_none  |                       data_355_V_read                       |    scalar    |
|data_356_V_read  |  in |    9|   ap_none  |                       data_356_V_read                       |    scalar    |
|data_357_V_read  |  in |    9|   ap_none  |                       data_357_V_read                       |    scalar    |
|data_358_V_read  |  in |    9|   ap_none  |                       data_358_V_read                       |    scalar    |
|data_359_V_read  |  in |    9|   ap_none  |                       data_359_V_read                       |    scalar    |
|data_360_V_read  |  in |    9|   ap_none  |                       data_360_V_read                       |    scalar    |
|data_361_V_read  |  in |    9|   ap_none  |                       data_361_V_read                       |    scalar    |
|data_362_V_read  |  in |    9|   ap_none  |                       data_362_V_read                       |    scalar    |
|data_363_V_read  |  in |    9|   ap_none  |                       data_363_V_read                       |    scalar    |
|data_364_V_read  |  in |    9|   ap_none  |                       data_364_V_read                       |    scalar    |
|data_365_V_read  |  in |    9|   ap_none  |                       data_365_V_read                       |    scalar    |
|data_366_V_read  |  in |    9|   ap_none  |                       data_366_V_read                       |    scalar    |
|data_367_V_read  |  in |    9|   ap_none  |                       data_367_V_read                       |    scalar    |
|data_368_V_read  |  in |    9|   ap_none  |                       data_368_V_read                       |    scalar    |
|data_369_V_read  |  in |    9|   ap_none  |                       data_369_V_read                       |    scalar    |
|data_370_V_read  |  in |    9|   ap_none  |                       data_370_V_read                       |    scalar    |
|data_371_V_read  |  in |    9|   ap_none  |                       data_371_V_read                       |    scalar    |
|data_372_V_read  |  in |    9|   ap_none  |                       data_372_V_read                       |    scalar    |
|data_373_V_read  |  in |    9|   ap_none  |                       data_373_V_read                       |    scalar    |
|data_374_V_read  |  in |    9|   ap_none  |                       data_374_V_read                       |    scalar    |
|data_375_V_read  |  in |    9|   ap_none  |                       data_375_V_read                       |    scalar    |
|data_376_V_read  |  in |    9|   ap_none  |                       data_376_V_read                       |    scalar    |
|data_377_V_read  |  in |    9|   ap_none  |                       data_377_V_read                       |    scalar    |
|data_378_V_read  |  in |    9|   ap_none  |                       data_378_V_read                       |    scalar    |
|data_379_V_read  |  in |    9|   ap_none  |                       data_379_V_read                       |    scalar    |
|data_380_V_read  |  in |    9|   ap_none  |                       data_380_V_read                       |    scalar    |
|data_381_V_read  |  in |    9|   ap_none  |                       data_381_V_read                       |    scalar    |
|data_382_V_read  |  in |    9|   ap_none  |                       data_382_V_read                       |    scalar    |
|data_383_V_read  |  in |    9|   ap_none  |                       data_383_V_read                       |    scalar    |
|data_384_V_read  |  in |    9|   ap_none  |                       data_384_V_read                       |    scalar    |
|data_385_V_read  |  in |    9|   ap_none  |                       data_385_V_read                       |    scalar    |
|data_386_V_read  |  in |    9|   ap_none  |                       data_386_V_read                       |    scalar    |
|data_387_V_read  |  in |    9|   ap_none  |                       data_387_V_read                       |    scalar    |
|data_388_V_read  |  in |    9|   ap_none  |                       data_388_V_read                       |    scalar    |
|data_389_V_read  |  in |    9|   ap_none  |                       data_389_V_read                       |    scalar    |
|data_390_V_read  |  in |    9|   ap_none  |                       data_390_V_read                       |    scalar    |
|data_391_V_read  |  in |    9|   ap_none  |                       data_391_V_read                       |    scalar    |
|data_392_V_read  |  in |    9|   ap_none  |                       data_392_V_read                       |    scalar    |
|data_393_V_read  |  in |    9|   ap_none  |                       data_393_V_read                       |    scalar    |
|data_394_V_read  |  in |    9|   ap_none  |                       data_394_V_read                       |    scalar    |
|data_395_V_read  |  in |    9|   ap_none  |                       data_395_V_read                       |    scalar    |
|data_396_V_read  |  in |    9|   ap_none  |                       data_396_V_read                       |    scalar    |
|data_397_V_read  |  in |    9|   ap_none  |                       data_397_V_read                       |    scalar    |
|data_398_V_read  |  in |    9|   ap_none  |                       data_398_V_read                       |    scalar    |
|data_399_V_read  |  in |    9|   ap_none  |                       data_399_V_read                       |    scalar    |
|data_400_V_read  |  in |    9|   ap_none  |                       data_400_V_read                       |    scalar    |
|data_401_V_read  |  in |    9|   ap_none  |                       data_401_V_read                       |    scalar    |
|data_402_V_read  |  in |    9|   ap_none  |                       data_402_V_read                       |    scalar    |
|data_403_V_read  |  in |    9|   ap_none  |                       data_403_V_read                       |    scalar    |
|data_404_V_read  |  in |    9|   ap_none  |                       data_404_V_read                       |    scalar    |
|data_405_V_read  |  in |    9|   ap_none  |                       data_405_V_read                       |    scalar    |
|data_406_V_read  |  in |    9|   ap_none  |                       data_406_V_read                       |    scalar    |
|data_407_V_read  |  in |    9|   ap_none  |                       data_407_V_read                       |    scalar    |
|data_408_V_read  |  in |    9|   ap_none  |                       data_408_V_read                       |    scalar    |
|data_409_V_read  |  in |    9|   ap_none  |                       data_409_V_read                       |    scalar    |
|data_410_V_read  |  in |    9|   ap_none  |                       data_410_V_read                       |    scalar    |
|data_411_V_read  |  in |    9|   ap_none  |                       data_411_V_read                       |    scalar    |
|data_412_V_read  |  in |    9|   ap_none  |                       data_412_V_read                       |    scalar    |
|data_413_V_read  |  in |    9|   ap_none  |                       data_413_V_read                       |    scalar    |
|data_414_V_read  |  in |    9|   ap_none  |                       data_414_V_read                       |    scalar    |
|data_415_V_read  |  in |    9|   ap_none  |                       data_415_V_read                       |    scalar    |
|data_416_V_read  |  in |    9|   ap_none  |                       data_416_V_read                       |    scalar    |
|data_417_V_read  |  in |    9|   ap_none  |                       data_417_V_read                       |    scalar    |
|data_418_V_read  |  in |    9|   ap_none  |                       data_418_V_read                       |    scalar    |
|data_419_V_read  |  in |    9|   ap_none  |                       data_419_V_read                       |    scalar    |
|data_420_V_read  |  in |    9|   ap_none  |                       data_420_V_read                       |    scalar    |
|data_421_V_read  |  in |    9|   ap_none  |                       data_421_V_read                       |    scalar    |
|data_422_V_read  |  in |    9|   ap_none  |                       data_422_V_read                       |    scalar    |
|data_423_V_read  |  in |    9|   ap_none  |                       data_423_V_read                       |    scalar    |
|data_424_V_read  |  in |    9|   ap_none  |                       data_424_V_read                       |    scalar    |
|data_425_V_read  |  in |    9|   ap_none  |                       data_425_V_read                       |    scalar    |
|data_426_V_read  |  in |    9|   ap_none  |                       data_426_V_read                       |    scalar    |
|data_427_V_read  |  in |    9|   ap_none  |                       data_427_V_read                       |    scalar    |
|data_428_V_read  |  in |    9|   ap_none  |                       data_428_V_read                       |    scalar    |
|data_429_V_read  |  in |    9|   ap_none  |                       data_429_V_read                       |    scalar    |
|data_430_V_read  |  in |    9|   ap_none  |                       data_430_V_read                       |    scalar    |
|data_431_V_read  |  in |    9|   ap_none  |                       data_431_V_read                       |    scalar    |
|data_432_V_read  |  in |    9|   ap_none  |                       data_432_V_read                       |    scalar    |
|data_433_V_read  |  in |    9|   ap_none  |                       data_433_V_read                       |    scalar    |
|data_434_V_read  |  in |    9|   ap_none  |                       data_434_V_read                       |    scalar    |
|data_435_V_read  |  in |    9|   ap_none  |                       data_435_V_read                       |    scalar    |
|data_436_V_read  |  in |    9|   ap_none  |                       data_436_V_read                       |    scalar    |
|data_437_V_read  |  in |    9|   ap_none  |                       data_437_V_read                       |    scalar    |
|data_438_V_read  |  in |    9|   ap_none  |                       data_438_V_read                       |    scalar    |
|data_439_V_read  |  in |    9|   ap_none  |                       data_439_V_read                       |    scalar    |
|data_440_V_read  |  in |    9|   ap_none  |                       data_440_V_read                       |    scalar    |
|data_441_V_read  |  in |    9|   ap_none  |                       data_441_V_read                       |    scalar    |
|data_442_V_read  |  in |    9|   ap_none  |                       data_442_V_read                       |    scalar    |
|data_443_V_read  |  in |    9|   ap_none  |                       data_443_V_read                       |    scalar    |
|data_444_V_read  |  in |    9|   ap_none  |                       data_444_V_read                       |    scalar    |
|data_445_V_read  |  in |    9|   ap_none  |                       data_445_V_read                       |    scalar    |
|data_446_V_read  |  in |    9|   ap_none  |                       data_446_V_read                       |    scalar    |
|data_447_V_read  |  in |    9|   ap_none  |                       data_447_V_read                       |    scalar    |
|data_448_V_read  |  in |    9|   ap_none  |                       data_448_V_read                       |    scalar    |
|data_449_V_read  |  in |    9|   ap_none  |                       data_449_V_read                       |    scalar    |
|data_450_V_read  |  in |    9|   ap_none  |                       data_450_V_read                       |    scalar    |
|data_451_V_read  |  in |    9|   ap_none  |                       data_451_V_read                       |    scalar    |
|data_452_V_read  |  in |    9|   ap_none  |                       data_452_V_read                       |    scalar    |
|data_453_V_read  |  in |    9|   ap_none  |                       data_453_V_read                       |    scalar    |
|data_454_V_read  |  in |    9|   ap_none  |                       data_454_V_read                       |    scalar    |
|data_455_V_read  |  in |    9|   ap_none  |                       data_455_V_read                       |    scalar    |
|data_456_V_read  |  in |    9|   ap_none  |                       data_456_V_read                       |    scalar    |
|data_457_V_read  |  in |    9|   ap_none  |                       data_457_V_read                       |    scalar    |
|data_458_V_read  |  in |    9|   ap_none  |                       data_458_V_read                       |    scalar    |
|data_459_V_read  |  in |    9|   ap_none  |                       data_459_V_read                       |    scalar    |
|data_460_V_read  |  in |    9|   ap_none  |                       data_460_V_read                       |    scalar    |
|data_461_V_read  |  in |    9|   ap_none  |                       data_461_V_read                       |    scalar    |
|data_462_V_read  |  in |    9|   ap_none  |                       data_462_V_read                       |    scalar    |
|data_463_V_read  |  in |    9|   ap_none  |                       data_463_V_read                       |    scalar    |
|data_464_V_read  |  in |    9|   ap_none  |                       data_464_V_read                       |    scalar    |
|data_465_V_read  |  in |    9|   ap_none  |                       data_465_V_read                       |    scalar    |
|data_466_V_read  |  in |    9|   ap_none  |                       data_466_V_read                       |    scalar    |
|data_467_V_read  |  in |    9|   ap_none  |                       data_467_V_read                       |    scalar    |
|data_468_V_read  |  in |    9|   ap_none  |                       data_468_V_read                       |    scalar    |
|data_469_V_read  |  in |    9|   ap_none  |                       data_469_V_read                       |    scalar    |
|data_470_V_read  |  in |    9|   ap_none  |                       data_470_V_read                       |    scalar    |
|data_471_V_read  |  in |    9|   ap_none  |                       data_471_V_read                       |    scalar    |
|data_472_V_read  |  in |    9|   ap_none  |                       data_472_V_read                       |    scalar    |
|data_473_V_read  |  in |    9|   ap_none  |                       data_473_V_read                       |    scalar    |
|data_474_V_read  |  in |    9|   ap_none  |                       data_474_V_read                       |    scalar    |
|data_475_V_read  |  in |    9|   ap_none  |                       data_475_V_read                       |    scalar    |
|data_476_V_read  |  in |    9|   ap_none  |                       data_476_V_read                       |    scalar    |
|data_477_V_read  |  in |    9|   ap_none  |                       data_477_V_read                       |    scalar    |
|data_478_V_read  |  in |    9|   ap_none  |                       data_478_V_read                       |    scalar    |
|data_479_V_read  |  in |    9|   ap_none  |                       data_479_V_read                       |    scalar    |
|data_480_V_read  |  in |    9|   ap_none  |                       data_480_V_read                       |    scalar    |
|data_481_V_read  |  in |    9|   ap_none  |                       data_481_V_read                       |    scalar    |
|data_482_V_read  |  in |    9|   ap_none  |                       data_482_V_read                       |    scalar    |
|data_483_V_read  |  in |    9|   ap_none  |                       data_483_V_read                       |    scalar    |
|data_484_V_read  |  in |    9|   ap_none  |                       data_484_V_read                       |    scalar    |
|data_485_V_read  |  in |    9|   ap_none  |                       data_485_V_read                       |    scalar    |
|data_486_V_read  |  in |    9|   ap_none  |                       data_486_V_read                       |    scalar    |
|data_487_V_read  |  in |    9|   ap_none  |                       data_487_V_read                       |    scalar    |
|data_488_V_read  |  in |    9|   ap_none  |                       data_488_V_read                       |    scalar    |
|data_489_V_read  |  in |    9|   ap_none  |                       data_489_V_read                       |    scalar    |
|data_490_V_read  |  in |    9|   ap_none  |                       data_490_V_read                       |    scalar    |
|data_491_V_read  |  in |    9|   ap_none  |                       data_491_V_read                       |    scalar    |
|data_492_V_read  |  in |    9|   ap_none  |                       data_492_V_read                       |    scalar    |
|data_493_V_read  |  in |    9|   ap_none  |                       data_493_V_read                       |    scalar    |
|data_494_V_read  |  in |    9|   ap_none  |                       data_494_V_read                       |    scalar    |
|data_495_V_read  |  in |    9|   ap_none  |                       data_495_V_read                       |    scalar    |
|data_496_V_read  |  in |    9|   ap_none  |                       data_496_V_read                       |    scalar    |
|data_497_V_read  |  in |    9|   ap_none  |                       data_497_V_read                       |    scalar    |
|data_498_V_read  |  in |    9|   ap_none  |                       data_498_V_read                       |    scalar    |
|data_499_V_read  |  in |    9|   ap_none  |                       data_499_V_read                       |    scalar    |
|data_500_V_read  |  in |    9|   ap_none  |                       data_500_V_read                       |    scalar    |
|data_501_V_read  |  in |    9|   ap_none  |                       data_501_V_read                       |    scalar    |
|data_502_V_read  |  in |    9|   ap_none  |                       data_502_V_read                       |    scalar    |
|data_503_V_read  |  in |    9|   ap_none  |                       data_503_V_read                       |    scalar    |
|data_504_V_read  |  in |    9|   ap_none  |                       data_504_V_read                       |    scalar    |
|data_505_V_read  |  in |    9|   ap_none  |                       data_505_V_read                       |    scalar    |
|data_506_V_read  |  in |    9|   ap_none  |                       data_506_V_read                       |    scalar    |
|data_507_V_read  |  in |    9|   ap_none  |                       data_507_V_read                       |    scalar    |
|data_508_V_read  |  in |    9|   ap_none  |                       data_508_V_read                       |    scalar    |
|data_509_V_read  |  in |    9|   ap_none  |                       data_509_V_read                       |    scalar    |
|data_510_V_read  |  in |    9|   ap_none  |                       data_510_V_read                       |    scalar    |
|data_511_V_read  |  in |    9|   ap_none  |                       data_511_V_read                       |    scalar    |
+-----------------+-----+-----+------------+-------------------------------------------------------------+--------------+

