#
# An unexpected error has occurred (11)
#
Stack:
/usr/lib/x86_64-linux-gnu/libc.so.6(+0x43090) [0x7fbede209090]
/tools/Xilinx/Vitis_HLS/2023.1/lib/lnx64.o/libxv_hls_hwsyn.so(ssdm::CdfgUtil::buildChannelsFromCNetwork(ssdm::Design*, ssdm::Cdfg*, ssdm::CdfgUtil::ConnCache&, ssdm::CdfgUtil::NPortGroup&)+0x1039) [0x7fbed8e82a89]
/tools/Xilinx/Vitis_HLS/2023.1/lib/lnx64.o/libxv_hls_hwsyn.so(ssdm::CdfgUtil::buildDesign4CNetwork(ssdm::Design*, ssdm::Cdfg*)+0xef) [0x7fbed8e840cf]
/tools/Xilinx/Vitis_HLS/2023.1/lib/lnx64.o/libxv_hls_hwsyn.so(ssdm::CdfgUtil::buildDesignFromCdfg(ssdm::Cdfg*)+0x13b) [0x7fbed8e8435b]
/tools/Xilinx/Vitis_HLS/2023.1/lib/lnx64.o/libxv_hls_hwsyn.so(ssdm::CdfgUtil::createAnalyzersAndDesign(ssdm::ModuleLib*)+0x84) [0x7fbed8e844b4]
/tools/Xilinx/Vitis_HLS/2023.1/lib/lnx64.o/libxv_hls_hwsyn.so(pass::CdfgBuildPass::runOnModule(llvm::Module&)+0x13c3) [0x7fbed8fa5963]
/tools/Xilinx/Vitis_HLS/2023.1/lib/lnx64.o/libxv_hls_llvm3.1.so(llvm::MPPassManager::runOnModule(llvm::Module&)+0x181) [0x7fbee4822881]
/tools/Xilinx/Vitis_HLS/2023.1/lib/lnx64.o/libxv_hls_llvm3.1.so(llvm::PassManagerImpl::run(llvm::Module&)+0x9c) [0x7fbee48229fc]
/tools/Xilinx/Vitis_HLS/2023.1/lib/lnx64.o/libxv_hls_main.so(+0x15fb85) [0x7fbedbc89b85]
/tools/Xilinx/Vitis_HLS/2023.1/lib/lnx64.o/libxv_hls_support.so(xpcl::TclCommand::callbackInternal(int, Tcl_Obj* const*)+0x767) [0x7fbee845d237]
/tools/Xilinx/Vitis_HLS/2023.1/lib/lnx64.o/libxv_hls_support.so(xpcl::TclCommand::callback(int, Tcl_Obj* const*)+0x2b) [0x7fbee845de5b]
/tools/Xilinx/Vitis_HLS/2023.1/lib/lnx64.o/libtcl8.5.so(+0x3356f) [0x7fbee381c56f]
/tools/Xilinx/Vitis_HLS/2023.1/lib/lnx64.o/libtcl8.5.so(+0x76945) [0x7fbee385f945]
/tools/Xilinx/Vitis_HLS/2023.1/lib/lnx64.o/libtcl8.5.so(+0x7e0f9) [0x7fbee38670f9]
/tools/Xilinx/Vitis_HLS/2023.1/lib/lnx64.o/libtcl8.5.so(TclEvalObjEx+0x76) [0x7fbee381e216]
/tools/Xilinx/Vitis_HLS/2023.1/lib/lnx64.o/libxv_commontasks.so(+0x4ee2e1) [0x7fbeda48e2e1]
/tools/Xilinx/Vitis_HLS/2023.1/lib/lnx64.o/libtcl8.5.so(+0x3356f) [0x7fbee381c56f]
/tools/Xilinx/Vitis_HLS/2023.1/lib/lnx64.o/libtcl8.5.so(+0x76945) [0x7fbee385f945]
/tools/Xilinx/Vitis_HLS/2023.1/lib/lnx64.o/libtcl8.5.so(TclObjInterpProcCore+0x420) [0x7fbee38a0ed0]
/tools/Xilinx/Vitis_HLS/2023.1/lib/lnx64.o/libtcl8.5.so(+0x3356f) [0x7fbee381c56f]
/tools/Xilinx/Vitis_HLS/2023.1/lib/lnx64.o/libtcl8.5.so(+0x76945) [0x7fbee385f945]
/tools/Xilinx/Vitis_HLS/2023.1/lib/lnx64.o/libtcl8.5.so(+0x7e0f9) [0x7fbee38670f9]
/tools/Xilinx/Vitis_HLS/2023.1/lib/lnx64.o/libtcl8.5.so(TclEvalObjEx+0x76) [0x7fbee381e216]
/tools/Xilinx/Vitis_HLS/2023.1/lib/lnx64.o/libxv_commontasks.so(+0x4ee2e1) [0x7fbeda48e2e1]
/tools/Xilinx/Vitis_HLS/2023.1/lib/lnx64.o/libtcl8.5.so(+0x3356f) [0x7fbee381c56f]
/tools/Xilinx/Vitis_HLS/2023.1/lib/lnx64.o/libtcl8.5.so(+0x76945) [0x7fbee385f945]
/tools/Xilinx/Vitis_HLS/2023.1/lib/lnx64.o/libtcl8.5.so(TclObjInterpProcCore+0x420) [0x7fbee38a0ed0]
/tools/Xilinx/Vitis_HLS/2023.1/lib/lnx64.o/libtcl8.5.so(+0x3356f) [0x7fbee381c56f]
/tools/Xilinx/Vitis_HLS/2023.1/lib/lnx64.o/libtcl8.5.so(+0x76945) [0x7fbee385f945]
/tools/Xilinx/Vitis_HLS/2023.1/lib/lnx64.o/libtcl8.5.so(TclObjInterpProcCore+0x420) [0x7fbee38a0ed0]
/tools/Xilinx/Vitis_HLS/2023.1/lib/lnx64.o/libtcl8.5.so(+0x3356f) [0x7fbee381c56f]
/tools/Xilinx/Vitis_HLS/2023.1/lib/lnx64.o/libtcl8.5.so(+0x76945) [0x7fbee385f945]
/tools/Xilinx/Vitis_HLS/2023.1/lib/lnx64.o/libtcl8.5.so(+0x7e0f9) [0x7fbee38670f9]
/tools/Xilinx/Vitis_HLS/2023.1/lib/lnx64.o/libtcl8.5.so(TclEvalObjEx+0x76) [0x7fbee381e216]
/tools/Xilinx/Vitis_HLS/2023.1/lib/lnx64.o/libxv_commontasks.so(+0x4ee2e1) [0x7fbeda48e2e1]
/tools/Xilinx/Vitis_HLS/2023.1/lib/lnx64.o/libtcl8.5.so(+0x3356f) [0x7fbee381c56f]
/tools/Xilinx/Vitis_HLS/2023.1/lib/lnx64.o/libtcl8.5.so(+0x76945) [0x7fbee385f945]
/tools/Xilinx/Vitis_HLS/2023.1/lib/lnx64.o/libtcl8.5.so(Tcl_ExprObj+0xf8) [0x7fbee3866cd8]
/tools/Xilinx/Vitis_HLS/2023.1/lib/lnx64.o/libtcl8.5.so(Tcl_ExprBooleanObj+0x16) [0x7fbee381cf56]
/tools/Xilinx/Vitis_HLS/2023.1/lib/lnx64.o/libtcl8.5.so(+0x3e7ae) [0x7fbee38277ae]
/tools/Xilinx/Vitis_HLS/2023.1/lib/lnx64.o/libtcl8.5.so(+0x3356f) [0x7fbee381c56f]
/tools/Xilinx/Vitis_HLS/2023.1/lib/lnx64.o/libtcl8.5.so(+0x34bf8) [0x7fbee381dbf8]
/tools/Xilinx/Vitis_HLS/2023.1/lib/lnx64.o/libtcl8.5.so(Tcl_EvalEx+0x13) [0x7fbee381e163]
/tools/Xilinx/Vitis_HLS/2023.1/lib/lnx64.o/libtcl8.5.so(Tcl_Eval+0x15) [0x7fbee381e185]
/tools/Xilinx/Vitis_HLS/2023.1/lib/lnx64.o/libxv_hls_main.so(+0xee6e3) [0x7fbedbc186e3]
/tools/Xilinx/Vitis_HLS/2023.1/lib/lnx64.o/libxv_hls_support.so(xpcl::TclCommand::callbackInternal(int, Tcl_Obj* const*)+0x3ab) [0x7fbee845ce7b]
/tools/Xilinx/Vitis_HLS/2023.1/lib/lnx64.o/libxv_hls_support.so(xpcl::TclCommand::callback(int, Tcl_Obj* const*)+0x2b) [0x7fbee845de5b]
/tools/Xilinx/Vitis_HLS/2023.1/lib/lnx64.o/libtcl8.5.so(+0x3356f) [0x7fbee381c56f]
/tools/Xilinx/Vitis_HLS/2023.1/lib/lnx64.o/libtcl8.5.so(+0x76945) [0x7fbee385f945]
/tools/Xilinx/Vitis_HLS/2023.1/lib/lnx64.o/libtcl8.5.so(TclObjInterpProcCore+0x420) [0x7fbee38a0ed0]
/tools/Xilinx/Vitis_HLS/2023.1/lib/lnx64.o/libtcl8.5.so(+0x3356f) [0x7fbee381c56f]
/tools/Xilinx/Vitis_HLS/2023.1/lib/lnx64.o/libtcl8.5.so(+0x76945) [0x7fbee385f945]
/tools/Xilinx/Vitis_HLS/2023.1/lib/lnx64.o/libtcl8.5.so(+0x7e0f9) [0x7fbee38670f9]
/tools/Xilinx/Vitis_HLS/2023.1/lib/lnx64.o/libtcl8.5.so(TclEvalObjEx+0x76) [0x7fbee381e216]
/tools/Xilinx/Vitis_HLS/2023.1/lib/lnx64.o/libxv_commontasks.so(+0x4ee2e1) [0x7fbeda48e2e1]
/tools/Xilinx/Vitis_HLS/2023.1/lib/lnx64.o/libtcl8.5.so(+0x3356f) [0x7fbee381c56f]
/tools/Xilinx/Vitis_HLS/2023.1/lib/lnx64.o/libtcl8.5.so(+0x76945) [0x7fbee385f945]
/tools/Xilinx/Vitis_HLS/2023.1/lib/lnx64.o/libtcl8.5.so(Tcl_ExprObj+0xf8) [0x7fbee3866cd8]
/tools/Xilinx/Vitis_HLS/2023.1/lib/lnx64.o/libtcl8.5.so(Tcl_ExprBooleanObj+0x16) [0x7fbee381cf56]
/tools/Xilinx/Vitis_HLS/2023.1/lib/lnx64.o/libtcl8.5.so(+0x3e7ae) [0x7fbee38277ae]
/tools/Xilinx/Vitis_HLS/2023.1/lib/lnx64.o/libtcl8.5.so(+0x3356f) [0x7fbee381c56f]
/tools/Xilinx/Vitis_HLS/2023.1/lib/lnx64.o/libtcl8.5.so(+0x34bf8) [0x7fbee381dbf8]
/tools/Xilinx/Vitis_HLS/2023.1/lib/lnx64.o/libtcl8.5.so(Tcl_EvalEx+0x13) [0x7fbee381e163]
/tools/Xilinx/Vitis_HLS/2023.1/lib/lnx64.o/libtcl8.5.so(Tcl_Eval+0x15) [0x7fbee381e185]
/tools/Xilinx/Vitis_HLS/2023.1/lib/lnx64.o/libxv_hls_main.so(+0xee6e3) [0x7fbedbc186e3]
/tools/Xilinx/Vitis_HLS/2023.1/lib/lnx64.o/libxv_hls_support.so(xpcl::TclCommand::callbackInternal(int, Tcl_Obj* const*)+0x3ab) [0x7fbee845ce7b]
/tools/Xilinx/Vitis_HLS/2023.1/lib/lnx64.o/libxv_hls_support.so(xpcl::TclCommand::callback(int, Tcl_Obj* const*)+0x2b) [0x7fbee845de5b]
/tools/Xilinx/Vitis_HLS/2023.1/lib/lnx64.o/libtcl8.5.so(+0x3356f) [0x7fbee381c56f]
/tools/Xilinx/Vitis_HLS/2023.1/lib/lnx64.o/libtcl8.5.so(+0x76945) [0x7fbee385f945]
/tools/Xilinx/Vitis_HLS/2023.1/lib/lnx64.o/libtcl8.5.so(TclObjInterpProcCore+0x420) [0x7fbee38a0ed0]
/tools/Xilinx/Vitis_HLS/2023.1/lib/lnx64.o/libtcl8.5.so(+0x3356f) [0x7fbee381c56f]
/tools/Xilinx/Vitis_HLS/2023.1/lib/lnx64.o/libtcl8.5.so(+0x76945) [0x7fbee385f945]
/tools/Xilinx/Vitis_HLS/2023.1/lib/lnx64.o/libtcl8.5.so(+0x7e0f9) [0x7fbee38670f9]
/tools/Xilinx/Vitis_HLS/2023.1/lib/lnx64.o/libtcl8.5.so(TclEvalObjEx+0x76) [0x7fbee381e216]
/tools/Xilinx/Vitis_HLS/2023.1/lib/lnx64.o/libxv_commontasks.so(+0x4ee2e1) [0x7fbeda48e2e1]
/tools/Xilinx/Vitis_HLS/2023.1/lib/lnx64.o/libtcl8.5.so(+0x3356f) [0x7fbee381c56f]
/tools/Xilinx/Vitis_HLS/2023.1/lib/lnx64.o/libtcl8.5.so(+0x76945) [0x7fbee385f945]
/tools/Xilinx/Vitis_HLS/2023.1/lib/lnx64.o/libtcl8.5.so(Tcl_ExprObj+0xf8) [0x7fbee3866cd8]
/tools/Xilinx/Vitis_HLS/2023.1/lib/lnx64.o/libtcl8.5.so(Tcl_ExprBooleanObj+0x16) [0x7fbee381cf56]
/tools/Xilinx/Vitis_HLS/2023.1/lib/lnx64.o/libtcl8.5.so(+0x3e7ae) [0x7fbee38277ae]
/tools/Xilinx/Vitis_HLS/2023.1/lib/lnx64.o/libtcl8.5.so(+0x3356f) [0x7fbee381c56f]
/tools/Xilinx/Vitis_HLS/2023.1/lib/lnx64.o/libtcl8.5.so(+0x34bf8) [0x7fbee381dbf8]
/tools/Xilinx/Vitis_HLS/2023.1/lib/lnx64.o/libtcl8.5.so(Tcl_EvalEx+0x13) [0x7fbee381e163]
/tools/Xilinx/Vitis_HLS/2023.1/lib/lnx64.o/libtcl8.5.so(Tcl_Eval+0x15) [0x7fbee381e185]
/tools/Xilinx/Vitis_HLS/2023.1/lib/lnx64.o/libxv_hls_main.so(+0xee6e3) [0x7fbedbc186e3]
/tools/Xilinx/Vitis_HLS/2023.1/lib/lnx64.o/libxv_hls_support.so(xpcl::TclCommand::callbackInternal(int, Tcl_Obj* const*)+0x3ab) [0x7fbee845ce7b]
/tools/Xilinx/Vitis_HLS/2023.1/lib/lnx64.o/libxv_hls_support.so(xpcl::TclCommand::callback(int, Tcl_Obj* const*)+0x2b) [0x7fbee845de5b]
/tools/Xilinx/Vitis_HLS/2023.1/lib/lnx64.o/libtcl8.5.so(+0x3356f) [0x7fbee381c56f]
/tools/Xilinx/Vitis_HLS/2023.1/lib/lnx64.o/libtcl8.5.so(+0x76945) [0x7fbee385f945]
/tools/Xilinx/Vitis_HLS/2023.1/lib/lnx64.o/libtcl8.5.so(+0x7e0f9) [0x7fbee38670f9]
/tools/Xilinx/Vitis_HLS/2023.1/lib/lnx64.o/libtcl8.5.so(TclEvalObjEx+0x76) [0x7fbee381e216]
/tools/Xilinx/Vitis_HLS/2023.1/lib/lnx64.o/libtcl8.5.so(+0x3e824) [0x7fbee3827824]
/tools/Xilinx/Vitis_HLS/2023.1/lib/lnx64.o/libtcl8.5.so(+0x3356f) [0x7fbee381c56f]
/tools/Xilinx/Vitis_HLS/2023.1/lib/lnx64.o/libtcl8.5.so(+0x34bf8) [0x7fbee381dbf8]
/tools/Xilinx/Vitis_HLS/2023.1/lib/lnx64.o/libtcl8.5.so(Tcl_EvalEx+0x13) [0x7fbee381e163]
/tools/Xilinx/Vitis_HLS/2023.1/lib/lnx64.o/libtcl8.5.so(Tcl_FSEvalFileEx+0x1da) [0x7fbee3882d2a]
/tools/Xilinx/Vitis_HLS/2023.1/lib/lnx64.o/libxv_hls_main.so(ApSourceTclFile(std::__cxx11::basic_string<char, std::char_traits<char>, std::allocator<char> > const&, char const*)+0x76) [0x7fbedbc0d646]
/tools/Xilinx/Vitis_HLS/2023.1/lib/lnx64.o/libxv_hls_main.so(+0xe8d15) [0x7fbedbc12d15]
/tools/Xilinx/Vitis_HLS/2023.1/lib/lnx64.o/libxv_hls_support.so(xpcl::TclCommand::callbackInternal(int, Tcl_Obj* const*)+0x3ab) [0x7fbee845ce7b]
/tools/Xilinx/Vitis_HLS/2023.1/lib/lnx64.o/libxv_hls_support.so(xpcl::TclCommand::callback(int, Tcl_Obj* const*)+0x2b) [0x7fbee845de5b]
/tools/Xilinx/Vitis_HLS/2023.1/lib/lnx64.o/libtcl8.5.so(+0x3356f) [0x7fbee381c56f]
/tools/Xilinx/Vitis_HLS/2023.1/lib/lnx64.o/libtcl8.5.so(Tcl_EvalObjv+0x32) [0x7fbee381c6a2]
/tools/Xilinx/Vitis_HLS/2023.1/lib/lnx64.o/libtcl8.5.so(TclEvalObjEx+0x322) [0x7fbee381e4c2]
/tools/Xilinx/Vitis_HLS/2023.1/lib/lnx64.o/libtcl8.5.so(+0xb7637) [0x7fbee38a0637]
/tools/Xilinx/Vitis_HLS/2023.1/lib/lnx64.o/libtcl8.5.so(+0x3356f) [0x7fbee381c56f]
/tools/Xilinx/Vitis_HLS/2023.1/lib/lnx64.o/libtcl8.5.so(+0x76945) [0x7fbee385f945]
/tools/Xilinx/Vitis_HLS/2023.1/lib/lnx64.o/libtcl8.5.so(+0x7e0f9) [0x7fbee38670f9]
/tools/Xilinx/Vitis_HLS/2023.1/lib/lnx64.o/libtcl8.5.so(TclEvalObjEx+0x76) [0x7fbee381e216]
/tools/Xilinx/Vitis_HLS/2023.1/lib/lnx64.o/libxv_commontasks.so(+0x4ee2e1) [0x7fbeda48e2e1]
/tools/Xilinx/Vitis_HLS/2023.1/lib/lnx64.o/libtcl8.5.so(+0x3356f) [0x7fbee381c56f]
/tools/Xilinx/Vitis_HLS/2023.1/lib/lnx64.o/libtcl8.5.so(+0x76945) [0x7fbee385f945]
/tools/Xilinx/Vitis_HLS/2023.1/lib/lnx64.o/libtcl8.5.so(+0x7e0f9) [0x7fbee38670f9]
/tools/Xilinx/Vitis_HLS/2023.1/lib/lnx64.o/libtcl8.5.so(TclEvalObjEx+0x76) [0x7fbee381e216]
/tools/Xilinx/Vitis_HLS/2023.1/lib/lnx64.o/libxv_commontasks.so(+0x4ae54a) [0x7fbeda44e54a]
/tools/Xilinx/Vitis_HLS/2023.1/lib/lnx64.o/libtcl8.5.so(+0x3356f) [0x7fbee381c56f]
/tools/Xilinx/Vitis_HLS/2023.1/lib/lnx64.o/libtcl8.5.so(+0x76945) [0x7fbee385f945]
/tools/Xilinx/Vitis_HLS/2023.1/lib/lnx64.o/libtcl8.5.so(TclObjInterpProcCore+0x420) [0x7fbee38a0ed0]
/tools/Xilinx/Vitis_HLS/2023.1/lib/lnx64.o/libtcl8.5.so(+0x3356f) [0x7fbee381c56f]
/tools/Xilinx/Vitis_HLS/2023.1/lib/lnx64.o/libtcl8.5.so(+0x76945) [0x7fbee385f945]
/tools/Xilinx/Vitis_HLS/2023.1/lib/lnx64.o/libtcl8.5.so(TclObjInterpProcCore+0x420) [0x7fbee38a0ed0]
/tools/Xilinx/Vitis_HLS/2023.1/lib/lnx64.o/libtcl8.5.so(+0x3356f) [0x7fbee381c56f]
/tools/Xilinx/Vitis_HLS/2023.1/lib/lnx64.o/libtcl8.5.so(+0x76945) [0x7fbee385f945]
/tools/Xilinx/Vitis_HLS/2023.1/lib/lnx64.o/libtcl8.5.so(+0x7e0f9) [0x7fbee38670f9]
/tools/Xilinx/Vitis_HLS/2023.1/lib/lnx64.o/libtcl8.5.so(TclEvalObjEx+0x76) [0x7fbee381e216]
/tools/Xilinx/Vitis_HLS/2023.1/lib/lnx64.o/libxv_commontasks.so(+0x4ee2e1) [0x7fbeda48e2e1]
/tools/Xilinx/Vitis_HLS/2023.1/lib/lnx64.o/libtcl8.5.so(+0x3356f) [0x7fbee381c56f]
/tools/Xilinx/Vitis_HLS/2023.1/lib/lnx64.o/libtcl8.5.so(+0x76945) [0x7fbee385f945]
/tools/Xilinx/Vitis_HLS/2023.1/lib/lnx64.o/libtcl8.5.so(Tcl_ExprObj+0xf8) [0x7fbee3866cd8]
/tools/Xilinx/Vitis_HLS/2023.1/lib/lnx64.o/libtcl8.5.so(Tcl_ExprBooleanObj+0x16) [0x7fbee381cf56]
/tools/Xilinx/Vitis_HLS/2023.1/lib/lnx64.o/libtcl8.5.so(+0x3e7ae) [0x7fbee38277ae]
/tools/Xilinx/Vitis_HLS/2023.1/lib/lnx64.o/libtcl8.5.so(+0x3356f) [0x7fbee381c56f]
/tools/Xilinx/Vitis_HLS/2023.1/lib/lnx64.o/libtcl8.5.so(+0x34bf8) [0x7fbee381dbf8]
/tools/Xilinx/Vitis_HLS/2023.1/lib/lnx64.o/libtcl8.5.so(Tcl_EvalEx+0x13) [0x7fbee381e163]
/tools/Xilinx/Vitis_HLS/2023.1/lib/lnx64.o/libtcl8.5.so(Tcl_Eval+0x15) [0x7fbee381e185]
/tools/Xilinx/Vitis_HLS/2023.1/lib/lnx64.o/libxv_hls_main.so(+0xee6e3) [0x7fbedbc186e3]
/tools/Xilinx/Vitis_HLS/2023.1/lib/lnx64.o/libxv_hls_support.so(xpcl::TclCommand::callbackInternal(int, Tcl_Obj* const*)+0x3ab) [0x7fbee845ce7b]
/tools/Xilinx/Vitis_HLS/2023.1/lib/lnx64.o/libxv_hls_support.so(xpcl::TclCommand::callback(int, Tcl_Obj* const*)+0x2b) [0x7fbee845de5b]
/tools/Xilinx/Vitis_HLS/2023.1/lib/lnx64.o/libtcl8.5.so(+0x3356f) [0x7fbee381c56f]
/tools/Xilinx/Vitis_HLS/2023.1/lib/lnx64.o/libtcl8.5.so(+0x34bf8) [0x7fbee381dbf8]
/tools/Xilinx/Vitis_HLS/2023.1/lib/lnx64.o/libtcl8.5.so(Tcl_EvalEx+0x13) [0x7fbee381e163]
/tools/Xilinx/Vitis_HLS/2023.1/lib/lnx64.o/libtcl8.5.so(TclEvalObjEx+0x1e0) [0x7fbee381e380]
/tools/Xilinx/Vitis_HLS/2023.1/lib/lnx64.o/libtcl8.5.so(+0x3b445) [0x7fbee3824445]
/tools/Xilinx/Vitis_HLS/2023.1/lib/lnx64.o/libtcl8.5.so(+0x3356f) [0x7fbee381c56f]
/tools/Xilinx/Vitis_HLS/2023.1/lib/lnx64.o/libtcl8.5.so(+0x76945) [0x7fbee385f945]
/tools/Xilinx/Vitis_HLS/2023.1/lib/lnx64.o/libtcl8.5.so(+0x7e0f9) [0x7fbee38670f9]
/tools/Xilinx/Vitis_HLS/2023.1/lib/lnx64.o/libtcl8.5.so(TclEvalObjEx+0x76) [0x7fbee381e216]
/tools/Xilinx/Vitis_HLS/2023.1/lib/lnx64.o/libxv_commontasks.so(+0x4ee2e1) [0x7fbeda48e2e1]
/tools/Xilinx/Vitis_HLS/2023.1/lib/lnx64.o/libtcl8.5.so(+0x3356f) [0x7fbee381c56f]
/tools/Xilinx/Vitis_HLS/2023.1/lib/lnx64.o/libtcl8.5.so(+0x76945) [0x7fbee385f945]
/tools/Xilinx/Vitis_HLS/2023.1/lib/lnx64.o/libtcl8.5.so(TclObjInterpProcCore+0x420) [0x7fbee38a0ed0]
/tools/Xilinx/Vitis_HLS/2023.1/lib/lnx64.o/libtcl8.5.so(+0x3356f) [0x7fbee381c56f]
/tools/Xilinx/Vitis_HLS/2023.1/lib/lnx64.o/libtcl8.5.so(+0x76945) [0x7fbee385f945]
/tools/Xilinx/Vitis_HLS/2023.1/lib/lnx64.o/libtcl8.5.so(TclObjInterpProcCore+0x420) [0x7fbee38a0ed0]
/tools/Xilinx/Vitis_HLS/2023.1/lib/lnx64.o/libtcl8.5.so(+0x3356f) [0x7fbee381c56f]
/tools/Xilinx/Vitis_HLS/2023.1/lib/lnx64.o/libtcl8.5.so(+0x34bf8) [0x7fbee381dbf8]
/tools/Xilinx/Vitis_HLS/2023.1/lib/lnx64.o/libtcl8.5.so(Tcl_EvalEx+0x13) [0x7fbee381e163]
/tools/Xilinx/Vitis_HLS/2023.1/lib/lnx64.o/libtcl8.5.so(Tcl_Eval+0x15) [0x7fbee381e185]
/tools/Xilinx/Vitis_HLS/2023.1/lib/lnx64.o/libxv_hls_support.so(xpcl::TclManager::tclAppInit(Tcl_Interp*)+0x194) [0x7fbee845fc64]
/tools/Xilinx/Vitis_HLS/2023.1/lib/lnx64.o/libxv_hls_support.so(xpcl::TclManager::issueFromTcl(Tcl_Interp*, bool)+0x12e) [0x7fbee845ff4e]
/tools/Xilinx/Vitis_HLS/2023.1/lib/lnx64.o/libxv_hlstasks.so(+0x10f11) [0x7fbedbd5df11]
/tools/Xilinx/Vitis_HLS/2023.1/lib/lnx64.o/libxv_common.so(+0x8b703f) [0x7fbee7fe103f]
/tools/Xilinx/Vitis_HLS/2023.1/lib/lnx64.o/libtcl8.5.so(+0x3356f) [0x7fbee381c56f]
/tools/Xilinx/Vitis_HLS/2023.1/lib/lnx64.o/libtcl8.5.so(+0x34bf8) [0x7fbee381dbf8]
/tools/Xilinx/Vitis_HLS/2023.1/lib/lnx64.o/libtcl8.5.so(Tcl_EvalEx+0x13) [0x7fbee381e163]
/tools/Xilinx/Vitis_HLS/2023.1/lib/lnx64.o/libtcl8.5.so(TclEvalObjEx+0x3cf) [0x7fbee381e56f]
/tools/Xilinx/Vitis_HLS/2023.1/lib/lnx64.o/libtcl8.5.so(+0xb7589) [0x7fbee38a0589]
/tools/Xilinx/Vitis_HLS/2023.1/lib/lnx64.o/libtcl8.5.so(+0x3356f) [0x7fbee381c56f]
/tools/Xilinx/Vitis_HLS/2023.1/lib/lnx64.o/libtcl8.5.so(+0x76945) [0x7fbee385f945]
/tools/Xilinx/Vitis_HLS/2023.1/lib/lnx64.o/libtcl8.5.so(TclObjInterpProcCore+0x420) [0x7fbee38a0ed0]
/tools/Xilinx/Vitis_HLS/2023.1/lib/lnx64.o/libtcl8.5.so(+0x3356f) [0x7fbee381c56f]
/tools/Xilinx/Vitis_HLS/2023.1/lib/lnx64.o/libtcl8.5.so(+0x76945) [0x7fbee385f945]
/tools/Xilinx/Vitis_HLS/2023.1/lib/lnx64.o/libtcl8.5.so(+0x7e0f9) [0x7fbee38670f9]
/tools/Xilinx/Vitis_HLS/2023.1/lib/lnx64.o/libtcl8.5.so(TclEvalObjEx+0x76) [0x7fbee381e216]
/tools/Xilinx/Vitis_HLS/2023.1/lib/lnx64.o/libxv_commontasks.so(+0x4ee23e) [0x7fbeda48e23e]
/tools/Xilinx/Vitis_HLS/2023.1/lib/lnx64.o/libtcl8.5.so(+0x3356f) [0x7fbee381c56f]
/tools/Xilinx/Vitis_HLS/2023.1/lib/lnx64.o/libtcl8.5.so(+0x34bf8) [0x7fbee381dbf8]
/tools/Xilinx/Vitis_HLS/2023.1/lib/lnx64.o/libtcl8.5.so(+0xad566) [0x7fbee3896566]
/tools/Xilinx/Vitis_HLS/2023.1/lib/lnx64.o/libtcl8.5.so(+0x34785) [0x7fbee381d785]
/tools/Xilinx/Vitis_HLS/2023.1/lib/lnx64.o/libtcl8.5.so(Tcl_EvalEx+0x13) [0x7fbee381e163]
/tools/Xilinx/Vitis_HLS/2023.1/lib/lnx64.o/libtcl8.5.so(Tcl_FSEvalFileEx+0x1da) [0x7fbee3882d2a]
/tools/Xilinx/Vitis_HLS/2023.1/lib/lnx64.o/libxv_commontasks.so(+0x449a40) [0x7fbeda3e9a40]
/tools/Xilinx/Vitis_HLS/2023.1/lib/lnx64.o/libxv_common.so(+0x8b703f) [0x7fbee7fe103f]
/tools/Xilinx/Vitis_HLS/2023.1/lib/lnx64.o/libtcl8.5.so(+0x3356f) [0x7fbee381c56f]
/tools/Xilinx/Vitis_HLS/2023.1/lib/lnx64.o/libtcl8.5.so(Tcl_EvalObjv+0x32) [0x7fbee381c6a2]
/tools/Xilinx/Vitis_HLS/2023.1/lib/lnx64.o/libtcl8.5.so(TclEvalObjEx+0x322) [0x7fbee381e4c2]
/tools/Xilinx/Vitis_HLS/2023.1/lib/lnx64.o/libxv_commontasks.so(+0x466388) [0x7fbeda406388]
/tools/Xilinx/Vitis_HLS/2023.1/lib/lnx64.o/libxv_commontasks.so(+0x46798f) [0x7fbeda40798f]
/tools/Xilinx/Vitis_HLS/2023.1/lib/lnx64.o/libxv_common.so(+0x8b703f) [0x7fbee7fe103f]
/tools/Xilinx/Vitis_HLS/2023.1/lib/lnx64.o/libtcl8.5.so(+0x3356f) [0x7fbee381c56f]
/tools/Xilinx/Vitis_HLS/2023.1/lib/lnx64.o/libtcl8.5.so(Tcl_EvalObjv+0x32) [0x7fbee381c6a2]
/tools/Xilinx/Vitis_HLS/2023.1/lib/lnx64.o/libtcl8.5.so(TclEvalObjEx+0x322) [0x7fbee381e4c2]
/tools/Xilinx/Vitis_HLS/2023.1/lib/lnx64.o/libxv_commonmain.so(+0xd5e8) [0x7fbee83c05e8]
/tools/Xilinx/Vitis_HLS/2023.1/lib/lnx64.o/libtcl8.5.so(Tcl_Main+0x1d0) [0x7fbee38892f0]
/tools/Xilinx/Vitis_HLS/2023.1/lib/lnx64.o/libxv_common.so(+0x7b7f1b) [0x7fbee7ee1f1b]
/usr/lib/x86_64-linux-gnu/libpthread.so.0(+0x8609) [0x7fbede05a609]
/usr/lib/x86_64-linux-gnu/libc.so.6(clone+0x43) [0x7fbede2e5353]
