

================================================================
== Vivado HLS Report for 'compute_global_pool_array_array_ap_fixed_16_6_5_3_0_32u_config12_s'
================================================================
* Date:           Tue Dec 10 22:26:53 2024

* Version:        2020.1 (Build 2897737 on Wed May 27 20:21:37 MDT 2020)
* Project:        hls_deepset_pointwisePhi_iostream_prj
* Solution:       solution1
* Product family: virtexuplus
* Target device:  xcvu13p-flga2577-2-e


================================================================
== Performance Estimates
================================================================
+ Timing: 
    * Summary: 
    +--------+---------+----------+------------+
    |  Clock |  Target | Estimated| Uncertainty|
    +--------+---------+----------+------------+
    |ap_clk  | 5.00 ns | 0.785 ns |   0.62 ns  |
    +--------+---------+----------+------------+

+ Latency: 
    * Summary: 
    +---------+---------+----------+----------+-----+-----+----------+
    |  Latency (cycles) |  Latency (absolute) |  Interval | Pipeline |
    |   min   |   max   |    min   |    max   | min | max |   Type   |
    +---------+---------+----------+----------+-----+-----+----------+
    |        0|        0|   0 ns   |   0 ns   |    1|    1| function |
    +---------+---------+----------+----------+-----+-----+----------+

    + Detail: 
        * Instance: 
        N/A

        * Loop: 
        N/A



================================================================
== Utilization Estimates
================================================================
* Summary: 
+---------------------+---------+-------+---------+---------+------+
|         Name        | BRAM_18K| DSP48E|    FF   |   LUT   | URAM |
+---------------------+---------+-------+---------+---------+------+
|DSP                  |        -|      -|        -|        -|     -|
|Expression           |        -|      -|        0|      736|     -|
|FIFO                 |        -|      -|        -|        -|     -|
|Instance             |        -|      -|        -|        -|     -|
|Memory               |        -|      -|        -|        -|     -|
|Multiplexer          |        -|      -|        -|        -|     -|
|Register             |        -|      -|        -|        -|     -|
+---------------------+---------+-------+---------+---------+------+
|Total                |        0|      0|        0|      736|     0|
+---------------------+---------+-------+---------+---------+------+
|Available SLR        |     1344|   3072|   864000|   432000|   320|
+---------------------+---------+-------+---------+---------+------+
|Utilization SLR (%)  |        0|      0|        0|    ~0   |     0|
+---------------------+---------+-------+---------+---------+------+
|Available            |     5376|  12288|  3456000|  1728000|  1280|
+---------------------+---------+-------+---------+---------+------+
|Utilization (%)      |        0|      0|        0|    ~0   |     0|
+---------------------+---------+-------+---------+---------+------+

+ Detail: 
    * Instance: 
    N/A

    * DSP48E: 
    N/A

    * Memory: 
    N/A

    * FIFO: 
    N/A

    * Expression: 
    +---------------------------+----------+-------+---+----+------------+------------+
    |       Variable Name       | Operation| DSP48E| FF| LUT| Bitwidth P0| Bitwidth P1|
    +---------------------------+----------+-------+---+----+------------+------------+
    |add_ln703_3186_fu_552_p2   |     +    |      0|  0|  23|          16|          16|
    |add_ln703_3187_fu_570_p2   |     +    |      0|  0|  23|          16|          16|
    |add_ln703_3188_fu_588_p2   |     +    |      0|  0|  23|          16|          16|
    |add_ln703_3189_fu_606_p2   |     +    |      0|  0|  23|          16|          16|
    |add_ln703_3190_fu_624_p2   |     +    |      0|  0|  23|          16|          16|
    |add_ln703_3191_fu_642_p2   |     +    |      0|  0|  23|          16|          16|
    |add_ln703_3192_fu_660_p2   |     +    |      0|  0|  23|          16|          16|
    |add_ln703_3193_fu_678_p2   |     +    |      0|  0|  23|          16|          16|
    |add_ln703_3194_fu_696_p2   |     +    |      0|  0|  23|          16|          16|
    |add_ln703_3195_fu_714_p2   |     +    |      0|  0|  23|          16|          16|
    |add_ln703_3196_fu_732_p2   |     +    |      0|  0|  23|          16|          16|
    |add_ln703_3197_fu_750_p2   |     +    |      0|  0|  23|          16|          16|
    |add_ln703_3198_fu_768_p2   |     +    |      0|  0|  23|          16|          16|
    |add_ln703_3199_fu_786_p2   |     +    |      0|  0|  23|          16|          16|
    |add_ln703_3200_fu_804_p2   |     +    |      0|  0|  23|          16|          16|
    |add_ln703_3201_fu_822_p2   |     +    |      0|  0|  23|          16|          16|
    |add_ln703_3202_fu_840_p2   |     +    |      0|  0|  23|          16|          16|
    |add_ln703_3203_fu_858_p2   |     +    |      0|  0|  23|          16|          16|
    |add_ln703_3204_fu_876_p2   |     +    |      0|  0|  23|          16|          16|
    |add_ln703_3205_fu_894_p2   |     +    |      0|  0|  23|          16|          16|
    |add_ln703_3206_fu_912_p2   |     +    |      0|  0|  23|          16|          16|
    |add_ln703_3207_fu_930_p2   |     +    |      0|  0|  23|          16|          16|
    |add_ln703_3208_fu_948_p2   |     +    |      0|  0|  23|          16|          16|
    |add_ln703_3209_fu_966_p2   |     +    |      0|  0|  23|          16|          16|
    |add_ln703_3210_fu_984_p2   |     +    |      0|  0|  23|          16|          16|
    |add_ln703_3211_fu_1002_p2  |     +    |      0|  0|  23|          16|          16|
    |add_ln703_3212_fu_1020_p2  |     +    |      0|  0|  23|          16|          16|
    |add_ln703_3213_fu_1038_p2  |     +    |      0|  0|  23|          16|          16|
    |add_ln703_3214_fu_1056_p2  |     +    |      0|  0|  23|          16|          16|
    |add_ln703_3215_fu_1074_p2  |     +    |      0|  0|  23|          16|          16|
    |add_ln703_3216_fu_1092_p2  |     +    |      0|  0|  23|          16|          16|
    |add_ln703_fu_534_p2        |     +    |      0|  0|  23|          16|          16|
    +---------------------------+----------+-------+---+----+------------+------------+
    |Total                      |          |      0|  0| 736|         512|         512|
    +---------------------------+----------+-------+---+----+------------+------------+

    * Multiplexer: 
    N/A

    * Register: 
    N/A



================================================================
== Interface
================================================================
* Summary: 
+------------------------+-----+-----+------------+---------------------------------------------------------------------+--------------+
|        RTL Ports       | Dir | Bits|  Protocol  |                            Source Object                            |    C Type    |
+------------------------+-----+-----+------------+---------------------------------------------------------------------+--------------+
|ap_ready                | out |    1| ap_ctrl_hs | compute_global_pool<array,array<ap_fixed<16,6,5,3,0>,32u>,config12> | return value |
|ap_return_0             | out |   16| ap_ctrl_hs | compute_global_pool<array,array<ap_fixed<16,6,5,3,0>,32u>,config12> | return value |
|ap_return_1             | out |   16| ap_ctrl_hs | compute_global_pool<array,array<ap_fixed<16,6,5,3,0>,32u>,config12> | return value |
|ap_return_2             | out |   16| ap_ctrl_hs | compute_global_pool<array,array<ap_fixed<16,6,5,3,0>,32u>,config12> | return value |
|ap_return_3             | out |   16| ap_ctrl_hs | compute_global_pool<array,array<ap_fixed<16,6,5,3,0>,32u>,config12> | return value |
|ap_return_4             | out |   16| ap_ctrl_hs | compute_global_pool<array,array<ap_fixed<16,6,5,3,0>,32u>,config12> | return value |
|ap_return_5             | out |   16| ap_ctrl_hs | compute_global_pool<array,array<ap_fixed<16,6,5,3,0>,32u>,config12> | return value |
|ap_return_6             | out |   16| ap_ctrl_hs | compute_global_pool<array,array<ap_fixed<16,6,5,3,0>,32u>,config12> | return value |
|ap_return_7             | out |   16| ap_ctrl_hs | compute_global_pool<array,array<ap_fixed<16,6,5,3,0>,32u>,config12> | return value |
|ap_return_8             | out |   16| ap_ctrl_hs | compute_global_pool<array,array<ap_fixed<16,6,5,3,0>,32u>,config12> | return value |
|ap_return_9             | out |   16| ap_ctrl_hs | compute_global_pool<array,array<ap_fixed<16,6,5,3,0>,32u>,config12> | return value |
|ap_return_10            | out |   16| ap_ctrl_hs | compute_global_pool<array,array<ap_fixed<16,6,5,3,0>,32u>,config12> | return value |
|ap_return_11            | out |   16| ap_ctrl_hs | compute_global_pool<array,array<ap_fixed<16,6,5,3,0>,32u>,config12> | return value |
|ap_return_12            | out |   16| ap_ctrl_hs | compute_global_pool<array,array<ap_fixed<16,6,5,3,0>,32u>,config12> | return value |
|ap_return_13            | out |   16| ap_ctrl_hs | compute_global_pool<array,array<ap_fixed<16,6,5,3,0>,32u>,config12> | return value |
|ap_return_14            | out |   16| ap_ctrl_hs | compute_global_pool<array,array<ap_fixed<16,6,5,3,0>,32u>,config12> | return value |
|ap_return_15            | out |   16| ap_ctrl_hs | compute_global_pool<array,array<ap_fixed<16,6,5,3,0>,32u>,config12> | return value |
|ap_return_16            | out |   16| ap_ctrl_hs | compute_global_pool<array,array<ap_fixed<16,6,5,3,0>,32u>,config12> | return value |
|ap_return_17            | out |   16| ap_ctrl_hs | compute_global_pool<array,array<ap_fixed<16,6,5,3,0>,32u>,config12> | return value |
|ap_return_18            | out |   16| ap_ctrl_hs | compute_global_pool<array,array<ap_fixed<16,6,5,3,0>,32u>,config12> | return value |
|ap_return_19            | out |   16| ap_ctrl_hs | compute_global_pool<array,array<ap_fixed<16,6,5,3,0>,32u>,config12> | return value |
|ap_return_20            | out |   16| ap_ctrl_hs | compute_global_pool<array,array<ap_fixed<16,6,5,3,0>,32u>,config12> | return value |
|ap_return_21            | out |   16| ap_ctrl_hs | compute_global_pool<array,array<ap_fixed<16,6,5,3,0>,32u>,config12> | return value |
|ap_return_22            | out |   16| ap_ctrl_hs | compute_global_pool<array,array<ap_fixed<16,6,5,3,0>,32u>,config12> | return value |
|ap_return_23            | out |   16| ap_ctrl_hs | compute_global_pool<array,array<ap_fixed<16,6,5,3,0>,32u>,config12> | return value |
|ap_return_24            | out |   16| ap_ctrl_hs | compute_global_pool<array,array<ap_fixed<16,6,5,3,0>,32u>,config12> | return value |
|ap_return_25            | out |   16| ap_ctrl_hs | compute_global_pool<array,array<ap_fixed<16,6,5,3,0>,32u>,config12> | return value |
|ap_return_26            | out |   16| ap_ctrl_hs | compute_global_pool<array,array<ap_fixed<16,6,5,3,0>,32u>,config12> | return value |
|ap_return_27            | out |   16| ap_ctrl_hs | compute_global_pool<array,array<ap_fixed<16,6,5,3,0>,32u>,config12> | return value |
|ap_return_28            | out |   16| ap_ctrl_hs | compute_global_pool<array,array<ap_fixed<16,6,5,3,0>,32u>,config12> | return value |
|ap_return_29            | out |   16| ap_ctrl_hs | compute_global_pool<array,array<ap_fixed<16,6,5,3,0>,32u>,config12> | return value |
|ap_return_30            | out |   16| ap_ctrl_hs | compute_global_pool<array,array<ap_fixed<16,6,5,3,0>,32u>,config12> | return value |
|ap_return_31            | out |   16| ap_ctrl_hs | compute_global_pool<array,array<ap_fixed<16,6,5,3,0>,32u>,config12> | return value |
|in_elem_data_0_V_read   |  in |   20|   ap_none  |                        in_elem_data_0_V_read                        |    scalar    |
|in_elem_data_1_V_read   |  in |   20|   ap_none  |                        in_elem_data_1_V_read                        |    scalar    |
|in_elem_data_2_V_read   |  in |   20|   ap_none  |                        in_elem_data_2_V_read                        |    scalar    |
|in_elem_data_3_V_read   |  in |   20|   ap_none  |                        in_elem_data_3_V_read                        |    scalar    |
|in_elem_data_4_V_read   |  in |   20|   ap_none  |                        in_elem_data_4_V_read                        |    scalar    |
|in_elem_data_5_V_read   |  in |   20|   ap_none  |                        in_elem_data_5_V_read                        |    scalar    |
|in_elem_data_6_V_read   |  in |   20|   ap_none  |                        in_elem_data_6_V_read                        |    scalar    |
|in_elem_data_7_V_read   |  in |   20|   ap_none  |                        in_elem_data_7_V_read                        |    scalar    |
|in_elem_data_8_V_read   |  in |   20|   ap_none  |                        in_elem_data_8_V_read                        |    scalar    |
|in_elem_data_9_V_read   |  in |   20|   ap_none  |                        in_elem_data_9_V_read                        |    scalar    |
|in_elem_data_10_V_read  |  in |   20|   ap_none  |                        in_elem_data_10_V_read                       |    scalar    |
|in_elem_data_11_V_read  |  in |   20|   ap_none  |                        in_elem_data_11_V_read                       |    scalar    |
|in_elem_data_12_V_read  |  in |   20|   ap_none  |                        in_elem_data_12_V_read                       |    scalar    |
|in_elem_data_13_V_read  |  in |   20|   ap_none  |                        in_elem_data_13_V_read                       |    scalar    |
|in_elem_data_14_V_read  |  in |   20|   ap_none  |                        in_elem_data_14_V_read                       |    scalar    |
|in_elem_data_15_V_read  |  in |   20|   ap_none  |                        in_elem_data_15_V_read                       |    scalar    |
|in_elem_data_16_V_read  |  in |   20|   ap_none  |                        in_elem_data_16_V_read                       |    scalar    |
|in_elem_data_17_V_read  |  in |   20|   ap_none  |                        in_elem_data_17_V_read                       |    scalar    |
|in_elem_data_18_V_read  |  in |   20|   ap_none  |                        in_elem_data_18_V_read                       |    scalar    |
|in_elem_data_19_V_read  |  in |   20|   ap_none  |                        in_elem_data_19_V_read                       |    scalar    |
|in_elem_data_20_V_read  |  in |   20|   ap_none  |                        in_elem_data_20_V_read                       |    scalar    |
|in_elem_data_21_V_read  |  in |   20|   ap_none  |                        in_elem_data_21_V_read                       |    scalar    |
|in_elem_data_22_V_read  |  in |   20|   ap_none  |                        in_elem_data_22_V_read                       |    scalar    |
|in_elem_data_23_V_read  |  in |   20|   ap_none  |                        in_elem_data_23_V_read                       |    scalar    |
|in_elem_data_24_V_read  |  in |   20|   ap_none  |                        in_elem_data_24_V_read                       |    scalar    |
|in_elem_data_25_V_read  |  in |   20|   ap_none  |                        in_elem_data_25_V_read                       |    scalar    |
|in_elem_data_26_V_read  |  in |   20|   ap_none  |                        in_elem_data_26_V_read                       |    scalar    |
|in_elem_data_27_V_read  |  in |   20|   ap_none  |                        in_elem_data_27_V_read                       |    scalar    |
|in_elem_data_28_V_read  |  in |   20|   ap_none  |                        in_elem_data_28_V_read                       |    scalar    |
|in_elem_data_29_V_read  |  in |   20|   ap_none  |                        in_elem_data_29_V_read                       |    scalar    |
|in_elem_data_30_V_read  |  in |   20|   ap_none  |                        in_elem_data_30_V_read                       |    scalar    |
|in_elem_data_31_V_read  |  in |   20|   ap_none  |                        in_elem_data_31_V_read                       |    scalar    |
|data_window_0_V_read    |  in |   16|   ap_none  |                         data_window_0_V_read                        |    scalar    |
|data_window_1_V_read    |  in |   16|   ap_none  |                         data_window_1_V_read                        |    scalar    |
|data_window_2_V_read    |  in |   16|   ap_none  |                         data_window_2_V_read                        |    scalar    |
|data_window_3_V_read    |  in |   16|   ap_none  |                         data_window_3_V_read                        |    scalar    |
|data_window_4_V_read    |  in |   16|   ap_none  |                         data_window_4_V_read                        |    scalar    |
|data_window_5_V_read    |  in |   16|   ap_none  |                         data_window_5_V_read                        |    scalar    |
|data_window_6_V_read    |  in |   16|   ap_none  |                         data_window_6_V_read                        |    scalar    |
|data_window_7_V_read    |  in |   16|   ap_none  |                         data_window_7_V_read                        |    scalar    |
|data_window_8_V_read    |  in |   16|   ap_none  |                         data_window_8_V_read                        |    scalar    |
|data_window_9_V_read    |  in |   16|   ap_none  |                         data_window_9_V_read                        |    scalar    |
|data_window_10_V_read   |  in |   16|   ap_none  |                        data_window_10_V_read                        |    scalar    |
|data_window_11_V_read   |  in |   16|   ap_none  |                        data_window_11_V_read                        |    scalar    |
|data_window_12_V_read   |  in |   16|   ap_none  |                        data_window_12_V_read                        |    scalar    |
|data_window_13_V_read   |  in |   16|   ap_none  |                        data_window_13_V_read                        |    scalar    |
|data_window_14_V_read   |  in |   16|   ap_none  |                        data_window_14_V_read                        |    scalar    |
|data_window_15_V_read   |  in |   16|   ap_none  |                        data_window_15_V_read                        |    scalar    |
|data_window_16_V_read   |  in |   16|   ap_none  |                        data_window_16_V_read                        |    scalar    |
|data_window_17_V_read   |  in |   16|   ap_none  |                        data_window_17_V_read                        |    scalar    |
|data_window_18_V_read   |  in |   16|   ap_none  |                        data_window_18_V_read                        |    scalar    |
|data_window_19_V_read   |  in |   16|   ap_none  |                        data_window_19_V_read                        |    scalar    |
|data_window_20_V_read   |  in |   16|   ap_none  |                        data_window_20_V_read                        |    scalar    |
|data_window_21_V_read   |  in |   16|   ap_none  |                        data_window_21_V_read                        |    scalar    |
|data_window_22_V_read   |  in |   16|   ap_none  |                        data_window_22_V_read                        |    scalar    |
|data_window_23_V_read   |  in |   16|   ap_none  |                        data_window_23_V_read                        |    scalar    |
|data_window_24_V_read   |  in |   16|   ap_none  |                        data_window_24_V_read                        |    scalar    |
|data_window_25_V_read   |  in |   16|   ap_none  |                        data_window_25_V_read                        |    scalar    |
|data_window_26_V_read   |  in |   16|   ap_none  |                        data_window_26_V_read                        |    scalar    |
|data_window_27_V_read   |  in |   16|   ap_none  |                        data_window_27_V_read                        |    scalar    |
|data_window_28_V_read   |  in |   16|   ap_none  |                        data_window_28_V_read                        |    scalar    |
|data_window_29_V_read   |  in |   16|   ap_none  |                        data_window_29_V_read                        |    scalar    |
|data_window_30_V_read   |  in |   16|   ap_none  |                        data_window_30_V_read                        |    scalar    |
|data_window_31_V_read   |  in |   16|   ap_none  |                        data_window_31_V_read                        |    scalar    |
+------------------------+-----+-----+------------+---------------------------------------------------------------------+--------------+

