

================================================================
== Vivado HLS Report for 'dense_array_ap_ufixed_32u_array_ap_fixed_22_7_5_3_0_5u_config16_s'
================================================================
* Date:           Tue Dec 10 22:27:53 2024

* Version:        2020.1 (Build 2897737 on Wed May 27 20:21:37 MDT 2020)
* Project:        hls_deepset_pointwisePhi_iostream_prj
* Solution:       solution1
* Product family: virtexuplus
* Target device:  xcvu13p-flga2577-2-e


================================================================
== Performance Estimates
================================================================
+ Timing: 
    * Summary: 
    +--------+---------+----------+------------+
    |  Clock |  Target | Estimated| Uncertainty|
    +--------+---------+----------+------------+
    |ap_clk  | 5.00 ns | 3.817 ns |   0.62 ns  |
    +--------+---------+----------+------------+

+ Latency: 
    * Summary: 
    +---------+---------+-----------+-----------+-----+-----+---------+
    |  Latency (cycles) |   Latency (absolute)  |  Interval | Pipeline|
    |   min   |   max   |    min    |    max    | min | max |   Type  |
    +---------+---------+-----------+-----------+-----+-----+---------+
    |        3|        3| 15.000 ns | 15.000 ns |    3|    3|   none  |
    +---------+---------+-----------+-----------+-----+-----+---------+

    + Detail: 
        * Instance: 
        +-----------------------------------------------------------------------------+------------------------------------------------------------------+---------+---------+----------+----------+-----+-----+----------+
        |                                                                             |                                                                  |  Latency (cycles) |  Latency (absolute) |  Interval | Pipeline |
        |                                   Instance                                  |                              Module                              |   min   |   max   |    min   |    max   | min | max |   Type   |
        +-----------------------------------------------------------------------------+------------------------------------------------------------------+---------+---------+----------+----------+-----+-----+----------+
        |grp_dense_wrapper_ap_ufixed_8_0_4_0_0_ap_fixed_22_7_5_3_0_config16_s_fu_627  |dense_wrapper_ap_ufixed_8_0_4_0_0_ap_fixed_22_7_5_3_0_config16_s  |        1|        1| 5.000 ns | 5.000 ns |    1|    1| function |
        +-----------------------------------------------------------------------------+------------------------------------------------------------------+---------+---------+----------+----------+-----+-----+----------+

        * Loop: 
        N/A



================================================================
== Utilization Estimates
================================================================
* Summary: 
+---------------------+---------+-------+---------+---------+------+
|         Name        | BRAM_18K| DSP48E|    FF   |   LUT   | URAM |
+---------------------+---------+-------+---------+---------+------+
|DSP                  |        -|      -|        -|        -|     -|
|Expression           |        -|      -|        0|        6|     -|
|FIFO                 |        -|      -|        -|        -|     -|
|Instance             |        -|      0|      524|     7176|     -|
|Memory               |        -|      -|        -|        -|     -|
|Multiplexer          |        -|      -|        -|      378|     -|
|Register             |        -|      -|      372|        -|     -|
+---------------------+---------+-------+---------+---------+------+
|Total                |        0|      0|      896|     7560|     0|
+---------------------+---------+-------+---------+---------+------+
|Available SLR        |     1344|   3072|   864000|   432000|   320|
+---------------------+---------+-------+---------+---------+------+
|Utilization SLR (%)  |        0|      0|    ~0   |        1|     0|
+---------------------+---------+-------+---------+---------+------+
|Available            |     5376|  12288|  3456000|  1728000|  1280|
+---------------------+---------+-------+---------+---------+------+
|Utilization (%)      |        0|      0|    ~0   |    ~0   |     0|
+---------------------+---------+-------+---------+---------+------+

+ Detail: 
    * Instance: 
    +-----------------------------------------------------------------------------+------------------------------------------------------------------+---------+-------+-----+------+-----+
    |                                   Instance                                  |                              Module                              | BRAM_18K| DSP48E|  FF |  LUT | URAM|
    +-----------------------------------------------------------------------------+------------------------------------------------------------------+---------+-------+-----+------+-----+
    |grp_dense_wrapper_ap_ufixed_8_0_4_0_0_ap_fixed_22_7_5_3_0_config16_s_fu_627  |dense_wrapper_ap_ufixed_8_0_4_0_0_ap_fixed_22_7_5_3_0_config16_s  |        0|      0|  524|  7176|    0|
    +-----------------------------------------------------------------------------+------------------------------------------------------------------+---------+-------+-----+------+-----+
    |Total                                                                        |                                                                  |        0|      0|  524|  7176|    0|
    +-----------------------------------------------------------------------------+------------------------------------------------------------------+---------+-------+-----+------+-----+

    * DSP48E: 
    N/A

    * Memory: 
    N/A

    * FIFO: 
    N/A

    * Expression: 
    +--------------------------+----------+-------+---+----+------------+------------+
    |       Variable Name      | Operation| DSP48E| FF| LUT| Bitwidth P0| Bitwidth P1|
    +--------------------------+----------+-------+---+----+------------+------------+
    |io_acc_block_signal_op5   |    and   |      0|  0|   2|           1|           1|
    |io_acc_block_signal_op84  |    and   |      0|  0|   2|           1|           1|
    |ap_block_state1           |    or    |      0|  0|   2|           1|           1|
    +--------------------------+----------+-------+---+----+------------+------------+
    |Total                     |          |      0|  0|   6|           3|           3|
    +--------------------------+----------+-------+---+----+------------+------------+

    * Multiplexer: 
    +-------------------------------+----+-----------+-----+-----------+
    |              Name             | LUT| Input Size| Bits| Total Bits|
    +-------------------------------+----+-----------+-----+-----------+
    |ap_NS_fsm                      |  27|          5|    1|          5|
    |ap_done                        |   9|          2|    1|          2|
    |data_stream_V_data_0_V_blk_n   |   9|          2|    1|          2|
    |data_stream_V_data_10_V_blk_n  |   9|          2|    1|          2|
    |data_stream_V_data_11_V_blk_n  |   9|          2|    1|          2|
    |data_stream_V_data_12_V_blk_n  |   9|          2|    1|          2|
    |data_stream_V_data_13_V_blk_n  |   9|          2|    1|          2|
    |data_stream_V_data_14_V_blk_n  |   9|          2|    1|          2|
    |data_stream_V_data_15_V_blk_n  |   9|          2|    1|          2|
    |data_stream_V_data_16_V_blk_n  |   9|          2|    1|          2|
    |data_stream_V_data_17_V_blk_n  |   9|          2|    1|          2|
    |data_stream_V_data_18_V_blk_n  |   9|          2|    1|          2|
    |data_stream_V_data_19_V_blk_n  |   9|          2|    1|          2|
    |data_stream_V_data_1_V_blk_n   |   9|          2|    1|          2|
    |data_stream_V_data_20_V_blk_n  |   9|          2|    1|          2|
    |data_stream_V_data_21_V_blk_n  |   9|          2|    1|          2|
    |data_stream_V_data_22_V_blk_n  |   9|          2|    1|          2|
    |data_stream_V_data_23_V_blk_n  |   9|          2|    1|          2|
    |data_stream_V_data_24_V_blk_n  |   9|          2|    1|          2|
    |data_stream_V_data_25_V_blk_n  |   9|          2|    1|          2|
    |data_stream_V_data_26_V_blk_n  |   9|          2|    1|          2|
    |data_stream_V_data_27_V_blk_n  |   9|          2|    1|          2|
    |data_stream_V_data_28_V_blk_n  |   9|          2|    1|          2|
    |data_stream_V_data_29_V_blk_n  |   9|          2|    1|          2|
    |data_stream_V_data_2_V_blk_n   |   9|          2|    1|          2|
    |data_stream_V_data_30_V_blk_n  |   9|          2|    1|          2|
    |data_stream_V_data_31_V_blk_n  |   9|          2|    1|          2|
    |data_stream_V_data_3_V_blk_n   |   9|          2|    1|          2|
    |data_stream_V_data_4_V_blk_n   |   9|          2|    1|          2|
    |data_stream_V_data_5_V_blk_n   |   9|          2|    1|          2|
    |data_stream_V_data_6_V_blk_n   |   9|          2|    1|          2|
    |data_stream_V_data_7_V_blk_n   |   9|          2|    1|          2|
    |data_stream_V_data_8_V_blk_n   |   9|          2|    1|          2|
    |data_stream_V_data_9_V_blk_n   |   9|          2|    1|          2|
    |real_start                     |   9|          2|    1|          2|
    |res_stream_V_data_0_V_blk_n    |   9|          2|    1|          2|
    |res_stream_V_data_1_V_blk_n    |   9|          2|    1|          2|
    |res_stream_V_data_2_V_blk_n    |   9|          2|    1|          2|
    |res_stream_V_data_3_V_blk_n    |   9|          2|    1|          2|
    |res_stream_V_data_4_V_blk_n    |   9|          2|    1|          2|
    +-------------------------------+----+-----------+-----+-----------+
    |Total                          | 378|         83|   40|         83|
    +-------------------------------+----+-----------+-----+-----------+

    * Register: 
    +----------------------+----+----+-----+-----------+
    |         Name         | FF | LUT| Bits| Const Bits|
    +----------------------+----+----+-----+-----------+
    |ap_CS_fsm             |   4|   0|    4|          0|
    |ap_done_reg           |   1|   0|    1|          0|
    |data_0_V_reg_811      |   8|   0|    8|          0|
    |data_10_V_reg_861     |   8|   0|    8|          0|
    |data_11_V_reg_866     |   8|   0|    8|          0|
    |data_12_V_reg_871     |   8|   0|    8|          0|
    |data_13_V_reg_876     |   8|   0|    8|          0|
    |data_14_V_reg_881     |   8|   0|    8|          0|
    |data_15_V_reg_886     |   8|   0|    8|          0|
    |data_16_V_reg_891     |   8|   0|    8|          0|
    |data_17_V_reg_896     |   8|   0|    8|          0|
    |data_18_V_reg_901     |   8|   0|    8|          0|
    |data_19_V_reg_906     |   8|   0|    8|          0|
    |data_1_V_reg_816      |   8|   0|    8|          0|
    |data_20_V_reg_911     |   8|   0|    8|          0|
    |data_21_V_reg_916     |   8|   0|    8|          0|
    |data_22_V_reg_921     |   8|   0|    8|          0|
    |data_23_V_reg_926     |   8|   0|    8|          0|
    |data_24_V_reg_931     |   8|   0|    8|          0|
    |data_25_V_reg_936     |   8|   0|    8|          0|
    |data_26_V_reg_941     |   8|   0|    8|          0|
    |data_27_V_reg_946     |   8|   0|    8|          0|
    |data_28_V_reg_951     |   8|   0|    8|          0|
    |data_29_V_reg_956     |   8|   0|    8|          0|
    |data_2_V_reg_821      |   8|   0|    8|          0|
    |data_30_V_reg_961     |   8|   0|    8|          0|
    |data_31_V_reg_966     |   8|   0|    8|          0|
    |data_3_V_reg_826      |   8|   0|    8|          0|
    |data_4_V_reg_831      |   8|   0|    8|          0|
    |data_5_V_reg_836      |   8|   0|    8|          0|
    |data_6_V_reg_841      |   8|   0|    8|          0|
    |data_7_V_reg_846      |   8|   0|    8|          0|
    |data_8_V_reg_851      |   8|   0|    8|          0|
    |data_9_V_reg_856      |   8|   0|    8|          0|
    |start_once_reg        |   1|   0|    1|          0|
    |tmp_data_0_V_reg_971  |  22|   0|   22|          0|
    |tmp_data_1_V_reg_976  |  22|   0|   22|          0|
    |tmp_data_2_V_reg_981  |  22|   0|   22|          0|
    |tmp_data_3_V_reg_986  |  22|   0|   22|          0|
    |tmp_data_4_V_reg_991  |  22|   0|   22|          0|
    +----------------------+----+----+-----+-----------+
    |Total                 | 372|   0|  372|          0|
    +----------------------+----+----+-----+-----------+



================================================================
== Interface
================================================================
* Summary: 
+---------------------------------+-----+-----+------------+---------------------------------------------------------------------+--------------+
|            RTL Ports            | Dir | Bits|  Protocol  |                            Source Object                            |    C Type    |
+---------------------------------+-----+-----+------------+---------------------------------------------------------------------+--------------+
|ap_clk                           |  in |    1| ap_ctrl_hs | dense<array<ap_ufixed,32u>,array<ap_fixed<22,7,5,3,0>,5u>,config16> | return value |
|ap_rst                           |  in |    1| ap_ctrl_hs | dense<array<ap_ufixed,32u>,array<ap_fixed<22,7,5,3,0>,5u>,config16> | return value |
|ap_start                         |  in |    1| ap_ctrl_hs | dense<array<ap_ufixed,32u>,array<ap_fixed<22,7,5,3,0>,5u>,config16> | return value |
|start_full_n                     |  in |    1| ap_ctrl_hs | dense<array<ap_ufixed,32u>,array<ap_fixed<22,7,5,3,0>,5u>,config16> | return value |
|ap_done                          | out |    1| ap_ctrl_hs | dense<array<ap_ufixed,32u>,array<ap_fixed<22,7,5,3,0>,5u>,config16> | return value |
|ap_continue                      |  in |    1| ap_ctrl_hs | dense<array<ap_ufixed,32u>,array<ap_fixed<22,7,5,3,0>,5u>,config16> | return value |
|ap_idle                          | out |    1| ap_ctrl_hs | dense<array<ap_ufixed,32u>,array<ap_fixed<22,7,5,3,0>,5u>,config16> | return value |
|ap_ready                         | out |    1| ap_ctrl_hs | dense<array<ap_ufixed,32u>,array<ap_fixed<22,7,5,3,0>,5u>,config16> | return value |
|start_out                        | out |    1| ap_ctrl_hs | dense<array<ap_ufixed,32u>,array<ap_fixed<22,7,5,3,0>,5u>,config16> | return value |
|start_write                      | out |    1| ap_ctrl_hs | dense<array<ap_ufixed,32u>,array<ap_fixed<22,7,5,3,0>,5u>,config16> | return value |
|data_stream_V_data_0_V_dout      |  in |    8|   ap_fifo  |                        data_stream_V_data_0_V                       |    pointer   |
|data_stream_V_data_0_V_empty_n   |  in |    1|   ap_fifo  |                        data_stream_V_data_0_V                       |    pointer   |
|data_stream_V_data_0_V_read      | out |    1|   ap_fifo  |                        data_stream_V_data_0_V                       |    pointer   |
|data_stream_V_data_1_V_dout      |  in |    8|   ap_fifo  |                        data_stream_V_data_1_V                       |    pointer   |
|data_stream_V_data_1_V_empty_n   |  in |    1|   ap_fifo  |                        data_stream_V_data_1_V                       |    pointer   |
|data_stream_V_data_1_V_read      | out |    1|   ap_fifo  |                        data_stream_V_data_1_V                       |    pointer   |
|data_stream_V_data_2_V_dout      |  in |    8|   ap_fifo  |                        data_stream_V_data_2_V                       |    pointer   |
|data_stream_V_data_2_V_empty_n   |  in |    1|   ap_fifo  |                        data_stream_V_data_2_V                       |    pointer   |
|data_stream_V_data_2_V_read      | out |    1|   ap_fifo  |                        data_stream_V_data_2_V                       |    pointer   |
|data_stream_V_data_3_V_dout      |  in |    8|   ap_fifo  |                        data_stream_V_data_3_V                       |    pointer   |
|data_stream_V_data_3_V_empty_n   |  in |    1|   ap_fifo  |                        data_stream_V_data_3_V                       |    pointer   |
|data_stream_V_data_3_V_read      | out |    1|   ap_fifo  |                        data_stream_V_data_3_V                       |    pointer   |
|data_stream_V_data_4_V_dout      |  in |    8|   ap_fifo  |                        data_stream_V_data_4_V                       |    pointer   |
|data_stream_V_data_4_V_empty_n   |  in |    1|   ap_fifo  |                        data_stream_V_data_4_V                       |    pointer   |
|data_stream_V_data_4_V_read      | out |    1|   ap_fifo  |                        data_stream_V_data_4_V                       |    pointer   |
|data_stream_V_data_5_V_dout      |  in |    8|   ap_fifo  |                        data_stream_V_data_5_V                       |    pointer   |
|data_stream_V_data_5_V_empty_n   |  in |    1|   ap_fifo  |                        data_stream_V_data_5_V                       |    pointer   |
|data_stream_V_data_5_V_read      | out |    1|   ap_fifo  |                        data_stream_V_data_5_V                       |    pointer   |
|data_stream_V_data_6_V_dout      |  in |    8|   ap_fifo  |                        data_stream_V_data_6_V                       |    pointer   |
|data_stream_V_data_6_V_empty_n   |  in |    1|   ap_fifo  |                        data_stream_V_data_6_V                       |    pointer   |
|data_stream_V_data_6_V_read      | out |    1|   ap_fifo  |                        data_stream_V_data_6_V                       |    pointer   |
|data_stream_V_data_7_V_dout      |  in |    8|   ap_fifo  |                        data_stream_V_data_7_V                       |    pointer   |
|data_stream_V_data_7_V_empty_n   |  in |    1|   ap_fifo  |                        data_stream_V_data_7_V                       |    pointer   |
|data_stream_V_data_7_V_read      | out |    1|   ap_fifo  |                        data_stream_V_data_7_V                       |    pointer   |
|data_stream_V_data_8_V_dout      |  in |    8|   ap_fifo  |                        data_stream_V_data_8_V                       |    pointer   |
|data_stream_V_data_8_V_empty_n   |  in |    1|   ap_fifo  |                        data_stream_V_data_8_V                       |    pointer   |
|data_stream_V_data_8_V_read      | out |    1|   ap_fifo  |                        data_stream_V_data_8_V                       |    pointer   |
|data_stream_V_data_9_V_dout      |  in |    8|   ap_fifo  |                        data_stream_V_data_9_V                       |    pointer   |
|data_stream_V_data_9_V_empty_n   |  in |    1|   ap_fifo  |                        data_stream_V_data_9_V                       |    pointer   |
|data_stream_V_data_9_V_read      | out |    1|   ap_fifo  |                        data_stream_V_data_9_V                       |    pointer   |
|data_stream_V_data_10_V_dout     |  in |    8|   ap_fifo  |                       data_stream_V_data_10_V                       |    pointer   |
|data_stream_V_data_10_V_empty_n  |  in |    1|   ap_fifo  |                       data_stream_V_data_10_V                       |    pointer   |
|data_stream_V_data_10_V_read     | out |    1|   ap_fifo  |                       data_stream_V_data_10_V                       |    pointer   |
|data_stream_V_data_11_V_dout     |  in |    8|   ap_fifo  |                       data_stream_V_data_11_V                       |    pointer   |
|data_stream_V_data_11_V_empty_n  |  in |    1|   ap_fifo  |                       data_stream_V_data_11_V                       |    pointer   |
|data_stream_V_data_11_V_read     | out |    1|   ap_fifo  |                       data_stream_V_data_11_V                       |    pointer   |
|data_stream_V_data_12_V_dout     |  in |    8|   ap_fifo  |                       data_stream_V_data_12_V                       |    pointer   |
|data_stream_V_data_12_V_empty_n  |  in |    1|   ap_fifo  |                       data_stream_V_data_12_V                       |    pointer   |
|data_stream_V_data_12_V_read     | out |    1|   ap_fifo  |                       data_stream_V_data_12_V                       |    pointer   |
|data_stream_V_data_13_V_dout     |  in |    8|   ap_fifo  |                       data_stream_V_data_13_V                       |    pointer   |
|data_stream_V_data_13_V_empty_n  |  in |    1|   ap_fifo  |                       data_stream_V_data_13_V                       |    pointer   |
|data_stream_V_data_13_V_read     | out |    1|   ap_fifo  |                       data_stream_V_data_13_V                       |    pointer   |
|data_stream_V_data_14_V_dout     |  in |    8|   ap_fifo  |                       data_stream_V_data_14_V                       |    pointer   |
|data_stream_V_data_14_V_empty_n  |  in |    1|   ap_fifo  |                       data_stream_V_data_14_V                       |    pointer   |
|data_stream_V_data_14_V_read     | out |    1|   ap_fifo  |                       data_stream_V_data_14_V                       |    pointer   |
|data_stream_V_data_15_V_dout     |  in |    8|   ap_fifo  |                       data_stream_V_data_15_V                       |    pointer   |
|data_stream_V_data_15_V_empty_n  |  in |    1|   ap_fifo  |                       data_stream_V_data_15_V                       |    pointer   |
|data_stream_V_data_15_V_read     | out |    1|   ap_fifo  |                       data_stream_V_data_15_V                       |    pointer   |
|data_stream_V_data_16_V_dout     |  in |    8|   ap_fifo  |                       data_stream_V_data_16_V                       |    pointer   |
|data_stream_V_data_16_V_empty_n  |  in |    1|   ap_fifo  |                       data_stream_V_data_16_V                       |    pointer   |
|data_stream_V_data_16_V_read     | out |    1|   ap_fifo  |                       data_stream_V_data_16_V                       |    pointer   |
|data_stream_V_data_17_V_dout     |  in |    8|   ap_fifo  |                       data_stream_V_data_17_V                       |    pointer   |
|data_stream_V_data_17_V_empty_n  |  in |    1|   ap_fifo  |                       data_stream_V_data_17_V                       |    pointer   |
|data_stream_V_data_17_V_read     | out |    1|   ap_fifo  |                       data_stream_V_data_17_V                       |    pointer   |
|data_stream_V_data_18_V_dout     |  in |    8|   ap_fifo  |                       data_stream_V_data_18_V                       |    pointer   |
|data_stream_V_data_18_V_empty_n  |  in |    1|   ap_fifo  |                       data_stream_V_data_18_V                       |    pointer   |
|data_stream_V_data_18_V_read     | out |    1|   ap_fifo  |                       data_stream_V_data_18_V                       |    pointer   |
|data_stream_V_data_19_V_dout     |  in |    8|   ap_fifo  |                       data_stream_V_data_19_V                       |    pointer   |
|data_stream_V_data_19_V_empty_n  |  in |    1|   ap_fifo  |                       data_stream_V_data_19_V                       |    pointer   |
|data_stream_V_data_19_V_read     | out |    1|   ap_fifo  |                       data_stream_V_data_19_V                       |    pointer   |
|data_stream_V_data_20_V_dout     |  in |    8|   ap_fifo  |                       data_stream_V_data_20_V                       |    pointer   |
|data_stream_V_data_20_V_empty_n  |  in |    1|   ap_fifo  |                       data_stream_V_data_20_V                       |    pointer   |
|data_stream_V_data_20_V_read     | out |    1|   ap_fifo  |                       data_stream_V_data_20_V                       |    pointer   |
|data_stream_V_data_21_V_dout     |  in |    8|   ap_fifo  |                       data_stream_V_data_21_V                       |    pointer   |
|data_stream_V_data_21_V_empty_n  |  in |    1|   ap_fifo  |                       data_stream_V_data_21_V                       |    pointer   |
|data_stream_V_data_21_V_read     | out |    1|   ap_fifo  |                       data_stream_V_data_21_V                       |    pointer   |
|data_stream_V_data_22_V_dout     |  in |    8|   ap_fifo  |                       data_stream_V_data_22_V                       |    pointer   |
|data_stream_V_data_22_V_empty_n  |  in |    1|   ap_fifo  |                       data_stream_V_data_22_V                       |    pointer   |
|data_stream_V_data_22_V_read     | out |    1|   ap_fifo  |                       data_stream_V_data_22_V                       |    pointer   |
|data_stream_V_data_23_V_dout     |  in |    8|   ap_fifo  |                       data_stream_V_data_23_V                       |    pointer   |
|data_stream_V_data_23_V_empty_n  |  in |    1|   ap_fifo  |                       data_stream_V_data_23_V                       |    pointer   |
|data_stream_V_data_23_V_read     | out |    1|   ap_fifo  |                       data_stream_V_data_23_V                       |    pointer   |
|data_stream_V_data_24_V_dout     |  in |    8|   ap_fifo  |                       data_stream_V_data_24_V                       |    pointer   |
|data_stream_V_data_24_V_empty_n  |  in |    1|   ap_fifo  |                       data_stream_V_data_24_V                       |    pointer   |
|data_stream_V_data_24_V_read     | out |    1|   ap_fifo  |                       data_stream_V_data_24_V                       |    pointer   |
|data_stream_V_data_25_V_dout     |  in |    8|   ap_fifo  |                       data_stream_V_data_25_V                       |    pointer   |
|data_stream_V_data_25_V_empty_n  |  in |    1|   ap_fifo  |                       data_stream_V_data_25_V                       |    pointer   |
|data_stream_V_data_25_V_read     | out |    1|   ap_fifo  |                       data_stream_V_data_25_V                       |    pointer   |
|data_stream_V_data_26_V_dout     |  in |    8|   ap_fifo  |                       data_stream_V_data_26_V                       |    pointer   |
|data_stream_V_data_26_V_empty_n  |  in |    1|   ap_fifo  |                       data_stream_V_data_26_V                       |    pointer   |
|data_stream_V_data_26_V_read     | out |    1|   ap_fifo  |                       data_stream_V_data_26_V                       |    pointer   |
|data_stream_V_data_27_V_dout     |  in |    8|   ap_fifo  |                       data_stream_V_data_27_V                       |    pointer   |
|data_stream_V_data_27_V_empty_n  |  in |    1|   ap_fifo  |                       data_stream_V_data_27_V                       |    pointer   |
|data_stream_V_data_27_V_read     | out |    1|   ap_fifo  |                       data_stream_V_data_27_V                       |    pointer   |
|data_stream_V_data_28_V_dout     |  in |    8|   ap_fifo  |                       data_stream_V_data_28_V                       |    pointer   |
|data_stream_V_data_28_V_empty_n  |  in |    1|   ap_fifo  |                       data_stream_V_data_28_V                       |    pointer   |
|data_stream_V_data_28_V_read     | out |    1|   ap_fifo  |                       data_stream_V_data_28_V                       |    pointer   |
|data_stream_V_data_29_V_dout     |  in |    8|   ap_fifo  |                       data_stream_V_data_29_V                       |    pointer   |
|data_stream_V_data_29_V_empty_n  |  in |    1|   ap_fifo  |                       data_stream_V_data_29_V                       |    pointer   |
|data_stream_V_data_29_V_read     | out |    1|   ap_fifo  |                       data_stream_V_data_29_V                       |    pointer   |
|data_stream_V_data_30_V_dout     |  in |    8|   ap_fifo  |                       data_stream_V_data_30_V                       |    pointer   |
|data_stream_V_data_30_V_empty_n  |  in |    1|   ap_fifo  |                       data_stream_V_data_30_V                       |    pointer   |
|data_stream_V_data_30_V_read     | out |    1|   ap_fifo  |                       data_stream_V_data_30_V                       |    pointer   |
|data_stream_V_data_31_V_dout     |  in |    8|   ap_fifo  |                       data_stream_V_data_31_V                       |    pointer   |
|data_stream_V_data_31_V_empty_n  |  in |    1|   ap_fifo  |                       data_stream_V_data_31_V                       |    pointer   |
|data_stream_V_data_31_V_read     | out |    1|   ap_fifo  |                       data_stream_V_data_31_V                       |    pointer   |
|res_stream_V_data_0_V_din        | out |   22|   ap_fifo  |                        res_stream_V_data_0_V                        |    pointer   |
|res_stream_V_data_0_V_full_n     |  in |    1|   ap_fifo  |                        res_stream_V_data_0_V                        |    pointer   |
|res_stream_V_data_0_V_write      | out |    1|   ap_fifo  |                        res_stream_V_data_0_V                        |    pointer   |
|res_stream_V_data_1_V_din        | out |   22|   ap_fifo  |                        res_stream_V_data_1_V                        |    pointer   |
|res_stream_V_data_1_V_full_n     |  in |    1|   ap_fifo  |                        res_stream_V_data_1_V                        |    pointer   |
|res_stream_V_data_1_V_write      | out |    1|   ap_fifo  |                        res_stream_V_data_1_V                        |    pointer   |
|res_stream_V_data_2_V_din        | out |   22|   ap_fifo  |                        res_stream_V_data_2_V                        |    pointer   |
|res_stream_V_data_2_V_full_n     |  in |    1|   ap_fifo  |                        res_stream_V_data_2_V                        |    pointer   |
|res_stream_V_data_2_V_write      | out |    1|   ap_fifo  |                        res_stream_V_data_2_V                        |    pointer   |
|res_stream_V_data_3_V_din        | out |   22|   ap_fifo  |                        res_stream_V_data_3_V                        |    pointer   |
|res_stream_V_data_3_V_full_n     |  in |    1|   ap_fifo  |                        res_stream_V_data_3_V                        |    pointer   |
|res_stream_V_data_3_V_write      | out |    1|   ap_fifo  |                        res_stream_V_data_3_V                        |    pointer   |
|res_stream_V_data_4_V_din        | out |   22|   ap_fifo  |                        res_stream_V_data_4_V                        |    pointer   |
|res_stream_V_data_4_V_full_n     |  in |    1|   ap_fifo  |                        res_stream_V_data_4_V                        |    pointer   |
|res_stream_V_data_4_V_write      | out |    1|   ap_fifo  |                        res_stream_V_data_4_V                        |    pointer   |
+---------------------------------+-----+-----+------------+---------------------------------------------------------------------+--------------+

