

================================================================
== Vivado HLS Report for 'global_pooling1d_cl_array_array_ap_fixed_16_6_5_3_0_32u_config12_s'
================================================================
* Date:           Tue Dec 10 22:27:00 2024

* Version:        2020.1 (Build 2897737 on Wed May 27 20:21:37 MDT 2020)
* Project:        hls_deepset_pointwisePhi_iostream_prj
* Solution:       solution1
* Product family: virtexuplus
* Target device:  xcvu13p-flga2577-2-e


================================================================
== Performance Estimates
================================================================
+ Timing: 
    * Summary: 
    +--------+---------+----------+------------+
    |  Clock |  Target | Estimated| Uncertainty|
    +--------+---------+----------+------------+
    |ap_clk  | 5.00 ns | 3.701 ns |   0.62 ns  |
    +--------+---------+----------+------------+

+ Latency: 
    * Summary: 
    +---------+---------+-----------+-----------+-----+-----+----------+
    |  Latency (cycles) |   Latency (absolute)  |  Interval | Pipeline |
    |   min   |   max   |    min    |    max    | min | max |   Type   |
    +---------+---------+-----------+-----------+-----+-----+----------+
    |       15|       15| 75.000 ns | 75.000 ns |   16|   16| function |
    +---------+---------+-----------+-----------+-----+-----+----------+

    + Detail: 
        * Instance: 
        +--------------------------------------------------------------------------------+--------------------------------------------------------------------+---------+---------+----------+----------+-----+-----+----------+
        |                                                                                |                                                                    |  Latency (cycles) |  Latency (absolute) |  Interval | Pipeline |
        |                                    Instance                                    |                               Module                               |   min   |   max   |    min   |    max   | min | max |   Type   |
        +--------------------------------------------------------------------------------+--------------------------------------------------------------------+---------+---------+----------+----------+-----+-----+----------+
        |grp_compute_global_pool_array_array_ap_fixed_16_6_5_3_0_32u_config12_s_fu_1104  |compute_global_pool_array_array_ap_fixed_16_6_5_3_0_32u_config12_s  |        0|        0|   0 ns   |   0 ns   |    1|    1| function |
        +--------------------------------------------------------------------------------+--------------------------------------------------------------------+---------+---------+----------+----------+-----+-----+----------+

        * Loop: 
        N/A



================================================================
== Utilization Estimates
================================================================
* Summary: 
+---------------------+---------+-------+---------+---------+------+
|         Name        | BRAM_18K| DSP48E|    FF   |   LUT   | URAM |
+---------------------+---------+-------+---------+---------+------+
|DSP                  |        -|      -|        -|        -|     -|
|Expression           |        -|      -|        0|        8|     -|
|FIFO                 |        -|      -|        -|        -|     -|
|Instance             |        -|      -|        0|      736|     -|
|Memory               |        -|      -|        -|        -|     -|
|Multiplexer          |        -|      -|        -|     1159|     -|
|Register             |        -|      -|      530|        -|     -|
+---------------------+---------+-------+---------+---------+------+
|Total                |        0|      0|      530|     1903|     0|
+---------------------+---------+-------+---------+---------+------+
|Available SLR        |     1344|   3072|   864000|   432000|   320|
+---------------------+---------+-------+---------+---------+------+
|Utilization SLR (%)  |        0|      0|    ~0   |    ~0   |     0|
+---------------------+---------+-------+---------+---------+------+
|Available            |     5376|  12288|  3456000|  1728000|  1280|
+---------------------+---------+-------+---------+---------+------+
|Utilization (%)      |        0|      0|    ~0   |    ~0   |     0|
+---------------------+---------+-------+---------+---------+------+

+ Detail: 
    * Instance: 
    +--------------------------------------------------------------------------------+--------------------------------------------------------------------+---------+-------+---+-----+-----+
    |                                    Instance                                    |                               Module                               | BRAM_18K| DSP48E| FF| LUT | URAM|
    +--------------------------------------------------------------------------------+--------------------------------------------------------------------+---------+-------+---+-----+-----+
    |grp_compute_global_pool_array_array_ap_fixed_16_6_5_3_0_32u_config12_s_fu_1104  |compute_global_pool_array_array_ap_fixed_16_6_5_3_0_32u_config12_s  |        0|      0|  0|  736|    0|
    +--------------------------------------------------------------------------------+--------------------------------------------------------------------+---------+-------+---+-----+-----+
    |Total                                                                           |                                                                    |        0|      0|  0|  736|    0|
    +--------------------------------------------------------------------------------+--------------------------------------------------------------------+---------+-------+---+-----+-----+

    * DSP48E: 
    N/A

    * Memory: 
    N/A

    * FIFO: 
    N/A

    * Expression: 
    +----------------------------+----------+-------+---+----+------------+------------+
    |        Variable Name       | Operation| DSP48E| FF| LUT| Bitwidth P0| Bitwidth P1|
    +----------------------------+----------+-------+---+----+------------+------------+
    |io_acc_block_signal_op1071  |    and   |      0|  0|   2|           1|           1|
    |io_acc_block_signal_op1204  |    and   |      0|  0|   2|           1|           1|
    |ap_block_state1             |    or    |      0|  0|   2|           1|           1|
    |ap_block_state16            |    or    |      0|  0|   2|           1|           1|
    +----------------------------+----------+-------+---+----+------------+------------+
    |Total                       |          |      0|  0|   8|           4|           4|
    +----------------------------+----------+-------+---+----+------------+------------+

    * Multiplexer: 
    +------------------------------------------------------------------------------------------------------+----+-----------+-----+-----------+
    |                                                 Name                                                 | LUT| Input Size| Bits| Total Bits|
    +------------------------------------------------------------------------------------------------------+----+-----------+-----+-----------+
    |ap_NS_fsm                                                                                             |  85|         17|    1|         17|
    |ap_done                                                                                               |   9|          2|    1|          2|
    |data_V_data_0_V_blk_n                                                                                 |   9|          2|    1|          2|
    |data_V_data_10_V_blk_n                                                                                |   9|          2|    1|          2|
    |data_V_data_11_V_blk_n                                                                                |   9|          2|    1|          2|
    |data_V_data_12_V_blk_n                                                                                |   9|          2|    1|          2|
    |data_V_data_13_V_blk_n                                                                                |   9|          2|    1|          2|
    |data_V_data_14_V_blk_n                                                                                |   9|          2|    1|          2|
    |data_V_data_15_V_blk_n                                                                                |   9|          2|    1|          2|
    |data_V_data_16_V_blk_n                                                                                |   9|          2|    1|          2|
    |data_V_data_17_V_blk_n                                                                                |   9|          2|    1|          2|
    |data_V_data_18_V_blk_n                                                                                |   9|          2|    1|          2|
    |data_V_data_19_V_blk_n                                                                                |   9|          2|    1|          2|
    |data_V_data_1_V_blk_n                                                                                 |   9|          2|    1|          2|
    |data_V_data_20_V_blk_n                                                                                |   9|          2|    1|          2|
    |data_V_data_21_V_blk_n                                                                                |   9|          2|    1|          2|
    |data_V_data_22_V_blk_n                                                                                |   9|          2|    1|          2|
    |data_V_data_23_V_blk_n                                                                                |   9|          2|    1|          2|
    |data_V_data_24_V_blk_n                                                                                |   9|          2|    1|          2|
    |data_V_data_25_V_blk_n                                                                                |   9|          2|    1|          2|
    |data_V_data_26_V_blk_n                                                                                |   9|          2|    1|          2|
    |data_V_data_27_V_blk_n                                                                                |   9|          2|    1|          2|
    |data_V_data_28_V_blk_n                                                                                |   9|          2|    1|          2|
    |data_V_data_29_V_blk_n                                                                                |   9|          2|    1|          2|
    |data_V_data_2_V_blk_n                                                                                 |   9|          2|    1|          2|
    |data_V_data_30_V_blk_n                                                                                |   9|          2|    1|          2|
    |data_V_data_31_V_blk_n                                                                                |   9|          2|    1|          2|
    |data_V_data_3_V_blk_n                                                                                 |   9|          2|    1|          2|
    |data_V_data_4_V_blk_n                                                                                 |   9|          2|    1|          2|
    |data_V_data_5_V_blk_n                                                                                 |   9|          2|    1|          2|
    |data_V_data_6_V_blk_n                                                                                 |   9|          2|    1|          2|
    |data_V_data_7_V_blk_n                                                                                 |   9|          2|    1|          2|
    |data_V_data_8_V_blk_n                                                                                 |   9|          2|    1|          2|
    |data_V_data_9_V_blk_n                                                                                 |   9|          2|    1|          2|
    |grp_compute_global_pool_array_array_ap_fixed_16_6_5_3_0_32u_config12_s_fu_1104_data_window_0_V_read   |  15|          3|   16|         48|
    |grp_compute_global_pool_array_array_ap_fixed_16_6_5_3_0_32u_config12_s_fu_1104_data_window_10_V_read  |  15|          3|   16|         48|
    |grp_compute_global_pool_array_array_ap_fixed_16_6_5_3_0_32u_config12_s_fu_1104_data_window_11_V_read  |  15|          3|   16|         48|
    |grp_compute_global_pool_array_array_ap_fixed_16_6_5_3_0_32u_config12_s_fu_1104_data_window_12_V_read  |  15|          3|   16|         48|
    |grp_compute_global_pool_array_array_ap_fixed_16_6_5_3_0_32u_config12_s_fu_1104_data_window_13_V_read  |  15|          3|   16|         48|
    |grp_compute_global_pool_array_array_ap_fixed_16_6_5_3_0_32u_config12_s_fu_1104_data_window_14_V_read  |  15|          3|   16|         48|
    |grp_compute_global_pool_array_array_ap_fixed_16_6_5_3_0_32u_config12_s_fu_1104_data_window_15_V_read  |  15|          3|   16|         48|
    |grp_compute_global_pool_array_array_ap_fixed_16_6_5_3_0_32u_config12_s_fu_1104_data_window_16_V_read  |  15|          3|   16|         48|
    |grp_compute_global_pool_array_array_ap_fixed_16_6_5_3_0_32u_config12_s_fu_1104_data_window_17_V_read  |  15|          3|   16|         48|
    |grp_compute_global_pool_array_array_ap_fixed_16_6_5_3_0_32u_config12_s_fu_1104_data_window_18_V_read  |  15|          3|   16|         48|
    |grp_compute_global_pool_array_array_ap_fixed_16_6_5_3_0_32u_config12_s_fu_1104_data_window_19_V_read  |  15|          3|   16|         48|
    |grp_compute_global_pool_array_array_ap_fixed_16_6_5_3_0_32u_config12_s_fu_1104_data_window_1_V_read   |  15|          3|   16|         48|
    |grp_compute_global_pool_array_array_ap_fixed_16_6_5_3_0_32u_config12_s_fu_1104_data_window_20_V_read  |  15|          3|   16|         48|
    |grp_compute_global_pool_array_array_ap_fixed_16_6_5_3_0_32u_config12_s_fu_1104_data_window_21_V_read  |  15|          3|   16|         48|
    |grp_compute_global_pool_array_array_ap_fixed_16_6_5_3_0_32u_config12_s_fu_1104_data_window_22_V_read  |  15|          3|   16|         48|
    |grp_compute_global_pool_array_array_ap_fixed_16_6_5_3_0_32u_config12_s_fu_1104_data_window_23_V_read  |  15|          3|   16|         48|
    |grp_compute_global_pool_array_array_ap_fixed_16_6_5_3_0_32u_config12_s_fu_1104_data_window_24_V_read  |  15|          3|   16|         48|
    |grp_compute_global_pool_array_array_ap_fixed_16_6_5_3_0_32u_config12_s_fu_1104_data_window_25_V_read  |  15|          3|   16|         48|
    |grp_compute_global_pool_array_array_ap_fixed_16_6_5_3_0_32u_config12_s_fu_1104_data_window_26_V_read  |  15|          3|   16|         48|
    |grp_compute_global_pool_array_array_ap_fixed_16_6_5_3_0_32u_config12_s_fu_1104_data_window_27_V_read  |  15|          3|   16|         48|
    |grp_compute_global_pool_array_array_ap_fixed_16_6_5_3_0_32u_config12_s_fu_1104_data_window_28_V_read  |  15|          3|   16|         48|
    |grp_compute_global_pool_array_array_ap_fixed_16_6_5_3_0_32u_config12_s_fu_1104_data_window_29_V_read  |  15|          3|   16|         48|
    |grp_compute_global_pool_array_array_ap_fixed_16_6_5_3_0_32u_config12_s_fu_1104_data_window_2_V_read   |  15|          3|   16|         48|
    |grp_compute_global_pool_array_array_ap_fixed_16_6_5_3_0_32u_config12_s_fu_1104_data_window_30_V_read  |  15|          3|   16|         48|
    |grp_compute_global_pool_array_array_ap_fixed_16_6_5_3_0_32u_config12_s_fu_1104_data_window_31_V_read  |  15|          3|   16|         48|
    |grp_compute_global_pool_array_array_ap_fixed_16_6_5_3_0_32u_config12_s_fu_1104_data_window_3_V_read   |  15|          3|   16|         48|
    |grp_compute_global_pool_array_array_ap_fixed_16_6_5_3_0_32u_config12_s_fu_1104_data_window_4_V_read   |  15|          3|   16|         48|
    |grp_compute_global_pool_array_array_ap_fixed_16_6_5_3_0_32u_config12_s_fu_1104_data_window_5_V_read   |  15|          3|   16|         48|
    |grp_compute_global_pool_array_array_ap_fixed_16_6_5_3_0_32u_config12_s_fu_1104_data_window_6_V_read   |  15|          3|   16|         48|
    |grp_compute_global_pool_array_array_ap_fixed_16_6_5_3_0_32u_config12_s_fu_1104_data_window_7_V_read   |  15|          3|   16|         48|
    |grp_compute_global_pool_array_array_ap_fixed_16_6_5_3_0_32u_config12_s_fu_1104_data_window_8_V_read   |  15|          3|   16|         48|
    |grp_compute_global_pool_array_array_ap_fixed_16_6_5_3_0_32u_config12_s_fu_1104_data_window_9_V_read   |  15|          3|   16|         48|
    |real_start                                                                                            |   9|          2|    1|          2|
    |res_V_data_0_V_blk_n                                                                                  |   9|          2|    1|          2|
    |res_V_data_10_V_blk_n                                                                                 |   9|          2|    1|          2|
    |res_V_data_11_V_blk_n                                                                                 |   9|          2|    1|          2|
    |res_V_data_12_V_blk_n                                                                                 |   9|          2|    1|          2|
    |res_V_data_13_V_blk_n                                                                                 |   9|          2|    1|          2|
    |res_V_data_14_V_blk_n                                                                                 |   9|          2|    1|          2|
    |res_V_data_15_V_blk_n                                                                                 |   9|          2|    1|          2|
    |res_V_data_16_V_blk_n                                                                                 |   9|          2|    1|          2|
    |res_V_data_17_V_blk_n                                                                                 |   9|          2|    1|          2|
    |res_V_data_18_V_blk_n                                                                                 |   9|          2|    1|          2|
    |res_V_data_19_V_blk_n                                                                                 |   9|          2|    1|          2|
    |res_V_data_1_V_blk_n                                                                                  |   9|          2|    1|          2|
    |res_V_data_20_V_blk_n                                                                                 |   9|          2|    1|          2|
    |res_V_data_21_V_blk_n                                                                                 |   9|          2|    1|          2|
    |res_V_data_22_V_blk_n                                                                                 |   9|          2|    1|          2|
    |res_V_data_23_V_blk_n                                                                                 |   9|          2|    1|          2|
    |res_V_data_24_V_blk_n                                                                                 |   9|          2|    1|          2|
    |res_V_data_25_V_blk_n                                                                                 |   9|          2|    1|          2|
    |res_V_data_26_V_blk_n                                                                                 |   9|          2|    1|          2|
    |res_V_data_27_V_blk_n                                                                                 |   9|          2|    1|          2|
    |res_V_data_28_V_blk_n                                                                                 |   9|          2|    1|          2|
    |res_V_data_29_V_blk_n                                                                                 |   9|          2|    1|          2|
    |res_V_data_2_V_blk_n                                                                                  |   9|          2|    1|          2|
    |res_V_data_30_V_blk_n                                                                                 |   9|          2|    1|          2|
    |res_V_data_31_V_blk_n                                                                                 |   9|          2|    1|          2|
    |res_V_data_3_V_blk_n                                                                                  |   9|          2|    1|          2|
    |res_V_data_4_V_blk_n                                                                                  |   9|          2|    1|          2|
    |res_V_data_5_V_blk_n                                                                                  |   9|          2|    1|          2|
    |res_V_data_6_V_blk_n                                                                                  |   9|          2|    1|          2|
    |res_V_data_7_V_blk_n                                                                                  |   9|          2|    1|          2|
    |res_V_data_8_V_blk_n                                                                                  |   9|          2|    1|          2|
    |res_V_data_9_V_blk_n                                                                                  |   9|          2|    1|          2|
    +------------------------------------------------------------------------------------------------------+----+-----------+-----+-----------+
    |Total                                                                                                 |1159|        245|  579|       1685|
    +------------------------------------------------------------------------------------------------------+----+-----------+-----+-----------+

    * Register: 
    +----------------+----+----+-----+-----------+
    |      Name      | FF | LUT| Bits| Const Bits|
    +----------------+----+----+-----+-----------+
    |ap_CS_fsm       |  16|   0|   16|          0|
    |ap_done_reg     |   1|   0|    1|          0|
    |reg_1492        |  16|   0|   16|          0|
    |reg_1497        |  16|   0|   16|          0|
    |reg_1502        |  16|   0|   16|          0|
    |reg_1507        |  16|   0|   16|          0|
    |reg_1512        |  16|   0|   16|          0|
    |reg_1517        |  16|   0|   16|          0|
    |reg_1522        |  16|   0|   16|          0|
    |reg_1527        |  16|   0|   16|          0|
    |reg_1532        |  16|   0|   16|          0|
    |reg_1537        |  16|   0|   16|          0|
    |reg_1542        |  16|   0|   16|          0|
    |reg_1547        |  16|   0|   16|          0|
    |reg_1552        |  16|   0|   16|          0|
    |reg_1557        |  16|   0|   16|          0|
    |reg_1562        |  16|   0|   16|          0|
    |reg_1567        |  16|   0|   16|          0|
    |reg_1572        |  16|   0|   16|          0|
    |reg_1577        |  16|   0|   16|          0|
    |reg_1582        |  16|   0|   16|          0|
    |reg_1587        |  16|   0|   16|          0|
    |reg_1592        |  16|   0|   16|          0|
    |reg_1597        |  16|   0|   16|          0|
    |reg_1602        |  16|   0|   16|          0|
    |reg_1607        |  16|   0|   16|          0|
    |reg_1612        |  16|   0|   16|          0|
    |reg_1617        |  16|   0|   16|          0|
    |reg_1622        |  16|   0|   16|          0|
    |reg_1627        |  16|   0|   16|          0|
    |reg_1632        |  16|   0|   16|          0|
    |reg_1637        |  16|   0|   16|          0|
    |reg_1642        |  16|   0|   16|          0|
    |reg_1647        |  16|   0|   16|          0|
    |start_once_reg  |   1|   0|    1|          0|
    +----------------+----+----+-----+-----------+
    |Total           | 530|   0|  530|          0|
    +----------------+----+----+-----+-----------+



================================================================
== Interface
================================================================
* Summary: 
+--------------------------+-----+-----+------------+---------------------------------------------------------------------+--------------+
|         RTL Ports        | Dir | Bits|  Protocol  |                            Source Object                            |    C Type    |
+--------------------------+-----+-----+------------+---------------------------------------------------------------------+--------------+
|ap_clk                    |  in |    1| ap_ctrl_hs | global_pooling1d_cl<array,array<ap_fixed<16,6,5,3,0>,32u>,config12> | return value |
|ap_rst                    |  in |    1| ap_ctrl_hs | global_pooling1d_cl<array,array<ap_fixed<16,6,5,3,0>,32u>,config12> | return value |
|ap_start                  |  in |    1| ap_ctrl_hs | global_pooling1d_cl<array,array<ap_fixed<16,6,5,3,0>,32u>,config12> | return value |
|start_full_n              |  in |    1| ap_ctrl_hs | global_pooling1d_cl<array,array<ap_fixed<16,6,5,3,0>,32u>,config12> | return value |
|ap_done                   | out |    1| ap_ctrl_hs | global_pooling1d_cl<array,array<ap_fixed<16,6,5,3,0>,32u>,config12> | return value |
|ap_continue               |  in |    1| ap_ctrl_hs | global_pooling1d_cl<array,array<ap_fixed<16,6,5,3,0>,32u>,config12> | return value |
|ap_idle                   | out |    1| ap_ctrl_hs | global_pooling1d_cl<array,array<ap_fixed<16,6,5,3,0>,32u>,config12> | return value |
|ap_ready                  | out |    1| ap_ctrl_hs | global_pooling1d_cl<array,array<ap_fixed<16,6,5,3,0>,32u>,config12> | return value |
|start_out                 | out |    1| ap_ctrl_hs | global_pooling1d_cl<array,array<ap_fixed<16,6,5,3,0>,32u>,config12> | return value |
|start_write               | out |    1| ap_ctrl_hs | global_pooling1d_cl<array,array<ap_fixed<16,6,5,3,0>,32u>,config12> | return value |
|data_V_data_0_V_dout      |  in |   20|   ap_fifo  |                           data_V_data_0_V                           |    pointer   |
|data_V_data_0_V_empty_n   |  in |    1|   ap_fifo  |                           data_V_data_0_V                           |    pointer   |
|data_V_data_0_V_read      | out |    1|   ap_fifo  |                           data_V_data_0_V                           |    pointer   |
|data_V_data_1_V_dout      |  in |   20|   ap_fifo  |                           data_V_data_1_V                           |    pointer   |
|data_V_data_1_V_empty_n   |  in |    1|   ap_fifo  |                           data_V_data_1_V                           |    pointer   |
|data_V_data_1_V_read      | out |    1|   ap_fifo  |                           data_V_data_1_V                           |    pointer   |
|data_V_data_2_V_dout      |  in |   20|   ap_fifo  |                           data_V_data_2_V                           |    pointer   |
|data_V_data_2_V_empty_n   |  in |    1|   ap_fifo  |                           data_V_data_2_V                           |    pointer   |
|data_V_data_2_V_read      | out |    1|   ap_fifo  |                           data_V_data_2_V                           |    pointer   |
|data_V_data_3_V_dout      |  in |   20|   ap_fifo  |                           data_V_data_3_V                           |    pointer   |
|data_V_data_3_V_empty_n   |  in |    1|   ap_fifo  |                           data_V_data_3_V                           |    pointer   |
|data_V_data_3_V_read      | out |    1|   ap_fifo  |                           data_V_data_3_V                           |    pointer   |
|data_V_data_4_V_dout      |  in |   20|   ap_fifo  |                           data_V_data_4_V                           |    pointer   |
|data_V_data_4_V_empty_n   |  in |    1|   ap_fifo  |                           data_V_data_4_V                           |    pointer   |
|data_V_data_4_V_read      | out |    1|   ap_fifo  |                           data_V_data_4_V                           |    pointer   |
|data_V_data_5_V_dout      |  in |   20|   ap_fifo  |                           data_V_data_5_V                           |    pointer   |
|data_V_data_5_V_empty_n   |  in |    1|   ap_fifo  |                           data_V_data_5_V                           |    pointer   |
|data_V_data_5_V_read      | out |    1|   ap_fifo  |                           data_V_data_5_V                           |    pointer   |
|data_V_data_6_V_dout      |  in |   20|   ap_fifo  |                           data_V_data_6_V                           |    pointer   |
|data_V_data_6_V_empty_n   |  in |    1|   ap_fifo  |                           data_V_data_6_V                           |    pointer   |
|data_V_data_6_V_read      | out |    1|   ap_fifo  |                           data_V_data_6_V                           |    pointer   |
|data_V_data_7_V_dout      |  in |   20|   ap_fifo  |                           data_V_data_7_V                           |    pointer   |
|data_V_data_7_V_empty_n   |  in |    1|   ap_fifo  |                           data_V_data_7_V                           |    pointer   |
|data_V_data_7_V_read      | out |    1|   ap_fifo  |                           data_V_data_7_V                           |    pointer   |
|data_V_data_8_V_dout      |  in |   20|   ap_fifo  |                           data_V_data_8_V                           |    pointer   |
|data_V_data_8_V_empty_n   |  in |    1|   ap_fifo  |                           data_V_data_8_V                           |    pointer   |
|data_V_data_8_V_read      | out |    1|   ap_fifo  |                           data_V_data_8_V                           |    pointer   |
|data_V_data_9_V_dout      |  in |   20|   ap_fifo  |                           data_V_data_9_V                           |    pointer   |
|data_V_data_9_V_empty_n   |  in |    1|   ap_fifo  |                           data_V_data_9_V                           |    pointer   |
|data_V_data_9_V_read      | out |    1|   ap_fifo  |                           data_V_data_9_V                           |    pointer   |
|data_V_data_10_V_dout     |  in |   20|   ap_fifo  |                           data_V_data_10_V                          |    pointer   |
|data_V_data_10_V_empty_n  |  in |    1|   ap_fifo  |                           data_V_data_10_V                          |    pointer   |
|data_V_data_10_V_read     | out |    1|   ap_fifo  |                           data_V_data_10_V                          |    pointer   |
|data_V_data_11_V_dout     |  in |   20|   ap_fifo  |                           data_V_data_11_V                          |    pointer   |
|data_V_data_11_V_empty_n  |  in |    1|   ap_fifo  |                           data_V_data_11_V                          |    pointer   |
|data_V_data_11_V_read     | out |    1|   ap_fifo  |                           data_V_data_11_V                          |    pointer   |
|data_V_data_12_V_dout     |  in |   20|   ap_fifo  |                           data_V_data_12_V                          |    pointer   |
|data_V_data_12_V_empty_n  |  in |    1|   ap_fifo  |                           data_V_data_12_V                          |    pointer   |
|data_V_data_12_V_read     | out |    1|   ap_fifo  |                           data_V_data_12_V                          |    pointer   |
|data_V_data_13_V_dout     |  in |   20|   ap_fifo  |                           data_V_data_13_V                          |    pointer   |
|data_V_data_13_V_empty_n  |  in |    1|   ap_fifo  |                           data_V_data_13_V                          |    pointer   |
|data_V_data_13_V_read     | out |    1|   ap_fifo  |                           data_V_data_13_V                          |    pointer   |
|data_V_data_14_V_dout     |  in |   20|   ap_fifo  |                           data_V_data_14_V                          |    pointer   |
|data_V_data_14_V_empty_n  |  in |    1|   ap_fifo  |                           data_V_data_14_V                          |    pointer   |
|data_V_data_14_V_read     | out |    1|   ap_fifo  |                           data_V_data_14_V                          |    pointer   |
|data_V_data_15_V_dout     |  in |   20|   ap_fifo  |                           data_V_data_15_V                          |    pointer   |
|data_V_data_15_V_empty_n  |  in |    1|   ap_fifo  |                           data_V_data_15_V                          |    pointer   |
|data_V_data_15_V_read     | out |    1|   ap_fifo  |                           data_V_data_15_V                          |    pointer   |
|data_V_data_16_V_dout     |  in |   20|   ap_fifo  |                           data_V_data_16_V                          |    pointer   |
|data_V_data_16_V_empty_n  |  in |    1|   ap_fifo  |                           data_V_data_16_V                          |    pointer   |
|data_V_data_16_V_read     | out |    1|   ap_fifo  |                           data_V_data_16_V                          |    pointer   |
|data_V_data_17_V_dout     |  in |   20|   ap_fifo  |                           data_V_data_17_V                          |    pointer   |
|data_V_data_17_V_empty_n  |  in |    1|   ap_fifo  |                           data_V_data_17_V                          |    pointer   |
|data_V_data_17_V_read     | out |    1|   ap_fifo  |                           data_V_data_17_V                          |    pointer   |
|data_V_data_18_V_dout     |  in |   20|   ap_fifo  |                           data_V_data_18_V                          |    pointer   |
|data_V_data_18_V_empty_n  |  in |    1|   ap_fifo  |                           data_V_data_18_V                          |    pointer   |
|data_V_data_18_V_read     | out |    1|   ap_fifo  |                           data_V_data_18_V                          |    pointer   |
|data_V_data_19_V_dout     |  in |   20|   ap_fifo  |                           data_V_data_19_V                          |    pointer   |
|data_V_data_19_V_empty_n  |  in |    1|   ap_fifo  |                           data_V_data_19_V                          |    pointer   |
|data_V_data_19_V_read     | out |    1|   ap_fifo  |                           data_V_data_19_V                          |    pointer   |
|data_V_data_20_V_dout     |  in |   20|   ap_fifo  |                           data_V_data_20_V                          |    pointer   |
|data_V_data_20_V_empty_n  |  in |    1|   ap_fifo  |                           data_V_data_20_V                          |    pointer   |
|data_V_data_20_V_read     | out |    1|   ap_fifo  |                           data_V_data_20_V                          |    pointer   |
|data_V_data_21_V_dout     |  in |   20|   ap_fifo  |                           data_V_data_21_V                          |    pointer   |
|data_V_data_21_V_empty_n  |  in |    1|   ap_fifo  |                           data_V_data_21_V                          |    pointer   |
|data_V_data_21_V_read     | out |    1|   ap_fifo  |                           data_V_data_21_V                          |    pointer   |
|data_V_data_22_V_dout     |  in |   20|   ap_fifo  |                           data_V_data_22_V                          |    pointer   |
|data_V_data_22_V_empty_n  |  in |    1|   ap_fifo  |                           data_V_data_22_V                          |    pointer   |
|data_V_data_22_V_read     | out |    1|   ap_fifo  |                           data_V_data_22_V                          |    pointer   |
|data_V_data_23_V_dout     |  in |   20|   ap_fifo  |                           data_V_data_23_V                          |    pointer   |
|data_V_data_23_V_empty_n  |  in |    1|   ap_fifo  |                           data_V_data_23_V                          |    pointer   |
|data_V_data_23_V_read     | out |    1|   ap_fifo  |                           data_V_data_23_V                          |    pointer   |
|data_V_data_24_V_dout     |  in |   20|   ap_fifo  |                           data_V_data_24_V                          |    pointer   |
|data_V_data_24_V_empty_n  |  in |    1|   ap_fifo  |                           data_V_data_24_V                          |    pointer   |
|data_V_data_24_V_read     | out |    1|   ap_fifo  |                           data_V_data_24_V                          |    pointer   |
|data_V_data_25_V_dout     |  in |   20|   ap_fifo  |                           data_V_data_25_V                          |    pointer   |
|data_V_data_25_V_empty_n  |  in |    1|   ap_fifo  |                           data_V_data_25_V                          |    pointer   |
|data_V_data_25_V_read     | out |    1|   ap_fifo  |                           data_V_data_25_V                          |    pointer   |
|data_V_data_26_V_dout     |  in |   20|   ap_fifo  |                           data_V_data_26_V                          |    pointer   |
|data_V_data_26_V_empty_n  |  in |    1|   ap_fifo  |                           data_V_data_26_V                          |    pointer   |
|data_V_data_26_V_read     | out |    1|   ap_fifo  |                           data_V_data_26_V                          |    pointer   |
|data_V_data_27_V_dout     |  in |   20|   ap_fifo  |                           data_V_data_27_V                          |    pointer   |
|data_V_data_27_V_empty_n  |  in |    1|   ap_fifo  |                           data_V_data_27_V                          |    pointer   |
|data_V_data_27_V_read     | out |    1|   ap_fifo  |                           data_V_data_27_V                          |    pointer   |
|data_V_data_28_V_dout     |  in |   20|   ap_fifo  |                           data_V_data_28_V                          |    pointer   |
|data_V_data_28_V_empty_n  |  in |    1|   ap_fifo  |                           data_V_data_28_V                          |    pointer   |
|data_V_data_28_V_read     | out |    1|   ap_fifo  |                           data_V_data_28_V                          |    pointer   |
|data_V_data_29_V_dout     |  in |   20|   ap_fifo  |                           data_V_data_29_V                          |    pointer   |
|data_V_data_29_V_empty_n  |  in |    1|   ap_fifo  |                           data_V_data_29_V                          |    pointer   |
|data_V_data_29_V_read     | out |    1|   ap_fifo  |                           data_V_data_29_V                          |    pointer   |
|data_V_data_30_V_dout     |  in |   20|   ap_fifo  |                           data_V_data_30_V                          |    pointer   |
|data_V_data_30_V_empty_n  |  in |    1|   ap_fifo  |                           data_V_data_30_V                          |    pointer   |
|data_V_data_30_V_read     | out |    1|   ap_fifo  |                           data_V_data_30_V                          |    pointer   |
|data_V_data_31_V_dout     |  in |   20|   ap_fifo  |                           data_V_data_31_V                          |    pointer   |
|data_V_data_31_V_empty_n  |  in |    1|   ap_fifo  |                           data_V_data_31_V                          |    pointer   |
|data_V_data_31_V_read     | out |    1|   ap_fifo  |                           data_V_data_31_V                          |    pointer   |
|res_V_data_0_V_din        | out |   16|   ap_fifo  |                            res_V_data_0_V                           |    pointer   |
|res_V_data_0_V_full_n     |  in |    1|   ap_fifo  |                            res_V_data_0_V                           |    pointer   |
|res_V_data_0_V_write      | out |    1|   ap_fifo  |                            res_V_data_0_V                           |    pointer   |
|res_V_data_1_V_din        | out |   16|   ap_fifo  |                            res_V_data_1_V                           |    pointer   |
|res_V_data_1_V_full_n     |  in |    1|   ap_fifo  |                            res_V_data_1_V                           |    pointer   |
|res_V_data_1_V_write      | out |    1|   ap_fifo  |                            res_V_data_1_V                           |    pointer   |
|res_V_data_2_V_din        | out |   16|   ap_fifo  |                            res_V_data_2_V                           |    pointer   |
|res_V_data_2_V_full_n     |  in |    1|   ap_fifo  |                            res_V_data_2_V                           |    pointer   |
|res_V_data_2_V_write      | out |    1|   ap_fifo  |                            res_V_data_2_V                           |    pointer   |
|res_V_data_3_V_din        | out |   16|   ap_fifo  |                            res_V_data_3_V                           |    pointer   |
|res_V_data_3_V_full_n     |  in |    1|   ap_fifo  |                            res_V_data_3_V                           |    pointer   |
|res_V_data_3_V_write      | out |    1|   ap_fifo  |                            res_V_data_3_V                           |    pointer   |
|res_V_data_4_V_din        | out |   16|   ap_fifo  |                            res_V_data_4_V                           |    pointer   |
|res_V_data_4_V_full_n     |  in |    1|   ap_fifo  |                            res_V_data_4_V                           |    pointer   |
|res_V_data_4_V_write      | out |    1|   ap_fifo  |                            res_V_data_4_V                           |    pointer   |
|res_V_data_5_V_din        | out |   16|   ap_fifo  |                            res_V_data_5_V                           |    pointer   |
|res_V_data_5_V_full_n     |  in |    1|   ap_fifo  |                            res_V_data_5_V                           |    pointer   |
|res_V_data_5_V_write      | out |    1|   ap_fifo  |                            res_V_data_5_V                           |    pointer   |
|res_V_data_6_V_din        | out |   16|   ap_fifo  |                            res_V_data_6_V                           |    pointer   |
|res_V_data_6_V_full_n     |  in |    1|   ap_fifo  |                            res_V_data_6_V                           |    pointer   |
|res_V_data_6_V_write      | out |    1|   ap_fifo  |                            res_V_data_6_V                           |    pointer   |
|res_V_data_7_V_din        | out |   16|   ap_fifo  |                            res_V_data_7_V                           |    pointer   |
|res_V_data_7_V_full_n     |  in |    1|   ap_fifo  |                            res_V_data_7_V                           |    pointer   |
|res_V_data_7_V_write      | out |    1|   ap_fifo  |                            res_V_data_7_V                           |    pointer   |
|res_V_data_8_V_din        | out |   16|   ap_fifo  |                            res_V_data_8_V                           |    pointer   |
|res_V_data_8_V_full_n     |  in |    1|   ap_fifo  |                            res_V_data_8_V                           |    pointer   |
|res_V_data_8_V_write      | out |    1|   ap_fifo  |                            res_V_data_8_V                           |    pointer   |
|res_V_data_9_V_din        | out |   16|   ap_fifo  |                            res_V_data_9_V                           |    pointer   |
|res_V_data_9_V_full_n     |  in |    1|   ap_fifo  |                            res_V_data_9_V                           |    pointer   |
|res_V_data_9_V_write      | out |    1|   ap_fifo  |                            res_V_data_9_V                           |    pointer   |
|res_V_data_10_V_din       | out |   16|   ap_fifo  |                           res_V_data_10_V                           |    pointer   |
|res_V_data_10_V_full_n    |  in |    1|   ap_fifo  |                           res_V_data_10_V                           |    pointer   |
|res_V_data_10_V_write     | out |    1|   ap_fifo  |                           res_V_data_10_V                           |    pointer   |
|res_V_data_11_V_din       | out |   16|   ap_fifo  |                           res_V_data_11_V                           |    pointer   |
|res_V_data_11_V_full_n    |  in |    1|   ap_fifo  |                           res_V_data_11_V                           |    pointer   |
|res_V_data_11_V_write     | out |    1|   ap_fifo  |                           res_V_data_11_V                           |    pointer   |
|res_V_data_12_V_din       | out |   16|   ap_fifo  |                           res_V_data_12_V                           |    pointer   |
|res_V_data_12_V_full_n    |  in |    1|   ap_fifo  |                           res_V_data_12_V                           |    pointer   |
|res_V_data_12_V_write     | out |    1|   ap_fifo  |                           res_V_data_12_V                           |    pointer   |
|res_V_data_13_V_din       | out |   16|   ap_fifo  |                           res_V_data_13_V                           |    pointer   |
|res_V_data_13_V_full_n    |  in |    1|   ap_fifo  |                           res_V_data_13_V                           |    pointer   |
|res_V_data_13_V_write     | out |    1|   ap_fifo  |                           res_V_data_13_V                           |    pointer   |
|res_V_data_14_V_din       | out |   16|   ap_fifo  |                           res_V_data_14_V                           |    pointer   |
|res_V_data_14_V_full_n    |  in |    1|   ap_fifo  |                           res_V_data_14_V                           |    pointer   |
|res_V_data_14_V_write     | out |    1|   ap_fifo  |                           res_V_data_14_V                           |    pointer   |
|res_V_data_15_V_din       | out |   16|   ap_fifo  |                           res_V_data_15_V                           |    pointer   |
|res_V_data_15_V_full_n    |  in |    1|   ap_fifo  |                           res_V_data_15_V                           |    pointer   |
|res_V_data_15_V_write     | out |    1|   ap_fifo  |                           res_V_data_15_V                           |    pointer   |
|res_V_data_16_V_din       | out |   16|   ap_fifo  |                           res_V_data_16_V                           |    pointer   |
|res_V_data_16_V_full_n    |  in |    1|   ap_fifo  |                           res_V_data_16_V                           |    pointer   |
|res_V_data_16_V_write     | out |    1|   ap_fifo  |                           res_V_data_16_V                           |    pointer   |
|res_V_data_17_V_din       | out |   16|   ap_fifo  |                           res_V_data_17_V                           |    pointer   |
|res_V_data_17_V_full_n    |  in |    1|   ap_fifo  |                           res_V_data_17_V                           |    pointer   |
|res_V_data_17_V_write     | out |    1|   ap_fifo  |                           res_V_data_17_V                           |    pointer   |
|res_V_data_18_V_din       | out |   16|   ap_fifo  |                           res_V_data_18_V                           |    pointer   |
|res_V_data_18_V_full_n    |  in |    1|   ap_fifo  |                           res_V_data_18_V                           |    pointer   |
|res_V_data_18_V_write     | out |    1|   ap_fifo  |                           res_V_data_18_V                           |    pointer   |
|res_V_data_19_V_din       | out |   16|   ap_fifo  |                           res_V_data_19_V                           |    pointer   |
|res_V_data_19_V_full_n    |  in |    1|   ap_fifo  |                           res_V_data_19_V                           |    pointer   |
|res_V_data_19_V_write     | out |    1|   ap_fifo  |                           res_V_data_19_V                           |    pointer   |
|res_V_data_20_V_din       | out |   16|   ap_fifo  |                           res_V_data_20_V                           |    pointer   |
|res_V_data_20_V_full_n    |  in |    1|   ap_fifo  |                           res_V_data_20_V                           |    pointer   |
|res_V_data_20_V_write     | out |    1|   ap_fifo  |                           res_V_data_20_V                           |    pointer   |
|res_V_data_21_V_din       | out |   16|   ap_fifo  |                           res_V_data_21_V                           |    pointer   |
|res_V_data_21_V_full_n    |  in |    1|   ap_fifo  |                           res_V_data_21_V                           |    pointer   |
|res_V_data_21_V_write     | out |    1|   ap_fifo  |                           res_V_data_21_V                           |    pointer   |
|res_V_data_22_V_din       | out |   16|   ap_fifo  |                           res_V_data_22_V                           |    pointer   |
|res_V_data_22_V_full_n    |  in |    1|   ap_fifo  |                           res_V_data_22_V                           |    pointer   |
|res_V_data_22_V_write     | out |    1|   ap_fifo  |                           res_V_data_22_V                           |    pointer   |
|res_V_data_23_V_din       | out |   16|   ap_fifo  |                           res_V_data_23_V                           |    pointer   |
|res_V_data_23_V_full_n    |  in |    1|   ap_fifo  |                           res_V_data_23_V                           |    pointer   |
|res_V_data_23_V_write     | out |    1|   ap_fifo  |                           res_V_data_23_V                           |    pointer   |
|res_V_data_24_V_din       | out |   16|   ap_fifo  |                           res_V_data_24_V                           |    pointer   |
|res_V_data_24_V_full_n    |  in |    1|   ap_fifo  |                           res_V_data_24_V                           |    pointer   |
|res_V_data_24_V_write     | out |    1|   ap_fifo  |                           res_V_data_24_V                           |    pointer   |
|res_V_data_25_V_din       | out |   16|   ap_fifo  |                           res_V_data_25_V                           |    pointer   |
|res_V_data_25_V_full_n    |  in |    1|   ap_fifo  |                           res_V_data_25_V                           |    pointer   |
|res_V_data_25_V_write     | out |    1|   ap_fifo  |                           res_V_data_25_V                           |    pointer   |
|res_V_data_26_V_din       | out |   16|   ap_fifo  |                           res_V_data_26_V                           |    pointer   |
|res_V_data_26_V_full_n    |  in |    1|   ap_fifo  |                           res_V_data_26_V                           |    pointer   |
|res_V_data_26_V_write     | out |    1|   ap_fifo  |                           res_V_data_26_V                           |    pointer   |
|res_V_data_27_V_din       | out |   16|   ap_fifo  |                           res_V_data_27_V                           |    pointer   |
|res_V_data_27_V_full_n    |  in |    1|   ap_fifo  |                           res_V_data_27_V                           |    pointer   |
|res_V_data_27_V_write     | out |    1|   ap_fifo  |                           res_V_data_27_V                           |    pointer   |
|res_V_data_28_V_din       | out |   16|   ap_fifo  |                           res_V_data_28_V                           |    pointer   |
|res_V_data_28_V_full_n    |  in |    1|   ap_fifo  |                           res_V_data_28_V                           |    pointer   |
|res_V_data_28_V_write     | out |    1|   ap_fifo  |                           res_V_data_28_V                           |    pointer   |
|res_V_data_29_V_din       | out |   16|   ap_fifo  |                           res_V_data_29_V                           |    pointer   |
|res_V_data_29_V_full_n    |  in |    1|   ap_fifo  |                           res_V_data_29_V                           |    pointer   |
|res_V_data_29_V_write     | out |    1|   ap_fifo  |                           res_V_data_29_V                           |    pointer   |
|res_V_data_30_V_din       | out |   16|   ap_fifo  |                           res_V_data_30_V                           |    pointer   |
|res_V_data_30_V_full_n    |  in |    1|   ap_fifo  |                           res_V_data_30_V                           |    pointer   |
|res_V_data_30_V_write     | out |    1|   ap_fifo  |                           res_V_data_30_V                           |    pointer   |
|res_V_data_31_V_din       | out |   16|   ap_fifo  |                           res_V_data_31_V                           |    pointer   |
|res_V_data_31_V_full_n    |  in |    1|   ap_fifo  |                           res_V_data_31_V                           |    pointer   |
|res_V_data_31_V_write     | out |    1|   ap_fifo  |                           res_V_data_31_V                           |    pointer   |
+--------------------------+-----+-----+------------+---------------------------------------------------------------------+--------------+

