

================================================================
== Vivado HLS Report for 'hls_deepset_pointwisePhi_iostream'
================================================================
* Date:           Tue Dec 10 22:28:19 2024

* Version:        2020.1 (Build 2897737 on Wed May 27 20:21:37 MDT 2020)
* Project:        hls_deepset_pointwisePhi_iostream_prj
* Solution:       solution1
* Product family: virtexuplus
* Target device:  xcvu13p-flga2577-2-e


================================================================
== Performance Estimates
================================================================
+ Timing: 
    * Summary: 
    +--------+---------+----------+------------+
    |  Clock |  Target | Estimated| Uncertainty|
    +--------+---------+----------+------------+
    |ap_clk  | 5.00 ns | 4.369 ns |   0.62 ns  |
    +--------+---------+----------+------------+

+ Latency: 
    * Summary: 
    +---------+---------+----------+----------+-----+-----+----------+
    |  Latency (cycles) |  Latency (absolute) |  Interval | Pipeline |
    |   min   |   max   |    min   |    max   | min | max |   Type   |
    +---------+---------+----------+----------+-----+-----+----------+
    |       46|       46| 0.230 us | 0.230 us |   21|   21| dataflow |
    +---------+---------+----------+----------+-----+-----+----------+

    + Detail: 
        * Instance: 
        +------------------------------------------------------------------------+-----------------------------------------------------------------------+---------+---------+-----------+-----------+-----+-----+----------+
        |                                                                        |                                                                       |  Latency (cycles) |   Latency (absolute)  |  Interval | Pipeline |
        |                                Instance                                |                                 Module                                |   min   |   max   |    min    |    max    | min | max |   Type   |
        +------------------------------------------------------------------------+-----------------------------------------------------------------------+---------+---------+-----------+-----------+-----+-----+----------+
        |pointwise_conv_1d_cl_array_array_ap_fixed_22_7_5_3_0_32u_config20_U0    |pointwise_conv_1d_cl_array_array_ap_fixed_22_7_5_3_0_32u_config20_s    |       20|       20|  0.100 us |  0.100 us |   20|   20|   none   |
        |pointwise_conv_1d_cl_array_array_ap_fixed_22_7_5_3_0_32u_config21_U0    |pointwise_conv_1d_cl_array_array_ap_fixed_22_7_5_3_0_32u_config21_s    |       20|       20|  0.100 us |  0.100 us |   20|   20|   none   |
        |dense_array_ap_fixed_32u_array_ap_fixed_30_13_5_3_0_32u_config13_U0     |dense_array_ap_fixed_32u_array_ap_fixed_30_13_5_3_0_32u_config13_s     |        2|        2| 10.000 ns | 10.000 ns |    2|    2|   none   |
        |dense_array_ap_ufixed_32u_array_ap_fixed_22_7_5_3_0_5u_config16_U0      |dense_array_ap_ufixed_32u_array_ap_fixed_22_7_5_3_0_5u_config16_s      |        3|        3| 15.000 ns | 15.000 ns |    3|    3|   none   |
        |relu_array_ap_fixed_32u_array_ap_ufixed_8_0_4_0_0_32u_relu_config15_U0  |relu_array_ap_fixed_32u_array_ap_ufixed_8_0_4_0_0_32u_relu_config15_s  |        1|        1|  5.000 ns |  5.000 ns |    1|    1| function |
        |relu_array_ap_fixed_32u_array_ap_ufixed_8_0_4_0_0_32u_relu_config4_U0   |relu_array_ap_fixed_32u_array_ap_ufixed_8_0_4_0_0_32u_relu_config4_s   |       19|       19| 95.000 ns | 95.000 ns |   19|   19|   none   |
        |relu_array_ap_fixed_32u_array_ap_ufixed_8_0_4_0_0_32u_relu_config7_U0   |relu_array_ap_fixed_32u_array_ap_ufixed_8_0_4_0_0_32u_relu_config7_s   |       19|       19| 95.000 ns | 95.000 ns |   19|   19|   none   |
        |relu_array_ap_fixed_32u_array_ap_ufixed_8_0_4_0_0_32u_relu_config10_U0  |relu_array_ap_fixed_32u_array_ap_ufixed_8_0_4_0_0_32u_relu_config10_s  |       19|       19| 95.000 ns | 95.000 ns |   19|   19|   none   |
        |pointwise_conv_1d_cl_array_array_ap_fixed_23_8_5_3_0_32u_config19_U0    |pointwise_conv_1d_cl_array_array_ap_fixed_23_8_5_3_0_32u_config19_s    |       18|       18| 90.000 ns | 90.000 ns |   18|   18|   none   |
        |global_pooling1d_cl_array_array_ap_fixed_16_6_5_3_0_32u_config12_U0     |global_pooling1d_cl_array_array_ap_fixed_16_6_5_3_0_32u_config12_s     |       15|       15| 75.000 ns | 75.000 ns |   16|   16| function |
        |softmax_array_array_ap_fixed_16_6_5_3_0_5u_Softmax_config18_U0          |softmax_array_array_ap_fixed_16_6_5_3_0_5u_Softmax_config18_s          |        5|        5| 25.000 ns | 25.000 ns |    5|    5|   none   |
        |linear_array_array_ap_fixed_20_11_4_0_0_32u_linear_config11_U0          |linear_array_array_ap_fixed_20_11_4_0_0_32u_linear_config11_s          |       18|       18| 90.000 ns | 90.000 ns |   18|   18|   none   |
        +------------------------------------------------------------------------+-----------------------------------------------------------------------+---------+---------+-----------+-----------+-----+-----+----------+

        * Loop: 
        N/A



================================================================
== Utilization Estimates
================================================================
* Summary: 
+---------------------+---------+-------+---------+---------+------+
|         Name        | BRAM_18K| DSP48E|    FF   |   LUT   | URAM |
+---------------------+---------+-------+---------+---------+------+
|DSP                  |        -|      -|        -|        -|     -|
|Expression           |        -|      -|        0|        2|     -|
|FIFO                 |        0|      -|     2073|    10186|     -|
|Instance             |        4|    418|    13664|   158071|     -|
|Memory               |        -|      -|        -|        -|     -|
|Multiplexer          |        -|      -|        -|        -|     -|
|Register             |        -|      -|        -|        -|     -|
+---------------------+---------+-------+---------+---------+------+
|Total                |        4|    418|    15737|   168259|     0|
+---------------------+---------+-------+---------+---------+------+
|Available SLR        |     1344|   3072|   864000|   432000|   320|
+---------------------+---------+-------+---------+---------+------+
|Utilization SLR (%)  |    ~0   |     13|        1|       38|     0|
+---------------------+---------+-------+---------+---------+------+
|Available            |     5376|  12288|  3456000|  1728000|  1280|
+---------------------+---------+-------+---------+---------+------+
|Utilization (%)      |    ~0   |      3|    ~0   |        9|     0|
+---------------------+---------+-------+---------+---------+------+

+ Detail: 
    * Instance: 
    +------------------------------------------------------------------------+-----------------------------------------------------------------------+---------+-------+------+-------+-----+
    |                                Instance                                |                                 Module                                | BRAM_18K| DSP48E|  FF  |  LUT  | URAM|
    +------------------------------------------------------------------------+-----------------------------------------------------------------------+---------+-------+------+-------+-----+
    |dense_array_ap_fixed_32u_array_ap_fixed_30_13_5_3_0_32u_config13_U0     |dense_array_ap_fixed_32u_array_ap_fixed_30_13_5_3_0_32u_config13_s     |        0|    397|  2756|  31718|    0|
    |dense_array_ap_ufixed_32u_array_ap_fixed_22_7_5_3_0_5u_config16_U0      |dense_array_ap_ufixed_32u_array_ap_fixed_22_7_5_3_0_5u_config16_s      |        0|      0|   896|   7560|    0|
    |global_pooling1d_cl_array_array_ap_fixed_16_6_5_3_0_32u_config12_U0     |global_pooling1d_cl_array_array_ap_fixed_16_6_5_3_0_32u_config12_s     |        0|      0|   530|   1903|    0|
    |linear_array_array_ap_fixed_20_11_4_0_0_32u_linear_config11_U0          |linear_array_array_ap_fixed_20_11_4_0_0_32u_linear_config11_s          |        0|      0|    13|    679|    0|
    |pointwise_conv_1d_cl_array_array_ap_fixed_22_7_5_3_0_32u_config20_U0    |pointwise_conv_1d_cl_array_array_ap_fixed_22_7_5_3_0_32u_config20_s    |        0|      0|  3728|  49134|    0|
    |pointwise_conv_1d_cl_array_array_ap_fixed_22_7_5_3_0_32u_config21_U0    |pointwise_conv_1d_cl_array_array_ap_fixed_22_7_5_3_0_32u_config21_s    |        0|      0|  4120|  48077|    0|
    |pointwise_conv_1d_cl_array_array_ap_fixed_23_8_5_3_0_32u_config19_U0    |pointwise_conv_1d_cl_array_array_ap_fixed_23_8_5_3_0_32u_config19_s    |        0|     16|   223|   3037|    0|
    |relu_array_ap_fixed_32u_array_ap_ufixed_8_0_4_0_0_32u_relu_config10_U0  |relu_array_ap_fixed_32u_array_ap_ufixed_8_0_4_0_0_32u_relu_config10_s  |        0|      0|   271|   3692|    0|
    |relu_array_ap_fixed_32u_array_ap_ufixed_8_0_4_0_0_32u_relu_config15_U0  |relu_array_ap_fixed_32u_array_ap_ufixed_8_0_4_0_0_32u_relu_config15_s  |        0|      0|   260|   3740|    0|
    |relu_array_ap_fixed_32u_array_ap_ufixed_8_0_4_0_0_32u_relu_config4_U0   |relu_array_ap_fixed_32u_array_ap_ufixed_8_0_4_0_0_32u_relu_config4_s   |        0|      0|   271|   3692|    0|
    |relu_array_ap_fixed_32u_array_ap_ufixed_8_0_4_0_0_32u_relu_config7_U0   |relu_array_ap_fixed_32u_array_ap_ufixed_8_0_4_0_0_32u_relu_config7_s   |        0|      0|   271|   3692|    0|
    |softmax_array_array_ap_fixed_16_6_5_3_0_5u_Softmax_config18_U0          |softmax_array_array_ap_fixed_16_6_5_3_0_5u_Softmax_config18_s          |        4|      5|   325|   1147|    0|
    +------------------------------------------------------------------------+-----------------------------------------------------------------------+---------+-------+------+-------+-----+
    |Total                                                                   |                                                                       |        4|    418| 13664| 158071|    0|
    +------------------------------------------------------------------------+-----------------------------------------------------------------------+---------+-------+------+-------+-----+

    * DSP48E: 
    N/A

    * Memory: 
    N/A

    * FIFO: 
    +---------------------------+---------+----+----+-----+------+-----+---------+
    |            Name           | BRAM_18K| FF | LUT| URAM| Depth| Bits| Size:D*B|
    +---------------------------+---------+----+----+-----+------+-----+---------+
    |layer10_out_V_data_0_V_U   |        0|   7|   0|    -|    16|    8|      128|
    |layer10_out_V_data_10_V_U  |        0|   7|   0|    -|    16|    8|      128|
    |layer10_out_V_data_11_V_U  |        0|   7|   0|    -|    16|    8|      128|
    |layer10_out_V_data_12_V_U  |        0|   7|   0|    -|    16|    8|      128|
    |layer10_out_V_data_13_V_U  |        0|   7|   0|    -|    16|    8|      128|
    |layer10_out_V_data_14_V_U  |        0|   7|   0|    -|    16|    8|      128|
    |layer10_out_V_data_15_V_U  |        0|   7|   0|    -|    16|    8|      128|
    |layer10_out_V_data_16_V_U  |        0|   7|   0|    -|    16|    8|      128|
    |layer10_out_V_data_17_V_U  |        0|   7|   0|    -|    16|    8|      128|
    |layer10_out_V_data_18_V_U  |        0|   7|   0|    -|    16|    8|      128|
    |layer10_out_V_data_19_V_U  |        0|   7|   0|    -|    16|    8|      128|
    |layer10_out_V_data_1_V_U   |        0|   7|   0|    -|    16|    8|      128|
    |layer10_out_V_data_20_V_U  |        0|   7|   0|    -|    16|    8|      128|
    |layer10_out_V_data_21_V_U  |        0|   7|   0|    -|    16|    8|      128|
    |layer10_out_V_data_22_V_U  |        0|   7|   0|    -|    16|    8|      128|
    |layer10_out_V_data_23_V_U  |        0|   7|   0|    -|    16|    8|      128|
    |layer10_out_V_data_24_V_U  |        0|   7|   0|    -|    16|    8|      128|
    |layer10_out_V_data_25_V_U  |        0|   7|   0|    -|    16|    8|      128|
    |layer10_out_V_data_26_V_U  |        0|   7|   0|    -|    16|    8|      128|
    |layer10_out_V_data_27_V_U  |        0|   7|   0|    -|    16|    8|      128|
    |layer10_out_V_data_28_V_U  |        0|   7|   0|    -|    16|    8|      128|
    |layer10_out_V_data_29_V_U  |        0|   7|   0|    -|    16|    8|      128|
    |layer10_out_V_data_2_V_U   |        0|   7|   0|    -|    16|    8|      128|
    |layer10_out_V_data_30_V_U  |        0|   7|   0|    -|    16|    8|      128|
    |layer10_out_V_data_31_V_U  |        0|   7|   0|    -|    16|    8|      128|
    |layer10_out_V_data_3_V_U   |        0|   7|   0|    -|    16|    8|      128|
    |layer10_out_V_data_4_V_U   |        0|   7|   0|    -|    16|    8|      128|
    |layer10_out_V_data_5_V_U   |        0|   7|   0|    -|    16|    8|      128|
    |layer10_out_V_data_6_V_U   |        0|   7|   0|    -|    16|    8|      128|
    |layer10_out_V_data_7_V_U   |        0|   7|   0|    -|    16|    8|      128|
    |layer10_out_V_data_8_V_U   |        0|   7|   0|    -|    16|    8|      128|
    |layer10_out_V_data_9_V_U   |        0|   7|   0|    -|    16|    8|      128|
    |layer11_out_V_data_0_V_U   |        0|   7|   0|    -|    16|   20|      320|
    |layer11_out_V_data_10_V_U  |        0|   7|   0|    -|    16|   20|      320|
    |layer11_out_V_data_11_V_U  |        0|   7|   0|    -|    16|   20|      320|
    |layer11_out_V_data_12_V_U  |        0|   7|   0|    -|    16|   20|      320|
    |layer11_out_V_data_13_V_U  |        0|   7|   0|    -|    16|   20|      320|
    |layer11_out_V_data_14_V_U  |        0|   7|   0|    -|    16|   20|      320|
    |layer11_out_V_data_15_V_U  |        0|   7|   0|    -|    16|   20|      320|
    |layer11_out_V_data_16_V_U  |        0|   7|   0|    -|    16|   20|      320|
    |layer11_out_V_data_17_V_U  |        0|   7|   0|    -|    16|   20|      320|
    |layer11_out_V_data_18_V_U  |        0|   7|   0|    -|    16|   20|      320|
    |layer11_out_V_data_19_V_U  |        0|   7|   0|    -|    16|   20|      320|
    |layer11_out_V_data_1_V_U   |        0|   7|   0|    -|    16|   20|      320|
    |layer11_out_V_data_20_V_U  |        0|   7|   0|    -|    16|   20|      320|
    |layer11_out_V_data_21_V_U  |        0|   7|   0|    -|    16|   20|      320|
    |layer11_out_V_data_22_V_U  |        0|   7|   0|    -|    16|   20|      320|
    |layer11_out_V_data_23_V_U  |        0|   7|   0|    -|    16|   20|      320|
    |layer11_out_V_data_24_V_U  |        0|   7|   0|    -|    16|   20|      320|
    |layer11_out_V_data_25_V_U  |        0|   7|   0|    -|    16|   20|      320|
    |layer11_out_V_data_26_V_U  |        0|   7|   0|    -|    16|   20|      320|
    |layer11_out_V_data_27_V_U  |        0|   7|   0|    -|    16|   20|      320|
    |layer11_out_V_data_28_V_U  |        0|   7|   0|    -|    16|   20|      320|
    |layer11_out_V_data_29_V_U  |        0|   7|   0|    -|    16|   20|      320|
    |layer11_out_V_data_2_V_U   |        0|   7|   0|    -|    16|   20|      320|
    |layer11_out_V_data_30_V_U  |        0|   7|   0|    -|    16|   20|      320|
    |layer11_out_V_data_31_V_U  |        0|   7|   0|    -|    16|   20|      320|
    |layer11_out_V_data_3_V_U   |        0|   7|   0|    -|    16|   20|      320|
    |layer11_out_V_data_4_V_U   |        0|   7|   0|    -|    16|   20|      320|
    |layer11_out_V_data_5_V_U   |        0|   7|   0|    -|    16|   20|      320|
    |layer11_out_V_data_6_V_U   |        0|   7|   0|    -|    16|   20|      320|
    |layer11_out_V_data_7_V_U   |        0|   7|   0|    -|    16|   20|      320|
    |layer11_out_V_data_8_V_U   |        0|   7|   0|    -|    16|   20|      320|
    |layer11_out_V_data_9_V_U   |        0|   7|   0|    -|    16|   20|      320|
    |layer12_out_V_data_0_V_U   |        0|   5|   0|    -|     1|   16|       16|
    |layer12_out_V_data_10_V_U  |        0|   5|   0|    -|     1|   16|       16|
    |layer12_out_V_data_11_V_U  |        0|   5|   0|    -|     1|   16|       16|
    |layer12_out_V_data_12_V_U  |        0|   5|   0|    -|     1|   16|       16|
    |layer12_out_V_data_13_V_U  |        0|   5|   0|    -|     1|   16|       16|
    |layer12_out_V_data_14_V_U  |        0|   5|   0|    -|     1|   16|       16|
    |layer12_out_V_data_15_V_U  |        0|   5|   0|    -|     1|   16|       16|
    |layer12_out_V_data_16_V_U  |        0|   5|   0|    -|     1|   16|       16|
    |layer12_out_V_data_17_V_U  |        0|   5|   0|    -|     1|   16|       16|
    |layer12_out_V_data_18_V_U  |        0|   5|   0|    -|     1|   16|       16|
    |layer12_out_V_data_19_V_U  |        0|   5|   0|    -|     1|   16|       16|
    |layer12_out_V_data_1_V_U   |        0|   5|   0|    -|     1|   16|       16|
    |layer12_out_V_data_20_V_U  |        0|   5|   0|    -|     1|   16|       16|
    |layer12_out_V_data_21_V_U  |        0|   5|   0|    -|     1|   16|       16|
    |layer12_out_V_data_22_V_U  |        0|   5|   0|    -|     1|   16|       16|
    |layer12_out_V_data_23_V_U  |        0|   5|   0|    -|     1|   16|       16|
    |layer12_out_V_data_24_V_U  |        0|   5|   0|    -|     1|   16|       16|
    |layer12_out_V_data_25_V_U  |        0|   5|   0|    -|     1|   16|       16|
    |layer12_out_V_data_26_V_U  |        0|   5|   0|    -|     1|   16|       16|
    |layer12_out_V_data_27_V_U  |        0|   5|   0|    -|     1|   16|       16|
    |layer12_out_V_data_28_V_U  |        0|   5|   0|    -|     1|   16|       16|
    |layer12_out_V_data_29_V_U  |        0|   5|   0|    -|     1|   16|       16|
    |layer12_out_V_data_2_V_U   |        0|   5|   0|    -|     1|   16|       16|
    |layer12_out_V_data_30_V_U  |        0|   5|   0|    -|     1|   16|       16|
    |layer12_out_V_data_31_V_U  |        0|   5|   0|    -|     1|   16|       16|
    |layer12_out_V_data_3_V_U   |        0|   5|   0|    -|     1|   16|       16|
    |layer12_out_V_data_4_V_U   |        0|   5|   0|    -|     1|   16|       16|
    |layer12_out_V_data_5_V_U   |        0|   5|   0|    -|     1|   16|       16|
    |layer12_out_V_data_6_V_U   |        0|   5|   0|    -|     1|   16|       16|
    |layer12_out_V_data_7_V_U   |        0|   5|   0|    -|     1|   16|       16|
    |layer12_out_V_data_8_V_U   |        0|   5|   0|    -|     1|   16|       16|
    |layer12_out_V_data_9_V_U   |        0|   5|   0|    -|     1|   16|       16|
    |layer13_out_V_data_0_V_U   |        0|   5|   0|    -|     1|   30|       30|
    |layer13_out_V_data_10_V_U  |        0|   5|   0|    -|     1|   30|       30|
    |layer13_out_V_data_11_V_U  |        0|   5|   0|    -|     1|   30|       30|
    |layer13_out_V_data_12_V_U  |        0|   5|   0|    -|     1|   30|       30|
    |layer13_out_V_data_13_V_U  |        0|   5|   0|    -|     1|   30|       30|
    |layer13_out_V_data_14_V_U  |        0|   5|   0|    -|     1|   30|       30|
    |layer13_out_V_data_15_V_U  |        0|   5|   0|    -|     1|   30|       30|
    |layer13_out_V_data_16_V_U  |        0|   5|   0|    -|     1|   30|       30|
    |layer13_out_V_data_17_V_U  |        0|   5|   0|    -|     1|   30|       30|
    |layer13_out_V_data_18_V_U  |        0|   5|   0|    -|     1|   30|       30|
    |layer13_out_V_data_19_V_U  |        0|   5|   0|    -|     1|   30|       30|
    |layer13_out_V_data_1_V_U   |        0|   5|   0|    -|     1|   30|       30|
    |layer13_out_V_data_20_V_U  |        0|   5|   0|    -|     1|   30|       30|
    |layer13_out_V_data_21_V_U  |        0|   5|   0|    -|     1|   30|       30|
    |layer13_out_V_data_22_V_U  |        0|   5|   0|    -|     1|   30|       30|
    |layer13_out_V_data_23_V_U  |        0|   5|   0|    -|     1|   30|       30|
    |layer13_out_V_data_24_V_U  |        0|   5|   0|    -|     1|   30|       30|
    |layer13_out_V_data_25_V_U  |        0|   5|   0|    -|     1|   30|       30|
    |layer13_out_V_data_26_V_U  |        0|   5|   0|    -|     1|   30|       30|
    |layer13_out_V_data_27_V_U  |        0|   5|   0|    -|     1|   30|       30|
    |layer13_out_V_data_28_V_U  |        0|   5|   0|    -|     1|   30|       30|
    |layer13_out_V_data_29_V_U  |        0|   5|   0|    -|     1|   30|       30|
    |layer13_out_V_data_2_V_U   |        0|   5|   0|    -|     1|   30|       30|
    |layer13_out_V_data_30_V_U  |        0|   5|   0|    -|     1|   30|       30|
    |layer13_out_V_data_31_V_U  |        0|   5|   0|    -|     1|   30|       30|
    |layer13_out_V_data_3_V_U   |        0|   5|   0|    -|     1|   30|       30|
    |layer13_out_V_data_4_V_U   |        0|   5|   0|    -|     1|   30|       30|
    |layer13_out_V_data_5_V_U   |        0|   5|   0|    -|     1|   30|       30|
    |layer13_out_V_data_6_V_U   |        0|   5|   0|    -|     1|   30|       30|
    |layer13_out_V_data_7_V_U   |        0|   5|   0|    -|     1|   30|       30|
    |layer13_out_V_data_8_V_U   |        0|   5|   0|    -|     1|   30|       30|
    |layer13_out_V_data_9_V_U   |        0|   5|   0|    -|     1|   30|       30|
    |layer15_out_V_data_0_V_U   |        0|   5|   0|    -|     1|    8|        8|
    |layer15_out_V_data_10_V_U  |        0|   5|   0|    -|     1|    8|        8|
    |layer15_out_V_data_11_V_U  |        0|   5|   0|    -|     1|    8|        8|
    |layer15_out_V_data_12_V_U  |        0|   5|   0|    -|     1|    8|        8|
    |layer15_out_V_data_13_V_U  |        0|   5|   0|    -|     1|    8|        8|
    |layer15_out_V_data_14_V_U  |        0|   5|   0|    -|     1|    8|        8|
    |layer15_out_V_data_15_V_U  |        0|   5|   0|    -|     1|    8|        8|
    |layer15_out_V_data_16_V_U  |        0|   5|   0|    -|     1|    8|        8|
    |layer15_out_V_data_17_V_U  |        0|   5|   0|    -|     1|    8|        8|
    |layer15_out_V_data_18_V_U  |        0|   5|   0|    -|     1|    8|        8|
    |layer15_out_V_data_19_V_U  |        0|   5|   0|    -|     1|    8|        8|
    |layer15_out_V_data_1_V_U   |        0|   5|   0|    -|     1|    8|        8|
    |layer15_out_V_data_20_V_U  |        0|   5|   0|    -|     1|    8|        8|
    |layer15_out_V_data_21_V_U  |        0|   5|   0|    -|     1|    8|        8|
    |layer15_out_V_data_22_V_U  |        0|   5|   0|    -|     1|    8|        8|
    |layer15_out_V_data_23_V_U  |        0|   5|   0|    -|     1|    8|        8|
    |layer15_out_V_data_24_V_U  |        0|   5|   0|    -|     1|    8|        8|
    |layer15_out_V_data_25_V_U  |        0|   5|   0|    -|     1|    8|        8|
    |layer15_out_V_data_26_V_U  |        0|   5|   0|    -|     1|    8|        8|
    |layer15_out_V_data_27_V_U  |        0|   5|   0|    -|     1|    8|        8|
    |layer15_out_V_data_28_V_U  |        0|   5|   0|    -|     1|    8|        8|
    |layer15_out_V_data_29_V_U  |        0|   5|   0|    -|     1|    8|        8|
    |layer15_out_V_data_2_V_U   |        0|   5|   0|    -|     1|    8|        8|
    |layer15_out_V_data_30_V_U  |        0|   5|   0|    -|     1|    8|        8|
    |layer15_out_V_data_31_V_U  |        0|   5|   0|    -|     1|    8|        8|
    |layer15_out_V_data_3_V_U   |        0|   5|   0|    -|     1|    8|        8|
    |layer15_out_V_data_4_V_U   |        0|   5|   0|    -|     1|    8|        8|
    |layer15_out_V_data_5_V_U   |        0|   5|   0|    -|     1|    8|        8|
    |layer15_out_V_data_6_V_U   |        0|   5|   0|    -|     1|    8|        8|
    |layer15_out_V_data_7_V_U   |        0|   5|   0|    -|     1|    8|        8|
    |layer15_out_V_data_8_V_U   |        0|   5|   0|    -|     1|    8|        8|
    |layer15_out_V_data_9_V_U   |        0|   5|   0|    -|     1|    8|        8|
    |layer16_out_V_data_0_V_U   |        0|   5|   0|    -|     1|   22|       22|
    |layer16_out_V_data_1_V_U   |        0|   5|   0|    -|     1|   22|       22|
    |layer16_out_V_data_2_V_U   |        0|   5|   0|    -|     1|   22|       22|
    |layer16_out_V_data_3_V_U   |        0|   5|   0|    -|     1|   22|       22|
    |layer16_out_V_data_4_V_U   |        0|   5|   0|    -|     1|   22|       22|
    |layer19_out_V_data_0_V_U   |        0|   7|   0|    -|    16|   23|      368|
    |layer19_out_V_data_10_V_U  |        0|   7|   0|    -|    16|   23|      368|
    |layer19_out_V_data_11_V_U  |        0|   7|   0|    -|    16|   23|      368|
    |layer19_out_V_data_12_V_U  |        0|   7|   0|    -|    16|   23|      368|
    |layer19_out_V_data_13_V_U  |        0|   7|   0|    -|    16|   23|      368|
    |layer19_out_V_data_14_V_U  |        0|   7|   0|    -|    16|   23|      368|
    |layer19_out_V_data_15_V_U  |        0|   7|   0|    -|    16|   23|      368|
    |layer19_out_V_data_16_V_U  |        0|   7|   0|    -|    16|   23|      368|
    |layer19_out_V_data_17_V_U  |        0|   7|   0|    -|    16|   23|      368|
    |layer19_out_V_data_18_V_U  |        0|   7|   0|    -|    16|   23|      368|
    |layer19_out_V_data_19_V_U  |        0|   7|   0|    -|    16|   23|      368|
    |layer19_out_V_data_1_V_U   |        0|   7|   0|    -|    16|   23|      368|
    |layer19_out_V_data_20_V_U  |        0|   7|   0|    -|    16|   23|      368|
    |layer19_out_V_data_21_V_U  |        0|   7|   0|    -|    16|   23|      368|
    |layer19_out_V_data_22_V_U  |        0|   7|   0|    -|    16|   23|      368|
    |layer19_out_V_data_23_V_U  |        0|   7|   0|    -|    16|   23|      368|
    |layer19_out_V_data_24_V_U  |        0|   7|   0|    -|    16|   23|      368|
    |layer19_out_V_data_25_V_U  |        0|   7|   0|    -|    16|   23|      368|
    |layer19_out_V_data_26_V_U  |        0|   7|   0|    -|    16|   23|      368|
    |layer19_out_V_data_27_V_U  |        0|   7|   0|    -|    16|   23|      368|
    |layer19_out_V_data_28_V_U  |        0|   7|   0|    -|    16|   23|      368|
    |layer19_out_V_data_29_V_U  |        0|   7|   0|    -|    16|   23|      368|
    |layer19_out_V_data_2_V_U   |        0|   7|   0|    -|    16|   23|      368|
    |layer19_out_V_data_30_V_U  |        0|   7|   0|    -|    16|   23|      368|
    |layer19_out_V_data_31_V_U  |        0|   7|   0|    -|    16|   23|      368|
    |layer19_out_V_data_3_V_U   |        0|   7|   0|    -|    16|   23|      368|
    |layer19_out_V_data_4_V_U   |        0|   7|   0|    -|    16|   23|      368|
    |layer19_out_V_data_5_V_U   |        0|   7|   0|    -|    16|   23|      368|
    |layer19_out_V_data_6_V_U   |        0|   7|   0|    -|    16|   23|      368|
    |layer19_out_V_data_7_V_U   |        0|   7|   0|    -|    16|   23|      368|
    |layer19_out_V_data_8_V_U   |        0|   7|   0|    -|    16|   23|      368|
    |layer19_out_V_data_9_V_U   |        0|   7|   0|    -|    16|   23|      368|
    |layer20_out_V_data_0_V_U   |        0|   7|   0|    -|    16|   22|      352|
    |layer20_out_V_data_10_V_U  |        0|   7|   0|    -|    16|   22|      352|
    |layer20_out_V_data_11_V_U  |        0|   7|   0|    -|    16|   22|      352|
    |layer20_out_V_data_12_V_U  |        0|   7|   0|    -|    16|   22|      352|
    |layer20_out_V_data_13_V_U  |        0|   7|   0|    -|    16|   22|      352|
    |layer20_out_V_data_14_V_U  |        0|   7|   0|    -|    16|   22|      352|
    |layer20_out_V_data_15_V_U  |        0|   7|   0|    -|    16|   22|      352|
    |layer20_out_V_data_16_V_U  |        0|   7|   0|    -|    16|   22|      352|
    |layer20_out_V_data_17_V_U  |        0|   7|   0|    -|    16|   22|      352|
    |layer20_out_V_data_18_V_U  |        0|   7|   0|    -|    16|   22|      352|
    |layer20_out_V_data_19_V_U  |        0|   7|   0|    -|    16|   22|      352|
    |layer20_out_V_data_1_V_U   |        0|   7|   0|    -|    16|   22|      352|
    |layer20_out_V_data_20_V_U  |        0|   7|   0|    -|    16|   22|      352|
    |layer20_out_V_data_21_V_U  |        0|   7|   0|    -|    16|   22|      352|
    |layer20_out_V_data_22_V_U  |        0|   7|   0|    -|    16|   22|      352|
    |layer20_out_V_data_23_V_U  |        0|   7|   0|    -|    16|   22|      352|
    |layer20_out_V_data_24_V_U  |        0|   7|   0|    -|    16|   22|      352|
    |layer20_out_V_data_25_V_U  |        0|   7|   0|    -|    16|   22|      352|
    |layer20_out_V_data_26_V_U  |        0|   7|   0|    -|    16|   22|      352|
    |layer20_out_V_data_27_V_U  |        0|   7|   0|    -|    16|   22|      352|
    |layer20_out_V_data_28_V_U  |        0|   7|   0|    -|    16|   22|      352|
    |layer20_out_V_data_29_V_U  |        0|   7|   0|    -|    16|   22|      352|
    |layer20_out_V_data_2_V_U   |        0|   7|   0|    -|    16|   22|      352|
    |layer20_out_V_data_30_V_U  |        0|   7|   0|    -|    16|   22|      352|
    |layer20_out_V_data_31_V_U  |        0|   7|   0|    -|    16|   22|      352|
    |layer20_out_V_data_3_V_U   |        0|   7|   0|    -|    16|   22|      352|
    |layer20_out_V_data_4_V_U   |        0|   7|   0|    -|    16|   22|      352|
    |layer20_out_V_data_5_V_U   |        0|   7|   0|    -|    16|   22|      352|
    |layer20_out_V_data_6_V_U   |        0|   7|   0|    -|    16|   22|      352|
    |layer20_out_V_data_7_V_U   |        0|   7|   0|    -|    16|   22|      352|
    |layer20_out_V_data_8_V_U   |        0|   7|   0|    -|    16|   22|      352|
    |layer20_out_V_data_9_V_U   |        0|   7|   0|    -|    16|   22|      352|
    |layer21_out_V_data_0_V_U   |        0|   7|   0|    -|    16|   22|      352|
    |layer21_out_V_data_10_V_U  |        0|   7|   0|    -|    16|   22|      352|
    |layer21_out_V_data_11_V_U  |        0|   7|   0|    -|    16|   22|      352|
    |layer21_out_V_data_12_V_U  |        0|   7|   0|    -|    16|   22|      352|
    |layer21_out_V_data_13_V_U  |        0|   7|   0|    -|    16|   22|      352|
    |layer21_out_V_data_14_V_U  |        0|   7|   0|    -|    16|   22|      352|
    |layer21_out_V_data_15_V_U  |        0|   7|   0|    -|    16|   22|      352|
    |layer21_out_V_data_16_V_U  |        0|   7|   0|    -|    16|   22|      352|
    |layer21_out_V_data_17_V_U  |        0|   7|   0|    -|    16|   22|      352|
    |layer21_out_V_data_18_V_U  |        0|   7|   0|    -|    16|   22|      352|
    |layer21_out_V_data_19_V_U  |        0|   7|   0|    -|    16|   22|      352|
    |layer21_out_V_data_1_V_U   |        0|   7|   0|    -|    16|   22|      352|
    |layer21_out_V_data_20_V_U  |        0|   7|   0|    -|    16|   22|      352|
    |layer21_out_V_data_21_V_U  |        0|   7|   0|    -|    16|   22|      352|
    |layer21_out_V_data_22_V_U  |        0|   7|   0|    -|    16|   22|      352|
    |layer21_out_V_data_23_V_U  |        0|   7|   0|    -|    16|   22|      352|
    |layer21_out_V_data_24_V_U  |        0|   7|   0|    -|    16|   22|      352|
    |layer21_out_V_data_25_V_U  |        0|   7|   0|    -|    16|   22|      352|
    |layer21_out_V_data_26_V_U  |        0|   7|   0|    -|    16|   22|      352|
    |layer21_out_V_data_27_V_U  |        0|   7|   0|    -|    16|   22|      352|
    |layer21_out_V_data_28_V_U  |        0|   7|   0|    -|    16|   22|      352|
    |layer21_out_V_data_29_V_U  |        0|   7|   0|    -|    16|   22|      352|
    |layer21_out_V_data_2_V_U   |        0|   7|   0|    -|    16|   22|      352|
    |layer21_out_V_data_30_V_U  |        0|   7|   0|    -|    16|   22|      352|
    |layer21_out_V_data_31_V_U  |        0|   7|   0|    -|    16|   22|      352|
    |layer21_out_V_data_3_V_U   |        0|   7|   0|    -|    16|   22|      352|
    |layer21_out_V_data_4_V_U   |        0|   7|   0|    -|    16|   22|      352|
    |layer21_out_V_data_5_V_U   |        0|   7|   0|    -|    16|   22|      352|
    |layer21_out_V_data_6_V_U   |        0|   7|   0|    -|    16|   22|      352|
    |layer21_out_V_data_7_V_U   |        0|   7|   0|    -|    16|   22|      352|
    |layer21_out_V_data_8_V_U   |        0|   7|   0|    -|    16|   22|      352|
    |layer21_out_V_data_9_V_U   |        0|   7|   0|    -|    16|   22|      352|
    |layer4_out_V_data_0_V_U    |        0|   7|   0|    -|    16|    8|      128|
    |layer4_out_V_data_10_V_U   |        0|   7|   0|    -|    16|    8|      128|
    |layer4_out_V_data_11_V_U   |        0|   7|   0|    -|    16|    8|      128|
    |layer4_out_V_data_12_V_U   |        0|   7|   0|    -|    16|    8|      128|
    |layer4_out_V_data_13_V_U   |        0|   7|   0|    -|    16|    8|      128|
    |layer4_out_V_data_14_V_U   |        0|   7|   0|    -|    16|    8|      128|
    |layer4_out_V_data_15_V_U   |        0|   7|   0|    -|    16|    8|      128|
    |layer4_out_V_data_16_V_U   |        0|   7|   0|    -|    16|    8|      128|
    |layer4_out_V_data_17_V_U   |        0|   7|   0|    -|    16|    8|      128|
    |layer4_out_V_data_18_V_U   |        0|   7|   0|    -|    16|    8|      128|
    |layer4_out_V_data_19_V_U   |        0|   7|   0|    -|    16|    8|      128|
    |layer4_out_V_data_1_V_U    |        0|   7|   0|    -|    16|    8|      128|
    |layer4_out_V_data_20_V_U   |        0|   7|   0|    -|    16|    8|      128|
    |layer4_out_V_data_21_V_U   |        0|   7|   0|    -|    16|    8|      128|
    |layer4_out_V_data_22_V_U   |        0|   7|   0|    -|    16|    8|      128|
    |layer4_out_V_data_23_V_U   |        0|   7|   0|    -|    16|    8|      128|
    |layer4_out_V_data_24_V_U   |        0|   7|   0|    -|    16|    8|      128|
    |layer4_out_V_data_25_V_U   |        0|   7|   0|    -|    16|    8|      128|
    |layer4_out_V_data_26_V_U   |        0|   7|   0|    -|    16|    8|      128|
    |layer4_out_V_data_27_V_U   |        0|   7|   0|    -|    16|    8|      128|
    |layer4_out_V_data_28_V_U   |        0|   7|   0|    -|    16|    8|      128|
    |layer4_out_V_data_29_V_U   |        0|   7|   0|    -|    16|    8|      128|
    |layer4_out_V_data_2_V_U    |        0|   7|   0|    -|    16|    8|      128|
    |layer4_out_V_data_30_V_U   |        0|   7|   0|    -|    16|    8|      128|
    |layer4_out_V_data_31_V_U   |        0|   7|   0|    -|    16|    8|      128|
    |layer4_out_V_data_3_V_U    |        0|   7|   0|    -|    16|    8|      128|
    |layer4_out_V_data_4_V_U    |        0|   7|   0|    -|    16|    8|      128|
    |layer4_out_V_data_5_V_U    |        0|   7|   0|    -|    16|    8|      128|
    |layer4_out_V_data_6_V_U    |        0|   7|   0|    -|    16|    8|      128|
    |layer4_out_V_data_7_V_U    |        0|   7|   0|    -|    16|    8|      128|
    |layer4_out_V_data_8_V_U    |        0|   7|   0|    -|    16|    8|      128|
    |layer4_out_V_data_9_V_U    |        0|   7|   0|    -|    16|    8|      128|
    |layer7_out_V_data_0_V_U    |        0|   7|   0|    -|    16|    8|      128|
    |layer7_out_V_data_10_V_U   |        0|   7|   0|    -|    16|    8|      128|
    |layer7_out_V_data_11_V_U   |        0|   7|   0|    -|    16|    8|      128|
    |layer7_out_V_data_12_V_U   |        0|   7|   0|    -|    16|    8|      128|
    |layer7_out_V_data_13_V_U   |        0|   7|   0|    -|    16|    8|      128|
    |layer7_out_V_data_14_V_U   |        0|   7|   0|    -|    16|    8|      128|
    |layer7_out_V_data_15_V_U   |        0|   7|   0|    -|    16|    8|      128|
    |layer7_out_V_data_16_V_U   |        0|   7|   0|    -|    16|    8|      128|
    |layer7_out_V_data_17_V_U   |        0|   7|   0|    -|    16|    8|      128|
    |layer7_out_V_data_18_V_U   |        0|   7|   0|    -|    16|    8|      128|
    |layer7_out_V_data_19_V_U   |        0|   7|   0|    -|    16|    8|      128|
    |layer7_out_V_data_1_V_U    |        0|   7|   0|    -|    16|    8|      128|
    |layer7_out_V_data_20_V_U   |        0|   7|   0|    -|    16|    8|      128|
    |layer7_out_V_data_21_V_U   |        0|   7|   0|    -|    16|    8|      128|
    |layer7_out_V_data_22_V_U   |        0|   7|   0|    -|    16|    8|      128|
    |layer7_out_V_data_23_V_U   |        0|   7|   0|    -|    16|    8|      128|
    |layer7_out_V_data_24_V_U   |        0|   7|   0|    -|    16|    8|      128|
    |layer7_out_V_data_25_V_U   |        0|   7|   0|    -|    16|    8|      128|
    |layer7_out_V_data_26_V_U   |        0|   7|   0|    -|    16|    8|      128|
    |layer7_out_V_data_27_V_U   |        0|   7|   0|    -|    16|    8|      128|
    |layer7_out_V_data_28_V_U   |        0|   7|   0|    -|    16|    8|      128|
    |layer7_out_V_data_29_V_U   |        0|   7|   0|    -|    16|    8|      128|
    |layer7_out_V_data_2_V_U    |        0|   7|   0|    -|    16|    8|      128|
    |layer7_out_V_data_30_V_U   |        0|   7|   0|    -|    16|    8|      128|
    |layer7_out_V_data_31_V_U   |        0|   7|   0|    -|    16|    8|      128|
    |layer7_out_V_data_3_V_U    |        0|   7|   0|    -|    16|    8|      128|
    |layer7_out_V_data_4_V_U    |        0|   7|   0|    -|    16|    8|      128|
    |layer7_out_V_data_5_V_U    |        0|   7|   0|    -|    16|    8|      128|
    |layer7_out_V_data_6_V_U    |        0|   7|   0|    -|    16|    8|      128|
    |layer7_out_V_data_7_V_U    |        0|   7|   0|    -|    16|    8|      128|
    |layer7_out_V_data_8_V_U    |        0|   7|   0|    -|    16|    8|      128|
    |layer7_out_V_data_9_V_U    |        0|   7|   0|    -|    16|    8|      128|
    +---------------------------+---------+----+----+-----+------+-----+---------+
    |Total                      |        0|2073|   0|    0|  3685| 5390|    58670|
    +---------------------------+---------+----+----+-----+------+-----+---------+

    * Expression: 
    +--------------+----------+-------+---+----+------------+------------+
    | Variable Name| Operation| DSP48E| FF| LUT| Bitwidth P0| Bitwidth P1|
    +--------------+----------+-------+---+----+------------+------------+
    |ap_idle       |    and   |      0|  0|   2|           1|           1|
    +--------------+----------+-------+---+----+------------+------------+
    |Total         |          |      0|  0|   2|           1|           1|
    +--------------+----------+-------+---+----+------------+------------+

    * Multiplexer: 
    N/A

    * Register: 
    N/A



================================================================
== Interface
================================================================
* Summary: 
+-------------------------------+-----+-----+------------+-----------------------------------+--------------+
|           RTL Ports           | Dir | Bits|  Protocol  |           Source Object           |    C Type    |
+-------------------------------+-----+-----+------------+-----------------------------------+--------------+
|phi_input_V_data_0_V_TDATA     |  in |   16|    axis    |        phi_input_V_data_0_V       |    pointer   |
|phi_input_V_data_0_V_TVALID    |  in |    1|    axis    |        phi_input_V_data_0_V       |    pointer   |
|phi_input_V_data_0_V_TREADY    | out |    1|    axis    |        phi_input_V_data_0_V       |    pointer   |
|phi_input_V_data_1_V_TDATA     |  in |   16|    axis    |        phi_input_V_data_1_V       |    pointer   |
|phi_input_V_data_1_V_TVALID    |  in |    1|    axis    |        phi_input_V_data_1_V       |    pointer   |
|phi_input_V_data_1_V_TREADY    | out |    1|    axis    |        phi_input_V_data_1_V       |    pointer   |
|phi_input_V_data_2_V_TDATA     |  in |   16|    axis    |        phi_input_V_data_2_V       |    pointer   |
|phi_input_V_data_2_V_TVALID    |  in |    1|    axis    |        phi_input_V_data_2_V       |    pointer   |
|phi_input_V_data_2_V_TREADY    | out |    1|    axis    |        phi_input_V_data_2_V       |    pointer   |
|layer18_out_V_data_0_V_TDATA   | out |   16|    axis    |       layer18_out_V_data_0_V      |    pointer   |
|layer18_out_V_data_0_V_TVALID  | out |    1|    axis    |       layer18_out_V_data_0_V      |    pointer   |
|layer18_out_V_data_0_V_TREADY  |  in |    1|    axis    |       layer18_out_V_data_0_V      |    pointer   |
|layer18_out_V_data_1_V_TDATA   | out |   16|    axis    |       layer18_out_V_data_1_V      |    pointer   |
|layer18_out_V_data_1_V_TVALID  | out |    1|    axis    |       layer18_out_V_data_1_V      |    pointer   |
|layer18_out_V_data_1_V_TREADY  |  in |    1|    axis    |       layer18_out_V_data_1_V      |    pointer   |
|layer18_out_V_data_2_V_TDATA   | out |   16|    axis    |       layer18_out_V_data_2_V      |    pointer   |
|layer18_out_V_data_2_V_TVALID  | out |    1|    axis    |       layer18_out_V_data_2_V      |    pointer   |
|layer18_out_V_data_2_V_TREADY  |  in |    1|    axis    |       layer18_out_V_data_2_V      |    pointer   |
|layer18_out_V_data_3_V_TDATA   | out |   16|    axis    |       layer18_out_V_data_3_V      |    pointer   |
|layer18_out_V_data_3_V_TVALID  | out |    1|    axis    |       layer18_out_V_data_3_V      |    pointer   |
|layer18_out_V_data_3_V_TREADY  |  in |    1|    axis    |       layer18_out_V_data_3_V      |    pointer   |
|layer18_out_V_data_4_V_TDATA   | out |   16|    axis    |       layer18_out_V_data_4_V      |    pointer   |
|layer18_out_V_data_4_V_TVALID  | out |    1|    axis    |       layer18_out_V_data_4_V      |    pointer   |
|layer18_out_V_data_4_V_TREADY  |  in |    1|    axis    |       layer18_out_V_data_4_V      |    pointer   |
|ap_clk                         |  in |    1| ap_ctrl_hs | hls_deepset_pointwisePhi_iostream | return value |
|ap_rst_n                       |  in |    1| ap_ctrl_hs | hls_deepset_pointwisePhi_iostream | return value |
|ap_start                       |  in |    1| ap_ctrl_hs | hls_deepset_pointwisePhi_iostream | return value |
|ap_done                        | out |    1| ap_ctrl_hs | hls_deepset_pointwisePhi_iostream | return value |
|ap_ready                       | out |    1| ap_ctrl_hs | hls_deepset_pointwisePhi_iostream | return value |
|ap_idle                        | out |    1| ap_ctrl_hs | hls_deepset_pointwisePhi_iostream | return value |
+-------------------------------+-----+-----+------------+-----------------------------------+--------------+

