

================================================================
== Vivado HLS Report for 'linear_array_array_ap_fixed_20_11_4_0_0_32u_linear_config11_s'
================================================================
* Date:           Tue Dec 10 22:26:48 2024

* Version:        2020.1 (Build 2897737 on Wed May 27 20:21:37 MDT 2020)
* Project:        hls_deepset_pointwisePhi_iostream_prj
* Solution:       solution1
* Product family: virtexuplus
* Target device:  xcvu13p-flga2577-2-e


================================================================
== Performance Estimates
================================================================
+ Timing: 
    * Summary: 
    +--------+---------+----------+------------+
    |  Clock |  Target | Estimated| Uncertainty|
    +--------+---------+----------+------------+
    |ap_clk  | 5.00 ns | 2.916 ns |   0.62 ns  |
    +--------+---------+----------+------------+

+ Latency: 
    * Summary: 
    +---------+---------+-----------+-----------+-----+-----+---------+
    |  Latency (cycles) |   Latency (absolute)  |  Interval | Pipeline|
    |   min   |   max   |    min    |    max    | min | max |   Type  |
    +---------+---------+-----------+-----------+-----+-----+---------+
    |       18|       18| 90.000 ns | 90.000 ns |   18|   18|   none  |
    +---------+---------+-----------+-----------+-----+-----+---------+

    + Detail: 
        * Instance: 
        N/A

        * Loop: 
        +-----------------+---------+---------+----------+-----------+-----------+------+----------+
        |                 |  Latency (cycles) | Iteration|  Initiation Interval  | Trip |          |
        |    Loop Name    |   min   |   max   |  Latency |  achieved |   target  | Count| Pipelined|
        +-----------------+---------+---------+----------+-----------+-----------+------+----------+
        |- LinearActLoop  |       16|       16|         2|          1|          1|    16|    yes   |
        +-----------------+---------+---------+----------+-----------+-----------+------+----------+



================================================================
== Utilization Estimates
================================================================
* Summary: 
+---------------------+---------+-------+---------+---------+------+
|         Name        | BRAM_18K| DSP48E|    FF   |   LUT   | URAM |
+---------------------+---------+-------+---------+---------+------+
|DSP                  |        -|      -|        -|        -|     -|
|Expression           |        -|      -|        0|       40|     -|
|FIFO                 |        -|      -|        -|        -|     -|
|Instance             |        -|      -|        -|        -|     -|
|Memory               |        -|      -|        -|        -|     -|
|Multiplexer          |        -|      -|        -|      639|     -|
|Register             |        -|      -|       13|        -|     -|
+---------------------+---------+-------+---------+---------+------+
|Total                |        0|      0|       13|      679|     0|
+---------------------+---------+-------+---------+---------+------+
|Available SLR        |     1344|   3072|   864000|   432000|   320|
+---------------------+---------+-------+---------+---------+------+
|Utilization SLR (%)  |        0|      0|    ~0   |    ~0   |     0|
+---------------------+---------+-------+---------+---------+------+
|Available            |     5376|  12288|  3456000|  1728000|  1280|
+---------------------+---------+-------+---------+---------+------+
|Utilization (%)      |        0|      0|    ~0   |    ~0   |     0|
+---------------------+---------+-------+---------+---------+------+

+ Detail: 
    * Instance: 
    N/A

    * DSP48E: 
    N/A

    * Memory: 
    N/A

    * FIFO: 
    N/A

    * Expression: 
    +----------------------------------+----------+-------+---+----+------------+------------+
    |           Variable Name          | Operation| DSP48E| FF| LUT| Bitwidth P0| Bitwidth P1|
    +----------------------------------+----------+-------+---+----+------------+------------+
    |i_fu_1125_p2                      |     +    |      0|  0|  15|           5|           1|
    |ap_block_pp0_stage0_01001         |    and   |      0|  0|   2|           1|           1|
    |io_acc_block_signal_op175         |    and   |      0|  0|   2|           1|           1|
    |io_acc_block_signal_op78          |    and   |      0|  0|   2|           1|           1|
    |icmp_ln19_fu_1119_p2              |   icmp   |      0|  0|  11|           5|           6|
    |ap_block_state1                   |    or    |      0|  0|   2|           1|           1|
    |ap_block_state3_pp0_stage0_iter1  |    or    |      0|  0|   2|           1|           1|
    |ap_enable_pp0                     |    xor   |      0|  0|   2|           1|           2|
    |ap_enable_reg_pp0_iter1           |    xor   |      0|  0|   2|           2|           1|
    +----------------------------------+----------+-------+---+----+------------+------------+
    |Total                             |          |      0|  0|  40|          18|          15|
    +----------------------------------+----------+-------+---+----+------------+------------+

    * Multiplexer: 
    +-------------------------+----+-----------+-----+-----------+
    |           Name          | LUT| Input Size| Bits| Total Bits|
    +-------------------------+----+-----------+-----+-----------+
    |ap_NS_fsm                |  21|          4|    1|          4|
    |ap_done                  |   9|          2|    1|          2|
    |ap_enable_reg_pp0_iter1  |  15|          3|    1|          3|
    |data_V_data_0_V_blk_n    |   9|          2|    1|          2|
    |data_V_data_10_V_blk_n   |   9|          2|    1|          2|
    |data_V_data_11_V_blk_n   |   9|          2|    1|          2|
    |data_V_data_12_V_blk_n   |   9|          2|    1|          2|
    |data_V_data_13_V_blk_n   |   9|          2|    1|          2|
    |data_V_data_14_V_blk_n   |   9|          2|    1|          2|
    |data_V_data_15_V_blk_n   |   9|          2|    1|          2|
    |data_V_data_16_V_blk_n   |   9|          2|    1|          2|
    |data_V_data_17_V_blk_n   |   9|          2|    1|          2|
    |data_V_data_18_V_blk_n   |   9|          2|    1|          2|
    |data_V_data_19_V_blk_n   |   9|          2|    1|          2|
    |data_V_data_1_V_blk_n    |   9|          2|    1|          2|
    |data_V_data_20_V_blk_n   |   9|          2|    1|          2|
    |data_V_data_21_V_blk_n   |   9|          2|    1|          2|
    |data_V_data_22_V_blk_n   |   9|          2|    1|          2|
    |data_V_data_23_V_blk_n   |   9|          2|    1|          2|
    |data_V_data_24_V_blk_n   |   9|          2|    1|          2|
    |data_V_data_25_V_blk_n   |   9|          2|    1|          2|
    |data_V_data_26_V_blk_n   |   9|          2|    1|          2|
    |data_V_data_27_V_blk_n   |   9|          2|    1|          2|
    |data_V_data_28_V_blk_n   |   9|          2|    1|          2|
    |data_V_data_29_V_blk_n   |   9|          2|    1|          2|
    |data_V_data_2_V_blk_n    |   9|          2|    1|          2|
    |data_V_data_30_V_blk_n   |   9|          2|    1|          2|
    |data_V_data_31_V_blk_n   |   9|          2|    1|          2|
    |data_V_data_3_V_blk_n    |   9|          2|    1|          2|
    |data_V_data_4_V_blk_n    |   9|          2|    1|          2|
    |data_V_data_5_V_blk_n    |   9|          2|    1|          2|
    |data_V_data_6_V_blk_n    |   9|          2|    1|          2|
    |data_V_data_7_V_blk_n    |   9|          2|    1|          2|
    |data_V_data_8_V_blk_n    |   9|          2|    1|          2|
    |data_V_data_9_V_blk_n    |   9|          2|    1|          2|
    |i_0_reg_1108             |   9|          2|    5|         10|
    |real_start               |   9|          2|    1|          2|
    |res_V_data_0_V_blk_n     |   9|          2|    1|          2|
    |res_V_data_10_V_blk_n    |   9|          2|    1|          2|
    |res_V_data_11_V_blk_n    |   9|          2|    1|          2|
    |res_V_data_12_V_blk_n    |   9|          2|    1|          2|
    |res_V_data_13_V_blk_n    |   9|          2|    1|          2|
    |res_V_data_14_V_blk_n    |   9|          2|    1|          2|
    |res_V_data_15_V_blk_n    |   9|          2|    1|          2|
    |res_V_data_16_V_blk_n    |   9|          2|    1|          2|
    |res_V_data_17_V_blk_n    |   9|          2|    1|          2|
    |res_V_data_18_V_blk_n    |   9|          2|    1|          2|
    |res_V_data_19_V_blk_n    |   9|          2|    1|          2|
    |res_V_data_1_V_blk_n     |   9|          2|    1|          2|
    |res_V_data_20_V_blk_n    |   9|          2|    1|          2|
    |res_V_data_21_V_blk_n    |   9|          2|    1|          2|
    |res_V_data_22_V_blk_n    |   9|          2|    1|          2|
    |res_V_data_23_V_blk_n    |   9|          2|    1|          2|
    |res_V_data_24_V_blk_n    |   9|          2|    1|          2|
    |res_V_data_25_V_blk_n    |   9|          2|    1|          2|
    |res_V_data_26_V_blk_n    |   9|          2|    1|          2|
    |res_V_data_27_V_blk_n    |   9|          2|    1|          2|
    |res_V_data_28_V_blk_n    |   9|          2|    1|          2|
    |res_V_data_29_V_blk_n    |   9|          2|    1|          2|
    |res_V_data_2_V_blk_n     |   9|          2|    1|          2|
    |res_V_data_30_V_blk_n    |   9|          2|    1|          2|
    |res_V_data_31_V_blk_n    |   9|          2|    1|          2|
    |res_V_data_3_V_blk_n     |   9|          2|    1|          2|
    |res_V_data_4_V_blk_n     |   9|          2|    1|          2|
    |res_V_data_5_V_blk_n     |   9|          2|    1|          2|
    |res_V_data_6_V_blk_n     |   9|          2|    1|          2|
    |res_V_data_7_V_blk_n     |   9|          2|    1|          2|
    |res_V_data_8_V_blk_n     |   9|          2|    1|          2|
    |res_V_data_9_V_blk_n     |   9|          2|    1|          2|
    +-------------------------+----+-----------+-----+-----------+
    |Total                    | 639|        141|   73|        149|
    +-------------------------+----+-----------+-----+-----------+

    * Register: 
    +-------------------------+---+----+-----+-----------+
    |           Name          | FF| LUT| Bits| Const Bits|
    +-------------------------+---+----+-----+-----------+
    |ap_CS_fsm                |  3|   0|    3|          0|
    |ap_done_reg              |  1|   0|    1|          0|
    |ap_enable_reg_pp0_iter0  |  1|   0|    1|          0|
    |ap_enable_reg_pp0_iter1  |  1|   0|    1|          0|
    |i_0_reg_1108             |  5|   0|    5|          0|
    |icmp_ln19_reg_1675       |  1|   0|    1|          0|
    |start_once_reg           |  1|   0|    1|          0|
    +-------------------------+---+----+-----+-----------+
    |Total                    | 13|   0|   13|          0|
    +-------------------------+---+----+-----+-----------+



================================================================
== Interface
================================================================
* Summary: 
+--------------------------+-----+-----+------------+----------------------------------------------------------------+--------------+
|         RTL Ports        | Dir | Bits|  Protocol  |                          Source Object                         |    C Type    |
+--------------------------+-----+-----+------------+----------------------------------------------------------------+--------------+
|ap_clk                    |  in |    1| ap_ctrl_hs | linear<array,array<ap_fixed<20,11,4,0,0>,32u>,linear_config11> | return value |
|ap_rst                    |  in |    1| ap_ctrl_hs | linear<array,array<ap_fixed<20,11,4,0,0>,32u>,linear_config11> | return value |
|ap_start                  |  in |    1| ap_ctrl_hs | linear<array,array<ap_fixed<20,11,4,0,0>,32u>,linear_config11> | return value |
|start_full_n              |  in |    1| ap_ctrl_hs | linear<array,array<ap_fixed<20,11,4,0,0>,32u>,linear_config11> | return value |
|ap_done                   | out |    1| ap_ctrl_hs | linear<array,array<ap_fixed<20,11,4,0,0>,32u>,linear_config11> | return value |
|ap_continue               |  in |    1| ap_ctrl_hs | linear<array,array<ap_fixed<20,11,4,0,0>,32u>,linear_config11> | return value |
|ap_idle                   | out |    1| ap_ctrl_hs | linear<array,array<ap_fixed<20,11,4,0,0>,32u>,linear_config11> | return value |
|ap_ready                  | out |    1| ap_ctrl_hs | linear<array,array<ap_fixed<20,11,4,0,0>,32u>,linear_config11> | return value |
|start_out                 | out |    1| ap_ctrl_hs | linear<array,array<ap_fixed<20,11,4,0,0>,32u>,linear_config11> | return value |
|start_write               | out |    1| ap_ctrl_hs | linear<array,array<ap_fixed<20,11,4,0,0>,32u>,linear_config11> | return value |
|data_V_data_0_V_dout      |  in |    8|   ap_fifo  |                         data_V_data_0_V                        |    pointer   |
|data_V_data_0_V_empty_n   |  in |    1|   ap_fifo  |                         data_V_data_0_V                        |    pointer   |
|data_V_data_0_V_read      | out |    1|   ap_fifo  |                         data_V_data_0_V                        |    pointer   |
|data_V_data_1_V_dout      |  in |    8|   ap_fifo  |                         data_V_data_1_V                        |    pointer   |
|data_V_data_1_V_empty_n   |  in |    1|   ap_fifo  |                         data_V_data_1_V                        |    pointer   |
|data_V_data_1_V_read      | out |    1|   ap_fifo  |                         data_V_data_1_V                        |    pointer   |
|data_V_data_2_V_dout      |  in |    8|   ap_fifo  |                         data_V_data_2_V                        |    pointer   |
|data_V_data_2_V_empty_n   |  in |    1|   ap_fifo  |                         data_V_data_2_V                        |    pointer   |
|data_V_data_2_V_read      | out |    1|   ap_fifo  |                         data_V_data_2_V                        |    pointer   |
|data_V_data_3_V_dout      |  in |    8|   ap_fifo  |                         data_V_data_3_V                        |    pointer   |
|data_V_data_3_V_empty_n   |  in |    1|   ap_fifo  |                         data_V_data_3_V                        |    pointer   |
|data_V_data_3_V_read      | out |    1|   ap_fifo  |                         data_V_data_3_V                        |    pointer   |
|data_V_data_4_V_dout      |  in |    8|   ap_fifo  |                         data_V_data_4_V                        |    pointer   |
|data_V_data_4_V_empty_n   |  in |    1|   ap_fifo  |                         data_V_data_4_V                        |    pointer   |
|data_V_data_4_V_read      | out |    1|   ap_fifo  |                         data_V_data_4_V                        |    pointer   |
|data_V_data_5_V_dout      |  in |    8|   ap_fifo  |                         data_V_data_5_V                        |    pointer   |
|data_V_data_5_V_empty_n   |  in |    1|   ap_fifo  |                         data_V_data_5_V                        |    pointer   |
|data_V_data_5_V_read      | out |    1|   ap_fifo  |                         data_V_data_5_V                        |    pointer   |
|data_V_data_6_V_dout      |  in |    8|   ap_fifo  |                         data_V_data_6_V                        |    pointer   |
|data_V_data_6_V_empty_n   |  in |    1|   ap_fifo  |                         data_V_data_6_V                        |    pointer   |
|data_V_data_6_V_read      | out |    1|   ap_fifo  |                         data_V_data_6_V                        |    pointer   |
|data_V_data_7_V_dout      |  in |    8|   ap_fifo  |                         data_V_data_7_V                        |    pointer   |
|data_V_data_7_V_empty_n   |  in |    1|   ap_fifo  |                         data_V_data_7_V                        |    pointer   |
|data_V_data_7_V_read      | out |    1|   ap_fifo  |                         data_V_data_7_V                        |    pointer   |
|data_V_data_8_V_dout      |  in |    8|   ap_fifo  |                         data_V_data_8_V                        |    pointer   |
|data_V_data_8_V_empty_n   |  in |    1|   ap_fifo  |                         data_V_data_8_V                        |    pointer   |
|data_V_data_8_V_read      | out |    1|   ap_fifo  |                         data_V_data_8_V                        |    pointer   |
|data_V_data_9_V_dout      |  in |    8|   ap_fifo  |                         data_V_data_9_V                        |    pointer   |
|data_V_data_9_V_empty_n   |  in |    1|   ap_fifo  |                         data_V_data_9_V                        |    pointer   |
|data_V_data_9_V_read      | out |    1|   ap_fifo  |                         data_V_data_9_V                        |    pointer   |
|data_V_data_10_V_dout     |  in |    8|   ap_fifo  |                        data_V_data_10_V                        |    pointer   |
|data_V_data_10_V_empty_n  |  in |    1|   ap_fifo  |                        data_V_data_10_V                        |    pointer   |
|data_V_data_10_V_read     | out |    1|   ap_fifo  |                        data_V_data_10_V                        |    pointer   |
|data_V_data_11_V_dout     |  in |    8|   ap_fifo  |                        data_V_data_11_V                        |    pointer   |
|data_V_data_11_V_empty_n  |  in |    1|   ap_fifo  |                        data_V_data_11_V                        |    pointer   |
|data_V_data_11_V_read     | out |    1|   ap_fifo  |                        data_V_data_11_V                        |    pointer   |
|data_V_data_12_V_dout     |  in |    8|   ap_fifo  |                        data_V_data_12_V                        |    pointer   |
|data_V_data_12_V_empty_n  |  in |    1|   ap_fifo  |                        data_V_data_12_V                        |    pointer   |
|data_V_data_12_V_read     | out |    1|   ap_fifo  |                        data_V_data_12_V                        |    pointer   |
|data_V_data_13_V_dout     |  in |    8|   ap_fifo  |                        data_V_data_13_V                        |    pointer   |
|data_V_data_13_V_empty_n  |  in |    1|   ap_fifo  |                        data_V_data_13_V                        |    pointer   |
|data_V_data_13_V_read     | out |    1|   ap_fifo  |                        data_V_data_13_V                        |    pointer   |
|data_V_data_14_V_dout     |  in |    8|   ap_fifo  |                        data_V_data_14_V                        |    pointer   |
|data_V_data_14_V_empty_n  |  in |    1|   ap_fifo  |                        data_V_data_14_V                        |    pointer   |
|data_V_data_14_V_read     | out |    1|   ap_fifo  |                        data_V_data_14_V                        |    pointer   |
|data_V_data_15_V_dout     |  in |    8|   ap_fifo  |                        data_V_data_15_V                        |    pointer   |
|data_V_data_15_V_empty_n  |  in |    1|   ap_fifo  |                        data_V_data_15_V                        |    pointer   |
|data_V_data_15_V_read     | out |    1|   ap_fifo  |                        data_V_data_15_V                        |    pointer   |
|data_V_data_16_V_dout     |  in |    8|   ap_fifo  |                        data_V_data_16_V                        |    pointer   |
|data_V_data_16_V_empty_n  |  in |    1|   ap_fifo  |                        data_V_data_16_V                        |    pointer   |
|data_V_data_16_V_read     | out |    1|   ap_fifo  |                        data_V_data_16_V                        |    pointer   |
|data_V_data_17_V_dout     |  in |    8|   ap_fifo  |                        data_V_data_17_V                        |    pointer   |
|data_V_data_17_V_empty_n  |  in |    1|   ap_fifo  |                        data_V_data_17_V                        |    pointer   |
|data_V_data_17_V_read     | out |    1|   ap_fifo  |                        data_V_data_17_V                        |    pointer   |
|data_V_data_18_V_dout     |  in |    8|   ap_fifo  |                        data_V_data_18_V                        |    pointer   |
|data_V_data_18_V_empty_n  |  in |    1|   ap_fifo  |                        data_V_data_18_V                        |    pointer   |
|data_V_data_18_V_read     | out |    1|   ap_fifo  |                        data_V_data_18_V                        |    pointer   |
|data_V_data_19_V_dout     |  in |    8|   ap_fifo  |                        data_V_data_19_V                        |    pointer   |
|data_V_data_19_V_empty_n  |  in |    1|   ap_fifo  |                        data_V_data_19_V                        |    pointer   |
|data_V_data_19_V_read     | out |    1|   ap_fifo  |                        data_V_data_19_V                        |    pointer   |
|data_V_data_20_V_dout     |  in |    8|   ap_fifo  |                        data_V_data_20_V                        |    pointer   |
|data_V_data_20_V_empty_n  |  in |    1|   ap_fifo  |                        data_V_data_20_V                        |    pointer   |
|data_V_data_20_V_read     | out |    1|   ap_fifo  |                        data_V_data_20_V                        |    pointer   |
|data_V_data_21_V_dout     |  in |    8|   ap_fifo  |                        data_V_data_21_V                        |    pointer   |
|data_V_data_21_V_empty_n  |  in |    1|   ap_fifo  |                        data_V_data_21_V                        |    pointer   |
|data_V_data_21_V_read     | out |    1|   ap_fifo  |                        data_V_data_21_V                        |    pointer   |
|data_V_data_22_V_dout     |  in |    8|   ap_fifo  |                        data_V_data_22_V                        |    pointer   |
|data_V_data_22_V_empty_n  |  in |    1|   ap_fifo  |                        data_V_data_22_V                        |    pointer   |
|data_V_data_22_V_read     | out |    1|   ap_fifo  |                        data_V_data_22_V                        |    pointer   |
|data_V_data_23_V_dout     |  in |    8|   ap_fifo  |                        data_V_data_23_V                        |    pointer   |
|data_V_data_23_V_empty_n  |  in |    1|   ap_fifo  |                        data_V_data_23_V                        |    pointer   |
|data_V_data_23_V_read     | out |    1|   ap_fifo  |                        data_V_data_23_V                        |    pointer   |
|data_V_data_24_V_dout     |  in |    8|   ap_fifo  |                        data_V_data_24_V                        |    pointer   |
|data_V_data_24_V_empty_n  |  in |    1|   ap_fifo  |                        data_V_data_24_V                        |    pointer   |
|data_V_data_24_V_read     | out |    1|   ap_fifo  |                        data_V_data_24_V                        |    pointer   |
|data_V_data_25_V_dout     |  in |    8|   ap_fifo  |                        data_V_data_25_V                        |    pointer   |
|data_V_data_25_V_empty_n  |  in |    1|   ap_fifo  |                        data_V_data_25_V                        |    pointer   |
|data_V_data_25_V_read     | out |    1|   ap_fifo  |                        data_V_data_25_V                        |    pointer   |
|data_V_data_26_V_dout     |  in |    8|   ap_fifo  |                        data_V_data_26_V                        |    pointer   |
|data_V_data_26_V_empty_n  |  in |    1|   ap_fifo  |                        data_V_data_26_V                        |    pointer   |
|data_V_data_26_V_read     | out |    1|   ap_fifo  |                        data_V_data_26_V                        |    pointer   |
|data_V_data_27_V_dout     |  in |    8|   ap_fifo  |                        data_V_data_27_V                        |    pointer   |
|data_V_data_27_V_empty_n  |  in |    1|   ap_fifo  |                        data_V_data_27_V                        |    pointer   |
|data_V_data_27_V_read     | out |    1|   ap_fifo  |                        data_V_data_27_V                        |    pointer   |
|data_V_data_28_V_dout     |  in |    8|   ap_fifo  |                        data_V_data_28_V                        |    pointer   |
|data_V_data_28_V_empty_n  |  in |    1|   ap_fifo  |                        data_V_data_28_V                        |    pointer   |
|data_V_data_28_V_read     | out |    1|   ap_fifo  |                        data_V_data_28_V                        |    pointer   |
|data_V_data_29_V_dout     |  in |    8|   ap_fifo  |                        data_V_data_29_V                        |    pointer   |
|data_V_data_29_V_empty_n  |  in |    1|   ap_fifo  |                        data_V_data_29_V                        |    pointer   |
|data_V_data_29_V_read     | out |    1|   ap_fifo  |                        data_V_data_29_V                        |    pointer   |
|data_V_data_30_V_dout     |  in |    8|   ap_fifo  |                        data_V_data_30_V                        |    pointer   |
|data_V_data_30_V_empty_n  |  in |    1|   ap_fifo  |                        data_V_data_30_V                        |    pointer   |
|data_V_data_30_V_read     | out |    1|   ap_fifo  |                        data_V_data_30_V                        |    pointer   |
|data_V_data_31_V_dout     |  in |    8|   ap_fifo  |                        data_V_data_31_V                        |    pointer   |
|data_V_data_31_V_empty_n  |  in |    1|   ap_fifo  |                        data_V_data_31_V                        |    pointer   |
|data_V_data_31_V_read     | out |    1|   ap_fifo  |                        data_V_data_31_V                        |    pointer   |
|res_V_data_0_V_din        | out |   20|   ap_fifo  |                         res_V_data_0_V                         |    pointer   |
|res_V_data_0_V_full_n     |  in |    1|   ap_fifo  |                         res_V_data_0_V                         |    pointer   |
|res_V_data_0_V_write      | out |    1|   ap_fifo  |                         res_V_data_0_V                         |    pointer   |
|res_V_data_1_V_din        | out |   20|   ap_fifo  |                         res_V_data_1_V                         |    pointer   |
|res_V_data_1_V_full_n     |  in |    1|   ap_fifo  |                         res_V_data_1_V                         |    pointer   |
|res_V_data_1_V_write      | out |    1|   ap_fifo  |                         res_V_data_1_V                         |    pointer   |
|res_V_data_2_V_din        | out |   20|   ap_fifo  |                         res_V_data_2_V                         |    pointer   |
|res_V_data_2_V_full_n     |  in |    1|   ap_fifo  |                         res_V_data_2_V                         |    pointer   |
|res_V_data_2_V_write      | out |    1|   ap_fifo  |                         res_V_data_2_V                         |    pointer   |
|res_V_data_3_V_din        | out |   20|   ap_fifo  |                         res_V_data_3_V                         |    pointer   |
|res_V_data_3_V_full_n     |  in |    1|   ap_fifo  |                         res_V_data_3_V                         |    pointer   |
|res_V_data_3_V_write      | out |    1|   ap_fifo  |                         res_V_data_3_V                         |    pointer   |
|res_V_data_4_V_din        | out |   20|   ap_fifo  |                         res_V_data_4_V                         |    pointer   |
|res_V_data_4_V_full_n     |  in |    1|   ap_fifo  |                         res_V_data_4_V                         |    pointer   |
|res_V_data_4_V_write      | out |    1|   ap_fifo  |                         res_V_data_4_V                         |    pointer   |
|res_V_data_5_V_din        | out |   20|   ap_fifo  |                         res_V_data_5_V                         |    pointer   |
|res_V_data_5_V_full_n     |  in |    1|   ap_fifo  |                         res_V_data_5_V                         |    pointer   |
|res_V_data_5_V_write      | out |    1|   ap_fifo  |                         res_V_data_5_V                         |    pointer   |
|res_V_data_6_V_din        | out |   20|   ap_fifo  |                         res_V_data_6_V                         |    pointer   |
|res_V_data_6_V_full_n     |  in |    1|   ap_fifo  |                         res_V_data_6_V                         |    pointer   |
|res_V_data_6_V_write      | out |    1|   ap_fifo  |                         res_V_data_6_V                         |    pointer   |
|res_V_data_7_V_din        | out |   20|   ap_fifo  |                         res_V_data_7_V                         |    pointer   |
|res_V_data_7_V_full_n     |  in |    1|   ap_fifo  |                         res_V_data_7_V                         |    pointer   |
|res_V_data_7_V_write      | out |    1|   ap_fifo  |                         res_V_data_7_V                         |    pointer   |
|res_V_data_8_V_din        | out |   20|   ap_fifo  |                         res_V_data_8_V                         |    pointer   |
|res_V_data_8_V_full_n     |  in |    1|   ap_fifo  |                         res_V_data_8_V                         |    pointer   |
|res_V_data_8_V_write      | out |    1|   ap_fifo  |                         res_V_data_8_V                         |    pointer   |
|res_V_data_9_V_din        | out |   20|   ap_fifo  |                         res_V_data_9_V                         |    pointer   |
|res_V_data_9_V_full_n     |  in |    1|   ap_fifo  |                         res_V_data_9_V                         |    pointer   |
|res_V_data_9_V_write      | out |    1|   ap_fifo  |                         res_V_data_9_V                         |    pointer   |
|res_V_data_10_V_din       | out |   20|   ap_fifo  |                         res_V_data_10_V                        |    pointer   |
|res_V_data_10_V_full_n    |  in |    1|   ap_fifo  |                         res_V_data_10_V                        |    pointer   |
|res_V_data_10_V_write     | out |    1|   ap_fifo  |                         res_V_data_10_V                        |    pointer   |
|res_V_data_11_V_din       | out |   20|   ap_fifo  |                         res_V_data_11_V                        |    pointer   |
|res_V_data_11_V_full_n    |  in |    1|   ap_fifo  |                         res_V_data_11_V                        |    pointer   |
|res_V_data_11_V_write     | out |    1|   ap_fifo  |                         res_V_data_11_V                        |    pointer   |
|res_V_data_12_V_din       | out |   20|   ap_fifo  |                         res_V_data_12_V                        |    pointer   |
|res_V_data_12_V_full_n    |  in |    1|   ap_fifo  |                         res_V_data_12_V                        |    pointer   |
|res_V_data_12_V_write     | out |    1|   ap_fifo  |                         res_V_data_12_V                        |    pointer   |
|res_V_data_13_V_din       | out |   20|   ap_fifo  |                         res_V_data_13_V                        |    pointer   |
|res_V_data_13_V_full_n    |  in |    1|   ap_fifo  |                         res_V_data_13_V                        |    pointer   |
|res_V_data_13_V_write     | out |    1|   ap_fifo  |                         res_V_data_13_V                        |    pointer   |
|res_V_data_14_V_din       | out |   20|   ap_fifo  |                         res_V_data_14_V                        |    pointer   |
|res_V_data_14_V_full_n    |  in |    1|   ap_fifo  |                         res_V_data_14_V                        |    pointer   |
|res_V_data_14_V_write     | out |    1|   ap_fifo  |                         res_V_data_14_V                        |    pointer   |
|res_V_data_15_V_din       | out |   20|   ap_fifo  |                         res_V_data_15_V                        |    pointer   |
|res_V_data_15_V_full_n    |  in |    1|   ap_fifo  |                         res_V_data_15_V                        |    pointer   |
|res_V_data_15_V_write     | out |    1|   ap_fifo  |                         res_V_data_15_V                        |    pointer   |
|res_V_data_16_V_din       | out |   20|   ap_fifo  |                         res_V_data_16_V                        |    pointer   |
|res_V_data_16_V_full_n    |  in |    1|   ap_fifo  |                         res_V_data_16_V                        |    pointer   |
|res_V_data_16_V_write     | out |    1|   ap_fifo  |                         res_V_data_16_V                        |    pointer   |
|res_V_data_17_V_din       | out |   20|   ap_fifo  |                         res_V_data_17_V                        |    pointer   |
|res_V_data_17_V_full_n    |  in |    1|   ap_fifo  |                         res_V_data_17_V                        |    pointer   |
|res_V_data_17_V_write     | out |    1|   ap_fifo  |                         res_V_data_17_V                        |    pointer   |
|res_V_data_18_V_din       | out |   20|   ap_fifo  |                         res_V_data_18_V                        |    pointer   |
|res_V_data_18_V_full_n    |  in |    1|   ap_fifo  |                         res_V_data_18_V                        |    pointer   |
|res_V_data_18_V_write     | out |    1|   ap_fifo  |                         res_V_data_18_V                        |    pointer   |
|res_V_data_19_V_din       | out |   20|   ap_fifo  |                         res_V_data_19_V                        |    pointer   |
|res_V_data_19_V_full_n    |  in |    1|   ap_fifo  |                         res_V_data_19_V                        |    pointer   |
|res_V_data_19_V_write     | out |    1|   ap_fifo  |                         res_V_data_19_V                        |    pointer   |
|res_V_data_20_V_din       | out |   20|   ap_fifo  |                         res_V_data_20_V                        |    pointer   |
|res_V_data_20_V_full_n    |  in |    1|   ap_fifo  |                         res_V_data_20_V                        |    pointer   |
|res_V_data_20_V_write     | out |    1|   ap_fifo  |                         res_V_data_20_V                        |    pointer   |
|res_V_data_21_V_din       | out |   20|   ap_fifo  |                         res_V_data_21_V                        |    pointer   |
|res_V_data_21_V_full_n    |  in |    1|   ap_fifo  |                         res_V_data_21_V                        |    pointer   |
|res_V_data_21_V_write     | out |    1|   ap_fifo  |                         res_V_data_21_V                        |    pointer   |
|res_V_data_22_V_din       | out |   20|   ap_fifo  |                         res_V_data_22_V                        |    pointer   |
|res_V_data_22_V_full_n    |  in |    1|   ap_fifo  |                         res_V_data_22_V                        |    pointer   |
|res_V_data_22_V_write     | out |    1|   ap_fifo  |                         res_V_data_22_V                        |    pointer   |
|res_V_data_23_V_din       | out |   20|   ap_fifo  |                         res_V_data_23_V                        |    pointer   |
|res_V_data_23_V_full_n    |  in |    1|   ap_fifo  |                         res_V_data_23_V                        |    pointer   |
|res_V_data_23_V_write     | out |    1|   ap_fifo  |                         res_V_data_23_V                        |    pointer   |
|res_V_data_24_V_din       | out |   20|   ap_fifo  |                         res_V_data_24_V                        |    pointer   |
|res_V_data_24_V_full_n    |  in |    1|   ap_fifo  |                         res_V_data_24_V                        |    pointer   |
|res_V_data_24_V_write     | out |    1|   ap_fifo  |                         res_V_data_24_V                        |    pointer   |
|res_V_data_25_V_din       | out |   20|   ap_fifo  |                         res_V_data_25_V                        |    pointer   |
|res_V_data_25_V_full_n    |  in |    1|   ap_fifo  |                         res_V_data_25_V                        |    pointer   |
|res_V_data_25_V_write     | out |    1|   ap_fifo  |                         res_V_data_25_V                        |    pointer   |
|res_V_data_26_V_din       | out |   20|   ap_fifo  |                         res_V_data_26_V                        |    pointer   |
|res_V_data_26_V_full_n    |  in |    1|   ap_fifo  |                         res_V_data_26_V                        |    pointer   |
|res_V_data_26_V_write     | out |    1|   ap_fifo  |                         res_V_data_26_V                        |    pointer   |
|res_V_data_27_V_din       | out |   20|   ap_fifo  |                         res_V_data_27_V                        |    pointer   |
|res_V_data_27_V_full_n    |  in |    1|   ap_fifo  |                         res_V_data_27_V                        |    pointer   |
|res_V_data_27_V_write     | out |    1|   ap_fifo  |                         res_V_data_27_V                        |    pointer   |
|res_V_data_28_V_din       | out |   20|   ap_fifo  |                         res_V_data_28_V                        |    pointer   |
|res_V_data_28_V_full_n    |  in |    1|   ap_fifo  |                         res_V_data_28_V                        |    pointer   |
|res_V_data_28_V_write     | out |    1|   ap_fifo  |                         res_V_data_28_V                        |    pointer   |
|res_V_data_29_V_din       | out |   20|   ap_fifo  |                         res_V_data_29_V                        |    pointer   |
|res_V_data_29_V_full_n    |  in |    1|   ap_fifo  |                         res_V_data_29_V                        |    pointer   |
|res_V_data_29_V_write     | out |    1|   ap_fifo  |                         res_V_data_29_V                        |    pointer   |
|res_V_data_30_V_din       | out |   20|   ap_fifo  |                         res_V_data_30_V                        |    pointer   |
|res_V_data_30_V_full_n    |  in |    1|   ap_fifo  |                         res_V_data_30_V                        |    pointer   |
|res_V_data_30_V_write     | out |    1|   ap_fifo  |                         res_V_data_30_V                        |    pointer   |
|res_V_data_31_V_din       | out |   20|   ap_fifo  |                         res_V_data_31_V                        |    pointer   |
|res_V_data_31_V_full_n    |  in |    1|   ap_fifo  |                         res_V_data_31_V                        |    pointer   |
|res_V_data_31_V_write     | out |    1|   ap_fifo  |                         res_V_data_31_V                        |    pointer   |
+--------------------------+-----+-----+------------+----------------------------------------------------------------+--------------+

