

================================================================
== Vivado HLS Report for 'relu_array_ap_fixed_32u_array_ap_ufixed_8_0_4_0_0_32u_relu_config4_s'
================================================================
* Date:           Tue Dec 10 22:25:49 2024

* Version:        2020.1 (Build 2897737 on Wed May 27 20:21:37 MDT 2020)
* Project:        hls_deepset_pointwisePhi_iostream_prj
* Solution:       solution1
* Product family: virtexuplus
* Target device:  xcvu13p-flga2577-2-e


================================================================
== Performance Estimates
================================================================
+ Timing: 
    * Summary: 
    +--------+---------+----------+------------+
    |  Clock |  Target | Estimated| Uncertainty|
    +--------+---------+----------+------------+
    |ap_clk  | 5.00 ns | 3.085 ns |   0.62 ns  |
    +--------+---------+----------+------------+

+ Latency: 
    * Summary: 
    +---------+---------+-----------+-----------+-----+-----+---------+
    |  Latency (cycles) |   Latency (absolute)  |  Interval | Pipeline|
    |   min   |   max   |    min    |    max    | min | max |   Type  |
    +---------+---------+-----------+-----------+-----+-----+---------+
    |       19|       19| 95.000 ns | 95.000 ns |   19|   19|   none  |
    +---------+---------+-----------+-----------+-----+-----+---------+

    + Detail: 
        * Instance: 
        N/A

        * Loop: 
        +---------------+---------+---------+----------+-----------+-----------+------+----------+
        |               |  Latency (cycles) | Iteration|  Initiation Interval  | Trip |          |
        |   Loop Name   |   min   |   max   |  Latency |  achieved |   target  | Count| Pipelined|
        +---------------+---------+---------+----------+-----------+-----------+------+----------+
        |- ReLUActLoop  |       17|       17|         3|          1|          1|    16|    yes   |
        +---------------+---------+---------+----------+-----------+-----------+------+----------+



================================================================
== Utilization Estimates
================================================================
* Summary: 
+---------------------+---------+-------+---------+---------+------+
|         Name        | BRAM_18K| DSP48E|    FF   |   LUT   | URAM |
+---------------------+---------+-------+---------+---------+------+
|DSP                  |        -|      -|        -|        -|     -|
|Expression           |        -|      -|        0|     3050|     -|
|FIFO                 |        -|      -|        -|        -|     -|
|Instance             |        -|      -|        -|        -|     -|
|Memory               |        -|      -|        -|        -|     -|
|Multiplexer          |        -|      -|        -|      642|     -|
|Register             |        -|      -|      271|        -|     -|
+---------------------+---------+-------+---------+---------+------+
|Total                |        0|      0|      271|     3692|     0|
+---------------------+---------+-------+---------+---------+------+
|Available SLR        |     1344|   3072|   864000|   432000|   320|
+---------------------+---------+-------+---------+---------+------+
|Utilization SLR (%)  |        0|      0|    ~0   |    ~0   |     0|
+---------------------+---------+-------+---------+---------+------+
|Available            |     5376|  12288|  3456000|  1728000|  1280|
+---------------------+---------+-------+---------+---------+------+
|Utilization (%)      |        0|      0|    ~0   |    ~0   |     0|
+---------------------+---------+-------+---------+---------+------+

+ Detail: 
    * Instance: 
    N/A

    * DSP48E: 
    N/A

    * Memory: 
    N/A

    * FIFO: 
    N/A

    * Expression: 
    +----------------------------------+----------+-------+---+----+------------+------------+
    |           Variable Name          | Operation| DSP48E| FF| LUT| Bitwidth P0| Bitwidth P1|
    +----------------------------------+----------+-------+---+----+------------+------------+
    |add_ln415_32_fu_1485_p2           |     +    |      0|  0|  15|           8|           8|
    |add_ln415_33_fu_1623_p2           |     +    |      0|  0|  15|           8|           8|
    |add_ln415_34_fu_1761_p2           |     +    |      0|  0|  15|           8|           8|
    |add_ln415_35_fu_1899_p2           |     +    |      0|  0|  15|           8|           8|
    |add_ln415_36_fu_2037_p2           |     +    |      0|  0|  15|           8|           8|
    |add_ln415_37_fu_2175_p2           |     +    |      0|  0|  15|           8|           8|
    |add_ln415_38_fu_2313_p2           |     +    |      0|  0|  15|           8|           8|
    |add_ln415_39_fu_2451_p2           |     +    |      0|  0|  15|           8|           8|
    |add_ln415_40_fu_2589_p2           |     +    |      0|  0|  15|           8|           8|
    |add_ln415_41_fu_2727_p2           |     +    |      0|  0|  15|           8|           8|
    |add_ln415_42_fu_2865_p2           |     +    |      0|  0|  15|           8|           8|
    |add_ln415_43_fu_3003_p2           |     +    |      0|  0|  15|           8|           8|
    |add_ln415_44_fu_3141_p2           |     +    |      0|  0|  15|           8|           8|
    |add_ln415_45_fu_3279_p2           |     +    |      0|  0|  15|           8|           8|
    |add_ln415_46_fu_3417_p2           |     +    |      0|  0|  15|           8|           8|
    |add_ln415_47_fu_3555_p2           |     +    |      0|  0|  15|           8|           8|
    |add_ln415_48_fu_3693_p2           |     +    |      0|  0|  15|           8|           8|
    |add_ln415_49_fu_3831_p2           |     +    |      0|  0|  15|           8|           8|
    |add_ln415_50_fu_3969_p2           |     +    |      0|  0|  15|           8|           8|
    |add_ln415_51_fu_4107_p2           |     +    |      0|  0|  15|           8|           8|
    |add_ln415_52_fu_4245_p2           |     +    |      0|  0|  15|           8|           8|
    |add_ln415_53_fu_4383_p2           |     +    |      0|  0|  15|           8|           8|
    |add_ln415_54_fu_4521_p2           |     +    |      0|  0|  15|           8|           8|
    |add_ln415_55_fu_4659_p2           |     +    |      0|  0|  15|           8|           8|
    |add_ln415_56_fu_4797_p2           |     +    |      0|  0|  15|           8|           8|
    |add_ln415_57_fu_4935_p2           |     +    |      0|  0|  15|           8|           8|
    |add_ln415_58_fu_5073_p2           |     +    |      0|  0|  15|           8|           8|
    |add_ln415_59_fu_5211_p2           |     +    |      0|  0|  15|           8|           8|
    |add_ln415_60_fu_5349_p2           |     +    |      0|  0|  15|           8|           8|
    |add_ln415_61_fu_5487_p2           |     +    |      0|  0|  15|           8|           8|
    |add_ln415_62_fu_5625_p2           |     +    |      0|  0|  15|           8|           8|
    |add_ln415_fu_1347_p2              |     +    |      0|  0|  15|           8|           8|
    |i_fu_1147_p2                      |     +    |      0|  0|  15|           5|           1|
    |and_ln415_10_fu_2717_p2           |    and   |      0|  0|   2|           1|           1|
    |and_ln415_11_fu_2855_p2           |    and   |      0|  0|   2|           1|           1|
    |and_ln415_12_fu_2993_p2           |    and   |      0|  0|   2|           1|           1|
    |and_ln415_13_fu_3131_p2           |    and   |      0|  0|   2|           1|           1|
    |and_ln415_14_fu_3269_p2           |    and   |      0|  0|   2|           1|           1|
    |and_ln415_15_fu_3407_p2           |    and   |      0|  0|   2|           1|           1|
    |and_ln415_16_fu_3545_p2           |    and   |      0|  0|   2|           1|           1|
    |and_ln415_17_fu_3683_p2           |    and   |      0|  0|   2|           1|           1|
    |and_ln415_18_fu_3821_p2           |    and   |      0|  0|   2|           1|           1|
    |and_ln415_19_fu_3959_p2           |    and   |      0|  0|   2|           1|           1|
    |and_ln415_1_fu_1475_p2            |    and   |      0|  0|   2|           1|           1|
    |and_ln415_20_fu_4097_p2           |    and   |      0|  0|   2|           1|           1|
    |and_ln415_21_fu_4235_p2           |    and   |      0|  0|   2|           1|           1|
    |and_ln415_22_fu_4373_p2           |    and   |      0|  0|   2|           1|           1|
    |and_ln415_23_fu_4511_p2           |    and   |      0|  0|   2|           1|           1|
    |and_ln415_24_fu_4649_p2           |    and   |      0|  0|   2|           1|           1|
    |and_ln415_25_fu_4787_p2           |    and   |      0|  0|   2|           1|           1|
    |and_ln415_26_fu_4925_p2           |    and   |      0|  0|   2|           1|           1|
    |and_ln415_27_fu_5063_p2           |    and   |      0|  0|   2|           1|           1|
    |and_ln415_28_fu_5201_p2           |    and   |      0|  0|   2|           1|           1|
    |and_ln415_29_fu_5339_p2           |    and   |      0|  0|   2|           1|           1|
    |and_ln415_2_fu_1613_p2            |    and   |      0|  0|   2|           1|           1|
    |and_ln415_30_fu_5477_p2           |    and   |      0|  0|   2|           1|           1|
    |and_ln415_31_fu_5615_p2           |    and   |      0|  0|   2|           1|           1|
    |and_ln415_3_fu_1751_p2            |    and   |      0|  0|   2|           1|           1|
    |and_ln415_4_fu_1889_p2            |    and   |      0|  0|   2|           1|           1|
    |and_ln415_5_fu_2027_p2            |    and   |      0|  0|   2|           1|           1|
    |and_ln415_6_fu_2165_p2            |    and   |      0|  0|   2|           1|           1|
    |and_ln415_7_fu_2303_p2            |    and   |      0|  0|   2|           1|           1|
    |and_ln415_8_fu_2441_p2            |    and   |      0|  0|   2|           1|           1|
    |and_ln415_9_fu_2579_p2            |    and   |      0|  0|   2|           1|           1|
    |and_ln415_fu_1337_p2              |    and   |      0|  0|   2|           1|           1|
    |and_ln416_32_fu_1505_p2           |    and   |      0|  0|   2|           1|           1|
    |and_ln416_33_fu_1643_p2           |    and   |      0|  0|   2|           1|           1|
    |and_ln416_34_fu_1781_p2           |    and   |      0|  0|   2|           1|           1|
    |and_ln416_35_fu_1919_p2           |    and   |      0|  0|   2|           1|           1|
    |and_ln416_36_fu_2057_p2           |    and   |      0|  0|   2|           1|           1|
    |and_ln416_37_fu_2195_p2           |    and   |      0|  0|   2|           1|           1|
    |and_ln416_38_fu_2333_p2           |    and   |      0|  0|   2|           1|           1|
    |and_ln416_39_fu_2471_p2           |    and   |      0|  0|   2|           1|           1|
    |and_ln416_40_fu_2609_p2           |    and   |      0|  0|   2|           1|           1|
    |and_ln416_41_fu_2747_p2           |    and   |      0|  0|   2|           1|           1|
    |and_ln416_42_fu_2885_p2           |    and   |      0|  0|   2|           1|           1|
    |and_ln416_43_fu_3023_p2           |    and   |      0|  0|   2|           1|           1|
    |and_ln416_44_fu_3161_p2           |    and   |      0|  0|   2|           1|           1|
    |and_ln416_45_fu_3299_p2           |    and   |      0|  0|   2|           1|           1|
    |and_ln416_46_fu_3437_p2           |    and   |      0|  0|   2|           1|           1|
    |and_ln416_47_fu_3575_p2           |    and   |      0|  0|   2|           1|           1|
    |and_ln416_48_fu_3713_p2           |    and   |      0|  0|   2|           1|           1|
    |and_ln416_49_fu_3851_p2           |    and   |      0|  0|   2|           1|           1|
    |and_ln416_50_fu_3989_p2           |    and   |      0|  0|   2|           1|           1|
    |and_ln416_51_fu_4127_p2           |    and   |      0|  0|   2|           1|           1|
    |and_ln416_52_fu_4265_p2           |    and   |      0|  0|   2|           1|           1|
    |and_ln416_53_fu_4403_p2           |    and   |      0|  0|   2|           1|           1|
    |and_ln416_54_fu_4541_p2           |    and   |      0|  0|   2|           1|           1|
    |and_ln416_55_fu_4679_p2           |    and   |      0|  0|   2|           1|           1|
    |and_ln416_56_fu_4817_p2           |    and   |      0|  0|   2|           1|           1|
    |and_ln416_57_fu_4955_p2           |    and   |      0|  0|   2|           1|           1|
    |and_ln416_58_fu_5093_p2           |    and   |      0|  0|   2|           1|           1|
    |and_ln416_59_fu_5231_p2           |    and   |      0|  0|   2|           1|           1|
    |and_ln416_60_fu_5369_p2           |    and   |      0|  0|   2|           1|           1|
    |and_ln416_61_fu_5507_p2           |    and   |      0|  0|   2|           1|           1|
    |and_ln416_62_fu_5645_p2           |    and   |      0|  0|   2|           1|           1|
    |and_ln416_fu_1367_p2              |    and   |      0|  0|   2|           1|           1|
    |ap_block_state3_pp0_stage0_iter1  |    and   |      0|  0|   2|           1|           1|
    |ap_block_state4_pp0_stage0_iter2  |    and   |      0|  0|   2|           1|           1|
    |io_acc_block_signal_op752         |    and   |      0|  0|   2|           1|           1|
    |io_acc_block_signal_op76          |    and   |      0|  0|   2|           1|           1|
    |icmp_ln1494_10_fu_2661_p2         |   icmp   |      0|  0|  20|          23|           1|
    |icmp_ln1494_11_fu_2799_p2         |   icmp   |      0|  0|  20|          23|           1|
    |icmp_ln1494_12_fu_2937_p2         |   icmp   |      0|  0|  20|          23|           1|
    |icmp_ln1494_13_fu_3075_p2         |   icmp   |      0|  0|  20|          23|           1|
    |icmp_ln1494_14_fu_3213_p2         |   icmp   |      0|  0|  20|          23|           1|
    |icmp_ln1494_15_fu_3351_p2         |   icmp   |      0|  0|  20|          23|           1|
    |icmp_ln1494_16_fu_3489_p2         |   icmp   |      0|  0|  20|          23|           1|
    |icmp_ln1494_17_fu_3627_p2         |   icmp   |      0|  0|  20|          23|           1|
    |icmp_ln1494_18_fu_3765_p2         |   icmp   |      0|  0|  20|          23|           1|
    |icmp_ln1494_19_fu_3903_p2         |   icmp   |      0|  0|  20|          23|           1|
    |icmp_ln1494_1_fu_1419_p2          |   icmp   |      0|  0|  20|          23|           1|
    |icmp_ln1494_20_fu_4041_p2         |   icmp   |      0|  0|  20|          23|           1|
    |icmp_ln1494_21_fu_4179_p2         |   icmp   |      0|  0|  20|          23|           1|
    |icmp_ln1494_22_fu_4317_p2         |   icmp   |      0|  0|  20|          23|           1|
    |icmp_ln1494_23_fu_4455_p2         |   icmp   |      0|  0|  20|          23|           1|
    |icmp_ln1494_24_fu_4593_p2         |   icmp   |      0|  0|  20|          23|           1|
    |icmp_ln1494_25_fu_4731_p2         |   icmp   |      0|  0|  20|          23|           1|
    |icmp_ln1494_26_fu_4869_p2         |   icmp   |      0|  0|  20|          23|           1|
    |icmp_ln1494_27_fu_5007_p2         |   icmp   |      0|  0|  20|          23|           1|
    |icmp_ln1494_28_fu_5145_p2         |   icmp   |      0|  0|  20|          23|           1|
    |icmp_ln1494_29_fu_5283_p2         |   icmp   |      0|  0|  20|          23|           1|
    |icmp_ln1494_2_fu_1557_p2          |   icmp   |      0|  0|  20|          23|           1|
    |icmp_ln1494_30_fu_5421_p2         |   icmp   |      0|  0|  20|          23|           1|
    |icmp_ln1494_31_fu_5559_p2         |   icmp   |      0|  0|  20|          23|           1|
    |icmp_ln1494_3_fu_1695_p2          |   icmp   |      0|  0|  20|          23|           1|
    |icmp_ln1494_4_fu_1833_p2          |   icmp   |      0|  0|  20|          23|           1|
    |icmp_ln1494_5_fu_1971_p2          |   icmp   |      0|  0|  20|          23|           1|
    |icmp_ln1494_6_fu_2109_p2          |   icmp   |      0|  0|  20|          23|           1|
    |icmp_ln1494_7_fu_2247_p2          |   icmp   |      0|  0|  20|          23|           1|
    |icmp_ln1494_8_fu_2385_p2          |   icmp   |      0|  0|  20|          23|           1|
    |icmp_ln1494_9_fu_2523_p2          |   icmp   |      0|  0|  20|          23|           1|
    |icmp_ln1494_fu_1281_p2            |   icmp   |      0|  0|  20|          23|           1|
    |icmp_ln41_fu_1141_p2              |   icmp   |      0|  0|  11|           5|           6|
    |icmp_ln718_10_fu_2689_p2          |   icmp   |      0|  0|  11|           6|           1|
    |icmp_ln718_11_fu_2827_p2          |   icmp   |      0|  0|  11|           6|           1|
    |icmp_ln718_12_fu_2965_p2          |   icmp   |      0|  0|  11|           6|           1|
    |icmp_ln718_13_fu_3103_p2          |   icmp   |      0|  0|  11|           6|           1|
    |icmp_ln718_14_fu_3241_p2          |   icmp   |      0|  0|  11|           6|           1|
    |icmp_ln718_15_fu_3379_p2          |   icmp   |      0|  0|  11|           6|           1|
    |icmp_ln718_16_fu_3517_p2          |   icmp   |      0|  0|  11|           6|           1|
    |icmp_ln718_17_fu_3655_p2          |   icmp   |      0|  0|  11|           6|           1|
    |icmp_ln718_18_fu_3793_p2          |   icmp   |      0|  0|  11|           6|           1|
    |icmp_ln718_19_fu_3931_p2          |   icmp   |      0|  0|  11|           6|           1|
    |icmp_ln718_1_fu_1447_p2           |   icmp   |      0|  0|  11|           6|           1|
    |icmp_ln718_20_fu_4069_p2          |   icmp   |      0|  0|  11|           6|           1|
    |icmp_ln718_21_fu_4207_p2          |   icmp   |      0|  0|  11|           6|           1|
    |icmp_ln718_22_fu_4345_p2          |   icmp   |      0|  0|  11|           6|           1|
    |icmp_ln718_23_fu_4483_p2          |   icmp   |      0|  0|  11|           6|           1|
    |icmp_ln718_24_fu_4621_p2          |   icmp   |      0|  0|  11|           6|           1|
    |icmp_ln718_25_fu_4759_p2          |   icmp   |      0|  0|  11|           6|           1|
    |icmp_ln718_26_fu_4897_p2          |   icmp   |      0|  0|  11|           6|           1|
    |icmp_ln718_27_fu_5035_p2          |   icmp   |      0|  0|  11|           6|           1|
    |icmp_ln718_28_fu_5173_p2          |   icmp   |      0|  0|  11|           6|           1|
    |icmp_ln718_29_fu_5311_p2          |   icmp   |      0|  0|  11|           6|           1|
    |icmp_ln718_2_fu_1585_p2           |   icmp   |      0|  0|  11|           6|           1|
    |icmp_ln718_30_fu_5449_p2          |   icmp   |      0|  0|  11|           6|           1|
    |icmp_ln718_31_fu_5587_p2          |   icmp   |      0|  0|  11|           6|           1|
    |icmp_ln718_3_fu_1723_p2           |   icmp   |      0|  0|  11|           6|           1|
    |icmp_ln718_4_fu_1861_p2           |   icmp   |      0|  0|  11|           6|           1|
    |icmp_ln718_5_fu_1999_p2           |   icmp   |      0|  0|  11|           6|           1|
    |icmp_ln718_6_fu_2137_p2           |   icmp   |      0|  0|  11|           6|           1|
    |icmp_ln718_7_fu_2275_p2           |   icmp   |      0|  0|  11|           6|           1|
    |icmp_ln718_8_fu_2413_p2           |   icmp   |      0|  0|  11|           6|           1|
    |icmp_ln718_9_fu_2551_p2           |   icmp   |      0|  0|  11|           6|           1|
    |icmp_ln718_fu_1309_p2             |   icmp   |      0|  0|  11|           6|           1|
    |icmp_ln768_32_fu_1527_p2          |   icmp   |      0|  0|  11|           8|           1|
    |icmp_ln768_33_fu_1665_p2          |   icmp   |      0|  0|  11|           8|           1|
    |icmp_ln768_34_fu_1803_p2          |   icmp   |      0|  0|  11|           8|           1|
    |icmp_ln768_35_fu_1941_p2          |   icmp   |      0|  0|  11|           8|           1|
    |icmp_ln768_36_fu_2079_p2          |   icmp   |      0|  0|  11|           8|           1|
    |icmp_ln768_37_fu_2217_p2          |   icmp   |      0|  0|  11|           8|           1|
    |icmp_ln768_38_fu_2355_p2          |   icmp   |      0|  0|  11|           8|           1|
    |icmp_ln768_39_fu_2493_p2          |   icmp   |      0|  0|  11|           8|           1|
    |icmp_ln768_40_fu_2631_p2          |   icmp   |      0|  0|  11|           8|           1|
    |icmp_ln768_41_fu_2769_p2          |   icmp   |      0|  0|  11|           8|           1|
    |icmp_ln768_42_fu_2907_p2          |   icmp   |      0|  0|  11|           8|           1|
    |icmp_ln768_43_fu_3045_p2          |   icmp   |      0|  0|  11|           8|           1|
    |icmp_ln768_44_fu_3183_p2          |   icmp   |      0|  0|  11|           8|           1|
    |icmp_ln768_45_fu_3321_p2          |   icmp   |      0|  0|  11|           8|           1|
    |icmp_ln768_46_fu_3459_p2          |   icmp   |      0|  0|  11|           8|           1|
    |icmp_ln768_47_fu_3597_p2          |   icmp   |      0|  0|  11|           8|           1|
    |icmp_ln768_48_fu_3735_p2          |   icmp   |      0|  0|  11|           8|           1|
    |icmp_ln768_49_fu_3873_p2          |   icmp   |      0|  0|  11|           8|           1|
    |icmp_ln768_50_fu_4011_p2          |   icmp   |      0|  0|  11|           8|           1|
    |icmp_ln768_51_fu_4149_p2          |   icmp   |      0|  0|  11|           8|           1|
    |icmp_ln768_52_fu_4287_p2          |   icmp   |      0|  0|  11|           8|           1|
    |icmp_ln768_53_fu_4425_p2          |   icmp   |      0|  0|  11|           8|           1|
    |icmp_ln768_54_fu_4563_p2          |   icmp   |      0|  0|  11|           8|           1|
    |icmp_ln768_55_fu_4701_p2          |   icmp   |      0|  0|  11|           8|           1|
    |icmp_ln768_56_fu_4839_p2          |   icmp   |      0|  0|  11|           8|           1|
    |icmp_ln768_57_fu_4977_p2          |   icmp   |      0|  0|  11|           8|           1|
    |icmp_ln768_58_fu_5115_p2          |   icmp   |      0|  0|  11|           8|           1|
    |icmp_ln768_59_fu_5253_p2          |   icmp   |      0|  0|  11|           8|           1|
    |icmp_ln768_60_fu_5391_p2          |   icmp   |      0|  0|  11|           8|           1|
    |icmp_ln768_61_fu_5529_p2          |   icmp   |      0|  0|  11|           8|           1|
    |icmp_ln768_62_fu_5667_p2          |   icmp   |      0|  0|  11|           8|           1|
    |icmp_ln768_fu_1389_p2             |   icmp   |      0|  0|  11|           8|           1|
    |icmp_ln879_32_fu_1521_p2          |   icmp   |      0|  0|  11|           8|           2|
    |icmp_ln879_33_fu_1659_p2          |   icmp   |      0|  0|  11|           8|           2|
    |icmp_ln879_34_fu_1797_p2          |   icmp   |      0|  0|  11|           8|           2|
    |icmp_ln879_35_fu_1935_p2          |   icmp   |      0|  0|  11|           8|           2|
    |icmp_ln879_36_fu_2073_p2          |   icmp   |      0|  0|  11|           8|           2|
    |icmp_ln879_37_fu_2211_p2          |   icmp   |      0|  0|  11|           8|           2|
    |icmp_ln879_38_fu_2349_p2          |   icmp   |      0|  0|  11|           8|           2|
    |icmp_ln879_39_fu_2487_p2          |   icmp   |      0|  0|  11|           8|           2|
    |icmp_ln879_40_fu_2625_p2          |   icmp   |      0|  0|  11|           8|           2|
    |icmp_ln879_41_fu_2763_p2          |   icmp   |      0|  0|  11|           8|           2|
    |icmp_ln879_42_fu_2901_p2          |   icmp   |      0|  0|  11|           8|           2|
    |icmp_ln879_43_fu_3039_p2          |   icmp   |      0|  0|  11|           8|           2|
    |icmp_ln879_44_fu_3177_p2          |   icmp   |      0|  0|  11|           8|           2|
    |icmp_ln879_45_fu_3315_p2          |   icmp   |      0|  0|  11|           8|           2|
    |icmp_ln879_46_fu_3453_p2          |   icmp   |      0|  0|  11|           8|           2|
    |icmp_ln879_47_fu_3591_p2          |   icmp   |      0|  0|  11|           8|           2|
    |icmp_ln879_48_fu_3729_p2          |   icmp   |      0|  0|  11|           8|           2|
    |icmp_ln879_49_fu_3867_p2          |   icmp   |      0|  0|  11|           8|           2|
    |icmp_ln879_50_fu_4005_p2          |   icmp   |      0|  0|  11|           8|           2|
    |icmp_ln879_51_fu_4143_p2          |   icmp   |      0|  0|  11|           8|           2|
    |icmp_ln879_52_fu_4281_p2          |   icmp   |      0|  0|  11|           8|           2|
    |icmp_ln879_53_fu_4419_p2          |   icmp   |      0|  0|  11|           8|           2|
    |icmp_ln879_54_fu_4557_p2          |   icmp   |      0|  0|  11|           8|           2|
    |icmp_ln879_55_fu_4695_p2          |   icmp   |      0|  0|  11|           8|           2|
    |icmp_ln879_56_fu_4833_p2          |   icmp   |      0|  0|  11|           8|           2|
    |icmp_ln879_57_fu_4971_p2          |   icmp   |      0|  0|  11|           8|           2|
    |icmp_ln879_58_fu_5109_p2          |   icmp   |      0|  0|  11|           8|           2|
    |icmp_ln879_59_fu_5247_p2          |   icmp   |      0|  0|  11|           8|           2|
    |icmp_ln879_60_fu_5385_p2          |   icmp   |      0|  0|  11|           8|           2|
    |icmp_ln879_61_fu_5523_p2          |   icmp   |      0|  0|  11|           8|           2|
    |icmp_ln879_62_fu_5661_p2          |   icmp   |      0|  0|  11|           8|           2|
    |icmp_ln879_fu_1383_p2             |   icmp   |      0|  0|  11|           8|           2|
    |ap_block_pp0_stage0_01001         |    or    |      0|  0|   2|           1|           1|
    |ap_block_state1                   |    or    |      0|  0|   2|           1|           1|
    |or_ln412_32_fu_1461_p2            |    or    |      0|  0|   2|           1|           1|
    |or_ln412_33_fu_1599_p2            |    or    |      0|  0|   2|           1|           1|
    |or_ln412_34_fu_1737_p2            |    or    |      0|  0|   2|           1|           1|
    |or_ln412_35_fu_1875_p2            |    or    |      0|  0|   2|           1|           1|
    |or_ln412_36_fu_2013_p2            |    or    |      0|  0|   2|           1|           1|
    |or_ln412_37_fu_2151_p2            |    or    |      0|  0|   2|           1|           1|
    |or_ln412_38_fu_2289_p2            |    or    |      0|  0|   2|           1|           1|
    |or_ln412_39_fu_2427_p2            |    or    |      0|  0|   2|           1|           1|
    |or_ln412_40_fu_2565_p2            |    or    |      0|  0|   2|           1|           1|
    |or_ln412_41_fu_2703_p2            |    or    |      0|  0|   2|           1|           1|
    |or_ln412_42_fu_2841_p2            |    or    |      0|  0|   2|           1|           1|
    |or_ln412_43_fu_2979_p2            |    or    |      0|  0|   2|           1|           1|
    |or_ln412_44_fu_3117_p2            |    or    |      0|  0|   2|           1|           1|
    |or_ln412_45_fu_3255_p2            |    or    |      0|  0|   2|           1|           1|
    |or_ln412_46_fu_3393_p2            |    or    |      0|  0|   2|           1|           1|
    |or_ln412_47_fu_3531_p2            |    or    |      0|  0|   2|           1|           1|
    |or_ln412_48_fu_3669_p2            |    or    |      0|  0|   2|           1|           1|
    |or_ln412_49_fu_3807_p2            |    or    |      0|  0|   2|           1|           1|
    |or_ln412_50_fu_3945_p2            |    or    |      0|  0|   2|           1|           1|
    |or_ln412_51_fu_4083_p2            |    or    |      0|  0|   2|           1|           1|
    |or_ln412_52_fu_4221_p2            |    or    |      0|  0|   2|           1|           1|
    |or_ln412_53_fu_4359_p2            |    or    |      0|  0|   2|           1|           1|
    |or_ln412_54_fu_4497_p2            |    or    |      0|  0|   2|           1|           1|
    |or_ln412_55_fu_4635_p2            |    or    |      0|  0|   2|           1|           1|
    |or_ln412_56_fu_4773_p2            |    or    |      0|  0|   2|           1|           1|
    |or_ln412_57_fu_4911_p2            |    or    |      0|  0|   2|           1|           1|
    |or_ln412_58_fu_5049_p2            |    or    |      0|  0|   2|           1|           1|
    |or_ln412_59_fu_5187_p2            |    or    |      0|  0|   2|           1|           1|
    |or_ln412_60_fu_5325_p2            |    or    |      0|  0|   2|           1|           1|
    |or_ln412_61_fu_5463_p2            |    or    |      0|  0|   2|           1|           1|
    |or_ln412_62_fu_5601_p2            |    or    |      0|  0|   2|           1|           1|
    |or_ln412_fu_1323_p2               |    or    |      0|  0|   2|           1|           1|
    |select_ln340_10_fu_2783_p3        |  select  |      0|  0|   8|           1|           8|
    |select_ln340_11_fu_2921_p3        |  select  |      0|  0|   8|           1|           8|
    |select_ln340_12_fu_3059_p3        |  select  |      0|  0|   8|           1|           8|
    |select_ln340_13_fu_3197_p3        |  select  |      0|  0|   8|           1|           8|
    |select_ln340_14_fu_3335_p3        |  select  |      0|  0|   8|           1|           8|
    |select_ln340_15_fu_3473_p3        |  select  |      0|  0|   8|           1|           8|
    |select_ln340_16_fu_3611_p3        |  select  |      0|  0|   8|           1|           8|
    |select_ln340_17_fu_3749_p3        |  select  |      0|  0|   8|           1|           8|
    |select_ln340_18_fu_3887_p3        |  select  |      0|  0|   8|           1|           8|
    |select_ln340_19_fu_4025_p3        |  select  |      0|  0|   8|           1|           8|
    |select_ln340_1_fu_1541_p3         |  select  |      0|  0|   8|           1|           8|
    |select_ln340_20_fu_4163_p3        |  select  |      0|  0|   8|           1|           8|
    |select_ln340_21_fu_4301_p3        |  select  |      0|  0|   8|           1|           8|
    |select_ln340_22_fu_4439_p3        |  select  |      0|  0|   8|           1|           8|
    |select_ln340_23_fu_4577_p3        |  select  |      0|  0|   8|           1|           8|
    |select_ln340_24_fu_4715_p3        |  select  |      0|  0|   8|           1|           8|
    |select_ln340_25_fu_4853_p3        |  select  |      0|  0|   8|           1|           8|
    |select_ln340_26_fu_4991_p3        |  select  |      0|  0|   8|           1|           8|
    |select_ln340_27_fu_5129_p3        |  select  |      0|  0|   8|           1|           8|
    |select_ln340_28_fu_5267_p3        |  select  |      0|  0|   8|           1|           8|
    |select_ln340_29_fu_5405_p3        |  select  |      0|  0|   8|           1|           8|
    |select_ln340_2_fu_1679_p3         |  select  |      0|  0|   8|           1|           8|
    |select_ln340_30_fu_5543_p3        |  select  |      0|  0|   8|           1|           8|
    |select_ln340_31_fu_5681_p3        |  select  |      0|  0|   8|           1|           8|
    |select_ln340_3_fu_1817_p3         |  select  |      0|  0|   8|           1|           8|
    |select_ln340_4_fu_1955_p3         |  select  |      0|  0|   8|           1|           8|
    |select_ln340_5_fu_2093_p3         |  select  |      0|  0|   8|           1|           8|
    |select_ln340_6_fu_2231_p3         |  select  |      0|  0|   8|           1|           8|
    |select_ln340_7_fu_2369_p3         |  select  |      0|  0|   8|           1|           8|
    |select_ln340_8_fu_2507_p3         |  select  |      0|  0|   8|           1|           8|
    |select_ln340_9_fu_2645_p3         |  select  |      0|  0|   8|           1|           8|
    |select_ln340_fu_1403_p3           |  select  |      0|  0|   8|           1|           8|
    |select_ln777_32_fu_1533_p3        |  select  |      0|  0|   2|           1|           1|
    |select_ln777_33_fu_1671_p3        |  select  |      0|  0|   2|           1|           1|
    |select_ln777_34_fu_1809_p3        |  select  |      0|  0|   2|           1|           1|
    |select_ln777_35_fu_1947_p3        |  select  |      0|  0|   2|           1|           1|
    |select_ln777_36_fu_2085_p3        |  select  |      0|  0|   2|           1|           1|
    |select_ln777_37_fu_2223_p3        |  select  |      0|  0|   2|           1|           1|
    |select_ln777_38_fu_2361_p3        |  select  |      0|  0|   2|           1|           1|
    |select_ln777_39_fu_2499_p3        |  select  |      0|  0|   2|           1|           1|
    |select_ln777_40_fu_2637_p3        |  select  |      0|  0|   2|           1|           1|
    |select_ln777_41_fu_2775_p3        |  select  |      0|  0|   2|           1|           1|
    |select_ln777_42_fu_2913_p3        |  select  |      0|  0|   2|           1|           1|
    |select_ln777_43_fu_3051_p3        |  select  |      0|  0|   2|           1|           1|
    |select_ln777_44_fu_3189_p3        |  select  |      0|  0|   2|           1|           1|
    |select_ln777_45_fu_3327_p3        |  select  |      0|  0|   2|           1|           1|
    |select_ln777_46_fu_3465_p3        |  select  |      0|  0|   2|           1|           1|
    |select_ln777_47_fu_3603_p3        |  select  |      0|  0|   2|           1|           1|
    |select_ln777_48_fu_3741_p3        |  select  |      0|  0|   2|           1|           1|
    |select_ln777_49_fu_3879_p3        |  select  |      0|  0|   2|           1|           1|
    |select_ln777_50_fu_4017_p3        |  select  |      0|  0|   2|           1|           1|
    |select_ln777_51_fu_4155_p3        |  select  |      0|  0|   2|           1|           1|
    |select_ln777_52_fu_4293_p3        |  select  |      0|  0|   2|           1|           1|
    |select_ln777_53_fu_4431_p3        |  select  |      0|  0|   2|           1|           1|
    |select_ln777_54_fu_4569_p3        |  select  |      0|  0|   2|           1|           1|
    |select_ln777_55_fu_4707_p3        |  select  |      0|  0|   2|           1|           1|
    |select_ln777_56_fu_4845_p3        |  select  |      0|  0|   2|           1|           1|
    |select_ln777_57_fu_4983_p3        |  select  |      0|  0|   2|           1|           1|
    |select_ln777_58_fu_5121_p3        |  select  |      0|  0|   2|           1|           1|
    |select_ln777_59_fu_5259_p3        |  select  |      0|  0|   2|           1|           1|
    |select_ln777_60_fu_5397_p3        |  select  |      0|  0|   2|           1|           1|
    |select_ln777_61_fu_5535_p3        |  select  |      0|  0|   2|           1|           1|
    |select_ln777_62_fu_5673_p3        |  select  |      0|  0|   2|           1|           1|
    |select_ln777_fu_1395_p3           |  select  |      0|  0|   2|           1|           1|
    |tmp_data_0_V_fu_1411_p3           |  select  |      0|  0|   8|           1|           8|
    |tmp_data_10_V_fu_2791_p3          |  select  |      0|  0|   8|           1|           8|
    |tmp_data_11_V_fu_2929_p3          |  select  |      0|  0|   8|           1|           8|
    |tmp_data_12_V_fu_3067_p3          |  select  |      0|  0|   8|           1|           8|
    |tmp_data_13_V_fu_3205_p3          |  select  |      0|  0|   8|           1|           8|
    |tmp_data_14_V_fu_3343_p3          |  select  |      0|  0|   8|           1|           8|
    |tmp_data_15_V_fu_3481_p3          |  select  |      0|  0|   8|           1|           8|
    |tmp_data_16_V_fu_3619_p3          |  select  |      0|  0|   8|           1|           8|
    |tmp_data_17_V_fu_3757_p3          |  select  |      0|  0|   8|           1|           8|
    |tmp_data_18_V_fu_3895_p3          |  select  |      0|  0|   8|           1|           8|
    |tmp_data_19_V_fu_4033_p3          |  select  |      0|  0|   8|           1|           8|
    |tmp_data_1_V_fu_1549_p3           |  select  |      0|  0|   8|           1|           8|
    |tmp_data_20_V_fu_4171_p3          |  select  |      0|  0|   8|           1|           8|
    |tmp_data_21_V_fu_4309_p3          |  select  |      0|  0|   8|           1|           8|
    |tmp_data_22_V_fu_4447_p3          |  select  |      0|  0|   8|           1|           8|
    |tmp_data_23_V_fu_4585_p3          |  select  |      0|  0|   8|           1|           8|
    |tmp_data_24_V_fu_4723_p3          |  select  |      0|  0|   8|           1|           8|
    |tmp_data_25_V_fu_4861_p3          |  select  |      0|  0|   8|           1|           8|
    |tmp_data_26_V_fu_4999_p3          |  select  |      0|  0|   8|           1|           8|
    |tmp_data_27_V_fu_5137_p3          |  select  |      0|  0|   8|           1|           8|
    |tmp_data_28_V_fu_5275_p3          |  select  |      0|  0|   8|           1|           8|
    |tmp_data_29_V_fu_5413_p3          |  select  |      0|  0|   8|           1|           8|
    |tmp_data_2_V_fu_1687_p3           |  select  |      0|  0|   8|           1|           8|
    |tmp_data_30_V_fu_5551_p3          |  select  |      0|  0|   8|           1|           8|
    |tmp_data_31_V_fu_5689_p3          |  select  |      0|  0|   8|           1|           8|
    |tmp_data_3_V_fu_1825_p3           |  select  |      0|  0|   8|           1|           8|
    |tmp_data_4_V_fu_1963_p3           |  select  |      0|  0|   8|           1|           8|
    |tmp_data_5_V_fu_2101_p3           |  select  |      0|  0|   8|           1|           8|
    |tmp_data_6_V_fu_2239_p3           |  select  |      0|  0|   8|           1|           8|
    |tmp_data_7_V_fu_2377_p3           |  select  |      0|  0|   8|           1|           8|
    |tmp_data_8_V_fu_2515_p3           |  select  |      0|  0|   8|           1|           8|
    |tmp_data_9_V_fu_2653_p3           |  select  |      0|  0|   8|           1|           8|
    |ap_enable_pp0                     |    xor   |      0|  0|   2|           1|           2|
    |ap_enable_reg_pp0_iter1           |    xor   |      0|  0|   2|           2|           1|
    |xor_ln416_32_fu_1499_p2           |    xor   |      0|  0|   2|           1|           2|
    |xor_ln416_33_fu_1637_p2           |    xor   |      0|  0|   2|           1|           2|
    |xor_ln416_34_fu_1775_p2           |    xor   |      0|  0|   2|           1|           2|
    |xor_ln416_35_fu_1913_p2           |    xor   |      0|  0|   2|           1|           2|
    |xor_ln416_36_fu_2051_p2           |    xor   |      0|  0|   2|           1|           2|
    |xor_ln416_37_fu_2189_p2           |    xor   |      0|  0|   2|           1|           2|
    |xor_ln416_38_fu_2327_p2           |    xor   |      0|  0|   2|           1|           2|
    |xor_ln416_39_fu_2465_p2           |    xor   |      0|  0|   2|           1|           2|
    |xor_ln416_40_fu_2603_p2           |    xor   |      0|  0|   2|           1|           2|
    |xor_ln416_41_fu_2741_p2           |    xor   |      0|  0|   2|           1|           2|
    |xor_ln416_42_fu_2879_p2           |    xor   |      0|  0|   2|           1|           2|
    |xor_ln416_43_fu_3017_p2           |    xor   |      0|  0|   2|           1|           2|
    |xor_ln416_44_fu_3155_p2           |    xor   |      0|  0|   2|           1|           2|
    |xor_ln416_45_fu_3293_p2           |    xor   |      0|  0|   2|           1|           2|
    |xor_ln416_46_fu_3431_p2           |    xor   |      0|  0|   2|           1|           2|
    |xor_ln416_47_fu_3569_p2           |    xor   |      0|  0|   2|           1|           2|
    |xor_ln416_48_fu_3707_p2           |    xor   |      0|  0|   2|           1|           2|
    |xor_ln416_49_fu_3845_p2           |    xor   |      0|  0|   2|           1|           2|
    |xor_ln416_50_fu_3983_p2           |    xor   |      0|  0|   2|           1|           2|
    |xor_ln416_51_fu_4121_p2           |    xor   |      0|  0|   2|           1|           2|
    |xor_ln416_52_fu_4259_p2           |    xor   |      0|  0|   2|           1|           2|
    |xor_ln416_53_fu_4397_p2           |    xor   |      0|  0|   2|           1|           2|
    |xor_ln416_54_fu_4535_p2           |    xor   |      0|  0|   2|           1|           2|
    |xor_ln416_55_fu_4673_p2           |    xor   |      0|  0|   2|           1|           2|
    |xor_ln416_56_fu_4811_p2           |    xor   |      0|  0|   2|           1|           2|
    |xor_ln416_57_fu_4949_p2           |    xor   |      0|  0|   2|           1|           2|
    |xor_ln416_58_fu_5087_p2           |    xor   |      0|  0|   2|           1|           2|
    |xor_ln416_59_fu_5225_p2           |    xor   |      0|  0|   2|           1|           2|
    |xor_ln416_60_fu_5363_p2           |    xor   |      0|  0|   2|           1|           2|
    |xor_ln416_61_fu_5501_p2           |    xor   |      0|  0|   2|           1|           2|
    |xor_ln416_62_fu_5639_p2           |    xor   |      0|  0|   2|           1|           2|
    |xor_ln416_fu_1361_p2              |    xor   |      0|  0|   2|           1|           2|
    +----------------------------------+----------+-------+---+----+------------+------------+
    |Total                             |          |      0|  0|3050|        1939|        1136|
    +----------------------------------+----------+-------+---+----+------------+------------+

    * Multiplexer: 
    +-------------------------+----+-----------+-----+-----------+
    |           Name          | LUT| Input Size| Bits| Total Bits|
    +-------------------------+----+-----------+-----+-----------+
    |ap_NS_fsm                |  21|          4|    1|          4|
    |ap_done                  |   9|          2|    1|          2|
    |ap_enable_reg_pp0_iter1  |   9|          2|    1|          2|
    |ap_enable_reg_pp0_iter2  |   9|          2|    1|          2|
    |data_V_data_0_V_blk_n    |   9|          2|    1|          2|
    |data_V_data_10_V_blk_n   |   9|          2|    1|          2|
    |data_V_data_11_V_blk_n   |   9|          2|    1|          2|
    |data_V_data_12_V_blk_n   |   9|          2|    1|          2|
    |data_V_data_13_V_blk_n   |   9|          2|    1|          2|
    |data_V_data_14_V_blk_n   |   9|          2|    1|          2|
    |data_V_data_15_V_blk_n   |   9|          2|    1|          2|
    |data_V_data_16_V_blk_n   |   9|          2|    1|          2|
    |data_V_data_17_V_blk_n   |   9|          2|    1|          2|
    |data_V_data_18_V_blk_n   |   9|          2|    1|          2|
    |data_V_data_19_V_blk_n   |   9|          2|    1|          2|
    |data_V_data_1_V_blk_n    |   9|          2|    1|          2|
    |data_V_data_20_V_blk_n   |   9|          2|    1|          2|
    |data_V_data_21_V_blk_n   |   9|          2|    1|          2|
    |data_V_data_22_V_blk_n   |   9|          2|    1|          2|
    |data_V_data_23_V_blk_n   |   9|          2|    1|          2|
    |data_V_data_24_V_blk_n   |   9|          2|    1|          2|
    |data_V_data_25_V_blk_n   |   9|          2|    1|          2|
    |data_V_data_26_V_blk_n   |   9|          2|    1|          2|
    |data_V_data_27_V_blk_n   |   9|          2|    1|          2|
    |data_V_data_28_V_blk_n   |   9|          2|    1|          2|
    |data_V_data_29_V_blk_n   |   9|          2|    1|          2|
    |data_V_data_2_V_blk_n    |   9|          2|    1|          2|
    |data_V_data_30_V_blk_n   |   9|          2|    1|          2|
    |data_V_data_31_V_blk_n   |   9|          2|    1|          2|
    |data_V_data_3_V_blk_n    |   9|          2|    1|          2|
    |data_V_data_4_V_blk_n    |   9|          2|    1|          2|
    |data_V_data_5_V_blk_n    |   9|          2|    1|          2|
    |data_V_data_6_V_blk_n    |   9|          2|    1|          2|
    |data_V_data_7_V_blk_n    |   9|          2|    1|          2|
    |data_V_data_8_V_blk_n    |   9|          2|    1|          2|
    |data_V_data_9_V_blk_n    |   9|          2|    1|          2|
    |i_0_reg_1130             |   9|          2|    5|         10|
    |real_start               |   9|          2|    1|          2|
    |res_V_data_0_V_blk_n     |   9|          2|    1|          2|
    |res_V_data_10_V_blk_n    |   9|          2|    1|          2|
    |res_V_data_11_V_blk_n    |   9|          2|    1|          2|
    |res_V_data_12_V_blk_n    |   9|          2|    1|          2|
    |res_V_data_13_V_blk_n    |   9|          2|    1|          2|
    |res_V_data_14_V_blk_n    |   9|          2|    1|          2|
    |res_V_data_15_V_blk_n    |   9|          2|    1|          2|
    |res_V_data_16_V_blk_n    |   9|          2|    1|          2|
    |res_V_data_17_V_blk_n    |   9|          2|    1|          2|
    |res_V_data_18_V_blk_n    |   9|          2|    1|          2|
    |res_V_data_19_V_blk_n    |   9|          2|    1|          2|
    |res_V_data_1_V_blk_n     |   9|          2|    1|          2|
    |res_V_data_20_V_blk_n    |   9|          2|    1|          2|
    |res_V_data_21_V_blk_n    |   9|          2|    1|          2|
    |res_V_data_22_V_blk_n    |   9|          2|    1|          2|
    |res_V_data_23_V_blk_n    |   9|          2|    1|          2|
    |res_V_data_24_V_blk_n    |   9|          2|    1|          2|
    |res_V_data_25_V_blk_n    |   9|          2|    1|          2|
    |res_V_data_26_V_blk_n    |   9|          2|    1|          2|
    |res_V_data_27_V_blk_n    |   9|          2|    1|          2|
    |res_V_data_28_V_blk_n    |   9|          2|    1|          2|
    |res_V_data_29_V_blk_n    |   9|          2|    1|          2|
    |res_V_data_2_V_blk_n     |   9|          2|    1|          2|
    |res_V_data_30_V_blk_n    |   9|          2|    1|          2|
    |res_V_data_31_V_blk_n    |   9|          2|    1|          2|
    |res_V_data_3_V_blk_n     |   9|          2|    1|          2|
    |res_V_data_4_V_blk_n     |   9|          2|    1|          2|
    |res_V_data_5_V_blk_n     |   9|          2|    1|          2|
    |res_V_data_6_V_blk_n     |   9|          2|    1|          2|
    |res_V_data_7_V_blk_n     |   9|          2|    1|          2|
    |res_V_data_8_V_blk_n     |   9|          2|    1|          2|
    |res_V_data_9_V_blk_n     |   9|          2|    1|          2|
    +-------------------------+----+-----------+-----+-----------+
    |Total                    | 642|        142|   74|        150|
    +-------------------------+----+-----------+-----+-----------+

    * Register: 
    +----------------------------------+---+----+-----+-----------+
    |               Name               | FF| LUT| Bits| Const Bits|
    +----------------------------------+---+----+-----+-----------+
    |ap_CS_fsm                         |  3|   0|    3|          0|
    |ap_done_reg                       |  1|   0|    1|          0|
    |ap_enable_reg_pp0_iter0           |  1|   0|    1|          0|
    |ap_enable_reg_pp0_iter1           |  1|   0|    1|          0|
    |ap_enable_reg_pp0_iter2           |  1|   0|    1|          0|
    |i_0_reg_1130                      |  5|   0|    5|          0|
    |icmp_ln41_reg_5697                |  1|   0|    1|          0|
    |icmp_ln41_reg_5697_pp0_iter1_reg  |  1|   0|    1|          0|
    |start_once_reg                    |  1|   0|    1|          0|
    |tmp_data_0_V_reg_5706             |  8|   0|    8|          0|
    |tmp_data_10_V_reg_5756            |  8|   0|    8|          0|
    |tmp_data_11_V_reg_5761            |  8|   0|    8|          0|
    |tmp_data_12_V_reg_5766            |  8|   0|    8|          0|
    |tmp_data_13_V_reg_5771            |  8|   0|    8|          0|
    |tmp_data_14_V_reg_5776            |  8|   0|    8|          0|
    |tmp_data_15_V_reg_5781            |  8|   0|    8|          0|
    |tmp_data_16_V_reg_5786            |  8|   0|    8|          0|
    |tmp_data_17_V_reg_5791            |  8|   0|    8|          0|
    |tmp_data_18_V_reg_5796            |  8|   0|    8|          0|
    |tmp_data_19_V_reg_5801            |  8|   0|    8|          0|
    |tmp_data_1_V_reg_5711             |  8|   0|    8|          0|
    |tmp_data_20_V_reg_5806            |  8|   0|    8|          0|
    |tmp_data_21_V_reg_5811            |  8|   0|    8|          0|
    |tmp_data_22_V_reg_5816            |  8|   0|    8|          0|
    |tmp_data_23_V_reg_5821            |  8|   0|    8|          0|
    |tmp_data_24_V_reg_5826            |  8|   0|    8|          0|
    |tmp_data_25_V_reg_5831            |  8|   0|    8|          0|
    |tmp_data_26_V_reg_5836            |  8|   0|    8|          0|
    |tmp_data_27_V_reg_5841            |  8|   0|    8|          0|
    |tmp_data_28_V_reg_5846            |  8|   0|    8|          0|
    |tmp_data_29_V_reg_5851            |  8|   0|    8|          0|
    |tmp_data_2_V_reg_5716             |  8|   0|    8|          0|
    |tmp_data_30_V_reg_5856            |  8|   0|    8|          0|
    |tmp_data_31_V_reg_5861            |  8|   0|    8|          0|
    |tmp_data_3_V_reg_5721             |  8|   0|    8|          0|
    |tmp_data_4_V_reg_5726             |  8|   0|    8|          0|
    |tmp_data_5_V_reg_5731             |  8|   0|    8|          0|
    |tmp_data_6_V_reg_5736             |  8|   0|    8|          0|
    |tmp_data_7_V_reg_5741             |  8|   0|    8|          0|
    |tmp_data_8_V_reg_5746             |  8|   0|    8|          0|
    |tmp_data_9_V_reg_5751             |  8|   0|    8|          0|
    +----------------------------------+---+----+-----+-----------+
    |Total                             |271|   0|  271|          0|
    +----------------------------------+---+----+-----+-----------+



================================================================
== Interface
================================================================
* Summary: 
+--------------------------+-----+-----+------------+------------------------------------------------------------------------+--------------+
|         RTL Ports        | Dir | Bits|  Protocol  |                              Source Object                             |    C Type    |
+--------------------------+-----+-----+------------+------------------------------------------------------------------------+--------------+
|ap_clk                    |  in |    1| ap_ctrl_hs | relu<array<ap_fixed,32u>,array<ap_ufixed<8,0,4,0,0>,32u>,relu_config4> | return value |
|ap_rst                    |  in |    1| ap_ctrl_hs | relu<array<ap_fixed,32u>,array<ap_ufixed<8,0,4,0,0>,32u>,relu_config4> | return value |
|ap_start                  |  in |    1| ap_ctrl_hs | relu<array<ap_fixed,32u>,array<ap_ufixed<8,0,4,0,0>,32u>,relu_config4> | return value |
|start_full_n              |  in |    1| ap_ctrl_hs | relu<array<ap_fixed,32u>,array<ap_ufixed<8,0,4,0,0>,32u>,relu_config4> | return value |
|ap_done                   | out |    1| ap_ctrl_hs | relu<array<ap_fixed,32u>,array<ap_ufixed<8,0,4,0,0>,32u>,relu_config4> | return value |
|ap_continue               |  in |    1| ap_ctrl_hs | relu<array<ap_fixed,32u>,array<ap_ufixed<8,0,4,0,0>,32u>,relu_config4> | return value |
|ap_idle                   | out |    1| ap_ctrl_hs | relu<array<ap_fixed,32u>,array<ap_ufixed<8,0,4,0,0>,32u>,relu_config4> | return value |
|ap_ready                  | out |    1| ap_ctrl_hs | relu<array<ap_fixed,32u>,array<ap_ufixed<8,0,4,0,0>,32u>,relu_config4> | return value |
|start_out                 | out |    1| ap_ctrl_hs | relu<array<ap_fixed,32u>,array<ap_ufixed<8,0,4,0,0>,32u>,relu_config4> | return value |
|start_write               | out |    1| ap_ctrl_hs | relu<array<ap_fixed,32u>,array<ap_ufixed<8,0,4,0,0>,32u>,relu_config4> | return value |
|data_V_data_0_V_dout      |  in |   23|   ap_fifo  |                             data_V_data_0_V                            |    pointer   |
|data_V_data_0_V_empty_n   |  in |    1|   ap_fifo  |                             data_V_data_0_V                            |    pointer   |
|data_V_data_0_V_read      | out |    1|   ap_fifo  |                             data_V_data_0_V                            |    pointer   |
|data_V_data_1_V_dout      |  in |   23|   ap_fifo  |                             data_V_data_1_V                            |    pointer   |
|data_V_data_1_V_empty_n   |  in |    1|   ap_fifo  |                             data_V_data_1_V                            |    pointer   |
|data_V_data_1_V_read      | out |    1|   ap_fifo  |                             data_V_data_1_V                            |    pointer   |
|data_V_data_2_V_dout      |  in |   23|   ap_fifo  |                             data_V_data_2_V                            |    pointer   |
|data_V_data_2_V_empty_n   |  in |    1|   ap_fifo  |                             data_V_data_2_V                            |    pointer   |
|data_V_data_2_V_read      | out |    1|   ap_fifo  |                             data_V_data_2_V                            |    pointer   |
|data_V_data_3_V_dout      |  in |   23|   ap_fifo  |                             data_V_data_3_V                            |    pointer   |
|data_V_data_3_V_empty_n   |  in |    1|   ap_fifo  |                             data_V_data_3_V                            |    pointer   |
|data_V_data_3_V_read      | out |    1|   ap_fifo  |                             data_V_data_3_V                            |    pointer   |
|data_V_data_4_V_dout      |  in |   23|   ap_fifo  |                             data_V_data_4_V                            |    pointer   |
|data_V_data_4_V_empty_n   |  in |    1|   ap_fifo  |                             data_V_data_4_V                            |    pointer   |
|data_V_data_4_V_read      | out |    1|   ap_fifo  |                             data_V_data_4_V                            |    pointer   |
|data_V_data_5_V_dout      |  in |   23|   ap_fifo  |                             data_V_data_5_V                            |    pointer   |
|data_V_data_5_V_empty_n   |  in |    1|   ap_fifo  |                             data_V_data_5_V                            |    pointer   |
|data_V_data_5_V_read      | out |    1|   ap_fifo  |                             data_V_data_5_V                            |    pointer   |
|data_V_data_6_V_dout      |  in |   23|   ap_fifo  |                             data_V_data_6_V                            |    pointer   |
|data_V_data_6_V_empty_n   |  in |    1|   ap_fifo  |                             data_V_data_6_V                            |    pointer   |
|data_V_data_6_V_read      | out |    1|   ap_fifo  |                             data_V_data_6_V                            |    pointer   |
|data_V_data_7_V_dout      |  in |   23|   ap_fifo  |                             data_V_data_7_V                            |    pointer   |
|data_V_data_7_V_empty_n   |  in |    1|   ap_fifo  |                             data_V_data_7_V                            |    pointer   |
|data_V_data_7_V_read      | out |    1|   ap_fifo  |                             data_V_data_7_V                            |    pointer   |
|data_V_data_8_V_dout      |  in |   23|   ap_fifo  |                             data_V_data_8_V                            |    pointer   |
|data_V_data_8_V_empty_n   |  in |    1|   ap_fifo  |                             data_V_data_8_V                            |    pointer   |
|data_V_data_8_V_read      | out |    1|   ap_fifo  |                             data_V_data_8_V                            |    pointer   |
|data_V_data_9_V_dout      |  in |   23|   ap_fifo  |                             data_V_data_9_V                            |    pointer   |
|data_V_data_9_V_empty_n   |  in |    1|   ap_fifo  |                             data_V_data_9_V                            |    pointer   |
|data_V_data_9_V_read      | out |    1|   ap_fifo  |                             data_V_data_9_V                            |    pointer   |
|data_V_data_10_V_dout     |  in |   23|   ap_fifo  |                            data_V_data_10_V                            |    pointer   |
|data_V_data_10_V_empty_n  |  in |    1|   ap_fifo  |                            data_V_data_10_V                            |    pointer   |
|data_V_data_10_V_read     | out |    1|   ap_fifo  |                            data_V_data_10_V                            |    pointer   |
|data_V_data_11_V_dout     |  in |   23|   ap_fifo  |                            data_V_data_11_V                            |    pointer   |
|data_V_data_11_V_empty_n  |  in |    1|   ap_fifo  |                            data_V_data_11_V                            |    pointer   |
|data_V_data_11_V_read     | out |    1|   ap_fifo  |                            data_V_data_11_V                            |    pointer   |
|data_V_data_12_V_dout     |  in |   23|   ap_fifo  |                            data_V_data_12_V                            |    pointer   |
|data_V_data_12_V_empty_n  |  in |    1|   ap_fifo  |                            data_V_data_12_V                            |    pointer   |
|data_V_data_12_V_read     | out |    1|   ap_fifo  |                            data_V_data_12_V                            |    pointer   |
|data_V_data_13_V_dout     |  in |   23|   ap_fifo  |                            data_V_data_13_V                            |    pointer   |
|data_V_data_13_V_empty_n  |  in |    1|   ap_fifo  |                            data_V_data_13_V                            |    pointer   |
|data_V_data_13_V_read     | out |    1|   ap_fifo  |                            data_V_data_13_V                            |    pointer   |
|data_V_data_14_V_dout     |  in |   23|   ap_fifo  |                            data_V_data_14_V                            |    pointer   |
|data_V_data_14_V_empty_n  |  in |    1|   ap_fifo  |                            data_V_data_14_V                            |    pointer   |
|data_V_data_14_V_read     | out |    1|   ap_fifo  |                            data_V_data_14_V                            |    pointer   |
|data_V_data_15_V_dout     |  in |   23|   ap_fifo  |                            data_V_data_15_V                            |    pointer   |
|data_V_data_15_V_empty_n  |  in |    1|   ap_fifo  |                            data_V_data_15_V                            |    pointer   |
|data_V_data_15_V_read     | out |    1|   ap_fifo  |                            data_V_data_15_V                            |    pointer   |
|data_V_data_16_V_dout     |  in |   23|   ap_fifo  |                            data_V_data_16_V                            |    pointer   |
|data_V_data_16_V_empty_n  |  in |    1|   ap_fifo  |                            data_V_data_16_V                            |    pointer   |
|data_V_data_16_V_read     | out |    1|   ap_fifo  |                            data_V_data_16_V                            |    pointer   |
|data_V_data_17_V_dout     |  in |   23|   ap_fifo  |                            data_V_data_17_V                            |    pointer   |
|data_V_data_17_V_empty_n  |  in |    1|   ap_fifo  |                            data_V_data_17_V                            |    pointer   |
|data_V_data_17_V_read     | out |    1|   ap_fifo  |                            data_V_data_17_V                            |    pointer   |
|data_V_data_18_V_dout     |  in |   23|   ap_fifo  |                            data_V_data_18_V                            |    pointer   |
|data_V_data_18_V_empty_n  |  in |    1|   ap_fifo  |                            data_V_data_18_V                            |    pointer   |
|data_V_data_18_V_read     | out |    1|   ap_fifo  |                            data_V_data_18_V                            |    pointer   |
|data_V_data_19_V_dout     |  in |   23|   ap_fifo  |                            data_V_data_19_V                            |    pointer   |
|data_V_data_19_V_empty_n  |  in |    1|   ap_fifo  |                            data_V_data_19_V                            |    pointer   |
|data_V_data_19_V_read     | out |    1|   ap_fifo  |                            data_V_data_19_V                            |    pointer   |
|data_V_data_20_V_dout     |  in |   23|   ap_fifo  |                            data_V_data_20_V                            |    pointer   |
|data_V_data_20_V_empty_n  |  in |    1|   ap_fifo  |                            data_V_data_20_V                            |    pointer   |
|data_V_data_20_V_read     | out |    1|   ap_fifo  |                            data_V_data_20_V                            |    pointer   |
|data_V_data_21_V_dout     |  in |   23|   ap_fifo  |                            data_V_data_21_V                            |    pointer   |
|data_V_data_21_V_empty_n  |  in |    1|   ap_fifo  |                            data_V_data_21_V                            |    pointer   |
|data_V_data_21_V_read     | out |    1|   ap_fifo  |                            data_V_data_21_V                            |    pointer   |
|data_V_data_22_V_dout     |  in |   23|   ap_fifo  |                            data_V_data_22_V                            |    pointer   |
|data_V_data_22_V_empty_n  |  in |    1|   ap_fifo  |                            data_V_data_22_V                            |    pointer   |
|data_V_data_22_V_read     | out |    1|   ap_fifo  |                            data_V_data_22_V                            |    pointer   |
|data_V_data_23_V_dout     |  in |   23|   ap_fifo  |                            data_V_data_23_V                            |    pointer   |
|data_V_data_23_V_empty_n  |  in |    1|   ap_fifo  |                            data_V_data_23_V                            |    pointer   |
|data_V_data_23_V_read     | out |    1|   ap_fifo  |                            data_V_data_23_V                            |    pointer   |
|data_V_data_24_V_dout     |  in |   23|   ap_fifo  |                            data_V_data_24_V                            |    pointer   |
|data_V_data_24_V_empty_n  |  in |    1|   ap_fifo  |                            data_V_data_24_V                            |    pointer   |
|data_V_data_24_V_read     | out |    1|   ap_fifo  |                            data_V_data_24_V                            |    pointer   |
|data_V_data_25_V_dout     |  in |   23|   ap_fifo  |                            data_V_data_25_V                            |    pointer   |
|data_V_data_25_V_empty_n  |  in |    1|   ap_fifo  |                            data_V_data_25_V                            |    pointer   |
|data_V_data_25_V_read     | out |    1|   ap_fifo  |                            data_V_data_25_V                            |    pointer   |
|data_V_data_26_V_dout     |  in |   23|   ap_fifo  |                            data_V_data_26_V                            |    pointer   |
|data_V_data_26_V_empty_n  |  in |    1|   ap_fifo  |                            data_V_data_26_V                            |    pointer   |
|data_V_data_26_V_read     | out |    1|   ap_fifo  |                            data_V_data_26_V                            |    pointer   |
|data_V_data_27_V_dout     |  in |   23|   ap_fifo  |                            data_V_data_27_V                            |    pointer   |
|data_V_data_27_V_empty_n  |  in |    1|   ap_fifo  |                            data_V_data_27_V                            |    pointer   |
|data_V_data_27_V_read     | out |    1|   ap_fifo  |                            data_V_data_27_V                            |    pointer   |
|data_V_data_28_V_dout     |  in |   23|   ap_fifo  |                            data_V_data_28_V                            |    pointer   |
|data_V_data_28_V_empty_n  |  in |    1|   ap_fifo  |                            data_V_data_28_V                            |    pointer   |
|data_V_data_28_V_read     | out |    1|   ap_fifo  |                            data_V_data_28_V                            |    pointer   |
|data_V_data_29_V_dout     |  in |   23|   ap_fifo  |                            data_V_data_29_V                            |    pointer   |
|data_V_data_29_V_empty_n  |  in |    1|   ap_fifo  |                            data_V_data_29_V                            |    pointer   |
|data_V_data_29_V_read     | out |    1|   ap_fifo  |                            data_V_data_29_V                            |    pointer   |
|data_V_data_30_V_dout     |  in |   23|   ap_fifo  |                            data_V_data_30_V                            |    pointer   |
|data_V_data_30_V_empty_n  |  in |    1|   ap_fifo  |                            data_V_data_30_V                            |    pointer   |
|data_V_data_30_V_read     | out |    1|   ap_fifo  |                            data_V_data_30_V                            |    pointer   |
|data_V_data_31_V_dout     |  in |   23|   ap_fifo  |                            data_V_data_31_V                            |    pointer   |
|data_V_data_31_V_empty_n  |  in |    1|   ap_fifo  |                            data_V_data_31_V                            |    pointer   |
|data_V_data_31_V_read     | out |    1|   ap_fifo  |                            data_V_data_31_V                            |    pointer   |
|res_V_data_0_V_din        | out |    8|   ap_fifo  |                             res_V_data_0_V                             |    pointer   |
|res_V_data_0_V_full_n     |  in |    1|   ap_fifo  |                             res_V_data_0_V                             |    pointer   |
|res_V_data_0_V_write      | out |    1|   ap_fifo  |                             res_V_data_0_V                             |    pointer   |
|res_V_data_1_V_din        | out |    8|   ap_fifo  |                             res_V_data_1_V                             |    pointer   |
|res_V_data_1_V_full_n     |  in |    1|   ap_fifo  |                             res_V_data_1_V                             |    pointer   |
|res_V_data_1_V_write      | out |    1|   ap_fifo  |                             res_V_data_1_V                             |    pointer   |
|res_V_data_2_V_din        | out |    8|   ap_fifo  |                             res_V_data_2_V                             |    pointer   |
|res_V_data_2_V_full_n     |  in |    1|   ap_fifo  |                             res_V_data_2_V                             |    pointer   |
|res_V_data_2_V_write      | out |    1|   ap_fifo  |                             res_V_data_2_V                             |    pointer   |
|res_V_data_3_V_din        | out |    8|   ap_fifo  |                             res_V_data_3_V                             |    pointer   |
|res_V_data_3_V_full_n     |  in |    1|   ap_fifo  |                             res_V_data_3_V                             |    pointer   |
|res_V_data_3_V_write      | out |    1|   ap_fifo  |                             res_V_data_3_V                             |    pointer   |
|res_V_data_4_V_din        | out |    8|   ap_fifo  |                             res_V_data_4_V                             |    pointer   |
|res_V_data_4_V_full_n     |  in |    1|   ap_fifo  |                             res_V_data_4_V                             |    pointer   |
|res_V_data_4_V_write      | out |    1|   ap_fifo  |                             res_V_data_4_V                             |    pointer   |
|res_V_data_5_V_din        | out |    8|   ap_fifo  |                             res_V_data_5_V                             |    pointer   |
|res_V_data_5_V_full_n     |  in |    1|   ap_fifo  |                             res_V_data_5_V                             |    pointer   |
|res_V_data_5_V_write      | out |    1|   ap_fifo  |                             res_V_data_5_V                             |    pointer   |
|res_V_data_6_V_din        | out |    8|   ap_fifo  |                             res_V_data_6_V                             |    pointer   |
|res_V_data_6_V_full_n     |  in |    1|   ap_fifo  |                             res_V_data_6_V                             |    pointer   |
|res_V_data_6_V_write      | out |    1|   ap_fifo  |                             res_V_data_6_V                             |    pointer   |
|res_V_data_7_V_din        | out |    8|   ap_fifo  |                             res_V_data_7_V                             |    pointer   |
|res_V_data_7_V_full_n     |  in |    1|   ap_fifo  |                             res_V_data_7_V                             |    pointer   |
|res_V_data_7_V_write      | out |    1|   ap_fifo  |                             res_V_data_7_V                             |    pointer   |
|res_V_data_8_V_din        | out |    8|   ap_fifo  |                             res_V_data_8_V                             |    pointer   |
|res_V_data_8_V_full_n     |  in |    1|   ap_fifo  |                             res_V_data_8_V                             |    pointer   |
|res_V_data_8_V_write      | out |    1|   ap_fifo  |                             res_V_data_8_V                             |    pointer   |
|res_V_data_9_V_din        | out |    8|   ap_fifo  |                             res_V_data_9_V                             |    pointer   |
|res_V_data_9_V_full_n     |  in |    1|   ap_fifo  |                             res_V_data_9_V                             |    pointer   |
|res_V_data_9_V_write      | out |    1|   ap_fifo  |                             res_V_data_9_V                             |    pointer   |
|res_V_data_10_V_din       | out |    8|   ap_fifo  |                             res_V_data_10_V                            |    pointer   |
|res_V_data_10_V_full_n    |  in |    1|   ap_fifo  |                             res_V_data_10_V                            |    pointer   |
|res_V_data_10_V_write     | out |    1|   ap_fifo  |                             res_V_data_10_V                            |    pointer   |
|res_V_data_11_V_din       | out |    8|   ap_fifo  |                             res_V_data_11_V                            |    pointer   |
|res_V_data_11_V_full_n    |  in |    1|   ap_fifo  |                             res_V_data_11_V                            |    pointer   |
|res_V_data_11_V_write     | out |    1|   ap_fifo  |                             res_V_data_11_V                            |    pointer   |
|res_V_data_12_V_din       | out |    8|   ap_fifo  |                             res_V_data_12_V                            |    pointer   |
|res_V_data_12_V_full_n    |  in |    1|   ap_fifo  |                             res_V_data_12_V                            |    pointer   |
|res_V_data_12_V_write     | out |    1|   ap_fifo  |                             res_V_data_12_V                            |    pointer   |
|res_V_data_13_V_din       | out |    8|   ap_fifo  |                             res_V_data_13_V                            |    pointer   |
|res_V_data_13_V_full_n    |  in |    1|   ap_fifo  |                             res_V_data_13_V                            |    pointer   |
|res_V_data_13_V_write     | out |    1|   ap_fifo  |                             res_V_data_13_V                            |    pointer   |
|res_V_data_14_V_din       | out |    8|   ap_fifo  |                             res_V_data_14_V                            |    pointer   |
|res_V_data_14_V_full_n    |  in |    1|   ap_fifo  |                             res_V_data_14_V                            |    pointer   |
|res_V_data_14_V_write     | out |    1|   ap_fifo  |                             res_V_data_14_V                            |    pointer   |
|res_V_data_15_V_din       | out |    8|   ap_fifo  |                             res_V_data_15_V                            |    pointer   |
|res_V_data_15_V_full_n    |  in |    1|   ap_fifo  |                             res_V_data_15_V                            |    pointer   |
|res_V_data_15_V_write     | out |    1|   ap_fifo  |                             res_V_data_15_V                            |    pointer   |
|res_V_data_16_V_din       | out |    8|   ap_fifo  |                             res_V_data_16_V                            |    pointer   |
|res_V_data_16_V_full_n    |  in |    1|   ap_fifo  |                             res_V_data_16_V                            |    pointer   |
|res_V_data_16_V_write     | out |    1|   ap_fifo  |                             res_V_data_16_V                            |    pointer   |
|res_V_data_17_V_din       | out |    8|   ap_fifo  |                             res_V_data_17_V                            |    pointer   |
|res_V_data_17_V_full_n    |  in |    1|   ap_fifo  |                             res_V_data_17_V                            |    pointer   |
|res_V_data_17_V_write     | out |    1|   ap_fifo  |                             res_V_data_17_V                            |    pointer   |
|res_V_data_18_V_din       | out |    8|   ap_fifo  |                             res_V_data_18_V                            |    pointer   |
|res_V_data_18_V_full_n    |  in |    1|   ap_fifo  |                             res_V_data_18_V                            |    pointer   |
|res_V_data_18_V_write     | out |    1|   ap_fifo  |                             res_V_data_18_V                            |    pointer   |
|res_V_data_19_V_din       | out |    8|   ap_fifo  |                             res_V_data_19_V                            |    pointer   |
|res_V_data_19_V_full_n    |  in |    1|   ap_fifo  |                             res_V_data_19_V                            |    pointer   |
|res_V_data_19_V_write     | out |    1|   ap_fifo  |                             res_V_data_19_V                            |    pointer   |
|res_V_data_20_V_din       | out |    8|   ap_fifo  |                             res_V_data_20_V                            |    pointer   |
|res_V_data_20_V_full_n    |  in |    1|   ap_fifo  |                             res_V_data_20_V                            |    pointer   |
|res_V_data_20_V_write     | out |    1|   ap_fifo  |                             res_V_data_20_V                            |    pointer   |
|res_V_data_21_V_din       | out |    8|   ap_fifo  |                             res_V_data_21_V                            |    pointer   |
|res_V_data_21_V_full_n    |  in |    1|   ap_fifo  |                             res_V_data_21_V                            |    pointer   |
|res_V_data_21_V_write     | out |    1|   ap_fifo  |                             res_V_data_21_V                            |    pointer   |
|res_V_data_22_V_din       | out |    8|   ap_fifo  |                             res_V_data_22_V                            |    pointer   |
|res_V_data_22_V_full_n    |  in |    1|   ap_fifo  |                             res_V_data_22_V                            |    pointer   |
|res_V_data_22_V_write     | out |    1|   ap_fifo  |                             res_V_data_22_V                            |    pointer   |
|res_V_data_23_V_din       | out |    8|   ap_fifo  |                             res_V_data_23_V                            |    pointer   |
|res_V_data_23_V_full_n    |  in |    1|   ap_fifo  |                             res_V_data_23_V                            |    pointer   |
|res_V_data_23_V_write     | out |    1|   ap_fifo  |                             res_V_data_23_V                            |    pointer   |
|res_V_data_24_V_din       | out |    8|   ap_fifo  |                             res_V_data_24_V                            |    pointer   |
|res_V_data_24_V_full_n    |  in |    1|   ap_fifo  |                             res_V_data_24_V                            |    pointer   |
|res_V_data_24_V_write     | out |    1|   ap_fifo  |                             res_V_data_24_V                            |    pointer   |
|res_V_data_25_V_din       | out |    8|   ap_fifo  |                             res_V_data_25_V                            |    pointer   |
|res_V_data_25_V_full_n    |  in |    1|   ap_fifo  |                             res_V_data_25_V                            |    pointer   |
|res_V_data_25_V_write     | out |    1|   ap_fifo  |                             res_V_data_25_V                            |    pointer   |
|res_V_data_26_V_din       | out |    8|   ap_fifo  |                             res_V_data_26_V                            |    pointer   |
|res_V_data_26_V_full_n    |  in |    1|   ap_fifo  |                             res_V_data_26_V                            |    pointer   |
|res_V_data_26_V_write     | out |    1|   ap_fifo  |                             res_V_data_26_V                            |    pointer   |
|res_V_data_27_V_din       | out |    8|   ap_fifo  |                             res_V_data_27_V                            |    pointer   |
|res_V_data_27_V_full_n    |  in |    1|   ap_fifo  |                             res_V_data_27_V                            |    pointer   |
|res_V_data_27_V_write     | out |    1|   ap_fifo  |                             res_V_data_27_V                            |    pointer   |
|res_V_data_28_V_din       | out |    8|   ap_fifo  |                             res_V_data_28_V                            |    pointer   |
|res_V_data_28_V_full_n    |  in |    1|   ap_fifo  |                             res_V_data_28_V                            |    pointer   |
|res_V_data_28_V_write     | out |    1|   ap_fifo  |                             res_V_data_28_V                            |    pointer   |
|res_V_data_29_V_din       | out |    8|   ap_fifo  |                             res_V_data_29_V                            |    pointer   |
|res_V_data_29_V_full_n    |  in |    1|   ap_fifo  |                             res_V_data_29_V                            |    pointer   |
|res_V_data_29_V_write     | out |    1|   ap_fifo  |                             res_V_data_29_V                            |    pointer   |
|res_V_data_30_V_din       | out |    8|   ap_fifo  |                             res_V_data_30_V                            |    pointer   |
|res_V_data_30_V_full_n    |  in |    1|   ap_fifo  |                             res_V_data_30_V                            |    pointer   |
|res_V_data_30_V_write     | out |    1|   ap_fifo  |                             res_V_data_30_V                            |    pointer   |
|res_V_data_31_V_din       | out |    8|   ap_fifo  |                             res_V_data_31_V                            |    pointer   |
|res_V_data_31_V_full_n    |  in |    1|   ap_fifo  |                             res_V_data_31_V                            |    pointer   |
|res_V_data_31_V_write     | out |    1|   ap_fifo  |                             res_V_data_31_V                            |    pointer   |
+--------------------------+-----+-----+------------+------------------------------------------------------------------------+--------------+

