

================================================================
== Vivado HLS Report for 'fill_buffer_2'
================================================================
* Date:           Tue Dec 10 20:10:59 2024

* Version:        2020.1 (Build 2897737 on Wed May 27 20:21:37 MDT 2020)
* Project:        hls_deepset_pointwisePhi_ioparallel_prj
* Solution:       solution1
* Product family: virtexuplus
* Target device:  xcvu13p-flga2577-2-e


================================================================
== Performance Estimates
================================================================
+ Timing: 
    * Summary: 
    +--------+---------+----------+------------+
    |  Clock |  Target | Estimated| Uncertainty|
    +--------+---------+----------+------------+
    |ap_clk  | 5.00 ns | 3.048 ns |   0.62 ns  |
    +--------+---------+----------+------------+

+ Latency: 
    * Summary: 
    +---------+---------+----------+----------+-----+-----+----------+
    |  Latency (cycles) |  Latency (absolute) |  Interval | Pipeline |
    |   min   |   max   |    min   |    max   | min | max |   Type   |
    +---------+---------+----------+----------+-----+-----+----------+
    |        0|        0|   0 ns   |   0 ns   |    1|    1| function |
    +---------+---------+----------+----------+-----+-----+----------+

    + Detail: 
        * Instance: 
        N/A

        * Loop: 
        N/A

============================================================
+ Verbose Summary: Synthesis Manager
============================================================
InlineROM: 1
ExposeGlobal: 0
============================================================
+ Verbose Summary: CDFG Model
============================================================
IsTopModel: 0
ResetActiveHigh: 1
IsCombinational: 0
IsDatapathOnly: 0
HasWiredReturn: 1
HasMFsm: 2
HasVarLatency: 0
IsPipeline: 1
IsRtlPipelined: 0
IsInstanceOverlapped: 0
IsDontTouch: 0
HasImplIP: 0
IsGatedGlobalClock: 0

+ Individual pipeline summary: 
  * Pipeline-0: initiation interval (II) = 1, depth = 1


============================================================
+ Verbose Summary: Schedule
============================================================
* Number of FSM states : 1
* Pipeline : 1
  Pipeline-0 : II = 1, D = 1, States = { 1 }
* Dataflow Pipeline: 0

* FSM state transitions: 
1 --> 

* FSM state operations: 

State 1 <SV = 0> <Delay = 3.04>
ST_1 : Operation 2 [1/1] (0.00ns)   --->   "%partition_read = call i4 @_ssdm_op_Read.ap_auto.i4(i4 %partition)" [firmware/nnet_utils/nnet_code_gen.h:18]   --->   Operation 2 'read' 'partition_read' <Predicate = true> <Delay = 0.00>
ST_1 : Operation 3 [1/1] (0.00ns)   --->   "%buffer_2_V_read_1 = call i12 @_ssdm_op_Read.ap_auto.i12(i12 %buffer_2_V_read)" [firmware/nnet_utils/nnet_code_gen.h:18]   --->   Operation 3 'read' 'buffer_2_V_read_1' <Predicate = true> <Delay = 0.00>
ST_1 : Operation 4 [1/1] (0.00ns)   --->   "%buffer_1_V_read_1 = call i12 @_ssdm_op_Read.ap_auto.i12(i12 %buffer_1_V_read)" [firmware/nnet_utils/nnet_code_gen.h:18]   --->   Operation 4 'read' 'buffer_1_V_read_1' <Predicate = true> <Delay = 0.00>
ST_1 : Operation 5 [1/1] (0.00ns)   --->   "%buffer_0_V_read_1 = call i12 @_ssdm_op_Read.ap_auto.i12(i12 %buffer_0_V_read)" [firmware/nnet_utils/nnet_code_gen.h:18]   --->   Operation 5 'read' 'buffer_0_V_read_1' <Predicate = true> <Delay = 0.00>
ST_1 : Operation 6 [1/1] (0.00ns)   --->   "%data_V_read_1 = call i576 @_ssdm_op_Read.ap_auto.i576(i576 %data_V_read)" [firmware/nnet_utils/nnet_code_gen.h:18]   --->   Operation 6 'read' 'data_V_read_1' <Predicate = true> <Delay = 0.00>
ST_1 : Operation 7 [1/1] (0.65ns)   --->   "%icmp_ln22 = icmp eq i4 %partition_read, 0" [firmware/nnet_utils/nnet_code_gen.h:22]   --->   Operation 7 'icmp' 'icmp_ln22' <Predicate = true> <Delay = 0.65> <Core = "Cmp">   --->   Core 25 'Cmp' <Latency = 0> <II = 1> <Delay = 0.65> <FuncUnit> <Opcode : 'icmp'> <InPorts = 2> <OutPorts = 1>
ST_1 : Operation 8 [1/1] (0.00ns) (grouped into LUT with out node select_ln30)   --->   "%trunc_ln203 = trunc i576 %data_V_read_1 to i12" [firmware/nnet_utils/nnet_code_gen.h:23]   --->   Operation 8 'trunc' 'trunc_ln203' <Predicate = (!icmp_ln26 & !icmp_ln30 & !icmp_ln34 & !icmp_ln38 & !icmp_ln42 & !icmp_ln46 & !icmp_ln50 & !icmp_ln54 & !icmp_ln58 & !icmp_ln62 & !icmp_ln66 & !icmp_ln70 & !icmp_ln74 & !icmp_ln78 & !icmp_ln82 & or_ln82_14)> <Delay = 0.00>
ST_1 : Operation 9 [1/1] (0.00ns) (grouped into LUT with out node select_ln30_1)   --->   "%tmp_5 = call i12 @_ssdm_op_PartSelect.i12.i576.i32.i32(i576 %data_V_read_1, i32 12, i32 23)" [firmware/nnet_utils/nnet_code_gen.h:23]   --->   Operation 9 'partselect' 'tmp_5' <Predicate = (!icmp_ln26 & !icmp_ln30 & !icmp_ln34 & !icmp_ln38 & !icmp_ln42 & !icmp_ln46 & !icmp_ln50 & !icmp_ln54 & !icmp_ln58 & !icmp_ln62 & !icmp_ln66 & !icmp_ln70 & !icmp_ln74 & !icmp_ln78 & !icmp_ln82 & or_ln82_14)> <Delay = 0.00>
ST_1 : Operation 10 [1/1] (0.00ns) (grouped into LUT with out node select_ln30_2)   --->   "%tmp_6 = call i12 @_ssdm_op_PartSelect.i12.i576.i32.i32(i576 %data_V_read_1, i32 24, i32 35)" [firmware/nnet_utils/nnet_code_gen.h:23]   --->   Operation 10 'partselect' 'tmp_6' <Predicate = (!icmp_ln26 & !icmp_ln30 & !icmp_ln34 & !icmp_ln38 & !icmp_ln42 & !icmp_ln46 & !icmp_ln50 & !icmp_ln54 & !icmp_ln58 & !icmp_ln62 & !icmp_ln66 & !icmp_ln70 & !icmp_ln74 & !icmp_ln78 & !icmp_ln82 & or_ln82_14)> <Delay = 0.00>
ST_1 : Operation 11 [1/1] (0.65ns)   --->   "%icmp_ln26 = icmp eq i4 %partition_read, 1" [firmware/nnet_utils/nnet_code_gen.h:26]   --->   Operation 11 'icmp' 'icmp_ln26' <Predicate = true> <Delay = 0.65> <Core = "Cmp">   --->   Core 25 'Cmp' <Latency = 0> <II = 1> <Delay = 0.65> <FuncUnit> <Opcode : 'icmp'> <InPorts = 2> <OutPorts = 1>
ST_1 : Operation 12 [1/1] (0.00ns) (grouped into LUT with out node select_ln30)   --->   "%tmp_7 = call i12 @_ssdm_op_PartSelect.i12.i576.i32.i32(i576 %data_V_read_1, i32 36, i32 47)" [firmware/nnet_utils/nnet_code_gen.h:27]   --->   Operation 12 'partselect' 'tmp_7' <Predicate = (icmp_ln26 & !icmp_ln30 & !icmp_ln34 & !icmp_ln38 & !icmp_ln42 & !icmp_ln46 & !icmp_ln50 & !icmp_ln54 & !icmp_ln58 & !icmp_ln62 & !icmp_ln66 & !icmp_ln70 & !icmp_ln74 & !icmp_ln78 & !icmp_ln82 & or_ln82_14)> <Delay = 0.00>
ST_1 : Operation 13 [1/1] (0.00ns) (grouped into LUT with out node select_ln30_1)   --->   "%tmp_8 = call i12 @_ssdm_op_PartSelect.i12.i576.i32.i32(i576 %data_V_read_1, i32 48, i32 59)" [firmware/nnet_utils/nnet_code_gen.h:27]   --->   Operation 13 'partselect' 'tmp_8' <Predicate = (icmp_ln26 & !icmp_ln30 & !icmp_ln34 & !icmp_ln38 & !icmp_ln42 & !icmp_ln46 & !icmp_ln50 & !icmp_ln54 & !icmp_ln58 & !icmp_ln62 & !icmp_ln66 & !icmp_ln70 & !icmp_ln74 & !icmp_ln78 & !icmp_ln82 & or_ln82_14)> <Delay = 0.00>
ST_1 : Operation 14 [1/1] (0.00ns) (grouped into LUT with out node select_ln30_2)   --->   "%tmp_9 = call i12 @_ssdm_op_PartSelect.i12.i576.i32.i32(i576 %data_V_read_1, i32 60, i32 71)" [firmware/nnet_utils/nnet_code_gen.h:27]   --->   Operation 14 'partselect' 'tmp_9' <Predicate = (icmp_ln26 & !icmp_ln30 & !icmp_ln34 & !icmp_ln38 & !icmp_ln42 & !icmp_ln46 & !icmp_ln50 & !icmp_ln54 & !icmp_ln58 & !icmp_ln62 & !icmp_ln66 & !icmp_ln70 & !icmp_ln74 & !icmp_ln78 & !icmp_ln82 & or_ln82_14)> <Delay = 0.00>
ST_1 : Operation 15 [1/1] (0.00ns) (grouped into LUT with out node select_ln30)   --->   "%select_ln26 = select i1 %icmp_ln26, i12 %tmp_7, i12 %trunc_ln203" [firmware/nnet_utils/nnet_code_gen.h:26]   --->   Operation 15 'select' 'select_ln26' <Predicate = (!icmp_ln30 & !icmp_ln34 & !icmp_ln38 & !icmp_ln42 & !icmp_ln46 & !icmp_ln50 & !icmp_ln54 & !icmp_ln58 & !icmp_ln62 & !icmp_ln66 & !icmp_ln70 & !icmp_ln74 & !icmp_ln78 & !icmp_ln82 & or_ln82_14)> <Delay = 0.00> <Core = "Sel">   --->   Core 26 'Sel' <Latency = 0> <II = 1> <Delay = 0.29> <FuncUnit> <Opcode : 'select'> <InPorts = 3> <OutPorts = 1>
ST_1 : Operation 16 [1/1] (0.00ns) (grouped into LUT with out node select_ln30_1)   --->   "%select_ln26_1 = select i1 %icmp_ln26, i12 %tmp_8, i12 %tmp_5" [firmware/nnet_utils/nnet_code_gen.h:26]   --->   Operation 16 'select' 'select_ln26_1' <Predicate = (!icmp_ln30 & !icmp_ln34 & !icmp_ln38 & !icmp_ln42 & !icmp_ln46 & !icmp_ln50 & !icmp_ln54 & !icmp_ln58 & !icmp_ln62 & !icmp_ln66 & !icmp_ln70 & !icmp_ln74 & !icmp_ln78 & !icmp_ln82 & or_ln82_14)> <Delay = 0.00> <Core = "Sel">   --->   Core 26 'Sel' <Latency = 0> <II = 1> <Delay = 0.29> <FuncUnit> <Opcode : 'select'> <InPorts = 3> <OutPorts = 1>
ST_1 : Operation 17 [1/1] (0.00ns) (grouped into LUT with out node select_ln30_2)   --->   "%select_ln26_2 = select i1 %icmp_ln26, i12 %tmp_9, i12 %tmp_6" [firmware/nnet_utils/nnet_code_gen.h:26]   --->   Operation 17 'select' 'select_ln26_2' <Predicate = (!icmp_ln30 & !icmp_ln34 & !icmp_ln38 & !icmp_ln42 & !icmp_ln46 & !icmp_ln50 & !icmp_ln54 & !icmp_ln58 & !icmp_ln62 & !icmp_ln66 & !icmp_ln70 & !icmp_ln74 & !icmp_ln78 & !icmp_ln82 & or_ln82_14)> <Delay = 0.00> <Core = "Sel">   --->   Core 26 'Sel' <Latency = 0> <II = 1> <Delay = 0.29> <FuncUnit> <Opcode : 'select'> <InPorts = 3> <OutPorts = 1>
ST_1 : Operation 18 [1/1] (0.65ns)   --->   "%icmp_ln30 = icmp eq i4 %partition_read, 2" [firmware/nnet_utils/nnet_code_gen.h:30]   --->   Operation 18 'icmp' 'icmp_ln30' <Predicate = true> <Delay = 0.65> <Core = "Cmp">   --->   Core 25 'Cmp' <Latency = 0> <II = 1> <Delay = 0.65> <FuncUnit> <Opcode : 'icmp'> <InPorts = 2> <OutPorts = 1>
ST_1 : Operation 19 [1/1] (0.00ns) (grouped into LUT with out node select_ln30)   --->   "%tmp_s = call i12 @_ssdm_op_PartSelect.i12.i576.i32.i32(i576 %data_V_read_1, i32 72, i32 83)" [firmware/nnet_utils/nnet_code_gen.h:31]   --->   Operation 19 'partselect' 'tmp_s' <Predicate = (icmp_ln30 & !icmp_ln34 & !icmp_ln38 & !icmp_ln42 & !icmp_ln46 & !icmp_ln50 & !icmp_ln54 & !icmp_ln58 & !icmp_ln62 & !icmp_ln66 & !icmp_ln70 & !icmp_ln74 & !icmp_ln78 & !icmp_ln82 & or_ln82_14)> <Delay = 0.00>
ST_1 : Operation 20 [1/1] (0.00ns) (grouped into LUT with out node select_ln30_1)   --->   "%tmp_1 = call i12 @_ssdm_op_PartSelect.i12.i576.i32.i32(i576 %data_V_read_1, i32 84, i32 95)" [firmware/nnet_utils/nnet_code_gen.h:31]   --->   Operation 20 'partselect' 'tmp_1' <Predicate = (icmp_ln30 & !icmp_ln34 & !icmp_ln38 & !icmp_ln42 & !icmp_ln46 & !icmp_ln50 & !icmp_ln54 & !icmp_ln58 & !icmp_ln62 & !icmp_ln66 & !icmp_ln70 & !icmp_ln74 & !icmp_ln78 & !icmp_ln82 & or_ln82_14)> <Delay = 0.00>
ST_1 : Operation 21 [1/1] (0.00ns) (grouped into LUT with out node select_ln30_2)   --->   "%tmp_2 = call i12 @_ssdm_op_PartSelect.i12.i576.i32.i32(i576 %data_V_read_1, i32 96, i32 107)" [firmware/nnet_utils/nnet_code_gen.h:31]   --->   Operation 21 'partselect' 'tmp_2' <Predicate = (icmp_ln30 & !icmp_ln34 & !icmp_ln38 & !icmp_ln42 & !icmp_ln46 & !icmp_ln50 & !icmp_ln54 & !icmp_ln58 & !icmp_ln62 & !icmp_ln66 & !icmp_ln70 & !icmp_ln74 & !icmp_ln78 & !icmp_ln82 & or_ln82_14)> <Delay = 0.00>
ST_1 : Operation 22 [1/1] (0.29ns) (out node of the LUT)   --->   "%select_ln30 = select i1 %icmp_ln30, i12 %tmp_s, i12 %select_ln26" [firmware/nnet_utils/nnet_code_gen.h:30]   --->   Operation 22 'select' 'select_ln30' <Predicate = (!icmp_ln34 & !icmp_ln38 & !icmp_ln42 & !icmp_ln46 & !icmp_ln50 & !icmp_ln54 & !icmp_ln58 & !icmp_ln62 & !icmp_ln66 & !icmp_ln70 & !icmp_ln74 & !icmp_ln78 & !icmp_ln82 & or_ln82_14)> <Delay = 0.29> <Core = "Sel">   --->   Core 26 'Sel' <Latency = 0> <II = 1> <Delay = 0.29> <FuncUnit> <Opcode : 'select'> <InPorts = 3> <OutPorts = 1>
ST_1 : Operation 23 [1/1] (0.29ns) (out node of the LUT)   --->   "%select_ln30_1 = select i1 %icmp_ln30, i12 %tmp_1, i12 %select_ln26_1" [firmware/nnet_utils/nnet_code_gen.h:30]   --->   Operation 23 'select' 'select_ln30_1' <Predicate = (!icmp_ln34 & !icmp_ln38 & !icmp_ln42 & !icmp_ln46 & !icmp_ln50 & !icmp_ln54 & !icmp_ln58 & !icmp_ln62 & !icmp_ln66 & !icmp_ln70 & !icmp_ln74 & !icmp_ln78 & !icmp_ln82 & or_ln82_14)> <Delay = 0.29> <Core = "Sel">   --->   Core 26 'Sel' <Latency = 0> <II = 1> <Delay = 0.29> <FuncUnit> <Opcode : 'select'> <InPorts = 3> <OutPorts = 1>
ST_1 : Operation 24 [1/1] (0.29ns) (out node of the LUT)   --->   "%select_ln30_2 = select i1 %icmp_ln30, i12 %tmp_2, i12 %select_ln26_2" [firmware/nnet_utils/nnet_code_gen.h:30]   --->   Operation 24 'select' 'select_ln30_2' <Predicate = (!icmp_ln34 & !icmp_ln38 & !icmp_ln42 & !icmp_ln46 & !icmp_ln50 & !icmp_ln54 & !icmp_ln58 & !icmp_ln62 & !icmp_ln66 & !icmp_ln70 & !icmp_ln74 & !icmp_ln78 & !icmp_ln82 & or_ln82_14)> <Delay = 0.29> <Core = "Sel">   --->   Core 26 'Sel' <Latency = 0> <II = 1> <Delay = 0.29> <FuncUnit> <Opcode : 'select'> <InPorts = 3> <OutPorts = 1>
ST_1 : Operation 25 [1/1] (0.65ns)   --->   "%icmp_ln34 = icmp eq i4 %partition_read, 3" [firmware/nnet_utils/nnet_code_gen.h:34]   --->   Operation 25 'icmp' 'icmp_ln34' <Predicate = true> <Delay = 0.65> <Core = "Cmp">   --->   Core 25 'Cmp' <Latency = 0> <II = 1> <Delay = 0.65> <FuncUnit> <Opcode : 'icmp'> <InPorts = 2> <OutPorts = 1>
ST_1 : Operation 26 [1/1] (0.00ns) (grouped into LUT with out node select_ln38)   --->   "%tmp_3 = call i12 @_ssdm_op_PartSelect.i12.i576.i32.i32(i576 %data_V_read_1, i32 108, i32 119)" [firmware/nnet_utils/nnet_code_gen.h:35]   --->   Operation 26 'partselect' 'tmp_3' <Predicate = (icmp_ln34 & !icmp_ln38 & !icmp_ln42 & !icmp_ln46 & !icmp_ln50 & !icmp_ln54 & !icmp_ln58 & !icmp_ln62 & !icmp_ln66 & !icmp_ln70 & !icmp_ln74 & !icmp_ln78 & !icmp_ln82 & or_ln82_14)> <Delay = 0.00>
ST_1 : Operation 27 [1/1] (0.00ns) (grouped into LUT with out node select_ln38_1)   --->   "%tmp_4 = call i12 @_ssdm_op_PartSelect.i12.i576.i32.i32(i576 %data_V_read_1, i32 120, i32 131)" [firmware/nnet_utils/nnet_code_gen.h:35]   --->   Operation 27 'partselect' 'tmp_4' <Predicate = (icmp_ln34 & !icmp_ln38 & !icmp_ln42 & !icmp_ln46 & !icmp_ln50 & !icmp_ln54 & !icmp_ln58 & !icmp_ln62 & !icmp_ln66 & !icmp_ln70 & !icmp_ln74 & !icmp_ln78 & !icmp_ln82 & or_ln82_14)> <Delay = 0.00>
ST_1 : Operation 28 [1/1] (0.00ns) (grouped into LUT with out node select_ln38_2)   --->   "%tmp_10 = call i12 @_ssdm_op_PartSelect.i12.i576.i32.i32(i576 %data_V_read_1, i32 132, i32 143)" [firmware/nnet_utils/nnet_code_gen.h:35]   --->   Operation 28 'partselect' 'tmp_10' <Predicate = (icmp_ln34 & !icmp_ln38 & !icmp_ln42 & !icmp_ln46 & !icmp_ln50 & !icmp_ln54 & !icmp_ln58 & !icmp_ln62 & !icmp_ln66 & !icmp_ln70 & !icmp_ln74 & !icmp_ln78 & !icmp_ln82 & or_ln82_14)> <Delay = 0.00>
ST_1 : Operation 29 [1/1] (0.00ns) (grouped into LUT with out node select_ln38)   --->   "%select_ln34 = select i1 %icmp_ln34, i12 %tmp_3, i12 %select_ln30" [firmware/nnet_utils/nnet_code_gen.h:34]   --->   Operation 29 'select' 'select_ln34' <Predicate = (!icmp_ln38 & !icmp_ln42 & !icmp_ln46 & !icmp_ln50 & !icmp_ln54 & !icmp_ln58 & !icmp_ln62 & !icmp_ln66 & !icmp_ln70 & !icmp_ln74 & !icmp_ln78 & !icmp_ln82 & or_ln82_14)> <Delay = 0.00> <Core = "Sel">   --->   Core 26 'Sel' <Latency = 0> <II = 1> <Delay = 0.29> <FuncUnit> <Opcode : 'select'> <InPorts = 3> <OutPorts = 1>
ST_1 : Operation 30 [1/1] (0.00ns) (grouped into LUT with out node select_ln38_1)   --->   "%select_ln34_1 = select i1 %icmp_ln34, i12 %tmp_4, i12 %select_ln30_1" [firmware/nnet_utils/nnet_code_gen.h:34]   --->   Operation 30 'select' 'select_ln34_1' <Predicate = (!icmp_ln38 & !icmp_ln42 & !icmp_ln46 & !icmp_ln50 & !icmp_ln54 & !icmp_ln58 & !icmp_ln62 & !icmp_ln66 & !icmp_ln70 & !icmp_ln74 & !icmp_ln78 & !icmp_ln82 & or_ln82_14)> <Delay = 0.00> <Core = "Sel">   --->   Core 26 'Sel' <Latency = 0> <II = 1> <Delay = 0.29> <FuncUnit> <Opcode : 'select'> <InPorts = 3> <OutPorts = 1>
ST_1 : Operation 31 [1/1] (0.00ns) (grouped into LUT with out node select_ln38_2)   --->   "%select_ln34_2 = select i1 %icmp_ln34, i12 %tmp_10, i12 %select_ln30_2" [firmware/nnet_utils/nnet_code_gen.h:34]   --->   Operation 31 'select' 'select_ln34_2' <Predicate = (!icmp_ln38 & !icmp_ln42 & !icmp_ln46 & !icmp_ln50 & !icmp_ln54 & !icmp_ln58 & !icmp_ln62 & !icmp_ln66 & !icmp_ln70 & !icmp_ln74 & !icmp_ln78 & !icmp_ln82 & or_ln82_14)> <Delay = 0.00> <Core = "Sel">   --->   Core 26 'Sel' <Latency = 0> <II = 1> <Delay = 0.29> <FuncUnit> <Opcode : 'select'> <InPorts = 3> <OutPorts = 1>
ST_1 : Operation 32 [1/1] (0.65ns)   --->   "%icmp_ln38 = icmp eq i4 %partition_read, 4" [firmware/nnet_utils/nnet_code_gen.h:38]   --->   Operation 32 'icmp' 'icmp_ln38' <Predicate = true> <Delay = 0.65> <Core = "Cmp">   --->   Core 25 'Cmp' <Latency = 0> <II = 1> <Delay = 0.65> <FuncUnit> <Opcode : 'icmp'> <InPorts = 2> <OutPorts = 1>
ST_1 : Operation 33 [1/1] (0.00ns) (grouped into LUT with out node select_ln38)   --->   "%tmp_11 = call i12 @_ssdm_op_PartSelect.i12.i576.i32.i32(i576 %data_V_read_1, i32 144, i32 155)" [firmware/nnet_utils/nnet_code_gen.h:39]   --->   Operation 33 'partselect' 'tmp_11' <Predicate = (icmp_ln38 & !icmp_ln42 & !icmp_ln46 & !icmp_ln50 & !icmp_ln54 & !icmp_ln58 & !icmp_ln62 & !icmp_ln66 & !icmp_ln70 & !icmp_ln74 & !icmp_ln78 & !icmp_ln82 & or_ln82_14)> <Delay = 0.00>
ST_1 : Operation 34 [1/1] (0.00ns) (grouped into LUT with out node select_ln38_1)   --->   "%tmp_12 = call i12 @_ssdm_op_PartSelect.i12.i576.i32.i32(i576 %data_V_read_1, i32 156, i32 167)" [firmware/nnet_utils/nnet_code_gen.h:39]   --->   Operation 34 'partselect' 'tmp_12' <Predicate = (icmp_ln38 & !icmp_ln42 & !icmp_ln46 & !icmp_ln50 & !icmp_ln54 & !icmp_ln58 & !icmp_ln62 & !icmp_ln66 & !icmp_ln70 & !icmp_ln74 & !icmp_ln78 & !icmp_ln82 & or_ln82_14)> <Delay = 0.00>
ST_1 : Operation 35 [1/1] (0.00ns) (grouped into LUT with out node select_ln38_2)   --->   "%tmp_13 = call i12 @_ssdm_op_PartSelect.i12.i576.i32.i32(i576 %data_V_read_1, i32 168, i32 179)" [firmware/nnet_utils/nnet_code_gen.h:39]   --->   Operation 35 'partselect' 'tmp_13' <Predicate = (icmp_ln38 & !icmp_ln42 & !icmp_ln46 & !icmp_ln50 & !icmp_ln54 & !icmp_ln58 & !icmp_ln62 & !icmp_ln66 & !icmp_ln70 & !icmp_ln74 & !icmp_ln78 & !icmp_ln82 & or_ln82_14)> <Delay = 0.00>
ST_1 : Operation 36 [1/1] (0.29ns) (out node of the LUT)   --->   "%select_ln38 = select i1 %icmp_ln38, i12 %tmp_11, i12 %select_ln34" [firmware/nnet_utils/nnet_code_gen.h:38]   --->   Operation 36 'select' 'select_ln38' <Predicate = (!icmp_ln42 & !icmp_ln46 & !icmp_ln50 & !icmp_ln54 & !icmp_ln58 & !icmp_ln62 & !icmp_ln66 & !icmp_ln70 & !icmp_ln74 & !icmp_ln78 & !icmp_ln82 & or_ln82_14)> <Delay = 0.29> <Core = "Sel">   --->   Core 26 'Sel' <Latency = 0> <II = 1> <Delay = 0.29> <FuncUnit> <Opcode : 'select'> <InPorts = 3> <OutPorts = 1>
ST_1 : Operation 37 [1/1] (0.29ns) (out node of the LUT)   --->   "%select_ln38_1 = select i1 %icmp_ln38, i12 %tmp_12, i12 %select_ln34_1" [firmware/nnet_utils/nnet_code_gen.h:38]   --->   Operation 37 'select' 'select_ln38_1' <Predicate = (!icmp_ln42 & !icmp_ln46 & !icmp_ln50 & !icmp_ln54 & !icmp_ln58 & !icmp_ln62 & !icmp_ln66 & !icmp_ln70 & !icmp_ln74 & !icmp_ln78 & !icmp_ln82 & or_ln82_14)> <Delay = 0.29> <Core = "Sel">   --->   Core 26 'Sel' <Latency = 0> <II = 1> <Delay = 0.29> <FuncUnit> <Opcode : 'select'> <InPorts = 3> <OutPorts = 1>
ST_1 : Operation 38 [1/1] (0.29ns) (out node of the LUT)   --->   "%select_ln38_2 = select i1 %icmp_ln38, i12 %tmp_13, i12 %select_ln34_2" [firmware/nnet_utils/nnet_code_gen.h:38]   --->   Operation 38 'select' 'select_ln38_2' <Predicate = (!icmp_ln42 & !icmp_ln46 & !icmp_ln50 & !icmp_ln54 & !icmp_ln58 & !icmp_ln62 & !icmp_ln66 & !icmp_ln70 & !icmp_ln74 & !icmp_ln78 & !icmp_ln82 & or_ln82_14)> <Delay = 0.29> <Core = "Sel">   --->   Core 26 'Sel' <Latency = 0> <II = 1> <Delay = 0.29> <FuncUnit> <Opcode : 'select'> <InPorts = 3> <OutPorts = 1>
ST_1 : Operation 39 [1/1] (0.65ns)   --->   "%icmp_ln42 = icmp eq i4 %partition_read, 5" [firmware/nnet_utils/nnet_code_gen.h:42]   --->   Operation 39 'icmp' 'icmp_ln42' <Predicate = true> <Delay = 0.65> <Core = "Cmp">   --->   Core 25 'Cmp' <Latency = 0> <II = 1> <Delay = 0.65> <FuncUnit> <Opcode : 'icmp'> <InPorts = 2> <OutPorts = 1>
ST_1 : Operation 40 [1/1] (0.00ns) (grouped into LUT with out node select_ln46)   --->   "%tmp_14 = call i12 @_ssdm_op_PartSelect.i12.i576.i32.i32(i576 %data_V_read_1, i32 180, i32 191)" [firmware/nnet_utils/nnet_code_gen.h:43]   --->   Operation 40 'partselect' 'tmp_14' <Predicate = (icmp_ln42 & !icmp_ln46 & !icmp_ln50 & !icmp_ln54 & !icmp_ln58 & !icmp_ln62 & !icmp_ln66 & !icmp_ln70 & !icmp_ln74 & !icmp_ln78 & !icmp_ln82 & or_ln82_14)> <Delay = 0.00>
ST_1 : Operation 41 [1/1] (0.00ns) (grouped into LUT with out node select_ln46_1)   --->   "%tmp_15 = call i12 @_ssdm_op_PartSelect.i12.i576.i32.i32(i576 %data_V_read_1, i32 192, i32 203)" [firmware/nnet_utils/nnet_code_gen.h:43]   --->   Operation 41 'partselect' 'tmp_15' <Predicate = (icmp_ln42 & !icmp_ln46 & !icmp_ln50 & !icmp_ln54 & !icmp_ln58 & !icmp_ln62 & !icmp_ln66 & !icmp_ln70 & !icmp_ln74 & !icmp_ln78 & !icmp_ln82 & or_ln82_14)> <Delay = 0.00>
ST_1 : Operation 42 [1/1] (0.00ns) (grouped into LUT with out node select_ln46_2)   --->   "%tmp_16 = call i12 @_ssdm_op_PartSelect.i12.i576.i32.i32(i576 %data_V_read_1, i32 204, i32 215)" [firmware/nnet_utils/nnet_code_gen.h:43]   --->   Operation 42 'partselect' 'tmp_16' <Predicate = (icmp_ln42 & !icmp_ln46 & !icmp_ln50 & !icmp_ln54 & !icmp_ln58 & !icmp_ln62 & !icmp_ln66 & !icmp_ln70 & !icmp_ln74 & !icmp_ln78 & !icmp_ln82 & or_ln82_14)> <Delay = 0.00>
ST_1 : Operation 43 [1/1] (0.00ns) (grouped into LUT with out node select_ln46)   --->   "%select_ln42 = select i1 %icmp_ln42, i12 %tmp_14, i12 %select_ln38" [firmware/nnet_utils/nnet_code_gen.h:42]   --->   Operation 43 'select' 'select_ln42' <Predicate = (!icmp_ln46 & !icmp_ln50 & !icmp_ln54 & !icmp_ln58 & !icmp_ln62 & !icmp_ln66 & !icmp_ln70 & !icmp_ln74 & !icmp_ln78 & !icmp_ln82 & or_ln82_14)> <Delay = 0.00> <Core = "Sel">   --->   Core 26 'Sel' <Latency = 0> <II = 1> <Delay = 0.29> <FuncUnit> <Opcode : 'select'> <InPorts = 3> <OutPorts = 1>
ST_1 : Operation 44 [1/1] (0.00ns) (grouped into LUT with out node select_ln46_1)   --->   "%select_ln42_1 = select i1 %icmp_ln42, i12 %tmp_15, i12 %select_ln38_1" [firmware/nnet_utils/nnet_code_gen.h:42]   --->   Operation 44 'select' 'select_ln42_1' <Predicate = (!icmp_ln46 & !icmp_ln50 & !icmp_ln54 & !icmp_ln58 & !icmp_ln62 & !icmp_ln66 & !icmp_ln70 & !icmp_ln74 & !icmp_ln78 & !icmp_ln82 & or_ln82_14)> <Delay = 0.00> <Core = "Sel">   --->   Core 26 'Sel' <Latency = 0> <II = 1> <Delay = 0.29> <FuncUnit> <Opcode : 'select'> <InPorts = 3> <OutPorts = 1>
ST_1 : Operation 45 [1/1] (0.00ns) (grouped into LUT with out node select_ln46_2)   --->   "%select_ln42_2 = select i1 %icmp_ln42, i12 %tmp_16, i12 %select_ln38_2" [firmware/nnet_utils/nnet_code_gen.h:42]   --->   Operation 45 'select' 'select_ln42_2' <Predicate = (!icmp_ln46 & !icmp_ln50 & !icmp_ln54 & !icmp_ln58 & !icmp_ln62 & !icmp_ln66 & !icmp_ln70 & !icmp_ln74 & !icmp_ln78 & !icmp_ln82 & or_ln82_14)> <Delay = 0.00> <Core = "Sel">   --->   Core 26 'Sel' <Latency = 0> <II = 1> <Delay = 0.29> <FuncUnit> <Opcode : 'select'> <InPorts = 3> <OutPorts = 1>
ST_1 : Operation 46 [1/1] (0.65ns)   --->   "%icmp_ln46 = icmp eq i4 %partition_read, 6" [firmware/nnet_utils/nnet_code_gen.h:46]   --->   Operation 46 'icmp' 'icmp_ln46' <Predicate = true> <Delay = 0.65> <Core = "Cmp">   --->   Core 25 'Cmp' <Latency = 0> <II = 1> <Delay = 0.65> <FuncUnit> <Opcode : 'icmp'> <InPorts = 2> <OutPorts = 1>
ST_1 : Operation 47 [1/1] (0.00ns) (grouped into LUT with out node select_ln46)   --->   "%tmp_17 = call i12 @_ssdm_op_PartSelect.i12.i576.i32.i32(i576 %data_V_read_1, i32 216, i32 227)" [firmware/nnet_utils/nnet_code_gen.h:47]   --->   Operation 47 'partselect' 'tmp_17' <Predicate = (icmp_ln46 & !icmp_ln50 & !icmp_ln54 & !icmp_ln58 & !icmp_ln62 & !icmp_ln66 & !icmp_ln70 & !icmp_ln74 & !icmp_ln78 & !icmp_ln82 & or_ln82_14)> <Delay = 0.00>
ST_1 : Operation 48 [1/1] (0.00ns) (grouped into LUT with out node select_ln46_1)   --->   "%tmp_18 = call i12 @_ssdm_op_PartSelect.i12.i576.i32.i32(i576 %data_V_read_1, i32 228, i32 239)" [firmware/nnet_utils/nnet_code_gen.h:47]   --->   Operation 48 'partselect' 'tmp_18' <Predicate = (icmp_ln46 & !icmp_ln50 & !icmp_ln54 & !icmp_ln58 & !icmp_ln62 & !icmp_ln66 & !icmp_ln70 & !icmp_ln74 & !icmp_ln78 & !icmp_ln82 & or_ln82_14)> <Delay = 0.00>
ST_1 : Operation 49 [1/1] (0.00ns) (grouped into LUT with out node select_ln46_2)   --->   "%tmp_19 = call i12 @_ssdm_op_PartSelect.i12.i576.i32.i32(i576 %data_V_read_1, i32 240, i32 251)" [firmware/nnet_utils/nnet_code_gen.h:47]   --->   Operation 49 'partselect' 'tmp_19' <Predicate = (icmp_ln46 & !icmp_ln50 & !icmp_ln54 & !icmp_ln58 & !icmp_ln62 & !icmp_ln66 & !icmp_ln70 & !icmp_ln74 & !icmp_ln78 & !icmp_ln82 & or_ln82_14)> <Delay = 0.00>
ST_1 : Operation 50 [1/1] (0.29ns) (out node of the LUT)   --->   "%select_ln46 = select i1 %icmp_ln46, i12 %tmp_17, i12 %select_ln42" [firmware/nnet_utils/nnet_code_gen.h:46]   --->   Operation 50 'select' 'select_ln46' <Predicate = (!icmp_ln50 & !icmp_ln54 & !icmp_ln58 & !icmp_ln62 & !icmp_ln66 & !icmp_ln70 & !icmp_ln74 & !icmp_ln78 & !icmp_ln82 & or_ln82_14)> <Delay = 0.29> <Core = "Sel">   --->   Core 26 'Sel' <Latency = 0> <II = 1> <Delay = 0.29> <FuncUnit> <Opcode : 'select'> <InPorts = 3> <OutPorts = 1>
ST_1 : Operation 51 [1/1] (0.29ns) (out node of the LUT)   --->   "%select_ln46_1 = select i1 %icmp_ln46, i12 %tmp_18, i12 %select_ln42_1" [firmware/nnet_utils/nnet_code_gen.h:46]   --->   Operation 51 'select' 'select_ln46_1' <Predicate = (!icmp_ln50 & !icmp_ln54 & !icmp_ln58 & !icmp_ln62 & !icmp_ln66 & !icmp_ln70 & !icmp_ln74 & !icmp_ln78 & !icmp_ln82 & or_ln82_14)> <Delay = 0.29> <Core = "Sel">   --->   Core 26 'Sel' <Latency = 0> <II = 1> <Delay = 0.29> <FuncUnit> <Opcode : 'select'> <InPorts = 3> <OutPorts = 1>
ST_1 : Operation 52 [1/1] (0.29ns) (out node of the LUT)   --->   "%select_ln46_2 = select i1 %icmp_ln46, i12 %tmp_19, i12 %select_ln42_2" [firmware/nnet_utils/nnet_code_gen.h:46]   --->   Operation 52 'select' 'select_ln46_2' <Predicate = (!icmp_ln50 & !icmp_ln54 & !icmp_ln58 & !icmp_ln62 & !icmp_ln66 & !icmp_ln70 & !icmp_ln74 & !icmp_ln78 & !icmp_ln82 & or_ln82_14)> <Delay = 0.29> <Core = "Sel">   --->   Core 26 'Sel' <Latency = 0> <II = 1> <Delay = 0.29> <FuncUnit> <Opcode : 'select'> <InPorts = 3> <OutPorts = 1>
ST_1 : Operation 53 [1/1] (0.65ns)   --->   "%icmp_ln50 = icmp eq i4 %partition_read, 7" [firmware/nnet_utils/nnet_code_gen.h:50]   --->   Operation 53 'icmp' 'icmp_ln50' <Predicate = true> <Delay = 0.65> <Core = "Cmp">   --->   Core 25 'Cmp' <Latency = 0> <II = 1> <Delay = 0.65> <FuncUnit> <Opcode : 'icmp'> <InPorts = 2> <OutPorts = 1>
ST_1 : Operation 54 [1/1] (0.00ns) (grouped into LUT with out node select_ln54)   --->   "%tmp_20 = call i12 @_ssdm_op_PartSelect.i12.i576.i32.i32(i576 %data_V_read_1, i32 252, i32 263)" [firmware/nnet_utils/nnet_code_gen.h:51]   --->   Operation 54 'partselect' 'tmp_20' <Predicate = (icmp_ln50 & !icmp_ln54 & !icmp_ln58 & !icmp_ln62 & !icmp_ln66 & !icmp_ln70 & !icmp_ln74 & !icmp_ln78 & !icmp_ln82 & or_ln82_14)> <Delay = 0.00>
ST_1 : Operation 55 [1/1] (0.00ns) (grouped into LUT with out node select_ln54_1)   --->   "%tmp_21 = call i12 @_ssdm_op_PartSelect.i12.i576.i32.i32(i576 %data_V_read_1, i32 264, i32 275)" [firmware/nnet_utils/nnet_code_gen.h:51]   --->   Operation 55 'partselect' 'tmp_21' <Predicate = (icmp_ln50 & !icmp_ln54 & !icmp_ln58 & !icmp_ln62 & !icmp_ln66 & !icmp_ln70 & !icmp_ln74 & !icmp_ln78 & !icmp_ln82 & or_ln82_14)> <Delay = 0.00>
ST_1 : Operation 56 [1/1] (0.00ns) (grouped into LUT with out node select_ln54_2)   --->   "%tmp_22 = call i12 @_ssdm_op_PartSelect.i12.i576.i32.i32(i576 %data_V_read_1, i32 276, i32 287)" [firmware/nnet_utils/nnet_code_gen.h:51]   --->   Operation 56 'partselect' 'tmp_22' <Predicate = (icmp_ln50 & !icmp_ln54 & !icmp_ln58 & !icmp_ln62 & !icmp_ln66 & !icmp_ln70 & !icmp_ln74 & !icmp_ln78 & !icmp_ln82 & or_ln82_14)> <Delay = 0.00>
ST_1 : Operation 57 [1/1] (0.00ns) (grouped into LUT with out node select_ln54)   --->   "%select_ln50 = select i1 %icmp_ln50, i12 %tmp_20, i12 %select_ln46" [firmware/nnet_utils/nnet_code_gen.h:50]   --->   Operation 57 'select' 'select_ln50' <Predicate = (!icmp_ln54 & !icmp_ln58 & !icmp_ln62 & !icmp_ln66 & !icmp_ln70 & !icmp_ln74 & !icmp_ln78 & !icmp_ln82 & or_ln82_14)> <Delay = 0.00> <Core = "Sel">   --->   Core 26 'Sel' <Latency = 0> <II = 1> <Delay = 0.29> <FuncUnit> <Opcode : 'select'> <InPorts = 3> <OutPorts = 1>
ST_1 : Operation 58 [1/1] (0.00ns) (grouped into LUT with out node select_ln54_1)   --->   "%select_ln50_1 = select i1 %icmp_ln50, i12 %tmp_21, i12 %select_ln46_1" [firmware/nnet_utils/nnet_code_gen.h:50]   --->   Operation 58 'select' 'select_ln50_1' <Predicate = (!icmp_ln54 & !icmp_ln58 & !icmp_ln62 & !icmp_ln66 & !icmp_ln70 & !icmp_ln74 & !icmp_ln78 & !icmp_ln82 & or_ln82_14)> <Delay = 0.00> <Core = "Sel">   --->   Core 26 'Sel' <Latency = 0> <II = 1> <Delay = 0.29> <FuncUnit> <Opcode : 'select'> <InPorts = 3> <OutPorts = 1>
ST_1 : Operation 59 [1/1] (0.00ns) (grouped into LUT with out node select_ln54_2)   --->   "%select_ln50_2 = select i1 %icmp_ln50, i12 %tmp_22, i12 %select_ln46_2" [firmware/nnet_utils/nnet_code_gen.h:50]   --->   Operation 59 'select' 'select_ln50_2' <Predicate = (!icmp_ln54 & !icmp_ln58 & !icmp_ln62 & !icmp_ln66 & !icmp_ln70 & !icmp_ln74 & !icmp_ln78 & !icmp_ln82 & or_ln82_14)> <Delay = 0.00> <Core = "Sel">   --->   Core 26 'Sel' <Latency = 0> <II = 1> <Delay = 0.29> <FuncUnit> <Opcode : 'select'> <InPorts = 3> <OutPorts = 1>
ST_1 : Operation 60 [1/1] (0.65ns)   --->   "%icmp_ln54 = icmp eq i4 %partition_read, -8" [firmware/nnet_utils/nnet_code_gen.h:54]   --->   Operation 60 'icmp' 'icmp_ln54' <Predicate = true> <Delay = 0.65> <Core = "Cmp">   --->   Core 25 'Cmp' <Latency = 0> <II = 1> <Delay = 0.65> <FuncUnit> <Opcode : 'icmp'> <InPorts = 2> <OutPorts = 1>
ST_1 : Operation 61 [1/1] (0.00ns) (grouped into LUT with out node select_ln54)   --->   "%tmp_23 = call i12 @_ssdm_op_PartSelect.i12.i576.i32.i32(i576 %data_V_read_1, i32 288, i32 299)" [firmware/nnet_utils/nnet_code_gen.h:55]   --->   Operation 61 'partselect' 'tmp_23' <Predicate = (icmp_ln54 & !icmp_ln58 & !icmp_ln62 & !icmp_ln66 & !icmp_ln70 & !icmp_ln74 & !icmp_ln78 & !icmp_ln82 & or_ln82_14)> <Delay = 0.00>
ST_1 : Operation 62 [1/1] (0.00ns) (grouped into LUT with out node select_ln54_1)   --->   "%tmp_24 = call i12 @_ssdm_op_PartSelect.i12.i576.i32.i32(i576 %data_V_read_1, i32 300, i32 311)" [firmware/nnet_utils/nnet_code_gen.h:55]   --->   Operation 62 'partselect' 'tmp_24' <Predicate = (icmp_ln54 & !icmp_ln58 & !icmp_ln62 & !icmp_ln66 & !icmp_ln70 & !icmp_ln74 & !icmp_ln78 & !icmp_ln82 & or_ln82_14)> <Delay = 0.00>
ST_1 : Operation 63 [1/1] (0.00ns) (grouped into LUT with out node select_ln54_2)   --->   "%tmp_25 = call i12 @_ssdm_op_PartSelect.i12.i576.i32.i32(i576 %data_V_read_1, i32 312, i32 323)" [firmware/nnet_utils/nnet_code_gen.h:55]   --->   Operation 63 'partselect' 'tmp_25' <Predicate = (icmp_ln54 & !icmp_ln58 & !icmp_ln62 & !icmp_ln66 & !icmp_ln70 & !icmp_ln74 & !icmp_ln78 & !icmp_ln82 & or_ln82_14)> <Delay = 0.00>
ST_1 : Operation 64 [1/1] (0.29ns) (out node of the LUT)   --->   "%select_ln54 = select i1 %icmp_ln54, i12 %tmp_23, i12 %select_ln50" [firmware/nnet_utils/nnet_code_gen.h:54]   --->   Operation 64 'select' 'select_ln54' <Predicate = (!icmp_ln58 & !icmp_ln62 & !icmp_ln66 & !icmp_ln70 & !icmp_ln74 & !icmp_ln78 & !icmp_ln82 & or_ln82_14)> <Delay = 0.29> <Core = "Sel">   --->   Core 26 'Sel' <Latency = 0> <II = 1> <Delay = 0.29> <FuncUnit> <Opcode : 'select'> <InPorts = 3> <OutPorts = 1>
ST_1 : Operation 65 [1/1] (0.29ns) (out node of the LUT)   --->   "%select_ln54_1 = select i1 %icmp_ln54, i12 %tmp_24, i12 %select_ln50_1" [firmware/nnet_utils/nnet_code_gen.h:54]   --->   Operation 65 'select' 'select_ln54_1' <Predicate = (!icmp_ln58 & !icmp_ln62 & !icmp_ln66 & !icmp_ln70 & !icmp_ln74 & !icmp_ln78 & !icmp_ln82 & or_ln82_14)> <Delay = 0.29> <Core = "Sel">   --->   Core 26 'Sel' <Latency = 0> <II = 1> <Delay = 0.29> <FuncUnit> <Opcode : 'select'> <InPorts = 3> <OutPorts = 1>
ST_1 : Operation 66 [1/1] (0.29ns) (out node of the LUT)   --->   "%select_ln54_2 = select i1 %icmp_ln54, i12 %tmp_25, i12 %select_ln50_2" [firmware/nnet_utils/nnet_code_gen.h:54]   --->   Operation 66 'select' 'select_ln54_2' <Predicate = (!icmp_ln58 & !icmp_ln62 & !icmp_ln66 & !icmp_ln70 & !icmp_ln74 & !icmp_ln78 & !icmp_ln82 & or_ln82_14)> <Delay = 0.29> <Core = "Sel">   --->   Core 26 'Sel' <Latency = 0> <II = 1> <Delay = 0.29> <FuncUnit> <Opcode : 'select'> <InPorts = 3> <OutPorts = 1>
ST_1 : Operation 67 [1/1] (0.65ns)   --->   "%icmp_ln58 = icmp eq i4 %partition_read, -7" [firmware/nnet_utils/nnet_code_gen.h:58]   --->   Operation 67 'icmp' 'icmp_ln58' <Predicate = true> <Delay = 0.65> <Core = "Cmp">   --->   Core 25 'Cmp' <Latency = 0> <II = 1> <Delay = 0.65> <FuncUnit> <Opcode : 'icmp'> <InPorts = 2> <OutPorts = 1>
ST_1 : Operation 68 [1/1] (0.00ns) (grouped into LUT with out node select_ln62)   --->   "%tmp_26 = call i12 @_ssdm_op_PartSelect.i12.i576.i32.i32(i576 %data_V_read_1, i32 324, i32 335)" [firmware/nnet_utils/nnet_code_gen.h:59]   --->   Operation 68 'partselect' 'tmp_26' <Predicate = (icmp_ln58 & !icmp_ln62 & !icmp_ln66 & !icmp_ln70 & !icmp_ln74 & !icmp_ln78 & !icmp_ln82 & or_ln82_14)> <Delay = 0.00>
ST_1 : Operation 69 [1/1] (0.00ns) (grouped into LUT with out node select_ln62_1)   --->   "%tmp_27 = call i12 @_ssdm_op_PartSelect.i12.i576.i32.i32(i576 %data_V_read_1, i32 336, i32 347)" [firmware/nnet_utils/nnet_code_gen.h:59]   --->   Operation 69 'partselect' 'tmp_27' <Predicate = (icmp_ln58 & !icmp_ln62 & !icmp_ln66 & !icmp_ln70 & !icmp_ln74 & !icmp_ln78 & !icmp_ln82 & or_ln82_14)> <Delay = 0.00>
ST_1 : Operation 70 [1/1] (0.00ns) (grouped into LUT with out node select_ln62_2)   --->   "%tmp_28 = call i12 @_ssdm_op_PartSelect.i12.i576.i32.i32(i576 %data_V_read_1, i32 348, i32 359)" [firmware/nnet_utils/nnet_code_gen.h:59]   --->   Operation 70 'partselect' 'tmp_28' <Predicate = (icmp_ln58 & !icmp_ln62 & !icmp_ln66 & !icmp_ln70 & !icmp_ln74 & !icmp_ln78 & !icmp_ln82 & or_ln82_14)> <Delay = 0.00>
ST_1 : Operation 71 [1/1] (0.00ns) (grouped into LUT with out node select_ln62)   --->   "%select_ln58 = select i1 %icmp_ln58, i12 %tmp_26, i12 %select_ln54" [firmware/nnet_utils/nnet_code_gen.h:58]   --->   Operation 71 'select' 'select_ln58' <Predicate = (!icmp_ln62 & !icmp_ln66 & !icmp_ln70 & !icmp_ln74 & !icmp_ln78 & !icmp_ln82 & or_ln82_14)> <Delay = 0.00> <Core = "Sel">   --->   Core 26 'Sel' <Latency = 0> <II = 1> <Delay = 0.29> <FuncUnit> <Opcode : 'select'> <InPorts = 3> <OutPorts = 1>
ST_1 : Operation 72 [1/1] (0.00ns) (grouped into LUT with out node select_ln62_1)   --->   "%select_ln58_1 = select i1 %icmp_ln58, i12 %tmp_27, i12 %select_ln54_1" [firmware/nnet_utils/nnet_code_gen.h:58]   --->   Operation 72 'select' 'select_ln58_1' <Predicate = (!icmp_ln62 & !icmp_ln66 & !icmp_ln70 & !icmp_ln74 & !icmp_ln78 & !icmp_ln82 & or_ln82_14)> <Delay = 0.00> <Core = "Sel">   --->   Core 26 'Sel' <Latency = 0> <II = 1> <Delay = 0.29> <FuncUnit> <Opcode : 'select'> <InPorts = 3> <OutPorts = 1>
ST_1 : Operation 73 [1/1] (0.00ns) (grouped into LUT with out node select_ln62_2)   --->   "%select_ln58_2 = select i1 %icmp_ln58, i12 %tmp_28, i12 %select_ln54_2" [firmware/nnet_utils/nnet_code_gen.h:58]   --->   Operation 73 'select' 'select_ln58_2' <Predicate = (!icmp_ln62 & !icmp_ln66 & !icmp_ln70 & !icmp_ln74 & !icmp_ln78 & !icmp_ln82 & or_ln82_14)> <Delay = 0.00> <Core = "Sel">   --->   Core 26 'Sel' <Latency = 0> <II = 1> <Delay = 0.29> <FuncUnit> <Opcode : 'select'> <InPorts = 3> <OutPorts = 1>
ST_1 : Operation 74 [1/1] (0.65ns)   --->   "%icmp_ln62 = icmp eq i4 %partition_read, -6" [firmware/nnet_utils/nnet_code_gen.h:62]   --->   Operation 74 'icmp' 'icmp_ln62' <Predicate = true> <Delay = 0.65> <Core = "Cmp">   --->   Core 25 'Cmp' <Latency = 0> <II = 1> <Delay = 0.65> <FuncUnit> <Opcode : 'icmp'> <InPorts = 2> <OutPorts = 1>
ST_1 : Operation 75 [1/1] (0.00ns) (grouped into LUT with out node select_ln62)   --->   "%tmp_29 = call i12 @_ssdm_op_PartSelect.i12.i576.i32.i32(i576 %data_V_read_1, i32 360, i32 371)" [firmware/nnet_utils/nnet_code_gen.h:63]   --->   Operation 75 'partselect' 'tmp_29' <Predicate = (icmp_ln62 & !icmp_ln66 & !icmp_ln70 & !icmp_ln74 & !icmp_ln78 & !icmp_ln82 & or_ln82_14)> <Delay = 0.00>
ST_1 : Operation 76 [1/1] (0.00ns) (grouped into LUT with out node select_ln62_1)   --->   "%tmp_30 = call i12 @_ssdm_op_PartSelect.i12.i576.i32.i32(i576 %data_V_read_1, i32 372, i32 383)" [firmware/nnet_utils/nnet_code_gen.h:63]   --->   Operation 76 'partselect' 'tmp_30' <Predicate = (icmp_ln62 & !icmp_ln66 & !icmp_ln70 & !icmp_ln74 & !icmp_ln78 & !icmp_ln82 & or_ln82_14)> <Delay = 0.00>
ST_1 : Operation 77 [1/1] (0.00ns) (grouped into LUT with out node select_ln62_2)   --->   "%tmp_31 = call i12 @_ssdm_op_PartSelect.i12.i576.i32.i32(i576 %data_V_read_1, i32 384, i32 395)" [firmware/nnet_utils/nnet_code_gen.h:63]   --->   Operation 77 'partselect' 'tmp_31' <Predicate = (icmp_ln62 & !icmp_ln66 & !icmp_ln70 & !icmp_ln74 & !icmp_ln78 & !icmp_ln82 & or_ln82_14)> <Delay = 0.00>
ST_1 : Operation 78 [1/1] (0.29ns) (out node of the LUT)   --->   "%select_ln62 = select i1 %icmp_ln62, i12 %tmp_29, i12 %select_ln58" [firmware/nnet_utils/nnet_code_gen.h:62]   --->   Operation 78 'select' 'select_ln62' <Predicate = (!icmp_ln66 & !icmp_ln70 & !icmp_ln74 & !icmp_ln78 & !icmp_ln82 & or_ln82_14)> <Delay = 0.29> <Core = "Sel">   --->   Core 26 'Sel' <Latency = 0> <II = 1> <Delay = 0.29> <FuncUnit> <Opcode : 'select'> <InPorts = 3> <OutPorts = 1>
ST_1 : Operation 79 [1/1] (0.29ns) (out node of the LUT)   --->   "%select_ln62_1 = select i1 %icmp_ln62, i12 %tmp_30, i12 %select_ln58_1" [firmware/nnet_utils/nnet_code_gen.h:62]   --->   Operation 79 'select' 'select_ln62_1' <Predicate = (!icmp_ln66 & !icmp_ln70 & !icmp_ln74 & !icmp_ln78 & !icmp_ln82 & or_ln82_14)> <Delay = 0.29> <Core = "Sel">   --->   Core 26 'Sel' <Latency = 0> <II = 1> <Delay = 0.29> <FuncUnit> <Opcode : 'select'> <InPorts = 3> <OutPorts = 1>
ST_1 : Operation 80 [1/1] (0.29ns) (out node of the LUT)   --->   "%select_ln62_2 = select i1 %icmp_ln62, i12 %tmp_31, i12 %select_ln58_2" [firmware/nnet_utils/nnet_code_gen.h:62]   --->   Operation 80 'select' 'select_ln62_2' <Predicate = (!icmp_ln66 & !icmp_ln70 & !icmp_ln74 & !icmp_ln78 & !icmp_ln82 & or_ln82_14)> <Delay = 0.29> <Core = "Sel">   --->   Core 26 'Sel' <Latency = 0> <II = 1> <Delay = 0.29> <FuncUnit> <Opcode : 'select'> <InPorts = 3> <OutPorts = 1>
ST_1 : Operation 81 [1/1] (0.65ns)   --->   "%icmp_ln66 = icmp eq i4 %partition_read, -5" [firmware/nnet_utils/nnet_code_gen.h:66]   --->   Operation 81 'icmp' 'icmp_ln66' <Predicate = true> <Delay = 0.65> <Core = "Cmp">   --->   Core 25 'Cmp' <Latency = 0> <II = 1> <Delay = 0.65> <FuncUnit> <Opcode : 'icmp'> <InPorts = 2> <OutPorts = 1>
ST_1 : Operation 82 [1/1] (0.00ns) (grouped into LUT with out node select_ln70)   --->   "%tmp_32 = call i12 @_ssdm_op_PartSelect.i12.i576.i32.i32(i576 %data_V_read_1, i32 396, i32 407)" [firmware/nnet_utils/nnet_code_gen.h:67]   --->   Operation 82 'partselect' 'tmp_32' <Predicate = (icmp_ln66 & !icmp_ln70 & !icmp_ln74 & !icmp_ln78 & !icmp_ln82 & or_ln82_14)> <Delay = 0.00>
ST_1 : Operation 83 [1/1] (0.00ns) (grouped into LUT with out node select_ln70_1)   --->   "%tmp_33 = call i12 @_ssdm_op_PartSelect.i12.i576.i32.i32(i576 %data_V_read_1, i32 408, i32 419)" [firmware/nnet_utils/nnet_code_gen.h:67]   --->   Operation 83 'partselect' 'tmp_33' <Predicate = (icmp_ln66 & !icmp_ln70 & !icmp_ln74 & !icmp_ln78 & !icmp_ln82 & or_ln82_14)> <Delay = 0.00>
ST_1 : Operation 84 [1/1] (0.00ns) (grouped into LUT with out node select_ln70_2)   --->   "%tmp_34 = call i12 @_ssdm_op_PartSelect.i12.i576.i32.i32(i576 %data_V_read_1, i32 420, i32 431)" [firmware/nnet_utils/nnet_code_gen.h:67]   --->   Operation 84 'partselect' 'tmp_34' <Predicate = (icmp_ln66 & !icmp_ln70 & !icmp_ln74 & !icmp_ln78 & !icmp_ln82 & or_ln82_14)> <Delay = 0.00>
ST_1 : Operation 85 [1/1] (0.00ns) (grouped into LUT with out node select_ln70)   --->   "%select_ln66 = select i1 %icmp_ln66, i12 %tmp_32, i12 %select_ln62" [firmware/nnet_utils/nnet_code_gen.h:66]   --->   Operation 85 'select' 'select_ln66' <Predicate = (!icmp_ln70 & !icmp_ln74 & !icmp_ln78 & !icmp_ln82 & or_ln82_14)> <Delay = 0.00> <Core = "Sel">   --->   Core 26 'Sel' <Latency = 0> <II = 1> <Delay = 0.29> <FuncUnit> <Opcode : 'select'> <InPorts = 3> <OutPorts = 1>
ST_1 : Operation 86 [1/1] (0.00ns) (grouped into LUT with out node select_ln70_1)   --->   "%select_ln66_1 = select i1 %icmp_ln66, i12 %tmp_33, i12 %select_ln62_1" [firmware/nnet_utils/nnet_code_gen.h:66]   --->   Operation 86 'select' 'select_ln66_1' <Predicate = (!icmp_ln70 & !icmp_ln74 & !icmp_ln78 & !icmp_ln82 & or_ln82_14)> <Delay = 0.00> <Core = "Sel">   --->   Core 26 'Sel' <Latency = 0> <II = 1> <Delay = 0.29> <FuncUnit> <Opcode : 'select'> <InPorts = 3> <OutPorts = 1>
ST_1 : Operation 87 [1/1] (0.00ns) (grouped into LUT with out node select_ln70_2)   --->   "%select_ln66_2 = select i1 %icmp_ln66, i12 %tmp_34, i12 %select_ln62_2" [firmware/nnet_utils/nnet_code_gen.h:66]   --->   Operation 87 'select' 'select_ln66_2' <Predicate = (!icmp_ln70 & !icmp_ln74 & !icmp_ln78 & !icmp_ln82 & or_ln82_14)> <Delay = 0.00> <Core = "Sel">   --->   Core 26 'Sel' <Latency = 0> <II = 1> <Delay = 0.29> <FuncUnit> <Opcode : 'select'> <InPorts = 3> <OutPorts = 1>
ST_1 : Operation 88 [1/1] (0.65ns)   --->   "%icmp_ln70 = icmp eq i4 %partition_read, -4" [firmware/nnet_utils/nnet_code_gen.h:70]   --->   Operation 88 'icmp' 'icmp_ln70' <Predicate = true> <Delay = 0.65> <Core = "Cmp">   --->   Core 25 'Cmp' <Latency = 0> <II = 1> <Delay = 0.65> <FuncUnit> <Opcode : 'icmp'> <InPorts = 2> <OutPorts = 1>
ST_1 : Operation 89 [1/1] (0.00ns) (grouped into LUT with out node select_ln70)   --->   "%tmp_35 = call i12 @_ssdm_op_PartSelect.i12.i576.i32.i32(i576 %data_V_read_1, i32 432, i32 443)" [firmware/nnet_utils/nnet_code_gen.h:71]   --->   Operation 89 'partselect' 'tmp_35' <Predicate = (icmp_ln70 & !icmp_ln74 & !icmp_ln78 & !icmp_ln82 & or_ln82_14)> <Delay = 0.00>
ST_1 : Operation 90 [1/1] (0.00ns) (grouped into LUT with out node select_ln70_1)   --->   "%tmp_36 = call i12 @_ssdm_op_PartSelect.i12.i576.i32.i32(i576 %data_V_read_1, i32 444, i32 455)" [firmware/nnet_utils/nnet_code_gen.h:71]   --->   Operation 90 'partselect' 'tmp_36' <Predicate = (icmp_ln70 & !icmp_ln74 & !icmp_ln78 & !icmp_ln82 & or_ln82_14)> <Delay = 0.00>
ST_1 : Operation 91 [1/1] (0.00ns) (grouped into LUT with out node select_ln70_2)   --->   "%tmp_37 = call i12 @_ssdm_op_PartSelect.i12.i576.i32.i32(i576 %data_V_read_1, i32 456, i32 467)" [firmware/nnet_utils/nnet_code_gen.h:71]   --->   Operation 91 'partselect' 'tmp_37' <Predicate = (icmp_ln70 & !icmp_ln74 & !icmp_ln78 & !icmp_ln82 & or_ln82_14)> <Delay = 0.00>
ST_1 : Operation 92 [1/1] (0.29ns) (out node of the LUT)   --->   "%select_ln70 = select i1 %icmp_ln70, i12 %tmp_35, i12 %select_ln66" [firmware/nnet_utils/nnet_code_gen.h:70]   --->   Operation 92 'select' 'select_ln70' <Predicate = (!icmp_ln74 & !icmp_ln78 & !icmp_ln82 & or_ln82_14)> <Delay = 0.29> <Core = "Sel">   --->   Core 26 'Sel' <Latency = 0> <II = 1> <Delay = 0.29> <FuncUnit> <Opcode : 'select'> <InPorts = 3> <OutPorts = 1>
ST_1 : Operation 93 [1/1] (0.29ns) (out node of the LUT)   --->   "%select_ln70_1 = select i1 %icmp_ln70, i12 %tmp_36, i12 %select_ln66_1" [firmware/nnet_utils/nnet_code_gen.h:70]   --->   Operation 93 'select' 'select_ln70_1' <Predicate = (!icmp_ln74 & !icmp_ln78 & !icmp_ln82 & or_ln82_14)> <Delay = 0.29> <Core = "Sel">   --->   Core 26 'Sel' <Latency = 0> <II = 1> <Delay = 0.29> <FuncUnit> <Opcode : 'select'> <InPorts = 3> <OutPorts = 1>
ST_1 : Operation 94 [1/1] (0.29ns) (out node of the LUT)   --->   "%select_ln70_2 = select i1 %icmp_ln70, i12 %tmp_37, i12 %select_ln66_2" [firmware/nnet_utils/nnet_code_gen.h:70]   --->   Operation 94 'select' 'select_ln70_2' <Predicate = (!icmp_ln74 & !icmp_ln78 & !icmp_ln82 & or_ln82_14)> <Delay = 0.29> <Core = "Sel">   --->   Core 26 'Sel' <Latency = 0> <II = 1> <Delay = 0.29> <FuncUnit> <Opcode : 'select'> <InPorts = 3> <OutPorts = 1>
ST_1 : Operation 95 [1/1] (0.65ns)   --->   "%icmp_ln74 = icmp eq i4 %partition_read, -3" [firmware/nnet_utils/nnet_code_gen.h:74]   --->   Operation 95 'icmp' 'icmp_ln74' <Predicate = true> <Delay = 0.65> <Core = "Cmp">   --->   Core 25 'Cmp' <Latency = 0> <II = 1> <Delay = 0.65> <FuncUnit> <Opcode : 'icmp'> <InPorts = 2> <OutPorts = 1>
ST_1 : Operation 96 [1/1] (0.00ns) (grouped into LUT with out node select_ln78)   --->   "%tmp_38 = call i12 @_ssdm_op_PartSelect.i12.i576.i32.i32(i576 %data_V_read_1, i32 468, i32 479)" [firmware/nnet_utils/nnet_code_gen.h:75]   --->   Operation 96 'partselect' 'tmp_38' <Predicate = (icmp_ln74 & !icmp_ln78 & !icmp_ln82 & or_ln82_14)> <Delay = 0.00>
ST_1 : Operation 97 [1/1] (0.00ns) (grouped into LUT with out node select_ln78_1)   --->   "%tmp_39 = call i12 @_ssdm_op_PartSelect.i12.i576.i32.i32(i576 %data_V_read_1, i32 480, i32 491)" [firmware/nnet_utils/nnet_code_gen.h:75]   --->   Operation 97 'partselect' 'tmp_39' <Predicate = (icmp_ln74 & !icmp_ln78 & !icmp_ln82 & or_ln82_14)> <Delay = 0.00>
ST_1 : Operation 98 [1/1] (0.00ns) (grouped into LUT with out node select_ln78_2)   --->   "%tmp_40 = call i12 @_ssdm_op_PartSelect.i12.i576.i32.i32(i576 %data_V_read_1, i32 492, i32 503)" [firmware/nnet_utils/nnet_code_gen.h:75]   --->   Operation 98 'partselect' 'tmp_40' <Predicate = (icmp_ln74 & !icmp_ln78 & !icmp_ln82 & or_ln82_14)> <Delay = 0.00>
ST_1 : Operation 99 [1/1] (0.00ns) (grouped into LUT with out node select_ln78)   --->   "%select_ln74 = select i1 %icmp_ln74, i12 %tmp_38, i12 %select_ln70" [firmware/nnet_utils/nnet_code_gen.h:74]   --->   Operation 99 'select' 'select_ln74' <Predicate = (!icmp_ln78 & !icmp_ln82 & or_ln82_14)> <Delay = 0.00> <Core = "Sel">   --->   Core 26 'Sel' <Latency = 0> <II = 1> <Delay = 0.29> <FuncUnit> <Opcode : 'select'> <InPorts = 3> <OutPorts = 1>
ST_1 : Operation 100 [1/1] (0.00ns) (grouped into LUT with out node select_ln78_1)   --->   "%select_ln74_1 = select i1 %icmp_ln74, i12 %tmp_39, i12 %select_ln70_1" [firmware/nnet_utils/nnet_code_gen.h:74]   --->   Operation 100 'select' 'select_ln74_1' <Predicate = (!icmp_ln78 & !icmp_ln82 & or_ln82_14)> <Delay = 0.00> <Core = "Sel">   --->   Core 26 'Sel' <Latency = 0> <II = 1> <Delay = 0.29> <FuncUnit> <Opcode : 'select'> <InPorts = 3> <OutPorts = 1>
ST_1 : Operation 101 [1/1] (0.00ns) (grouped into LUT with out node select_ln78_2)   --->   "%select_ln74_2 = select i1 %icmp_ln74, i12 %tmp_40, i12 %select_ln70_2" [firmware/nnet_utils/nnet_code_gen.h:74]   --->   Operation 101 'select' 'select_ln74_2' <Predicate = (!icmp_ln78 & !icmp_ln82 & or_ln82_14)> <Delay = 0.00> <Core = "Sel">   --->   Core 26 'Sel' <Latency = 0> <II = 1> <Delay = 0.29> <FuncUnit> <Opcode : 'select'> <InPorts = 3> <OutPorts = 1>
ST_1 : Operation 102 [1/1] (0.65ns)   --->   "%icmp_ln78 = icmp eq i4 %partition_read, -2" [firmware/nnet_utils/nnet_code_gen.h:78]   --->   Operation 102 'icmp' 'icmp_ln78' <Predicate = true> <Delay = 0.65> <Core = "Cmp">   --->   Core 25 'Cmp' <Latency = 0> <II = 1> <Delay = 0.65> <FuncUnit> <Opcode : 'icmp'> <InPorts = 2> <OutPorts = 1>
ST_1 : Operation 103 [1/1] (0.00ns) (grouped into LUT with out node select_ln78)   --->   "%tmp_41 = call i12 @_ssdm_op_PartSelect.i12.i576.i32.i32(i576 %data_V_read_1, i32 504, i32 515)" [firmware/nnet_utils/nnet_code_gen.h:79]   --->   Operation 103 'partselect' 'tmp_41' <Predicate = (icmp_ln78 & !icmp_ln82 & or_ln82_14)> <Delay = 0.00>
ST_1 : Operation 104 [1/1] (0.00ns) (grouped into LUT with out node select_ln78_1)   --->   "%tmp_42 = call i12 @_ssdm_op_PartSelect.i12.i576.i32.i32(i576 %data_V_read_1, i32 516, i32 527)" [firmware/nnet_utils/nnet_code_gen.h:79]   --->   Operation 104 'partselect' 'tmp_42' <Predicate = (icmp_ln78 & !icmp_ln82 & or_ln82_14)> <Delay = 0.00>
ST_1 : Operation 105 [1/1] (0.00ns) (grouped into LUT with out node select_ln78_2)   --->   "%tmp_43 = call i12 @_ssdm_op_PartSelect.i12.i576.i32.i32(i576 %data_V_read_1, i32 528, i32 539)" [firmware/nnet_utils/nnet_code_gen.h:79]   --->   Operation 105 'partselect' 'tmp_43' <Predicate = (icmp_ln78 & !icmp_ln82 & or_ln82_14)> <Delay = 0.00>
ST_1 : Operation 106 [1/1] (0.29ns) (out node of the LUT)   --->   "%select_ln78 = select i1 %icmp_ln78, i12 %tmp_41, i12 %select_ln74" [firmware/nnet_utils/nnet_code_gen.h:78]   --->   Operation 106 'select' 'select_ln78' <Predicate = (!icmp_ln82 & or_ln82_14)> <Delay = 0.29> <Core = "Sel">   --->   Core 26 'Sel' <Latency = 0> <II = 1> <Delay = 0.29> <FuncUnit> <Opcode : 'select'> <InPorts = 3> <OutPorts = 1>
ST_1 : Operation 107 [1/1] (0.29ns) (out node of the LUT)   --->   "%select_ln78_1 = select i1 %icmp_ln78, i12 %tmp_42, i12 %select_ln74_1" [firmware/nnet_utils/nnet_code_gen.h:78]   --->   Operation 107 'select' 'select_ln78_1' <Predicate = (!icmp_ln82 & or_ln82_14)> <Delay = 0.29> <Core = "Sel">   --->   Core 26 'Sel' <Latency = 0> <II = 1> <Delay = 0.29> <FuncUnit> <Opcode : 'select'> <InPorts = 3> <OutPorts = 1>
ST_1 : Operation 108 [1/1] (0.29ns) (out node of the LUT)   --->   "%select_ln78_2 = select i1 %icmp_ln78, i12 %tmp_43, i12 %select_ln74_2" [firmware/nnet_utils/nnet_code_gen.h:78]   --->   Operation 108 'select' 'select_ln78_2' <Predicate = (!icmp_ln82 & or_ln82_14)> <Delay = 0.29> <Core = "Sel">   --->   Core 26 'Sel' <Latency = 0> <II = 1> <Delay = 0.29> <FuncUnit> <Opcode : 'select'> <InPorts = 3> <OutPorts = 1>
ST_1 : Operation 109 [1/1] (0.65ns)   --->   "%icmp_ln82 = icmp eq i4 %partition_read, -1" [firmware/nnet_utils/nnet_code_gen.h:82]   --->   Operation 109 'icmp' 'icmp_ln82' <Predicate = true> <Delay = 0.65> <Core = "Cmp">   --->   Core 25 'Cmp' <Latency = 0> <II = 1> <Delay = 0.65> <FuncUnit> <Opcode : 'icmp'> <InPorts = 2> <OutPorts = 1>
ST_1 : Operation 110 [1/1] (0.00ns) (grouped into LUT with out node select_ln86)   --->   "%tmp_44 = call i12 @_ssdm_op_PartSelect.i12.i576.i32.i32(i576 %data_V_read_1, i32 540, i32 551)" [firmware/nnet_utils/nnet_code_gen.h:83]   --->   Operation 110 'partselect' 'tmp_44' <Predicate = (icmp_ln82 & or_ln82_14)> <Delay = 0.00>
ST_1 : Operation 111 [1/1] (0.00ns) (grouped into LUT with out node select_ln86_1)   --->   "%tmp_45 = call i12 @_ssdm_op_PartSelect.i12.i576.i32.i32(i576 %data_V_read_1, i32 552, i32 563)" [firmware/nnet_utils/nnet_code_gen.h:83]   --->   Operation 111 'partselect' 'tmp_45' <Predicate = (icmp_ln82 & or_ln82_14)> <Delay = 0.00>
ST_1 : Operation 112 [1/1] (0.00ns) (grouped into LUT with out node select_ln86_2)   --->   "%tmp_46 = call i12 @_ssdm_op_PartSelect.i12.i576.i32.i32(i576 %data_V_read_1, i32 564, i32 575)" [firmware/nnet_utils/nnet_code_gen.h:83]   --->   Operation 112 'partselect' 'tmp_46' <Predicate = (icmp_ln82 & or_ln82_14)> <Delay = 0.00>
ST_1 : Operation 113 [1/1] (0.00ns) (grouped into LUT with out node or_ln82_2)   --->   "%or_ln82 = or i1 %icmp_ln74, %icmp_ln78" [firmware/nnet_utils/nnet_code_gen.h:82]   --->   Operation 113 'or' 'or_ln82' <Predicate = true> <Delay = 0.00> <Core = "LogicGate">   --->   Core 27 'LogicGate' <Latency = 0> <II = 1> <Delay = 0.12> <FuncUnit> <Opcode : 'and' 'or' 'xor'> <InPorts = 2> <OutPorts = 1>
ST_1 : Operation 114 [1/1] (0.00ns) (grouped into LUT with out node or_ln82_2)   --->   "%or_ln82_1 = or i1 %icmp_ln70, %icmp_ln66" [firmware/nnet_utils/nnet_code_gen.h:82]   --->   Operation 114 'or' 'or_ln82_1' <Predicate = true> <Delay = 0.00> <Core = "LogicGate">   --->   Core 27 'LogicGate' <Latency = 0> <II = 1> <Delay = 0.12> <FuncUnit> <Opcode : 'and' 'or' 'xor'> <InPorts = 2> <OutPorts = 1>
ST_1 : Operation 115 [1/1] (0.12ns) (out node of the LUT)   --->   "%or_ln82_2 = or i1 %or_ln82_1, %or_ln82" [firmware/nnet_utils/nnet_code_gen.h:82]   --->   Operation 115 'or' 'or_ln82_2' <Predicate = true> <Delay = 0.12> <Core = "LogicGate">   --->   Core 27 'LogicGate' <Latency = 0> <II = 1> <Delay = 0.12> <FuncUnit> <Opcode : 'and' 'or' 'xor'> <InPorts = 2> <OutPorts = 1>
ST_1 : Operation 116 [1/1] (0.00ns) (grouped into LUT with out node or_ln82_6)   --->   "%or_ln82_3 = or i1 %icmp_ln54, %icmp_ln50" [firmware/nnet_utils/nnet_code_gen.h:82]   --->   Operation 116 'or' 'or_ln82_3' <Predicate = true> <Delay = 0.00> <Core = "LogicGate">   --->   Core 27 'LogicGate' <Latency = 0> <II = 1> <Delay = 0.12> <FuncUnit> <Opcode : 'and' 'or' 'xor'> <InPorts = 2> <OutPorts = 1>
ST_1 : Operation 117 [1/1] (0.00ns) (grouped into LUT with out node or_ln82_6)   --->   "%or_ln82_4 = or i1 %icmp_ln62, %icmp_ln58" [firmware/nnet_utils/nnet_code_gen.h:82]   --->   Operation 117 'or' 'or_ln82_4' <Predicate = true> <Delay = 0.00> <Core = "LogicGate">   --->   Core 27 'LogicGate' <Latency = 0> <II = 1> <Delay = 0.12> <FuncUnit> <Opcode : 'and' 'or' 'xor'> <InPorts = 2> <OutPorts = 1>
ST_1 : Operation 118 [1/1] (0.00ns) (grouped into LUT with out node or_ln82_6)   --->   "%or_ln82_5 = or i1 %or_ln82_4, %or_ln82_3" [firmware/nnet_utils/nnet_code_gen.h:82]   --->   Operation 118 'or' 'or_ln82_5' <Predicate = true> <Delay = 0.00> <Core = "LogicGate">   --->   Core 27 'LogicGate' <Latency = 0> <II = 1> <Delay = 0.12> <FuncUnit> <Opcode : 'and' 'or' 'xor'> <InPorts = 2> <OutPorts = 1>
ST_1 : Operation 119 [1/1] (0.12ns) (out node of the LUT)   --->   "%or_ln82_6 = or i1 %or_ln82_5, %or_ln82_2" [firmware/nnet_utils/nnet_code_gen.h:82]   --->   Operation 119 'or' 'or_ln82_6' <Predicate = true> <Delay = 0.12> <Core = "LogicGate">   --->   Core 27 'LogicGate' <Latency = 0> <II = 1> <Delay = 0.12> <FuncUnit> <Opcode : 'and' 'or' 'xor'> <InPorts = 2> <OutPorts = 1>
ST_1 : Operation 120 [1/1] (0.00ns) (grouped into LUT with out node or_ln82_9)   --->   "%or_ln82_7 = or i1 %icmp_ln26, %icmp_ln30" [firmware/nnet_utils/nnet_code_gen.h:82]   --->   Operation 120 'or' 'or_ln82_7' <Predicate = true> <Delay = 0.00> <Core = "LogicGate">   --->   Core 27 'LogicGate' <Latency = 0> <II = 1> <Delay = 0.12> <FuncUnit> <Opcode : 'and' 'or' 'xor'> <InPorts = 2> <OutPorts = 1>
ST_1 : Operation 121 [1/1] (0.00ns) (grouped into LUT with out node or_ln82_9)   --->   "%or_ln82_8 = or i1 %icmp_ln22, %icmp_ln38" [firmware/nnet_utils/nnet_code_gen.h:82]   --->   Operation 121 'or' 'or_ln82_8' <Predicate = true> <Delay = 0.00> <Core = "LogicGate">   --->   Core 27 'LogicGate' <Latency = 0> <II = 1> <Delay = 0.12> <FuncUnit> <Opcode : 'and' 'or' 'xor'> <InPorts = 2> <OutPorts = 1>
ST_1 : Operation 122 [1/1] (0.12ns) (out node of the LUT)   --->   "%or_ln82_9 = or i1 %or_ln82_8, %or_ln82_7" [firmware/nnet_utils/nnet_code_gen.h:82]   --->   Operation 122 'or' 'or_ln82_9' <Predicate = true> <Delay = 0.12> <Core = "LogicGate">   --->   Core 27 'LogicGate' <Latency = 0> <II = 1> <Delay = 0.12> <FuncUnit> <Opcode : 'and' 'or' 'xor'> <InPorts = 2> <OutPorts = 1>
ST_1 : Operation 123 [1/1] (0.00ns) (grouped into LUT with out node or_ln82_14)   --->   "%or_ln82_10 = or i1 %icmp_ln34, %icmp_ln46" [firmware/nnet_utils/nnet_code_gen.h:82]   --->   Operation 123 'or' 'or_ln82_10' <Predicate = true> <Delay = 0.00> <Core = "LogicGate">   --->   Core 27 'LogicGate' <Latency = 0> <II = 1> <Delay = 0.12> <FuncUnit> <Opcode : 'and' 'or' 'xor'> <InPorts = 2> <OutPorts = 1>
ST_1 : Operation 124 [1/1] (0.00ns) (grouped into LUT with out node or_ln82_14)   --->   "%or_ln82_11 = or i1 %icmp_ln42, %icmp_ln82" [firmware/nnet_utils/nnet_code_gen.h:82]   --->   Operation 124 'or' 'or_ln82_11' <Predicate = true> <Delay = 0.00> <Core = "LogicGate">   --->   Core 27 'LogicGate' <Latency = 0> <II = 1> <Delay = 0.12> <FuncUnit> <Opcode : 'and' 'or' 'xor'> <InPorts = 2> <OutPorts = 1>
ST_1 : Operation 125 [1/1] (0.00ns) (grouped into LUT with out node or_ln82_14)   --->   "%or_ln82_12 = or i1 %or_ln82_11, %or_ln82_10" [firmware/nnet_utils/nnet_code_gen.h:82]   --->   Operation 125 'or' 'or_ln82_12' <Predicate = true> <Delay = 0.00> <Core = "LogicGate">   --->   Core 27 'LogicGate' <Latency = 0> <II = 1> <Delay = 0.12> <FuncUnit> <Opcode : 'and' 'or' 'xor'> <InPorts = 2> <OutPorts = 1>
ST_1 : Operation 126 [1/1] (0.00ns) (grouped into LUT with out node or_ln82_14)   --->   "%or_ln82_13 = or i1 %or_ln82_12, %or_ln82_9" [firmware/nnet_utils/nnet_code_gen.h:82]   --->   Operation 126 'or' 'or_ln82_13' <Predicate = true> <Delay = 0.00> <Core = "LogicGate">   --->   Core 27 'LogicGate' <Latency = 0> <II = 1> <Delay = 0.12> <FuncUnit> <Opcode : 'and' 'or' 'xor'> <InPorts = 2> <OutPorts = 1>
ST_1 : Operation 127 [1/1] (0.12ns) (out node of the LUT)   --->   "%or_ln82_14 = or i1 %or_ln82_13, %or_ln82_6" [firmware/nnet_utils/nnet_code_gen.h:82]   --->   Operation 127 'or' 'or_ln82_14' <Predicate = true> <Delay = 0.12> <Core = "LogicGate">   --->   Core 27 'LogicGate' <Latency = 0> <II = 1> <Delay = 0.12> <FuncUnit> <Opcode : 'and' 'or' 'xor'> <InPorts = 2> <OutPorts = 1>
ST_1 : Operation 128 [1/1] (0.00ns) (grouped into LUT with out node select_ln86)   --->   "%select_ln82 = select i1 %icmp_ln82, i12 %tmp_44, i12 %select_ln78" [firmware/nnet_utils/nnet_code_gen.h:82]   --->   Operation 128 'select' 'select_ln82' <Predicate = (or_ln82_14)> <Delay = 0.00> <Core = "Sel">   --->   Core 26 'Sel' <Latency = 0> <II = 1> <Delay = 0.29> <FuncUnit> <Opcode : 'select'> <InPorts = 3> <OutPorts = 1>
ST_1 : Operation 129 [1/1] (0.00ns) (grouped into LUT with out node select_ln86_1)   --->   "%select_ln82_1 = select i1 %icmp_ln82, i12 %tmp_45, i12 %select_ln78_1" [firmware/nnet_utils/nnet_code_gen.h:82]   --->   Operation 129 'select' 'select_ln82_1' <Predicate = (or_ln82_14)> <Delay = 0.00> <Core = "Sel">   --->   Core 26 'Sel' <Latency = 0> <II = 1> <Delay = 0.29> <FuncUnit> <Opcode : 'select'> <InPorts = 3> <OutPorts = 1>
ST_1 : Operation 130 [1/1] (0.00ns) (grouped into LUT with out node select_ln86_2)   --->   "%select_ln82_2 = select i1 %icmp_ln82, i12 %tmp_46, i12 %select_ln78_2" [firmware/nnet_utils/nnet_code_gen.h:82]   --->   Operation 130 'select' 'select_ln82_2' <Predicate = (or_ln82_14)> <Delay = 0.00> <Core = "Sel">   --->   Core 26 'Sel' <Latency = 0> <II = 1> <Delay = 0.29> <FuncUnit> <Opcode : 'select'> <InPorts = 3> <OutPorts = 1>
ST_1 : Operation 131 [1/1] (0.29ns) (out node of the LUT)   --->   "%select_ln86 = select i1 %or_ln82_14, i12 %select_ln82, i12 %buffer_0_V_read_1" [firmware/nnet_utils/nnet_code_gen.h:86]   --->   Operation 131 'select' 'select_ln86' <Predicate = true> <Delay = 0.29> <Core = "Sel">   --->   Core 26 'Sel' <Latency = 0> <II = 1> <Delay = 0.29> <FuncUnit> <Opcode : 'select'> <InPorts = 3> <OutPorts = 1>
ST_1 : Operation 132 [1/1] (0.29ns) (out node of the LUT)   --->   "%select_ln86_1 = select i1 %or_ln82_14, i12 %select_ln82_1, i12 %buffer_1_V_read_1" [firmware/nnet_utils/nnet_code_gen.h:86]   --->   Operation 132 'select' 'select_ln86_1' <Predicate = true> <Delay = 0.29> <Core = "Sel">   --->   Core 26 'Sel' <Latency = 0> <II = 1> <Delay = 0.29> <FuncUnit> <Opcode : 'select'> <InPorts = 3> <OutPorts = 1>
ST_1 : Operation 133 [1/1] (0.29ns) (out node of the LUT)   --->   "%select_ln86_2 = select i1 %or_ln82_14, i12 %select_ln82_2, i12 %buffer_2_V_read_1" [firmware/nnet_utils/nnet_code_gen.h:86]   --->   Operation 133 'select' 'select_ln86_2' <Predicate = true> <Delay = 0.29> <Core = "Sel">   --->   Core 26 'Sel' <Latency = 0> <II = 1> <Delay = 0.29> <FuncUnit> <Opcode : 'select'> <InPorts = 3> <OutPorts = 1>
ST_1 : Operation 134 [1/1] (0.00ns)   --->   "%mrv = insertvalue { i12, i12, i12 } undef, i12 %select_ln86, 0" [firmware/nnet_utils/nnet_code_gen.h:86]   --->   Operation 134 'insertvalue' 'mrv' <Predicate = true> <Delay = 0.00>
ST_1 : Operation 135 [1/1] (0.00ns)   --->   "%mrv_1 = insertvalue { i12, i12, i12 } %mrv, i12 %select_ln86_1, 1" [firmware/nnet_utils/nnet_code_gen.h:86]   --->   Operation 135 'insertvalue' 'mrv_1' <Predicate = true> <Delay = 0.00>
ST_1 : Operation 136 [1/1] (0.00ns)   --->   "%mrv_2 = insertvalue { i12, i12, i12 } %mrv_1, i12 %select_ln86_2, 2" [firmware/nnet_utils/nnet_code_gen.h:86]   --->   Operation 136 'insertvalue' 'mrv_2' <Predicate = true> <Delay = 0.00>
ST_1 : Operation 137 [1/1] (0.00ns)   --->   "ret { i12, i12, i12 } %mrv_2" [firmware/nnet_utils/nnet_code_gen.h:86]   --->   Operation 137 'ret' <Predicate = true> <Delay = 0.00>


============================================================
+ Verbose Summary: Timing violations
============================================================
Target clock period: 5ns, clock uncertainty: 0.625ns.

 <State 1>: 3.05ns
The critical path consists of the following:
	wire read on port 'partition' (firmware/nnet_utils/nnet_code_gen.h:18) [6]  (0 ns)
	'icmp' operation ('icmp_ln30', firmware/nnet_utils/nnet_code_gen.h:30) [22]  (0.656 ns)
	'select' operation ('select_ln30', firmware/nnet_utils/nnet_code_gen.h:30) [26]  (0.299 ns)
	'select' operation ('select_ln34', firmware/nnet_utils/nnet_code_gen.h:34) [33]  (0 ns)
	'select' operation ('select_ln38', firmware/nnet_utils/nnet_code_gen.h:38) [40]  (0.299 ns)
	'select' operation ('select_ln42', firmware/nnet_utils/nnet_code_gen.h:42) [47]  (0 ns)
	'select' operation ('select_ln46', firmware/nnet_utils/nnet_code_gen.h:46) [54]  (0.299 ns)
	'select' operation ('select_ln50', firmware/nnet_utils/nnet_code_gen.h:50) [61]  (0 ns)
	'select' operation ('select_ln54', firmware/nnet_utils/nnet_code_gen.h:54) [68]  (0.299 ns)
	'select' operation ('select_ln58', firmware/nnet_utils/nnet_code_gen.h:58) [75]  (0 ns)
	'select' operation ('select_ln62', firmware/nnet_utils/nnet_code_gen.h:62) [82]  (0.299 ns)
	'select' operation ('select_ln66', firmware/nnet_utils/nnet_code_gen.h:66) [89]  (0 ns)
	'select' operation ('select_ln70', firmware/nnet_utils/nnet_code_gen.h:70) [96]  (0.299 ns)
	'select' operation ('select_ln74', firmware/nnet_utils/nnet_code_gen.h:74) [103]  (0 ns)
	'select' operation ('select_ln78', firmware/nnet_utils/nnet_code_gen.h:78) [110]  (0.299 ns)
	'select' operation ('select_ln82', firmware/nnet_utils/nnet_code_gen.h:82) [132]  (0 ns)
	'select' operation ('buffer[0].V', firmware/nnet_utils/nnet_code_gen.h:86) [135]  (0.299 ns)


============================================================
+ Verbose Summary: Binding
============================================================
N/A
* FSMD analyzer results:
  - Output states:
 - Input state : 
  - Chain level:
	State 1


============================================================
+ Verbose Summary: Datapath Resource usage 
============================================================
N/A
