

================================================================
== Vivado HLS Report for 'pool_op_ap_fixed_20_11_4_0_0_16_1_ap_fixed_16_6_5_3_0_s'
================================================================
* Date:           Tue Dec 10 20:48:14 2024

* Version:        2020.1 (Build 2897737 on Wed May 27 20:21:37 MDT 2020)
* Project:        hls_deepset_pointwisePhi_ioparallel_prj
* Solution:       solution1
* Product family: virtexuplus
* Target device:  xcvu13p-flga2577-2-e


================================================================
== Performance Estimates
================================================================
+ Timing: 
    * Summary: 
    +--------+---------+----------+------------+
    |  Clock |  Target | Estimated| Uncertainty|
    +--------+---------+----------+------------+
    |ap_clk  | 5.00 ns | 2.960 ns |   0.62 ns  |
    +--------+---------+----------+------------+

+ Latency: 
    * Summary: 
    +---------+---------+----------+----------+-----+-----+----------+
    |  Latency (cycles) |  Latency (absolute) |  Interval | Pipeline |
    |   min   |   max   |    min   |    max   | min | max |   Type   |
    +---------+---------+----------+----------+-----+-----+----------+
    |        0|        0|   0 ns   |   0 ns   |    1|    1| function |
    +---------+---------+----------+----------+-----+-----+----------+

    + Detail: 
        * Instance: 
        N/A

        * Loop: 
        N/A

============================================================
+ Verbose Summary: Synthesis Manager
============================================================
InlineROM: 1
ExposeGlobal: 0
============================================================
+ Verbose Summary: CDFG Model
============================================================
IsTopModel: 0
ResetActiveHigh: 1
IsCombinational: 0
IsDatapathOnly: 0
HasWiredReturn: 1
HasMFsm: 2
HasVarLatency: 0
IsPipeline: 1
IsRtlPipelined: 0
IsInstanceOverlapped: 0
IsDontTouch: 0
HasImplIP: 0
IsGatedGlobalClock: 0

+ Individual pipeline summary: 
  * Pipeline-0: initiation interval (II) = 1, depth = 1


============================================================
+ Verbose Summary: Schedule
============================================================
* Number of FSM states : 1
* Pipeline : 1
  Pipeline-0 : II = 1, D = 1, States = { 1 }
* Dataflow Pipeline: 0

* FSM state transitions: 
1 --> 

* FSM state operations: 

State 1 <SV = 0> <Delay = 2.96>
ST_1 : Operation 2 [1/1] (0.00ns)   --->   "%x_15_V_read_1 = call i9 @_ssdm_op_Read.ap_auto.i9(i9 %x_15_V_read)" [firmware/nnet_utils/nnet_pooling.h:40]   --->   Operation 2 'read' 'x_15_V_read_1' <Predicate = true> <Delay = 0.00>
ST_1 : Operation 3 [1/1] (0.00ns)   --->   "%x_14_V_read_1 = call i9 @_ssdm_op_Read.ap_auto.i9(i9 %x_14_V_read)" [firmware/nnet_utils/nnet_pooling.h:40]   --->   Operation 3 'read' 'x_14_V_read_1' <Predicate = true> <Delay = 0.00>
ST_1 : Operation 4 [1/1] (0.00ns)   --->   "%x_13_V_read_1 = call i9 @_ssdm_op_Read.ap_auto.i9(i9 %x_13_V_read)" [firmware/nnet_utils/nnet_pooling.h:40]   --->   Operation 4 'read' 'x_13_V_read_1' <Predicate = true> <Delay = 0.00>
ST_1 : Operation 5 [1/1] (0.00ns)   --->   "%x_12_V_read_1 = call i9 @_ssdm_op_Read.ap_auto.i9(i9 %x_12_V_read)" [firmware/nnet_utils/nnet_pooling.h:40]   --->   Operation 5 'read' 'x_12_V_read_1' <Predicate = true> <Delay = 0.00>
ST_1 : Operation 6 [1/1] (0.00ns)   --->   "%x_11_V_read_1 = call i9 @_ssdm_op_Read.ap_auto.i9(i9 %x_11_V_read)" [firmware/nnet_utils/nnet_pooling.h:40]   --->   Operation 6 'read' 'x_11_V_read_1' <Predicate = true> <Delay = 0.00>
ST_1 : Operation 7 [1/1] (0.00ns)   --->   "%x_10_V_read_1 = call i9 @_ssdm_op_Read.ap_auto.i9(i9 %x_10_V_read)" [firmware/nnet_utils/nnet_pooling.h:40]   --->   Operation 7 'read' 'x_10_V_read_1' <Predicate = true> <Delay = 0.00>
ST_1 : Operation 8 [1/1] (0.00ns)   --->   "%x_9_V_read_1 = call i9 @_ssdm_op_Read.ap_auto.i9(i9 %x_9_V_read)" [firmware/nnet_utils/nnet_pooling.h:40]   --->   Operation 8 'read' 'x_9_V_read_1' <Predicate = true> <Delay = 0.00>
ST_1 : Operation 9 [1/1] (0.00ns)   --->   "%x_8_V_read_1 = call i9 @_ssdm_op_Read.ap_auto.i9(i9 %x_8_V_read)" [firmware/nnet_utils/nnet_pooling.h:40]   --->   Operation 9 'read' 'x_8_V_read_1' <Predicate = true> <Delay = 0.00>
ST_1 : Operation 10 [1/1] (0.00ns)   --->   "%x_7_V_read_1 = call i9 @_ssdm_op_Read.ap_auto.i9(i9 %x_7_V_read)" [firmware/nnet_utils/nnet_pooling.h:40]   --->   Operation 10 'read' 'x_7_V_read_1' <Predicate = true> <Delay = 0.00>
ST_1 : Operation 11 [1/1] (0.00ns)   --->   "%x_6_V_read_1 = call i9 @_ssdm_op_Read.ap_auto.i9(i9 %x_6_V_read)" [firmware/nnet_utils/nnet_pooling.h:40]   --->   Operation 11 'read' 'x_6_V_read_1' <Predicate = true> <Delay = 0.00>
ST_1 : Operation 12 [1/1] (0.00ns)   --->   "%x_5_V_read_1 = call i9 @_ssdm_op_Read.ap_auto.i9(i9 %x_5_V_read)" [firmware/nnet_utils/nnet_pooling.h:40]   --->   Operation 12 'read' 'x_5_V_read_1' <Predicate = true> <Delay = 0.00>
ST_1 : Operation 13 [1/1] (0.00ns)   --->   "%x_4_V_read_1 = call i9 @_ssdm_op_Read.ap_auto.i9(i9 %x_4_V_read)" [firmware/nnet_utils/nnet_pooling.h:40]   --->   Operation 13 'read' 'x_4_V_read_1' <Predicate = true> <Delay = 0.00>
ST_1 : Operation 14 [1/1] (0.00ns)   --->   "%x_3_V_read_1 = call i9 @_ssdm_op_Read.ap_auto.i9(i9 %x_3_V_read)" [firmware/nnet_utils/nnet_pooling.h:40]   --->   Operation 14 'read' 'x_3_V_read_1' <Predicate = true> <Delay = 0.00>
ST_1 : Operation 15 [1/1] (0.00ns)   --->   "%x_2_V_read_1 = call i9 @_ssdm_op_Read.ap_auto.i9(i9 %x_2_V_read)" [firmware/nnet_utils/nnet_pooling.h:40]   --->   Operation 15 'read' 'x_2_V_read_1' <Predicate = true> <Delay = 0.00>
ST_1 : Operation 16 [1/1] (0.00ns)   --->   "%x_1_V_read_1 = call i9 @_ssdm_op_Read.ap_auto.i9(i9 %x_1_V_read)" [firmware/nnet_utils/nnet_pooling.h:40]   --->   Operation 16 'read' 'x_1_V_read_1' <Predicate = true> <Delay = 0.00>
ST_1 : Operation 17 [1/1] (0.00ns)   --->   "%x_0_V_read_1 = call i9 @_ssdm_op_Read.ap_auto.i9(i9 %x_0_V_read)" [firmware/nnet_utils/nnet_pooling.h:40]   --->   Operation 17 'read' 'x_0_V_read_1' <Predicate = true> <Delay = 0.00>
ST_1 : Operation 18 [1/1] (0.00ns)   --->   "%shl_ln = call i10 @_ssdm_op_BitConcatenate.i10.i9.i1(i9 %x_0_V_read_1, i1 false)" [firmware/nnet_utils/nnet_pooling.h:22->firmware/nnet_utils/nnet_pooling.h:35->firmware/nnet_utils/nnet_pooling.h:41]   --->   Operation 18 'bitconcatenate' 'shl_ln' <Predicate = true> <Delay = 0.00>
ST_1 : Operation 19 [1/1] (0.00ns)   --->   "%zext_ln703 = zext i10 %shl_ln to i11" [firmware/nnet_utils/nnet_pooling.h:22->firmware/nnet_utils/nnet_pooling.h:35->firmware/nnet_utils/nnet_pooling.h:41]   --->   Operation 19 'zext' 'zext_ln703' <Predicate = true> <Delay = 0.00>
ST_1 : Operation 20 [1/1] (0.00ns)   --->   "%shl_ln703_1 = call i10 @_ssdm_op_BitConcatenate.i10.i9.i1(i9 %x_1_V_read_1, i1 false)" [firmware/nnet_utils/nnet_pooling.h:22->firmware/nnet_utils/nnet_pooling.h:35->firmware/nnet_utils/nnet_pooling.h:41]   --->   Operation 20 'bitconcatenate' 'shl_ln703_1' <Predicate = true> <Delay = 0.00>
ST_1 : Operation 21 [1/1] (0.00ns)   --->   "%zext_ln703_1 = zext i10 %shl_ln703_1 to i11" [firmware/nnet_utils/nnet_pooling.h:22->firmware/nnet_utils/nnet_pooling.h:35->firmware/nnet_utils/nnet_pooling.h:41]   --->   Operation 21 'zext' 'zext_ln703_1' <Predicate = true> <Delay = 0.00>
ST_1 : Operation 22 [1/1] (0.00ns)   --->   "%shl_ln703_2 = call i10 @_ssdm_op_BitConcatenate.i10.i9.i1(i9 %x_2_V_read_1, i1 false)" [firmware/nnet_utils/nnet_pooling.h:22->firmware/nnet_utils/nnet_pooling.h:35->firmware/nnet_utils/nnet_pooling.h:41]   --->   Operation 22 'bitconcatenate' 'shl_ln703_2' <Predicate = true> <Delay = 0.00>
ST_1 : Operation 23 [1/1] (0.00ns)   --->   "%zext_ln703_2 = zext i10 %shl_ln703_2 to i11" [firmware/nnet_utils/nnet_pooling.h:22->firmware/nnet_utils/nnet_pooling.h:35->firmware/nnet_utils/nnet_pooling.h:41]   --->   Operation 23 'zext' 'zext_ln703_2' <Predicate = true> <Delay = 0.00>
ST_1 : Operation 24 [1/1] (0.00ns)   --->   "%shl_ln703_3 = call i10 @_ssdm_op_BitConcatenate.i10.i9.i1(i9 %x_3_V_read_1, i1 false)" [firmware/nnet_utils/nnet_pooling.h:22->firmware/nnet_utils/nnet_pooling.h:35->firmware/nnet_utils/nnet_pooling.h:41]   --->   Operation 24 'bitconcatenate' 'shl_ln703_3' <Predicate = true> <Delay = 0.00>
ST_1 : Operation 25 [1/1] (0.00ns)   --->   "%zext_ln703_3 = zext i10 %shl_ln703_3 to i11" [firmware/nnet_utils/nnet_pooling.h:22->firmware/nnet_utils/nnet_pooling.h:35->firmware/nnet_utils/nnet_pooling.h:41]   --->   Operation 25 'zext' 'zext_ln703_3' <Predicate = true> <Delay = 0.00>
ST_1 : Operation 26 [1/1] (0.00ns)   --->   "%shl_ln703_4 = call i10 @_ssdm_op_BitConcatenate.i10.i9.i1(i9 %x_4_V_read_1, i1 false)" [firmware/nnet_utils/nnet_pooling.h:22->firmware/nnet_utils/nnet_pooling.h:35->firmware/nnet_utils/nnet_pooling.h:41]   --->   Operation 26 'bitconcatenate' 'shl_ln703_4' <Predicate = true> <Delay = 0.00>
ST_1 : Operation 27 [1/1] (0.00ns)   --->   "%zext_ln703_4 = zext i10 %shl_ln703_4 to i11" [firmware/nnet_utils/nnet_pooling.h:22->firmware/nnet_utils/nnet_pooling.h:35->firmware/nnet_utils/nnet_pooling.h:41]   --->   Operation 27 'zext' 'zext_ln703_4' <Predicate = true> <Delay = 0.00>
ST_1 : Operation 28 [1/1] (0.00ns)   --->   "%shl_ln703_5 = call i10 @_ssdm_op_BitConcatenate.i10.i9.i1(i9 %x_5_V_read_1, i1 false)" [firmware/nnet_utils/nnet_pooling.h:22->firmware/nnet_utils/nnet_pooling.h:35->firmware/nnet_utils/nnet_pooling.h:41]   --->   Operation 28 'bitconcatenate' 'shl_ln703_5' <Predicate = true> <Delay = 0.00>
ST_1 : Operation 29 [1/1] (0.00ns)   --->   "%zext_ln703_5 = zext i10 %shl_ln703_5 to i11" [firmware/nnet_utils/nnet_pooling.h:22->firmware/nnet_utils/nnet_pooling.h:35->firmware/nnet_utils/nnet_pooling.h:41]   --->   Operation 29 'zext' 'zext_ln703_5' <Predicate = true> <Delay = 0.00>
ST_1 : Operation 30 [1/1] (0.00ns)   --->   "%shl_ln703_6 = call i10 @_ssdm_op_BitConcatenate.i10.i9.i1(i9 %x_6_V_read_1, i1 false)" [firmware/nnet_utils/nnet_pooling.h:22->firmware/nnet_utils/nnet_pooling.h:35->firmware/nnet_utils/nnet_pooling.h:41]   --->   Operation 30 'bitconcatenate' 'shl_ln703_6' <Predicate = true> <Delay = 0.00>
ST_1 : Operation 31 [1/1] (0.00ns)   --->   "%zext_ln703_6 = zext i10 %shl_ln703_6 to i11" [firmware/nnet_utils/nnet_pooling.h:22->firmware/nnet_utils/nnet_pooling.h:35->firmware/nnet_utils/nnet_pooling.h:41]   --->   Operation 31 'zext' 'zext_ln703_6' <Predicate = true> <Delay = 0.00>
ST_1 : Operation 32 [1/1] (0.00ns)   --->   "%shl_ln703_7 = call i10 @_ssdm_op_BitConcatenate.i10.i9.i1(i9 %x_7_V_read_1, i1 false)" [firmware/nnet_utils/nnet_pooling.h:22->firmware/nnet_utils/nnet_pooling.h:35->firmware/nnet_utils/nnet_pooling.h:41]   --->   Operation 32 'bitconcatenate' 'shl_ln703_7' <Predicate = true> <Delay = 0.00>
ST_1 : Operation 33 [1/1] (0.00ns)   --->   "%zext_ln703_7 = zext i10 %shl_ln703_7 to i11" [firmware/nnet_utils/nnet_pooling.h:22->firmware/nnet_utils/nnet_pooling.h:35->firmware/nnet_utils/nnet_pooling.h:41]   --->   Operation 33 'zext' 'zext_ln703_7' <Predicate = true> <Delay = 0.00>
ST_1 : Operation 34 [1/1] (0.00ns)   --->   "%shl_ln703_8 = call i10 @_ssdm_op_BitConcatenate.i10.i9.i1(i9 %x_8_V_read_1, i1 false)" [firmware/nnet_utils/nnet_pooling.h:22->firmware/nnet_utils/nnet_pooling.h:35->firmware/nnet_utils/nnet_pooling.h:41]   --->   Operation 34 'bitconcatenate' 'shl_ln703_8' <Predicate = true> <Delay = 0.00>
ST_1 : Operation 35 [1/1] (0.00ns)   --->   "%zext_ln703_8 = zext i10 %shl_ln703_8 to i11" [firmware/nnet_utils/nnet_pooling.h:22->firmware/nnet_utils/nnet_pooling.h:35->firmware/nnet_utils/nnet_pooling.h:41]   --->   Operation 35 'zext' 'zext_ln703_8' <Predicate = true> <Delay = 0.00>
ST_1 : Operation 36 [1/1] (0.00ns)   --->   "%shl_ln703_9 = call i10 @_ssdm_op_BitConcatenate.i10.i9.i1(i9 %x_9_V_read_1, i1 false)" [firmware/nnet_utils/nnet_pooling.h:22->firmware/nnet_utils/nnet_pooling.h:35->firmware/nnet_utils/nnet_pooling.h:41]   --->   Operation 36 'bitconcatenate' 'shl_ln703_9' <Predicate = true> <Delay = 0.00>
ST_1 : Operation 37 [1/1] (0.00ns)   --->   "%zext_ln703_9 = zext i10 %shl_ln703_9 to i11" [firmware/nnet_utils/nnet_pooling.h:22->firmware/nnet_utils/nnet_pooling.h:35->firmware/nnet_utils/nnet_pooling.h:41]   --->   Operation 37 'zext' 'zext_ln703_9' <Predicate = true> <Delay = 0.00>
ST_1 : Operation 38 [1/1] (0.00ns)   --->   "%shl_ln703_s = call i10 @_ssdm_op_BitConcatenate.i10.i9.i1(i9 %x_10_V_read_1, i1 false)" [firmware/nnet_utils/nnet_pooling.h:22->firmware/nnet_utils/nnet_pooling.h:35->firmware/nnet_utils/nnet_pooling.h:41]   --->   Operation 38 'bitconcatenate' 'shl_ln703_s' <Predicate = true> <Delay = 0.00>
ST_1 : Operation 39 [1/1] (0.00ns)   --->   "%zext_ln703_10 = zext i10 %shl_ln703_s to i11" [firmware/nnet_utils/nnet_pooling.h:22->firmware/nnet_utils/nnet_pooling.h:35->firmware/nnet_utils/nnet_pooling.h:41]   --->   Operation 39 'zext' 'zext_ln703_10' <Predicate = true> <Delay = 0.00>
ST_1 : Operation 40 [1/1] (0.00ns)   --->   "%shl_ln703_10 = call i10 @_ssdm_op_BitConcatenate.i10.i9.i1(i9 %x_11_V_read_1, i1 false)" [firmware/nnet_utils/nnet_pooling.h:22->firmware/nnet_utils/nnet_pooling.h:35->firmware/nnet_utils/nnet_pooling.h:41]   --->   Operation 40 'bitconcatenate' 'shl_ln703_10' <Predicate = true> <Delay = 0.00>
ST_1 : Operation 41 [1/1] (0.00ns)   --->   "%zext_ln703_11 = zext i10 %shl_ln703_10 to i11" [firmware/nnet_utils/nnet_pooling.h:22->firmware/nnet_utils/nnet_pooling.h:35->firmware/nnet_utils/nnet_pooling.h:41]   --->   Operation 41 'zext' 'zext_ln703_11' <Predicate = true> <Delay = 0.00>
ST_1 : Operation 42 [1/1] (0.00ns)   --->   "%shl_ln703_11 = call i10 @_ssdm_op_BitConcatenate.i10.i9.i1(i9 %x_12_V_read_1, i1 false)" [firmware/nnet_utils/nnet_pooling.h:22->firmware/nnet_utils/nnet_pooling.h:35->firmware/nnet_utils/nnet_pooling.h:41]   --->   Operation 42 'bitconcatenate' 'shl_ln703_11' <Predicate = true> <Delay = 0.00>
ST_1 : Operation 43 [1/1] (0.00ns)   --->   "%zext_ln703_12 = zext i10 %shl_ln703_11 to i11" [firmware/nnet_utils/nnet_pooling.h:22->firmware/nnet_utils/nnet_pooling.h:35->firmware/nnet_utils/nnet_pooling.h:41]   --->   Operation 43 'zext' 'zext_ln703_12' <Predicate = true> <Delay = 0.00>
ST_1 : Operation 44 [1/1] (0.00ns)   --->   "%shl_ln703_12 = call i10 @_ssdm_op_BitConcatenate.i10.i9.i1(i9 %x_13_V_read_1, i1 false)" [firmware/nnet_utils/nnet_pooling.h:22->firmware/nnet_utils/nnet_pooling.h:35->firmware/nnet_utils/nnet_pooling.h:41]   --->   Operation 44 'bitconcatenate' 'shl_ln703_12' <Predicate = true> <Delay = 0.00>
ST_1 : Operation 45 [1/1] (0.00ns)   --->   "%zext_ln703_13 = zext i10 %shl_ln703_12 to i11" [firmware/nnet_utils/nnet_pooling.h:22->firmware/nnet_utils/nnet_pooling.h:35->firmware/nnet_utils/nnet_pooling.h:41]   --->   Operation 45 'zext' 'zext_ln703_13' <Predicate = true> <Delay = 0.00>
ST_1 : Operation 46 [1/1] (0.00ns)   --->   "%shl_ln703_13 = call i10 @_ssdm_op_BitConcatenate.i10.i9.i1(i9 %x_14_V_read_1, i1 false)" [firmware/nnet_utils/nnet_pooling.h:22->firmware/nnet_utils/nnet_pooling.h:35->firmware/nnet_utils/nnet_pooling.h:41]   --->   Operation 46 'bitconcatenate' 'shl_ln703_13' <Predicate = true> <Delay = 0.00>
ST_1 : Operation 47 [1/1] (0.00ns)   --->   "%zext_ln703_14 = zext i10 %shl_ln703_13 to i11" [firmware/nnet_utils/nnet_pooling.h:22->firmware/nnet_utils/nnet_pooling.h:35->firmware/nnet_utils/nnet_pooling.h:41]   --->   Operation 47 'zext' 'zext_ln703_14' <Predicate = true> <Delay = 0.00>
ST_1 : Operation 48 [1/1] (0.00ns)   --->   "%shl_ln703_14 = call i10 @_ssdm_op_BitConcatenate.i10.i9.i1(i9 %x_15_V_read_1, i1 false)" [firmware/nnet_utils/nnet_pooling.h:22->firmware/nnet_utils/nnet_pooling.h:35->firmware/nnet_utils/nnet_pooling.h:41]   --->   Operation 48 'bitconcatenate' 'shl_ln703_14' <Predicate = true> <Delay = 0.00>
ST_1 : Operation 49 [1/1] (0.00ns)   --->   "%zext_ln703_15 = zext i10 %shl_ln703_14 to i11" [firmware/nnet_utils/nnet_pooling.h:22->firmware/nnet_utils/nnet_pooling.h:35->firmware/nnet_utils/nnet_pooling.h:41]   --->   Operation 49 'zext' 'zext_ln703_15' <Predicate = true> <Delay = 0.00>
ST_1 : Operation 50 [1/1] (0.72ns)   --->   "%add_ln703 = add i11 %zext_ln703_1, %zext_ln703" [firmware/nnet_utils/nnet_pooling.h:22->firmware/nnet_utils/nnet_pooling.h:35->firmware/nnet_utils/nnet_pooling.h:41]   --->   Operation 50 'add' 'add_ln703' <Predicate = true> <Delay = 0.72> <Core = "AddSub">   --->   Core 14 'AddSub' <Latency = 0> <II = 1> <Delay = 0.75> <FuncUnit> <Opcode : 'add' 'sub'> <InPorts = 2> <OutPorts = 1>
ST_1 : Operation 51 [1/1] (0.00ns)   --->   "%zext_ln703_16 = zext i11 %add_ln703 to i12" [firmware/nnet_utils/nnet_pooling.h:22->firmware/nnet_utils/nnet_pooling.h:35->firmware/nnet_utils/nnet_pooling.h:41]   --->   Operation 51 'zext' 'zext_ln703_16' <Predicate = true> <Delay = 0.00>
ST_1 : Operation 52 [1/1] (0.72ns)   --->   "%add_ln703_1 = add i11 %zext_ln703_3, %zext_ln703_2" [firmware/nnet_utils/nnet_pooling.h:22->firmware/nnet_utils/nnet_pooling.h:35->firmware/nnet_utils/nnet_pooling.h:41]   --->   Operation 52 'add' 'add_ln703_1' <Predicate = true> <Delay = 0.72> <Core = "AddSub">   --->   Core 14 'AddSub' <Latency = 0> <II = 1> <Delay = 0.75> <FuncUnit> <Opcode : 'add' 'sub'> <InPorts = 2> <OutPorts = 1>
ST_1 : Operation 53 [1/1] (0.00ns)   --->   "%zext_ln703_17 = zext i11 %add_ln703_1 to i12" [firmware/nnet_utils/nnet_pooling.h:22->firmware/nnet_utils/nnet_pooling.h:35->firmware/nnet_utils/nnet_pooling.h:41]   --->   Operation 53 'zext' 'zext_ln703_17' <Predicate = true> <Delay = 0.00>
ST_1 : Operation 54 [1/1] (0.73ns)   --->   "%add_ln703_2 = add i12 %zext_ln703_16, %zext_ln703_17" [firmware/nnet_utils/nnet_pooling.h:22->firmware/nnet_utils/nnet_pooling.h:35->firmware/nnet_utils/nnet_pooling.h:41]   --->   Operation 54 'add' 'add_ln703_2' <Predicate = true> <Delay = 0.73> <Core = "AddSub">   --->   Core 14 'AddSub' <Latency = 0> <II = 1> <Delay = 0.75> <FuncUnit> <Opcode : 'add' 'sub'> <InPorts = 2> <OutPorts = 1>
ST_1 : Operation 55 [1/1] (0.00ns)   --->   "%zext_ln703_18 = zext i12 %add_ln703_2 to i13" [firmware/nnet_utils/nnet_pooling.h:22->firmware/nnet_utils/nnet_pooling.h:35->firmware/nnet_utils/nnet_pooling.h:41]   --->   Operation 55 'zext' 'zext_ln703_18' <Predicate = true> <Delay = 0.00>
ST_1 : Operation 56 [1/1] (0.72ns)   --->   "%add_ln703_3 = add i11 %zext_ln703_5, %zext_ln703_4" [firmware/nnet_utils/nnet_pooling.h:22->firmware/nnet_utils/nnet_pooling.h:35->firmware/nnet_utils/nnet_pooling.h:41]   --->   Operation 56 'add' 'add_ln703_3' <Predicate = true> <Delay = 0.72> <Core = "AddSub">   --->   Core 14 'AddSub' <Latency = 0> <II = 1> <Delay = 0.75> <FuncUnit> <Opcode : 'add' 'sub'> <InPorts = 2> <OutPorts = 1>
ST_1 : Operation 57 [1/1] (0.00ns)   --->   "%zext_ln703_19 = zext i11 %add_ln703_3 to i12" [firmware/nnet_utils/nnet_pooling.h:22->firmware/nnet_utils/nnet_pooling.h:35->firmware/nnet_utils/nnet_pooling.h:41]   --->   Operation 57 'zext' 'zext_ln703_19' <Predicate = true> <Delay = 0.00>
ST_1 : Operation 58 [1/1] (0.72ns)   --->   "%add_ln703_4 = add i11 %zext_ln703_7, %zext_ln703_6" [firmware/nnet_utils/nnet_pooling.h:22->firmware/nnet_utils/nnet_pooling.h:35->firmware/nnet_utils/nnet_pooling.h:41]   --->   Operation 58 'add' 'add_ln703_4' <Predicate = true> <Delay = 0.72> <Core = "AddSub">   --->   Core 14 'AddSub' <Latency = 0> <II = 1> <Delay = 0.75> <FuncUnit> <Opcode : 'add' 'sub'> <InPorts = 2> <OutPorts = 1>
ST_1 : Operation 59 [1/1] (0.00ns)   --->   "%zext_ln703_20 = zext i11 %add_ln703_4 to i12" [firmware/nnet_utils/nnet_pooling.h:22->firmware/nnet_utils/nnet_pooling.h:35->firmware/nnet_utils/nnet_pooling.h:41]   --->   Operation 59 'zext' 'zext_ln703_20' <Predicate = true> <Delay = 0.00>
ST_1 : Operation 60 [1/1] (0.73ns)   --->   "%add_ln703_5 = add i12 %zext_ln703_19, %zext_ln703_20" [firmware/nnet_utils/nnet_pooling.h:22->firmware/nnet_utils/nnet_pooling.h:35->firmware/nnet_utils/nnet_pooling.h:41]   --->   Operation 60 'add' 'add_ln703_5' <Predicate = true> <Delay = 0.73> <Core = "AddSub">   --->   Core 14 'AddSub' <Latency = 0> <II = 1> <Delay = 0.75> <FuncUnit> <Opcode : 'add' 'sub'> <InPorts = 2> <OutPorts = 1>
ST_1 : Operation 61 [1/1] (0.00ns)   --->   "%zext_ln703_21 = zext i12 %add_ln703_5 to i13" [firmware/nnet_utils/nnet_pooling.h:22->firmware/nnet_utils/nnet_pooling.h:35->firmware/nnet_utils/nnet_pooling.h:41]   --->   Operation 61 'zext' 'zext_ln703_21' <Predicate = true> <Delay = 0.00>
ST_1 : Operation 62 [1/1] (0.74ns)   --->   "%add_ln703_6 = add i13 %zext_ln703_18, %zext_ln703_21" [firmware/nnet_utils/nnet_pooling.h:22->firmware/nnet_utils/nnet_pooling.h:35->firmware/nnet_utils/nnet_pooling.h:41]   --->   Operation 62 'add' 'add_ln703_6' <Predicate = true> <Delay = 0.74> <Core = "AddSub">   --->   Core 14 'AddSub' <Latency = 0> <II = 1> <Delay = 0.75> <FuncUnit> <Opcode : 'add' 'sub'> <InPorts = 2> <OutPorts = 1>
ST_1 : Operation 63 [1/1] (0.00ns)   --->   "%zext_ln703_22 = zext i13 %add_ln703_6 to i14" [firmware/nnet_utils/nnet_pooling.h:22->firmware/nnet_utils/nnet_pooling.h:35->firmware/nnet_utils/nnet_pooling.h:41]   --->   Operation 63 'zext' 'zext_ln703_22' <Predicate = true> <Delay = 0.00>
ST_1 : Operation 64 [1/1] (0.72ns)   --->   "%add_ln703_7 = add i11 %zext_ln703_9, %zext_ln703_8" [firmware/nnet_utils/nnet_pooling.h:22->firmware/nnet_utils/nnet_pooling.h:35->firmware/nnet_utils/nnet_pooling.h:41]   --->   Operation 64 'add' 'add_ln703_7' <Predicate = true> <Delay = 0.72> <Core = "AddSub">   --->   Core 14 'AddSub' <Latency = 0> <II = 1> <Delay = 0.75> <FuncUnit> <Opcode : 'add' 'sub'> <InPorts = 2> <OutPorts = 1>
ST_1 : Operation 65 [1/1] (0.00ns)   --->   "%zext_ln703_23 = zext i11 %add_ln703_7 to i12" [firmware/nnet_utils/nnet_pooling.h:22->firmware/nnet_utils/nnet_pooling.h:35->firmware/nnet_utils/nnet_pooling.h:41]   --->   Operation 65 'zext' 'zext_ln703_23' <Predicate = true> <Delay = 0.00>
ST_1 : Operation 66 [1/1] (0.72ns)   --->   "%add_ln703_8 = add i11 %zext_ln703_11, %zext_ln703_10" [firmware/nnet_utils/nnet_pooling.h:22->firmware/nnet_utils/nnet_pooling.h:35->firmware/nnet_utils/nnet_pooling.h:41]   --->   Operation 66 'add' 'add_ln703_8' <Predicate = true> <Delay = 0.72> <Core = "AddSub">   --->   Core 14 'AddSub' <Latency = 0> <II = 1> <Delay = 0.75> <FuncUnit> <Opcode : 'add' 'sub'> <InPorts = 2> <OutPorts = 1>
ST_1 : Operation 67 [1/1] (0.00ns)   --->   "%zext_ln703_24 = zext i11 %add_ln703_8 to i12" [firmware/nnet_utils/nnet_pooling.h:22->firmware/nnet_utils/nnet_pooling.h:35->firmware/nnet_utils/nnet_pooling.h:41]   --->   Operation 67 'zext' 'zext_ln703_24' <Predicate = true> <Delay = 0.00>
ST_1 : Operation 68 [1/1] (0.73ns)   --->   "%add_ln703_9 = add i12 %zext_ln703_23, %zext_ln703_24" [firmware/nnet_utils/nnet_pooling.h:22->firmware/nnet_utils/nnet_pooling.h:35->firmware/nnet_utils/nnet_pooling.h:41]   --->   Operation 68 'add' 'add_ln703_9' <Predicate = true> <Delay = 0.73> <Core = "AddSub">   --->   Core 14 'AddSub' <Latency = 0> <II = 1> <Delay = 0.75> <FuncUnit> <Opcode : 'add' 'sub'> <InPorts = 2> <OutPorts = 1>
ST_1 : Operation 69 [1/1] (0.00ns)   --->   "%zext_ln703_25 = zext i12 %add_ln703_9 to i13" [firmware/nnet_utils/nnet_pooling.h:22->firmware/nnet_utils/nnet_pooling.h:35->firmware/nnet_utils/nnet_pooling.h:41]   --->   Operation 69 'zext' 'zext_ln703_25' <Predicate = true> <Delay = 0.00>
ST_1 : Operation 70 [1/1] (0.72ns)   --->   "%add_ln703_10 = add i11 %zext_ln703_13, %zext_ln703_12" [firmware/nnet_utils/nnet_pooling.h:22->firmware/nnet_utils/nnet_pooling.h:35->firmware/nnet_utils/nnet_pooling.h:41]   --->   Operation 70 'add' 'add_ln703_10' <Predicate = true> <Delay = 0.72> <Core = "AddSub">   --->   Core 14 'AddSub' <Latency = 0> <II = 1> <Delay = 0.75> <FuncUnit> <Opcode : 'add' 'sub'> <InPorts = 2> <OutPorts = 1>
ST_1 : Operation 71 [1/1] (0.00ns)   --->   "%zext_ln703_26 = zext i11 %add_ln703_10 to i12" [firmware/nnet_utils/nnet_pooling.h:22->firmware/nnet_utils/nnet_pooling.h:35->firmware/nnet_utils/nnet_pooling.h:41]   --->   Operation 71 'zext' 'zext_ln703_26' <Predicate = true> <Delay = 0.00>
ST_1 : Operation 72 [1/1] (0.72ns)   --->   "%add_ln703_11 = add i11 %zext_ln703_15, %zext_ln703_14" [firmware/nnet_utils/nnet_pooling.h:22->firmware/nnet_utils/nnet_pooling.h:35->firmware/nnet_utils/nnet_pooling.h:41]   --->   Operation 72 'add' 'add_ln703_11' <Predicate = true> <Delay = 0.72> <Core = "AddSub">   --->   Core 14 'AddSub' <Latency = 0> <II = 1> <Delay = 0.75> <FuncUnit> <Opcode : 'add' 'sub'> <InPorts = 2> <OutPorts = 1>
ST_1 : Operation 73 [1/1] (0.00ns)   --->   "%zext_ln703_27 = zext i11 %add_ln703_11 to i12" [firmware/nnet_utils/nnet_pooling.h:22->firmware/nnet_utils/nnet_pooling.h:35->firmware/nnet_utils/nnet_pooling.h:41]   --->   Operation 73 'zext' 'zext_ln703_27' <Predicate = true> <Delay = 0.00>
ST_1 : Operation 74 [1/1] (0.73ns)   --->   "%add_ln703_12 = add i12 %zext_ln703_26, %zext_ln703_27" [firmware/nnet_utils/nnet_pooling.h:22->firmware/nnet_utils/nnet_pooling.h:35->firmware/nnet_utils/nnet_pooling.h:41]   --->   Operation 74 'add' 'add_ln703_12' <Predicate = true> <Delay = 0.73> <Core = "AddSub">   --->   Core 14 'AddSub' <Latency = 0> <II = 1> <Delay = 0.75> <FuncUnit> <Opcode : 'add' 'sub'> <InPorts = 2> <OutPorts = 1>
ST_1 : Operation 75 [1/1] (0.00ns)   --->   "%zext_ln703_28 = zext i12 %add_ln703_12 to i13" [firmware/nnet_utils/nnet_pooling.h:22->firmware/nnet_utils/nnet_pooling.h:35->firmware/nnet_utils/nnet_pooling.h:41]   --->   Operation 75 'zext' 'zext_ln703_28' <Predicate = true> <Delay = 0.00>
ST_1 : Operation 76 [1/1] (0.74ns)   --->   "%add_ln703_13 = add i13 %zext_ln703_25, %zext_ln703_28" [firmware/nnet_utils/nnet_pooling.h:22->firmware/nnet_utils/nnet_pooling.h:35->firmware/nnet_utils/nnet_pooling.h:41]   --->   Operation 76 'add' 'add_ln703_13' <Predicate = true> <Delay = 0.74> <Core = "AddSub">   --->   Core 14 'AddSub' <Latency = 0> <II = 1> <Delay = 0.75> <FuncUnit> <Opcode : 'add' 'sub'> <InPorts = 2> <OutPorts = 1>
ST_1 : Operation 77 [1/1] (0.00ns)   --->   "%zext_ln703_29 = zext i13 %add_ln703_13 to i14" [firmware/nnet_utils/nnet_pooling.h:22->firmware/nnet_utils/nnet_pooling.h:35->firmware/nnet_utils/nnet_pooling.h:41]   --->   Operation 77 'zext' 'zext_ln703_29' <Predicate = true> <Delay = 0.00>
ST_1 : Operation 78 [1/1] (0.75ns)   --->   "%add_ln703_14 = add i14 %zext_ln703_22, %zext_ln703_29" [firmware/nnet_utils/nnet_pooling.h:22->firmware/nnet_utils/nnet_pooling.h:35->firmware/nnet_utils/nnet_pooling.h:41]   --->   Operation 78 'add' 'add_ln703_14' <Predicate = true> <Delay = 0.75> <Core = "AddSub">   --->   Core 14 'AddSub' <Latency = 0> <II = 1> <Delay = 0.75> <FuncUnit> <Opcode : 'add' 'sub'> <InPorts = 2> <OutPorts = 1>
ST_1 : Operation 79 [1/1] (0.00ns)   --->   "%tmp = call i10 @_ssdm_op_PartSelect.i10.i14.i32.i32(i14 %add_ln703_14, i32 4, i32 13)" [firmware/nnet_utils/nnet_pooling.h:24->firmware/nnet_utils/nnet_pooling.h:35->firmware/nnet_utils/nnet_pooling.h:41]   --->   Operation 79 'partselect' 'tmp' <Predicate = true> <Delay = 0.00>
ST_1 : Operation 80 [1/1] (0.00ns)   --->   "ret i10 %tmp" [firmware/nnet_utils/nnet_pooling.h:41]   --->   Operation 80 'ret' <Predicate = true> <Delay = 0.00>


============================================================
+ Verbose Summary: Timing violations
============================================================
Target clock period: 5ns, clock uncertainty: 0.625ns.

 <State 1>: 2.96ns
The critical path consists of the following:
	wire read on port 'x_15_V_read' (firmware/nnet_utils/nnet_pooling.h:40) [17]  (0 ns)
	'add' operation ('add_ln703_11', firmware/nnet_utils/nnet_pooling.h:22->firmware/nnet_utils/nnet_pooling.h:35->firmware/nnet_utils/nnet_pooling.h:41) [87]  (0.725 ns)
	'add' operation ('add_ln703_12', firmware/nnet_utils/nnet_pooling.h:22->firmware/nnet_utils/nnet_pooling.h:35->firmware/nnet_utils/nnet_pooling.h:41) [89]  (0.735 ns)
	'add' operation ('add_ln703_13', firmware/nnet_utils/nnet_pooling.h:22->firmware/nnet_utils/nnet_pooling.h:35->firmware/nnet_utils/nnet_pooling.h:41) [91]  (0.745 ns)
	'add' operation ('add_ln703_14', firmware/nnet_utils/nnet_pooling.h:22->firmware/nnet_utils/nnet_pooling.h:35->firmware/nnet_utils/nnet_pooling.h:41) [93]  (0.755 ns)


============================================================
+ Verbose Summary: Binding
============================================================
N/A
* FSMD analyzer results:
  - Output states:
 - Input state : 
  - Chain level:
	State 1


============================================================
+ Verbose Summary: Datapath Resource usage 
============================================================
N/A
