

================================================================
== Vivado HLS Report for 'pool_op_ap_fixed_20_11_4_0_0_16_1_ap_fixed_16_6_5_3_0_s'
================================================================
* Date:           Tue Dec 10 21:19:08 2024

* Version:        2020.1 (Build 2897737 on Wed May 27 20:21:37 MDT 2020)
* Project:        hls_deepset_pointwisePhi_ioparallel_prj
* Solution:       solution1
* Product family: virtexuplus
* Target device:  xcvu13p-flga2577-2-e


================================================================
== Performance Estimates
================================================================
+ Timing: 
    * Summary: 
    +--------+---------+----------+------------+
    |  Clock |  Target | Estimated| Uncertainty|
    +--------+---------+----------+------------+
    |ap_clk  | 5.00 ns | 2.960 ns |   0.62 ns  |
    +--------+---------+----------+------------+

+ Latency: 
    * Summary: 
    +---------+---------+----------+----------+-----+-----+----------+
    |  Latency (cycles) |  Latency (absolute) |  Interval | Pipeline |
    |   min   |   max   |    min   |    max   | min | max |   Type   |
    +---------+---------+----------+----------+-----+-----+----------+
    |        0|        0|   0 ns   |   0 ns   |    1|    1| function |
    +---------+---------+----------+----------+-----+-----+----------+

    + Detail: 
        * Instance: 
        N/A

        * Loop: 
        N/A



================================================================
== Utilization Estimates
================================================================
* Summary: 
+---------------------+---------+-------+---------+---------+------+
|         Name        | BRAM_18K| DSP48E|    FF   |   LUT   | URAM |
+---------------------+---------+-------+---------+---------+------+
|DSP                  |        -|      -|        -|        -|     -|
|Expression           |        -|      -|        0|      281|     -|
|FIFO                 |        -|      -|        -|        -|     -|
|Instance             |        -|      -|        -|        -|     -|
|Memory               |        -|      -|        -|        -|     -|
|Multiplexer          |        -|      -|        -|        -|     -|
|Register             |        -|      -|        -|        -|     -|
+---------------------+---------+-------+---------+---------+------+
|Total                |        0|      0|        0|      281|     0|
+---------------------+---------+-------+---------+---------+------+
|Available SLR        |     1344|   3072|   864000|   432000|   320|
+---------------------+---------+-------+---------+---------+------+
|Utilization SLR (%)  |        0|      0|        0|    ~0   |     0|
+---------------------+---------+-------+---------+---------+------+
|Available            |     5376|  12288|  3456000|  1728000|  1280|
+---------------------+---------+-------+---------+---------+------+
|Utilization (%)      |        0|      0|        0|    ~0   |     0|
+---------------------+---------+-------+---------+---------+------+

+ Detail: 
    * Instance: 
    N/A

    * DSP48E: 
    N/A

    * Memory: 
    N/A

    * FIFO: 
    N/A

    * Expression: 
    +------------------------+----------+-------+---+----+------------+------------+
    |      Variable Name     | Operation| DSP48E| FF| LUT| Bitwidth P0| Bitwidth P1|
    +------------------------+----------+-------+---+----+------------+------------+
    |add_ln703_10_fu_432_p2  |     +    |      0|  0|  18|          11|          11|
    |add_ln703_11_fu_442_p2  |     +    |      0|  0|  18|          11|          11|
    |add_ln703_12_fu_452_p2  |     +    |      0|  0|  19|          12|          12|
    |add_ln703_13_fu_462_p2  |     +    |      0|  0|  20|          13|          13|
    |add_ln703_14_fu_472_p2  |     +    |      0|  0|  21|          14|          14|
    |add_ln703_1_fu_342_p2   |     +    |      0|  0|  18|          11|          11|
    |add_ln703_2_fu_352_p2   |     +    |      0|  0|  19|          12|          12|
    |add_ln703_3_fu_362_p2   |     +    |      0|  0|  18|          11|          11|
    |add_ln703_4_fu_372_p2   |     +    |      0|  0|  18|          11|          11|
    |add_ln703_5_fu_382_p2   |     +    |      0|  0|  19|          12|          12|
    |add_ln703_6_fu_392_p2   |     +    |      0|  0|  20|          13|          13|
    |add_ln703_7_fu_402_p2   |     +    |      0|  0|  18|          11|          11|
    |add_ln703_8_fu_412_p2   |     +    |      0|  0|  18|          11|          11|
    |add_ln703_9_fu_422_p2   |     +    |      0|  0|  19|          12|          12|
    |add_ln703_fu_332_p2     |     +    |      0|  0|  18|          11|          11|
    +------------------------+----------+-------+---+----+------------+------------+
    |Total                   |          |      0|  0| 281|         176|         176|
    +------------------------+----------+-------+---+----+------------+------------+

    * Multiplexer: 
    N/A

    * Register: 
    N/A



================================================================
== Interface
================================================================
* Summary: 
+-------------+-----+-----+------------+----------------------------------------------------------------------+--------------+
|  RTL Ports  | Dir | Bits|  Protocol  |                             Source Object                            |    C Type    |
+-------------+-----+-----+------------+----------------------------------------------------------------------+--------------+
|ap_ready     | out |    1| ap_ctrl_hs | pool_op<ap_fixed<20, 11, 4, 0, 0>, 16, 1, ap_fixed<16, 6, 5, 3, 0> > | return value |
|ap_return    | out |   10| ap_ctrl_hs | pool_op<ap_fixed<20, 11, 4, 0, 0>, 16, 1, ap_fixed<16, 6, 5, 3, 0> > | return value |
|x_0_V_read   |  in |    9|   ap_none  |                              x_0_V_read                              |    scalar    |
|x_1_V_read   |  in |    9|   ap_none  |                              x_1_V_read                              |    scalar    |
|x_2_V_read   |  in |    9|   ap_none  |                              x_2_V_read                              |    scalar    |
|x_3_V_read   |  in |    9|   ap_none  |                              x_3_V_read                              |    scalar    |
|x_4_V_read   |  in |    9|   ap_none  |                              x_4_V_read                              |    scalar    |
|x_5_V_read   |  in |    9|   ap_none  |                              x_5_V_read                              |    scalar    |
|x_6_V_read   |  in |    9|   ap_none  |                              x_6_V_read                              |    scalar    |
|x_7_V_read   |  in |    9|   ap_none  |                              x_7_V_read                              |    scalar    |
|x_8_V_read   |  in |    9|   ap_none  |                              x_8_V_read                              |    scalar    |
|x_9_V_read   |  in |    9|   ap_none  |                              x_9_V_read                              |    scalar    |
|x_10_V_read  |  in |    9|   ap_none  |                              x_10_V_read                             |    scalar    |
|x_11_V_read  |  in |    9|   ap_none  |                              x_11_V_read                             |    scalar    |
|x_12_V_read  |  in |    9|   ap_none  |                              x_12_V_read                             |    scalar    |
|x_13_V_read  |  in |    9|   ap_none  |                              x_13_V_read                             |    scalar    |
|x_14_V_read  |  in |    9|   ap_none  |                              x_14_V_read                             |    scalar    |
|x_15_V_read  |  in |    9|   ap_none  |                              x_15_V_read                             |    scalar    |
+-------------+-----+-----+------------+----------------------------------------------------------------------+--------------+

============================================================
+ Verbose Summary: Synthesis Manager
============================================================
InlineROM: 1
ExposeGlobal: 0
============================================================
+ Verbose Summary: CDFG Model
============================================================
IsTopModel: 0
ResetActiveHigh: 1
IsCombinational: 1
IsDatapathOnly: 2
HasWiredReturn: 1
HasMFsm: 2
HasVarLatency: 0
IsPipeline: 1
IsRtlPipelined: 0
IsInstanceOverlapped: 0
IsDontTouch: 0
HasImplIP: 0
IsGatedGlobalClock: 0

+ Individual pipeline summary: 
  * Pipeline-0: initiation interval (II) = 1, depth = 1


============================================================
+ Verbose Summary: Schedule
============================================================
* Number of FSM states : 1
* Pipeline : 1
  Pipeline-0 : II = 1, D = 1, States = { 1 }
* Dataflow Pipeline: 0

* FSM state transitions: 
1 --> 

* FSM state operations: 

State 1 <SV = 0> <Delay = 2.96>
ST_1 : Operation 2 [1/1] (0.00ns)   --->   "%x_15_V_read_1 = call i9 @_ssdm_op_Read.ap_auto.i9(i9 %x_15_V_read)" [firmware/nnet_utils/nnet_pooling.h:40]   --->   Operation 2 'read' 'x_15_V_read_1' <Predicate = true> <Delay = 0.00>
ST_1 : Operation 3 [1/1] (0.00ns)   --->   "%x_14_V_read_1 = call i9 @_ssdm_op_Read.ap_auto.i9(i9 %x_14_V_read)" [firmware/nnet_utils/nnet_pooling.h:40]   --->   Operation 3 'read' 'x_14_V_read_1' <Predicate = true> <Delay = 0.00>
ST_1 : Operation 4 [1/1] (0.00ns)   --->   "%x_13_V_read_1 = call i9 @_ssdm_op_Read.ap_auto.i9(i9 %x_13_V_read)" [firmware/nnet_utils/nnet_pooling.h:40]   --->   Operation 4 'read' 'x_13_V_read_1' <Predicate = true> <Delay = 0.00>
ST_1 : Operation 5 [1/1] (0.00ns)   --->   "%x_12_V_read_1 = call i9 @_ssdm_op_Read.ap_auto.i9(i9 %x_12_V_read)" [firmware/nnet_utils/nnet_pooling.h:40]   --->   Operation 5 'read' 'x_12_V_read_1' <Predicate = true> <Delay = 0.00>
ST_1 : Operation 6 [1/1] (0.00ns)   --->   "%x_11_V_read_1 = call i9 @_ssdm_op_Read.ap_auto.i9(i9 %x_11_V_read)" [firmware/nnet_utils/nnet_pooling.h:40]   --->   Operation 6 'read' 'x_11_V_read_1' <Predicate = true> <Delay = 0.00>
ST_1 : Operation 7 [1/1] (0.00ns)   --->   "%x_10_V_read_1 = call i9 @_ssdm_op_Read.ap_auto.i9(i9 %x_10_V_read)" [firmware/nnet_utils/nnet_pooling.h:40]   --->   Operation 7 'read' 'x_10_V_read_1' <Predicate = true> <Delay = 0.00>
ST_1 : Operation 8 [1/1] (0.00ns)   --->   "%x_9_V_read_1 = call i9 @_ssdm_op_Read.ap_auto.i9(i9 %x_9_V_read)" [firmware/nnet_utils/nnet_pooling.h:40]   --->   Operation 8 'read' 'x_9_V_read_1' <Predicate = true> <Delay = 0.00>
ST_1 : Operation 9 [1/1] (0.00ns)   --->   "%x_8_V_read_1 = call i9 @_ssdm_op_Read.ap_auto.i9(i9 %x_8_V_read)" [firmware/nnet_utils/nnet_pooling.h:40]   --->   Operation 9 'read' 'x_8_V_read_1' <Predicate = true> <Delay = 0.00>
ST_1 : Operation 10 [1/1] (0.00ns)   --->   "%x_7_V_read_1 = call i9 @_ssdm_op_Read.ap_auto.i9(i9 %x_7_V_read)" [firmware/nnet_utils/nnet_pooling.h:40]   --->   Operation 10 'read' 'x_7_V_read_1' <Predicate = true> <Delay = 0.00>
ST_1 : Operation 11 [1/1] (0.00ns)   --->   "%x_6_V_read_1 = call i9 @_ssdm_op_Read.ap_auto.i9(i9 %x_6_V_read)" [firmware/nnet_utils/nnet_pooling.h:40]   --->   Operation 11 'read' 'x_6_V_read_1' <Predicate = true> <Delay = 0.00>
ST_1 : Operation 12 [1/1] (0.00ns)   --->   "%x_5_V_read_1 = call i9 @_ssdm_op_Read.ap_auto.i9(i9 %x_5_V_read)" [firmware/nnet_utils/nnet_pooling.h:40]   --->   Operation 12 'read' 'x_5_V_read_1' <Predicate = true> <Delay = 0.00>
ST_1 : Operation 13 [1/1] (0.00ns)   --->   "%x_4_V_read_1 = call i9 @_ssdm_op_Read.ap_auto.i9(i9 %x_4_V_read)" [firmware/nnet_utils/nnet_pooling.h:40]   --->   Operation 13 'read' 'x_4_V_read_1' <Predicate = true> <Delay = 0.00>
ST_1 : Operation 14 [1/1] (0.00ns)   --->   "%x_3_V_read_1 = call i9 @_ssdm_op_Read.ap_auto.i9(i9 %x_3_V_read)" [firmware/nnet_utils/nnet_pooling.h:40]   --->   Operation 14 'read' 'x_3_V_read_1' <Predicate = true> <Delay = 0.00>
ST_1 : Operation 15 [1/1] (0.00ns)   --->   "%x_2_V_read_1 = call i9 @_ssdm_op_Read.ap_auto.i9(i9 %x_2_V_read)" [firmware/nnet_utils/nnet_pooling.h:40]   --->   Operation 15 'read' 'x_2_V_read_1' <Predicate = true> <Delay = 0.00>
ST_1 : Operation 16 [1/1] (0.00ns)   --->   "%x_1_V_read_1 = call i9 @_ssdm_op_Read.ap_auto.i9(i9 %x_1_V_read)" [firmware/nnet_utils/nnet_pooling.h:40]   --->   Operation 16 'read' 'x_1_V_read_1' <Predicate = true> <Delay = 0.00>
ST_1 : Operation 17 [1/1] (0.00ns)   --->   "%x_0_V_read_1 = call i9 @_ssdm_op_Read.ap_auto.i9(i9 %x_0_V_read)" [firmware/nnet_utils/nnet_pooling.h:40]   --->   Operation 17 'read' 'x_0_V_read_1' <Predicate = true> <Delay = 0.00>
ST_1 : Operation 18 [1/1] (0.00ns)   --->   "%shl_ln = call i10 @_ssdm_op_BitConcatenate.i10.i9.i1(i9 %x_0_V_read_1, i1 false)" [firmware/nnet_utils/nnet_pooling.h:22->firmware/nnet_utils/nnet_pooling.h:35->firmware/nnet_utils/nnet_pooling.h:41]   --->   Operation 18 'bitconcatenate' 'shl_ln' <Predicate = true> <Delay = 0.00>
ST_1 : Operation 19 [1/1] (0.00ns)   --->   "%zext_ln703 = zext i10 %shl_ln to i11" [firmware/nnet_utils/nnet_pooling.h:22->firmware/nnet_utils/nnet_pooling.h:35->firmware/nnet_utils/nnet_pooling.h:41]   --->   Operation 19 'zext' 'zext_ln703' <Predicate = true> <Delay = 0.00>
ST_1 : Operation 20 [1/1] (0.00ns)   --->   "%shl_ln703_1 = call i10 @_ssdm_op_BitConcatenate.i10.i9.i1(i9 %x_1_V_read_1, i1 false)" [firmware/nnet_utils/nnet_pooling.h:22->firmware/nnet_utils/nnet_pooling.h:35->firmware/nnet_utils/nnet_pooling.h:41]   --->   Operation 20 'bitconcatenate' 'shl_ln703_1' <Predicate = true> <Delay = 0.00>
ST_1 : Operation 21 [1/1] (0.00ns)   --->   "%zext_ln703_1 = zext i10 %shl_ln703_1 to i11" [firmware/nnet_utils/nnet_pooling.h:22->firmware/nnet_utils/nnet_pooling.h:35->firmware/nnet_utils/nnet_pooling.h:41]   --->   Operation 21 'zext' 'zext_ln703_1' <Predicate = true> <Delay = 0.00>
ST_1 : Operation 22 [1/1] (0.00ns)   --->   "%shl_ln703_2 = call i10 @_ssdm_op_BitConcatenate.i10.i9.i1(i9 %x_2_V_read_1, i1 false)" [firmware/nnet_utils/nnet_pooling.h:22->firmware/nnet_utils/nnet_pooling.h:35->firmware/nnet_utils/nnet_pooling.h:41]   --->   Operation 22 'bitconcatenate' 'shl_ln703_2' <Predicate = true> <Delay = 0.00>
ST_1 : Operation 23 [1/1] (0.00ns)   --->   "%zext_ln703_2 = zext i10 %shl_ln703_2 to i11" [firmware/nnet_utils/nnet_pooling.h:22->firmware/nnet_utils/nnet_pooling.h:35->firmware/nnet_utils/nnet_pooling.h:41]   --->   Operation 23 'zext' 'zext_ln703_2' <Predicate = true> <Delay = 0.00>
ST_1 : Operation 24 [1/1] (0.00ns)   --->   "%shl_ln703_3 = call i10 @_ssdm_op_BitConcatenate.i10.i9.i1(i9 %x_3_V_read_1, i1 false)" [firmware/nnet_utils/nnet_pooling.h:22->firmware/nnet_utils/nnet_pooling.h:35->firmware/nnet_utils/nnet_pooling.h:41]   --->   Operation 24 'bitconcatenate' 'shl_ln703_3' <Predicate = true> <Delay = 0.00>
ST_1 : Operation 25 [1/1] (0.00ns)   --->   "%zext_ln703_3 = zext i10 %shl_ln703_3 to i11" [firmware/nnet_utils/nnet_pooling.h:22->firmware/nnet_utils/nnet_pooling.h:35->firmware/nnet_utils/nnet_pooling.h:41]   --->   Operation 25 'zext' 'zext_ln703_3' <Predicate = true> <Delay = 0.00>
ST_1 : Operation 26 [1/1] (0.00ns)   --->   "%shl_ln703_4 = call i10 @_ssdm_op_BitConcatenate.i10.i9.i1(i9 %x_4_V_read_1, i1 false)" [firmware/nnet_utils/nnet_pooling.h:22->firmware/nnet_utils/nnet_pooling.h:35->firmware/nnet_utils/nnet_pooling.h:41]   --->   Operation 26 'bitconcatenate' 'shl_ln703_4' <Predicate = true> <Delay = 0.00>
ST_1 : Operation 27 [1/1] (0.00ns)   --->   "%zext_ln703_4 = zext i10 %shl_ln703_4 to i11" [firmware/nnet_utils/nnet_pooling.h:22->firmware/nnet_utils/nnet_pooling.h:35->firmware/nnet_utils/nnet_pooling.h:41]   --->   Operation 27 'zext' 'zext_ln703_4' <Predicate = true> <Delay = 0.00>
ST_1 : Operation 28 [1/1] (0.00ns)   --->   "%shl_ln703_5 = call i10 @_ssdm_op_BitConcatenate.i10.i9.i1(i9 %x_5_V_read_1, i1 false)" [firmware/nnet_utils/nnet_pooling.h:22->firmware/nnet_utils/nnet_pooling.h:35->firmware/nnet_utils/nnet_pooling.h:41]   --->   Operation 28 'bitconcatenate' 'shl_ln703_5' <Predicate = true> <Delay = 0.00>
ST_1 : Operation 29 [1/1] (0.00ns)   --->   "%zext_ln703_5 = zext i10 %shl_ln703_5 to i11" [firmware/nnet_utils/nnet_pooling.h:22->firmware/nnet_utils/nnet_pooling.h:35->firmware/nnet_utils/nnet_pooling.h:41]   --->   Operation 29 'zext' 'zext_ln703_5' <Predicate = true> <Delay = 0.00>
ST_1 : Operation 30 [1/1] (0.00ns)   --->   "%shl_ln703_6 = call i10 @_ssdm_op_BitConcatenate.i10.i9.i1(i9 %x_6_V_read_1, i1 false)" [firmware/nnet_utils/nnet_pooling.h:22->firmware/nnet_utils/nnet_pooling.h:35->firmware/nnet_utils/nnet_pooling.h:41]   --->   Operation 30 'bitconcatenate' 'shl_ln703_6' <Predicate = true> <Delay = 0.00>
ST_1 : Operation 31 [1/1] (0.00ns)   --->   "%zext_ln703_6 = zext i10 %shl_ln703_6 to i11" [firmware/nnet_utils/nnet_pooling.h:22->firmware/nnet_utils/nnet_pooling.h:35->firmware/nnet_utils/nnet_pooling.h:41]   --->   Operation 31 'zext' 'zext_ln703_6' <Predicate = true> <Delay = 0.00>
ST_1 : Operation 32 [1/1] (0.00ns)   --->   "%shl_ln703_7 = call i10 @_ssdm_op_BitConcatenate.i10.i9.i1(i9 %x_7_V_read_1, i1 false)" [firmware/nnet_utils/nnet_pooling.h:22->firmware/nnet_utils/nnet_pooling.h:35->firmware/nnet_utils/nnet_pooling.h:41]   --->   Operation 32 'bitconcatenate' 'shl_ln703_7' <Predicate = true> <Delay = 0.00>
ST_1 : Operation 33 [1/1] (0.00ns)   --->   "%zext_ln703_7 = zext i10 %shl_ln703_7 to i11" [firmware/nnet_utils/nnet_pooling.h:22->firmware/nnet_utils/nnet_pooling.h:35->firmware/nnet_utils/nnet_pooling.h:41]   --->   Operation 33 'zext' 'zext_ln703_7' <Predicate = true> <Delay = 0.00>
ST_1 : Operation 34 [1/1] (0.00ns)   --->   "%shl_ln703_8 = call i10 @_ssdm_op_BitConcatenate.i10.i9.i1(i9 %x_8_V_read_1, i1 false)" [firmware/nnet_utils/nnet_pooling.h:22->firmware/nnet_utils/nnet_pooling.h:35->firmware/nnet_utils/nnet_pooling.h:41]   --->   Operation 34 'bitconcatenate' 'shl_ln703_8' <Predicate = true> <Delay = 0.00>
ST_1 : Operation 35 [1/1] (0.00ns)   --->   "%zext_ln703_8 = zext i10 %shl_ln703_8 to i11" [firmware/nnet_utils/nnet_pooling.h:22->firmware/nnet_utils/nnet_pooling.h:35->firmware/nnet_utils/nnet_pooling.h:41]   --->   Operation 35 'zext' 'zext_ln703_8' <Predicate = true> <Delay = 0.00>
ST_1 : Operation 36 [1/1] (0.00ns)   --->   "%shl_ln703_9 = call i10 @_ssdm_op_BitConcatenate.i10.i9.i1(i9 %x_9_V_read_1, i1 false)" [firmware/nnet_utils/nnet_pooling.h:22->firmware/nnet_utils/nnet_pooling.h:35->firmware/nnet_utils/nnet_pooling.h:41]   --->   Operation 36 'bitconcatenate' 'shl_ln703_9' <Predicate = true> <Delay = 0.00>
ST_1 : Operation 37 [1/1] (0.00ns)   --->   "%zext_ln703_9 = zext i10 %shl_ln703_9 to i11" [firmware/nnet_utils/nnet_pooling.h:22->firmware/nnet_utils/nnet_pooling.h:35->firmware/nnet_utils/nnet_pooling.h:41]   --->   Operation 37 'zext' 'zext_ln703_9' <Predicate = true> <Delay = 0.00>
ST_1 : Operation 38 [1/1] (0.00ns)   --->   "%shl_ln703_s = call i10 @_ssdm_op_BitConcatenate.i10.i9.i1(i9 %x_10_V_read_1, i1 false)" [firmware/nnet_utils/nnet_pooling.h:22->firmware/nnet_utils/nnet_pooling.h:35->firmware/nnet_utils/nnet_pooling.h:41]   --->   Operation 38 'bitconcatenate' 'shl_ln703_s' <Predicate = true> <Delay = 0.00>
ST_1 : Operation 39 [1/1] (0.00ns)   --->   "%zext_ln703_10 = zext i10 %shl_ln703_s to i11" [firmware/nnet_utils/nnet_pooling.h:22->firmware/nnet_utils/nnet_pooling.h:35->firmware/nnet_utils/nnet_pooling.h:41]   --->   Operation 39 'zext' 'zext_ln703_10' <Predicate = true> <Delay = 0.00>
ST_1 : Operation 40 [1/1] (0.00ns)   --->   "%shl_ln703_10 = call i10 @_ssdm_op_BitConcatenate.i10.i9.i1(i9 %x_11_V_read_1, i1 false)" [firmware/nnet_utils/nnet_pooling.h:22->firmware/nnet_utils/nnet_pooling.h:35->firmware/nnet_utils/nnet_pooling.h:41]   --->   Operation 40 'bitconcatenate' 'shl_ln703_10' <Predicate = true> <Delay = 0.00>
ST_1 : Operation 41 [1/1] (0.00ns)   --->   "%zext_ln703_11 = zext i10 %shl_ln703_10 to i11" [firmware/nnet_utils/nnet_pooling.h:22->firmware/nnet_utils/nnet_pooling.h:35->firmware/nnet_utils/nnet_pooling.h:41]   --->   Operation 41 'zext' 'zext_ln703_11' <Predicate = true> <Delay = 0.00>
ST_1 : Operation 42 [1/1] (0.00ns)   --->   "%shl_ln703_11 = call i10 @_ssdm_op_BitConcatenate.i10.i9.i1(i9 %x_12_V_read_1, i1 false)" [firmware/nnet_utils/nnet_pooling.h:22->firmware/nnet_utils/nnet_pooling.h:35->firmware/nnet_utils/nnet_pooling.h:41]   --->   Operation 42 'bitconcatenate' 'shl_ln703_11' <Predicate = true> <Delay = 0.00>
ST_1 : Operation 43 [1/1] (0.00ns)   --->   "%zext_ln703_12 = zext i10 %shl_ln703_11 to i11" [firmware/nnet_utils/nnet_pooling.h:22->firmware/nnet_utils/nnet_pooling.h:35->firmware/nnet_utils/nnet_pooling.h:41]   --->   Operation 43 'zext' 'zext_ln703_12' <Predicate = true> <Delay = 0.00>
ST_1 : Operation 44 [1/1] (0.00ns)   --->   "%shl_ln703_12 = call i10 @_ssdm_op_BitConcatenate.i10.i9.i1(i9 %x_13_V_read_1, i1 false)" [firmware/nnet_utils/nnet_pooling.h:22->firmware/nnet_utils/nnet_pooling.h:35->firmware/nnet_utils/nnet_pooling.h:41]   --->   Operation 44 'bitconcatenate' 'shl_ln703_12' <Predicate = true> <Delay = 0.00>
ST_1 : Operation 45 [1/1] (0.00ns)   --->   "%zext_ln703_13 = zext i10 %shl_ln703_12 to i11" [firmware/nnet_utils/nnet_pooling.h:22->firmware/nnet_utils/nnet_pooling.h:35->firmware/nnet_utils/nnet_pooling.h:41]   --->   Operation 45 'zext' 'zext_ln703_13' <Predicate = true> <Delay = 0.00>
ST_1 : Operation 46 [1/1] (0.00ns)   --->   "%shl_ln703_13 = call i10 @_ssdm_op_BitConcatenate.i10.i9.i1(i9 %x_14_V_read_1, i1 false)" [firmware/nnet_utils/nnet_pooling.h:22->firmware/nnet_utils/nnet_pooling.h:35->firmware/nnet_utils/nnet_pooling.h:41]   --->   Operation 46 'bitconcatenate' 'shl_ln703_13' <Predicate = true> <Delay = 0.00>
ST_1 : Operation 47 [1/1] (0.00ns)   --->   "%zext_ln703_14 = zext i10 %shl_ln703_13 to i11" [firmware/nnet_utils/nnet_pooling.h:22->firmware/nnet_utils/nnet_pooling.h:35->firmware/nnet_utils/nnet_pooling.h:41]   --->   Operation 47 'zext' 'zext_ln703_14' <Predicate = true> <Delay = 0.00>
ST_1 : Operation 48 [1/1] (0.00ns)   --->   "%shl_ln703_14 = call i10 @_ssdm_op_BitConcatenate.i10.i9.i1(i9 %x_15_V_read_1, i1 false)" [firmware/nnet_utils/nnet_pooling.h:22->firmware/nnet_utils/nnet_pooling.h:35->firmware/nnet_utils/nnet_pooling.h:41]   --->   Operation 48 'bitconcatenate' 'shl_ln703_14' <Predicate = true> <Delay = 0.00>
ST_1 : Operation 49 [1/1] (0.00ns)   --->   "%zext_ln703_15 = zext i10 %shl_ln703_14 to i11" [firmware/nnet_utils/nnet_pooling.h:22->firmware/nnet_utils/nnet_pooling.h:35->firmware/nnet_utils/nnet_pooling.h:41]   --->   Operation 49 'zext' 'zext_ln703_15' <Predicate = true> <Delay = 0.00>
ST_1 : Operation 50 [1/1] (0.72ns)   --->   "%add_ln703 = add i11 %zext_ln703_1, %zext_ln703" [firmware/nnet_utils/nnet_pooling.h:22->firmware/nnet_utils/nnet_pooling.h:35->firmware/nnet_utils/nnet_pooling.h:41]   --->   Operation 50 'add' 'add_ln703' <Predicate = true> <Delay = 0.72> <Core = "AddSub">   --->   Core 14 'AddSub' <Latency = 0> <II = 1> <Delay = 0.73> <FuncUnit> <Opcode : 'add' 'sub'> <InPorts = 2> <OutPorts = 1>
ST_1 : Operation 51 [1/1] (0.00ns)   --->   "%zext_ln703_16 = zext i11 %add_ln703 to i12" [firmware/nnet_utils/nnet_pooling.h:22->firmware/nnet_utils/nnet_pooling.h:35->firmware/nnet_utils/nnet_pooling.h:41]   --->   Operation 51 'zext' 'zext_ln703_16' <Predicate = true> <Delay = 0.00>
ST_1 : Operation 52 [1/1] (0.72ns)   --->   "%add_ln703_1 = add i11 %zext_ln703_3, %zext_ln703_2" [firmware/nnet_utils/nnet_pooling.h:22->firmware/nnet_utils/nnet_pooling.h:35->firmware/nnet_utils/nnet_pooling.h:41]   --->   Operation 52 'add' 'add_ln703_1' <Predicate = true> <Delay = 0.72> <Core = "AddSub">   --->   Core 14 'AddSub' <Latency = 0> <II = 1> <Delay = 0.73> <FuncUnit> <Opcode : 'add' 'sub'> <InPorts = 2> <OutPorts = 1>
ST_1 : Operation 53 [1/1] (0.00ns)   --->   "%zext_ln703_17 = zext i11 %add_ln703_1 to i12" [firmware/nnet_utils/nnet_pooling.h:22->firmware/nnet_utils/nnet_pooling.h:35->firmware/nnet_utils/nnet_pooling.h:41]   --->   Operation 53 'zext' 'zext_ln703_17' <Predicate = true> <Delay = 0.00>
ST_1 : Operation 54 [1/1] (0.73ns)   --->   "%add_ln703_2 = add i12 %zext_ln703_16, %zext_ln703_17" [firmware/nnet_utils/nnet_pooling.h:22->firmware/nnet_utils/nnet_pooling.h:35->firmware/nnet_utils/nnet_pooling.h:41]   --->   Operation 54 'add' 'add_ln703_2' <Predicate = true> <Delay = 0.73> <Core = "AddSub">   --->   Core 14 'AddSub' <Latency = 0> <II = 1> <Delay = 0.73> <FuncUnit> <Opcode : 'add' 'sub'> <InPorts = 2> <OutPorts = 1>
ST_1 : Operation 55 [1/1] (0.00ns)   --->   "%zext_ln703_18 = zext i12 %add_ln703_2 to i13" [firmware/nnet_utils/nnet_pooling.h:22->firmware/nnet_utils/nnet_pooling.h:35->firmware/nnet_utils/nnet_pooling.h:41]   --->   Operation 55 'zext' 'zext_ln703_18' <Predicate = true> <Delay = 0.00>
ST_1 : Operation 56 [1/1] (0.72ns)   --->   "%add_ln703_3 = add i11 %zext_ln703_5, %zext_ln703_4" [firmware/nnet_utils/nnet_pooling.h:22->firmware/nnet_utils/nnet_pooling.h:35->firmware/nnet_utils/nnet_pooling.h:41]   --->   Operation 56 'add' 'add_ln703_3' <Predicate = true> <Delay = 0.72> <Core = "AddSub">   --->   Core 14 'AddSub' <Latency = 0> <II = 1> <Delay = 0.73> <FuncUnit> <Opcode : 'add' 'sub'> <InPorts = 2> <OutPorts = 1>
ST_1 : Operation 57 [1/1] (0.00ns)   --->   "%zext_ln703_19 = zext i11 %add_ln703_3 to i12" [firmware/nnet_utils/nnet_pooling.h:22->firmware/nnet_utils/nnet_pooling.h:35->firmware/nnet_utils/nnet_pooling.h:41]   --->   Operation 57 'zext' 'zext_ln703_19' <Predicate = true> <Delay = 0.00>
ST_1 : Operation 58 [1/1] (0.72ns)   --->   "%add_ln703_4 = add i11 %zext_ln703_7, %zext_ln703_6" [firmware/nnet_utils/nnet_pooling.h:22->firmware/nnet_utils/nnet_pooling.h:35->firmware/nnet_utils/nnet_pooling.h:41]   --->   Operation 58 'add' 'add_ln703_4' <Predicate = true> <Delay = 0.72> <Core = "AddSub">   --->   Core 14 'AddSub' <Latency = 0> <II = 1> <Delay = 0.73> <FuncUnit> <Opcode : 'add' 'sub'> <InPorts = 2> <OutPorts = 1>
ST_1 : Operation 59 [1/1] (0.00ns)   --->   "%zext_ln703_20 = zext i11 %add_ln703_4 to i12" [firmware/nnet_utils/nnet_pooling.h:22->firmware/nnet_utils/nnet_pooling.h:35->firmware/nnet_utils/nnet_pooling.h:41]   --->   Operation 59 'zext' 'zext_ln703_20' <Predicate = true> <Delay = 0.00>
ST_1 : Operation 60 [1/1] (0.73ns)   --->   "%add_ln703_5 = add i12 %zext_ln703_19, %zext_ln703_20" [firmware/nnet_utils/nnet_pooling.h:22->firmware/nnet_utils/nnet_pooling.h:35->firmware/nnet_utils/nnet_pooling.h:41]   --->   Operation 60 'add' 'add_ln703_5' <Predicate = true> <Delay = 0.73> <Core = "AddSub">   --->   Core 14 'AddSub' <Latency = 0> <II = 1> <Delay = 0.73> <FuncUnit> <Opcode : 'add' 'sub'> <InPorts = 2> <OutPorts = 1>
ST_1 : Operation 61 [1/1] (0.00ns)   --->   "%zext_ln703_21 = zext i12 %add_ln703_5 to i13" [firmware/nnet_utils/nnet_pooling.h:22->firmware/nnet_utils/nnet_pooling.h:35->firmware/nnet_utils/nnet_pooling.h:41]   --->   Operation 61 'zext' 'zext_ln703_21' <Predicate = true> <Delay = 0.00>
ST_1 : Operation 62 [1/1] (0.74ns)   --->   "%add_ln703_6 = add i13 %zext_ln703_18, %zext_ln703_21" [firmware/nnet_utils/nnet_pooling.h:22->firmware/nnet_utils/nnet_pooling.h:35->firmware/nnet_utils/nnet_pooling.h:41]   --->   Operation 62 'add' 'add_ln703_6' <Predicate = true> <Delay = 0.74> <Core = "AddSub">   --->   Core 14 'AddSub' <Latency = 0> <II = 1> <Delay = 0.73> <FuncUnit> <Opcode : 'add' 'sub'> <InPorts = 2> <OutPorts = 1>
ST_1 : Operation 63 [1/1] (0.00ns)   --->   "%zext_ln703_22 = zext i13 %add_ln703_6 to i14" [firmware/nnet_utils/nnet_pooling.h:22->firmware/nnet_utils/nnet_pooling.h:35->firmware/nnet_utils/nnet_pooling.h:41]   --->   Operation 63 'zext' 'zext_ln703_22' <Predicate = true> <Delay = 0.00>
ST_1 : Operation 64 [1/1] (0.72ns)   --->   "%add_ln703_7 = add i11 %zext_ln703_9, %zext_ln703_8" [firmware/nnet_utils/nnet_pooling.h:22->firmware/nnet_utils/nnet_pooling.h:35->firmware/nnet_utils/nnet_pooling.h:41]   --->   Operation 64 'add' 'add_ln703_7' <Predicate = true> <Delay = 0.72> <Core = "AddSub">   --->   Core 14 'AddSub' <Latency = 0> <II = 1> <Delay = 0.73> <FuncUnit> <Opcode : 'add' 'sub'> <InPorts = 2> <OutPorts = 1>
ST_1 : Operation 65 [1/1] (0.00ns)   --->   "%zext_ln703_23 = zext i11 %add_ln703_7 to i12" [firmware/nnet_utils/nnet_pooling.h:22->firmware/nnet_utils/nnet_pooling.h:35->firmware/nnet_utils/nnet_pooling.h:41]   --->   Operation 65 'zext' 'zext_ln703_23' <Predicate = true> <Delay = 0.00>
ST_1 : Operation 66 [1/1] (0.72ns)   --->   "%add_ln703_8 = add i11 %zext_ln703_11, %zext_ln703_10" [firmware/nnet_utils/nnet_pooling.h:22->firmware/nnet_utils/nnet_pooling.h:35->firmware/nnet_utils/nnet_pooling.h:41]   --->   Operation 66 'add' 'add_ln703_8' <Predicate = true> <Delay = 0.72> <Core = "AddSub">   --->   Core 14 'AddSub' <Latency = 0> <II = 1> <Delay = 0.73> <FuncUnit> <Opcode : 'add' 'sub'> <InPorts = 2> <OutPorts = 1>
ST_1 : Operation 67 [1/1] (0.00ns)   --->   "%zext_ln703_24 = zext i11 %add_ln703_8 to i12" [firmware/nnet_utils/nnet_pooling.h:22->firmware/nnet_utils/nnet_pooling.h:35->firmware/nnet_utils/nnet_pooling.h:41]   --->   Operation 67 'zext' 'zext_ln703_24' <Predicate = true> <Delay = 0.00>
ST_1 : Operation 68 [1/1] (0.73ns)   --->   "%add_ln703_9 = add i12 %zext_ln703_23, %zext_ln703_24" [firmware/nnet_utils/nnet_pooling.h:22->firmware/nnet_utils/nnet_pooling.h:35->firmware/nnet_utils/nnet_pooling.h:41]   --->   Operation 68 'add' 'add_ln703_9' <Predicate = true> <Delay = 0.73> <Core = "AddSub">   --->   Core 14 'AddSub' <Latency = 0> <II = 1> <Delay = 0.73> <FuncUnit> <Opcode : 'add' 'sub'> <InPorts = 2> <OutPorts = 1>
ST_1 : Operation 69 [1/1] (0.00ns)   --->   "%zext_ln703_25 = zext i12 %add_ln703_9 to i13" [firmware/nnet_utils/nnet_pooling.h:22->firmware/nnet_utils/nnet_pooling.h:35->firmware/nnet_utils/nnet_pooling.h:41]   --->   Operation 69 'zext' 'zext_ln703_25' <Predicate = true> <Delay = 0.00>
ST_1 : Operation 70 [1/1] (0.72ns)   --->   "%add_ln703_10 = add i11 %zext_ln703_13, %zext_ln703_12" [firmware/nnet_utils/nnet_pooling.h:22->firmware/nnet_utils/nnet_pooling.h:35->firmware/nnet_utils/nnet_pooling.h:41]   --->   Operation 70 'add' 'add_ln703_10' <Predicate = true> <Delay = 0.72> <Core = "AddSub">   --->   Core 14 'AddSub' <Latency = 0> <II = 1> <Delay = 0.73> <FuncUnit> <Opcode : 'add' 'sub'> <InPorts = 2> <OutPorts = 1>
ST_1 : Operation 71 [1/1] (0.00ns)   --->   "%zext_ln703_26 = zext i11 %add_ln703_10 to i12" [firmware/nnet_utils/nnet_pooling.h:22->firmware/nnet_utils/nnet_pooling.h:35->firmware/nnet_utils/nnet_pooling.h:41]   --->   Operation 71 'zext' 'zext_ln703_26' <Predicate = true> <Delay = 0.00>
ST_1 : Operation 72 [1/1] (0.72ns)   --->   "%add_ln703_11 = add i11 %zext_ln703_15, %zext_ln703_14" [firmware/nnet_utils/nnet_pooling.h:22->firmware/nnet_utils/nnet_pooling.h:35->firmware/nnet_utils/nnet_pooling.h:41]   --->   Operation 72 'add' 'add_ln703_11' <Predicate = true> <Delay = 0.72> <Core = "AddSub">   --->   Core 14 'AddSub' <Latency = 0> <II = 1> <Delay = 0.73> <FuncUnit> <Opcode : 'add' 'sub'> <InPorts = 2> <OutPorts = 1>
ST_1 : Operation 73 [1/1] (0.00ns)   --->   "%zext_ln703_27 = zext i11 %add_ln703_11 to i12" [firmware/nnet_utils/nnet_pooling.h:22->firmware/nnet_utils/nnet_pooling.h:35->firmware/nnet_utils/nnet_pooling.h:41]   --->   Operation 73 'zext' 'zext_ln703_27' <Predicate = true> <Delay = 0.00>
ST_1 : Operation 74 [1/1] (0.73ns)   --->   "%add_ln703_12 = add i12 %zext_ln703_26, %zext_ln703_27" [firmware/nnet_utils/nnet_pooling.h:22->firmware/nnet_utils/nnet_pooling.h:35->firmware/nnet_utils/nnet_pooling.h:41]   --->   Operation 74 'add' 'add_ln703_12' <Predicate = true> <Delay = 0.73> <Core = "AddSub">   --->   Core 14 'AddSub' <Latency = 0> <II = 1> <Delay = 0.73> <FuncUnit> <Opcode : 'add' 'sub'> <InPorts = 2> <OutPorts = 1>
ST_1 : Operation 75 [1/1] (0.00ns)   --->   "%zext_ln703_28 = zext i12 %add_ln703_12 to i13" [firmware/nnet_utils/nnet_pooling.h:22->firmware/nnet_utils/nnet_pooling.h:35->firmware/nnet_utils/nnet_pooling.h:41]   --->   Operation 75 'zext' 'zext_ln703_28' <Predicate = true> <Delay = 0.00>
ST_1 : Operation 76 [1/1] (0.74ns)   --->   "%add_ln703_13 = add i13 %zext_ln703_25, %zext_ln703_28" [firmware/nnet_utils/nnet_pooling.h:22->firmware/nnet_utils/nnet_pooling.h:35->firmware/nnet_utils/nnet_pooling.h:41]   --->   Operation 76 'add' 'add_ln703_13' <Predicate = true> <Delay = 0.74> <Core = "AddSub">   --->   Core 14 'AddSub' <Latency = 0> <II = 1> <Delay = 0.73> <FuncUnit> <Opcode : 'add' 'sub'> <InPorts = 2> <OutPorts = 1>
ST_1 : Operation 77 [1/1] (0.00ns)   --->   "%zext_ln703_29 = zext i13 %add_ln703_13 to i14" [firmware/nnet_utils/nnet_pooling.h:22->firmware/nnet_utils/nnet_pooling.h:35->firmware/nnet_utils/nnet_pooling.h:41]   --->   Operation 77 'zext' 'zext_ln703_29' <Predicate = true> <Delay = 0.00>
ST_1 : Operation 78 [1/1] (0.75ns)   --->   "%add_ln703_14 = add i14 %zext_ln703_22, %zext_ln703_29" [firmware/nnet_utils/nnet_pooling.h:22->firmware/nnet_utils/nnet_pooling.h:35->firmware/nnet_utils/nnet_pooling.h:41]   --->   Operation 78 'add' 'add_ln703_14' <Predicate = true> <Delay = 0.75> <Core = "AddSub">   --->   Core 14 'AddSub' <Latency = 0> <II = 1> <Delay = 0.73> <FuncUnit> <Opcode : 'add' 'sub'> <InPorts = 2> <OutPorts = 1>
ST_1 : Operation 79 [1/1] (0.00ns)   --->   "%tmp = call i10 @_ssdm_op_PartSelect.i10.i14.i32.i32(i14 %add_ln703_14, i32 4, i32 13)" [firmware/nnet_utils/nnet_pooling.h:24->firmware/nnet_utils/nnet_pooling.h:35->firmware/nnet_utils/nnet_pooling.h:41]   --->   Operation 79 'partselect' 'tmp' <Predicate = true> <Delay = 0.00>
ST_1 : Operation 80 [1/1] (0.00ns)   --->   "ret i10 %tmp" [firmware/nnet_utils/nnet_pooling.h:41]   --->   Operation 80 'ret' <Predicate = true> <Delay = 0.00>


============================================================
+ Verbose Summary: Binding
============================================================
STG Binding: 
---------------- STG Properties BEGIN ----------------
- Is combinational: 1
- Is one-state seq: 0
- Is datapath-only: 0
- Is pipelined: 1
- Is top level: 0
Port [ Return ] is wired: 1; IO mode=ap_ctrl_hs:ce=0
Port [ x_0_V_read]:  wired=1; compound=0; hidden=0; nouse=0; global=0; static=0; extern=0; dir=0; type=0; pingpong=0; private_global=0; IO mode=ap_none:ce=0
Port [ x_1_V_read]:  wired=1; compound=0; hidden=0; nouse=0; global=0; static=0; extern=0; dir=0; type=0; pingpong=0; private_global=0; IO mode=ap_none:ce=0
Port [ x_2_V_read]:  wired=1; compound=0; hidden=0; nouse=0; global=0; static=0; extern=0; dir=0; type=0; pingpong=0; private_global=0; IO mode=ap_none:ce=0
Port [ x_3_V_read]:  wired=1; compound=0; hidden=0; nouse=0; global=0; static=0; extern=0; dir=0; type=0; pingpong=0; private_global=0; IO mode=ap_none:ce=0
Port [ x_4_V_read]:  wired=1; compound=0; hidden=0; nouse=0; global=0; static=0; extern=0; dir=0; type=0; pingpong=0; private_global=0; IO mode=ap_none:ce=0
Port [ x_5_V_read]:  wired=1; compound=0; hidden=0; nouse=0; global=0; static=0; extern=0; dir=0; type=0; pingpong=0; private_global=0; IO mode=ap_none:ce=0
Port [ x_6_V_read]:  wired=1; compound=0; hidden=0; nouse=0; global=0; static=0; extern=0; dir=0; type=0; pingpong=0; private_global=0; IO mode=ap_none:ce=0
Port [ x_7_V_read]:  wired=1; compound=0; hidden=0; nouse=0; global=0; static=0; extern=0; dir=0; type=0; pingpong=0; private_global=0; IO mode=ap_none:ce=0
Port [ x_8_V_read]:  wired=1; compound=0; hidden=0; nouse=0; global=0; static=0; extern=0; dir=0; type=0; pingpong=0; private_global=0; IO mode=ap_none:ce=0
Port [ x_9_V_read]:  wired=1; compound=0; hidden=0; nouse=0; global=0; static=0; extern=0; dir=0; type=0; pingpong=0; private_global=0; IO mode=ap_none:ce=0
Port [ x_10_V_read]:  wired=1; compound=0; hidden=0; nouse=0; global=0; static=0; extern=0; dir=0; type=0; pingpong=0; private_global=0; IO mode=ap_none:ce=0
Port [ x_11_V_read]:  wired=1; compound=0; hidden=0; nouse=0; global=0; static=0; extern=0; dir=0; type=0; pingpong=0; private_global=0; IO mode=ap_none:ce=0
Port [ x_12_V_read]:  wired=1; compound=0; hidden=0; nouse=0; global=0; static=0; extern=0; dir=0; type=0; pingpong=0; private_global=0; IO mode=ap_none:ce=0
Port [ x_13_V_read]:  wired=1; compound=0; hidden=0; nouse=0; global=0; static=0; extern=0; dir=0; type=0; pingpong=0; private_global=0; IO mode=ap_none:ce=0
Port [ x_14_V_read]:  wired=1; compound=0; hidden=0; nouse=0; global=0; static=0; extern=0; dir=0; type=0; pingpong=0; private_global=0; IO mode=ap_none:ce=0
Port [ x_15_V_read]:  wired=1; compound=0; hidden=0; nouse=0; global=0; static=0; extern=0; dir=0; type=0; pingpong=0; private_global=0; IO mode=ap_none:ce=0
---------------- STG Properties END ------------------

---------------- Datapath Model BEGIN ----------------

<LifeTime>
<method=bitvector/>
x_15_V_read_1 (read          ) [ 00]
x_14_V_read_1 (read          ) [ 00]
x_13_V_read_1 (read          ) [ 00]
x_12_V_read_1 (read          ) [ 00]
x_11_V_read_1 (read          ) [ 00]
x_10_V_read_1 (read          ) [ 00]
x_9_V_read_1  (read          ) [ 00]
x_8_V_read_1  (read          ) [ 00]
x_7_V_read_1  (read          ) [ 00]
x_6_V_read_1  (read          ) [ 00]
x_5_V_read_1  (read          ) [ 00]
x_4_V_read_1  (read          ) [ 00]
x_3_V_read_1  (read          ) [ 00]
x_2_V_read_1  (read          ) [ 00]
x_1_V_read_1  (read          ) [ 00]
x_0_V_read_1  (read          ) [ 00]
shl_ln        (bitconcatenate) [ 00]
zext_ln703    (zext          ) [ 00]
shl_ln703_1   (bitconcatenate) [ 00]
zext_ln703_1  (zext          ) [ 00]
shl_ln703_2   (bitconcatenate) [ 00]
zext_ln703_2  (zext          ) [ 00]
shl_ln703_3   (bitconcatenate) [ 00]
zext_ln703_3  (zext          ) [ 00]
shl_ln703_4   (bitconcatenate) [ 00]
zext_ln703_4  (zext          ) [ 00]
shl_ln703_5   (bitconcatenate) [ 00]
zext_ln703_5  (zext          ) [ 00]
shl_ln703_6   (bitconcatenate) [ 00]
zext_ln703_6  (zext          ) [ 00]
shl_ln703_7   (bitconcatenate) [ 00]
zext_ln703_7  (zext          ) [ 00]
shl_ln703_8   (bitconcatenate) [ 00]
zext_ln703_8  (zext          ) [ 00]
shl_ln703_9   (bitconcatenate) [ 00]
zext_ln703_9  (zext          ) [ 00]
shl_ln703_s   (bitconcatenate) [ 00]
zext_ln703_10 (zext          ) [ 00]
shl_ln703_10  (bitconcatenate) [ 00]
zext_ln703_11 (zext          ) [ 00]
shl_ln703_11  (bitconcatenate) [ 00]
zext_ln703_12 (zext          ) [ 00]
shl_ln703_12  (bitconcatenate) [ 00]
zext_ln703_13 (zext          ) [ 00]
shl_ln703_13  (bitconcatenate) [ 00]
zext_ln703_14 (zext          ) [ 00]
shl_ln703_14  (bitconcatenate) [ 00]
zext_ln703_15 (zext          ) [ 00]
add_ln703     (add           ) [ 00]
zext_ln703_16 (zext          ) [ 00]
add_ln703_1   (add           ) [ 00]
zext_ln703_17 (zext          ) [ 00]
add_ln703_2   (add           ) [ 00]
zext_ln703_18 (zext          ) [ 00]
add_ln703_3   (add           ) [ 00]
zext_ln703_19 (zext          ) [ 00]
add_ln703_4   (add           ) [ 00]
zext_ln703_20 (zext          ) [ 00]
add_ln703_5   (add           ) [ 00]
zext_ln703_21 (zext          ) [ 00]
add_ln703_6   (add           ) [ 00]
zext_ln703_22 (zext          ) [ 00]
add_ln703_7   (add           ) [ 00]
zext_ln703_23 (zext          ) [ 00]
add_ln703_8   (add           ) [ 00]
zext_ln703_24 (zext          ) [ 00]
add_ln703_9   (add           ) [ 00]
zext_ln703_25 (zext          ) [ 00]
add_ln703_10  (add           ) [ 00]
zext_ln703_26 (zext          ) [ 00]
add_ln703_11  (add           ) [ 00]
zext_ln703_27 (zext          ) [ 00]
add_ln703_12  (add           ) [ 00]
zext_ln703_28 (zext          ) [ 00]
add_ln703_13  (add           ) [ 00]
zext_ln703_29 (zext          ) [ 00]
add_ln703_14  (add           ) [ 00]
tmp           (partselect    ) [ 00]
ret_ln41      (ret           ) [ 00]
</LifeTime>

<model>

<comp_list>
<comp id="0" class="1000" name="x_0_V_read">
<pin_list>
<pin id="1" dir="1" index="0" bw="1" slack="0"/>
</pin_list>
<bind>
<StgValue><ssdm name="x_0_V_read"/></StgValue>
</bind>
</comp>

<comp id="2" class="1000" name="x_1_V_read">
<pin_list>
<pin id="3" dir="1" index="0" bw="1" slack="0"/>
</pin_list>
<bind>
<StgValue><ssdm name="x_1_V_read"/></StgValue>
</bind>
</comp>

<comp id="4" class="1000" name="x_2_V_read">
<pin_list>
<pin id="5" dir="1" index="0" bw="1" slack="0"/>
</pin_list>
<bind>
<StgValue><ssdm name="x_2_V_read"/></StgValue>
</bind>
</comp>

<comp id="6" class="1000" name="x_3_V_read">
<pin_list>
<pin id="7" dir="1" index="0" bw="1" slack="0"/>
</pin_list>
<bind>
<StgValue><ssdm name="x_3_V_read"/></StgValue>
</bind>
</comp>

<comp id="8" class="1000" name="x_4_V_read">
<pin_list>
<pin id="9" dir="1" index="0" bw="1" slack="0"/>
</pin_list>
<bind>
<StgValue><ssdm name="x_4_V_read"/></StgValue>
</bind>
</comp>

<comp id="10" class="1000" name="x_5_V_read">
<pin_list>
<pin id="11" dir="1" index="0" bw="1" slack="0"/>
</pin_list>
<bind>
<StgValue><ssdm name="x_5_V_read"/></StgValue>
</bind>
</comp>

<comp id="12" class="1000" name="x_6_V_read">
<pin_list>
<pin id="13" dir="1" index="0" bw="1" slack="0"/>
</pin_list>
<bind>
<StgValue><ssdm name="x_6_V_read"/></StgValue>
</bind>
</comp>

<comp id="14" class="1000" name="x_7_V_read">
<pin_list>
<pin id="15" dir="1" index="0" bw="1" slack="0"/>
</pin_list>
<bind>
<StgValue><ssdm name="x_7_V_read"/></StgValue>
</bind>
</comp>

<comp id="16" class="1000" name="x_8_V_read">
<pin_list>
<pin id="17" dir="1" index="0" bw="1" slack="0"/>
</pin_list>
<bind>
<StgValue><ssdm name="x_8_V_read"/></StgValue>
</bind>
</comp>

<comp id="18" class="1000" name="x_9_V_read">
<pin_list>
<pin id="19" dir="1" index="0" bw="1" slack="0"/>
</pin_list>
<bind>
<StgValue><ssdm name="x_9_V_read"/></StgValue>
</bind>
</comp>

<comp id="20" class="1000" name="x_10_V_read">
<pin_list>
<pin id="21" dir="1" index="0" bw="1" slack="0"/>
</pin_list>
<bind>
<StgValue><ssdm name="x_10_V_read"/></StgValue>
</bind>
</comp>

<comp id="22" class="1000" name="x_11_V_read">
<pin_list>
<pin id="23" dir="1" index="0" bw="1" slack="0"/>
</pin_list>
<bind>
<StgValue><ssdm name="x_11_V_read"/></StgValue>
</bind>
</comp>

<comp id="24" class="1000" name="x_12_V_read">
<pin_list>
<pin id="25" dir="1" index="0" bw="1" slack="0"/>
</pin_list>
<bind>
<StgValue><ssdm name="x_12_V_read"/></StgValue>
</bind>
</comp>

<comp id="26" class="1000" name="x_13_V_read">
<pin_list>
<pin id="27" dir="1" index="0" bw="1" slack="0"/>
</pin_list>
<bind>
<StgValue><ssdm name="x_13_V_read"/></StgValue>
</bind>
</comp>

<comp id="28" class="1000" name="x_14_V_read">
<pin_list>
<pin id="29" dir="1" index="0" bw="1" slack="0"/>
</pin_list>
<bind>
<StgValue><ssdm name="x_14_V_read"/></StgValue>
</bind>
</comp>

<comp id="30" class="1000" name="x_15_V_read">
<pin_list>
<pin id="31" dir="1" index="0" bw="1" slack="0"/>
</pin_list>
<bind>
<StgValue><ssdm name="x_15_V_read"/></StgValue>
</bind>
</comp>

<comp id="32" class="1001" name="const_32">
<pin_list>
<pin id="33" dir="1" index="0" bw="1" slack="0"/>
</pin_list>
<bind>
<StgValue><ssdm name="_ssdm_op_Read.ap_auto.i9"/></StgValue>
</bind>
</comp>

<comp id="34" class="1001" name="const_34">
<pin_list>
<pin id="35" dir="1" index="0" bw="1" slack="0"/>
</pin_list>
<bind>
<StgValue><ssdm name="_ssdm_op_BitConcatenate.i10.i9.i1"/></StgValue>
</bind>
</comp>

<comp id="36" class="1001" name="const_36">
<pin_list>
<pin id="37" dir="1" index="0" bw="1" slack="0"/>
</pin_list>
<bind>
<StgValue><ssdm name=""/></StgValue>
</bind>
</comp>

<comp id="38" class="1001" name="const_38">
<pin_list>
<pin id="39" dir="1" index="0" bw="1" slack="0"/>
</pin_list>
<bind>
<StgValue><ssdm name="_ssdm_op_PartSelect.i10.i14.i32.i32"/></StgValue>
</bind>
</comp>

<comp id="40" class="1001" name="const_40">
<pin_list>
<pin id="41" dir="1" index="0" bw="1" slack="0"/>
</pin_list>
<bind>
<StgValue><ssdm name=""/></StgValue>
</bind>
</comp>

<comp id="42" class="1001" name="const_42">
<pin_list>
<pin id="43" dir="1" index="0" bw="1" slack="0"/>
</pin_list>
<bind>
<StgValue><ssdm name=""/></StgValue>
</bind>
</comp>

<comp id="44" class="1004" name="x_15_V_read_1_read_fu_44">
<pin_list>
<pin id="45" dir="0" index="0" bw="9" slack="0"/>
<pin id="46" dir="0" index="1" bw="9" slack="0"/>
<pin id="47" dir="1" index="2" bw="9" slack="0"/>
</pin_list>
<bind>
<opcode="read(1150) " fcode="read"/>
<opset="x_15_V_read_1/1 "/>
</bind>
</comp>

<comp id="50" class="1004" name="x_14_V_read_1_read_fu_50">
<pin_list>
<pin id="51" dir="0" index="0" bw="9" slack="0"/>
<pin id="52" dir="0" index="1" bw="9" slack="0"/>
<pin id="53" dir="1" index="2" bw="9" slack="0"/>
</pin_list>
<bind>
<opcode="read(1150) " fcode="read"/>
<opset="x_14_V_read_1/1 "/>
</bind>
</comp>

<comp id="56" class="1004" name="x_13_V_read_1_read_fu_56">
<pin_list>
<pin id="57" dir="0" index="0" bw="9" slack="0"/>
<pin id="58" dir="0" index="1" bw="9" slack="0"/>
<pin id="59" dir="1" index="2" bw="9" slack="0"/>
</pin_list>
<bind>
<opcode="read(1150) " fcode="read"/>
<opset="x_13_V_read_1/1 "/>
</bind>
</comp>

<comp id="62" class="1004" name="x_12_V_read_1_read_fu_62">
<pin_list>
<pin id="63" dir="0" index="0" bw="9" slack="0"/>
<pin id="64" dir="0" index="1" bw="9" slack="0"/>
<pin id="65" dir="1" index="2" bw="9" slack="0"/>
</pin_list>
<bind>
<opcode="read(1150) " fcode="read"/>
<opset="x_12_V_read_1/1 "/>
</bind>
</comp>

<comp id="68" class="1004" name="x_11_V_read_1_read_fu_68">
<pin_list>
<pin id="69" dir="0" index="0" bw="9" slack="0"/>
<pin id="70" dir="0" index="1" bw="9" slack="0"/>
<pin id="71" dir="1" index="2" bw="9" slack="0"/>
</pin_list>
<bind>
<opcode="read(1150) " fcode="read"/>
<opset="x_11_V_read_1/1 "/>
</bind>
</comp>

<comp id="74" class="1004" name="x_10_V_read_1_read_fu_74">
<pin_list>
<pin id="75" dir="0" index="0" bw="9" slack="0"/>
<pin id="76" dir="0" index="1" bw="9" slack="0"/>
<pin id="77" dir="1" index="2" bw="9" slack="0"/>
</pin_list>
<bind>
<opcode="read(1150) " fcode="read"/>
<opset="x_10_V_read_1/1 "/>
</bind>
</comp>

<comp id="80" class="1004" name="x_9_V_read_1_read_fu_80">
<pin_list>
<pin id="81" dir="0" index="0" bw="9" slack="0"/>
<pin id="82" dir="0" index="1" bw="9" slack="0"/>
<pin id="83" dir="1" index="2" bw="9" slack="0"/>
</pin_list>
<bind>
<opcode="read(1150) " fcode="read"/>
<opset="x_9_V_read_1/1 "/>
</bind>
</comp>

<comp id="86" class="1004" name="x_8_V_read_1_read_fu_86">
<pin_list>
<pin id="87" dir="0" index="0" bw="9" slack="0"/>
<pin id="88" dir="0" index="1" bw="9" slack="0"/>
<pin id="89" dir="1" index="2" bw="9" slack="0"/>
</pin_list>
<bind>
<opcode="read(1150) " fcode="read"/>
<opset="x_8_V_read_1/1 "/>
</bind>
</comp>

<comp id="92" class="1004" name="x_7_V_read_1_read_fu_92">
<pin_list>
<pin id="93" dir="0" index="0" bw="9" slack="0"/>
<pin id="94" dir="0" index="1" bw="9" slack="0"/>
<pin id="95" dir="1" index="2" bw="9" slack="0"/>
</pin_list>
<bind>
<opcode="read(1150) " fcode="read"/>
<opset="x_7_V_read_1/1 "/>
</bind>
</comp>

<comp id="98" class="1004" name="x_6_V_read_1_read_fu_98">
<pin_list>
<pin id="99" dir="0" index="0" bw="9" slack="0"/>
<pin id="100" dir="0" index="1" bw="9" slack="0"/>
<pin id="101" dir="1" index="2" bw="9" slack="0"/>
</pin_list>
<bind>
<opcode="read(1150) " fcode="read"/>
<opset="x_6_V_read_1/1 "/>
</bind>
</comp>

<comp id="104" class="1004" name="x_5_V_read_1_read_fu_104">
<pin_list>
<pin id="105" dir="0" index="0" bw="9" slack="0"/>
<pin id="106" dir="0" index="1" bw="9" slack="0"/>
<pin id="107" dir="1" index="2" bw="9" slack="0"/>
</pin_list>
<bind>
<opcode="read(1150) " fcode="read"/>
<opset="x_5_V_read_1/1 "/>
</bind>
</comp>

<comp id="110" class="1004" name="x_4_V_read_1_read_fu_110">
<pin_list>
<pin id="111" dir="0" index="0" bw="9" slack="0"/>
<pin id="112" dir="0" index="1" bw="9" slack="0"/>
<pin id="113" dir="1" index="2" bw="9" slack="0"/>
</pin_list>
<bind>
<opcode="read(1150) " fcode="read"/>
<opset="x_4_V_read_1/1 "/>
</bind>
</comp>

<comp id="116" class="1004" name="x_3_V_read_1_read_fu_116">
<pin_list>
<pin id="117" dir="0" index="0" bw="9" slack="0"/>
<pin id="118" dir="0" index="1" bw="9" slack="0"/>
<pin id="119" dir="1" index="2" bw="9" slack="0"/>
</pin_list>
<bind>
<opcode="read(1150) " fcode="read"/>
<opset="x_3_V_read_1/1 "/>
</bind>
</comp>

<comp id="122" class="1004" name="x_2_V_read_1_read_fu_122">
<pin_list>
<pin id="123" dir="0" index="0" bw="9" slack="0"/>
<pin id="124" dir="0" index="1" bw="9" slack="0"/>
<pin id="125" dir="1" index="2" bw="9" slack="0"/>
</pin_list>
<bind>
<opcode="read(1150) " fcode="read"/>
<opset="x_2_V_read_1/1 "/>
</bind>
</comp>

<comp id="128" class="1004" name="x_1_V_read_1_read_fu_128">
<pin_list>
<pin id="129" dir="0" index="0" bw="9" slack="0"/>
<pin id="130" dir="0" index="1" bw="9" slack="0"/>
<pin id="131" dir="1" index="2" bw="9" slack="0"/>
</pin_list>
<bind>
<opcode="read(1150) " fcode="read"/>
<opset="x_1_V_read_1/1 "/>
</bind>
</comp>

<comp id="134" class="1004" name="x_0_V_read_1_read_fu_134">
<pin_list>
<pin id="135" dir="0" index="0" bw="9" slack="0"/>
<pin id="136" dir="0" index="1" bw="9" slack="0"/>
<pin id="137" dir="1" index="2" bw="9" slack="0"/>
</pin_list>
<bind>
<opcode="read(1150) " fcode="read"/>
<opset="x_0_V_read_1/1 "/>
</bind>
</comp>

<comp id="140" class="1004" name="shl_ln_fu_140">
<pin_list>
<pin id="141" dir="0" index="0" bw="10" slack="0"/>
<pin id="142" dir="0" index="1" bw="9" slack="0"/>
<pin id="143" dir="0" index="2" bw="1" slack="0"/>
<pin id="144" dir="1" index="3" bw="10" slack="0"/>
</pin_list>
<bind>
<opcode="bitconcatenate(1004) " fcode="bitconcatenate"/>
<opset="shl_ln/1 "/>
</bind>
</comp>

<comp id="148" class="1004" name="zext_ln703_fu_148">
<pin_list>
<pin id="149" dir="0" index="0" bw="10" slack="0"/>
<pin id="150" dir="1" index="1" bw="11" slack="0"/>
</pin_list>
<bind>
<opcode="zext(34) " fcode="zext"/>
<opset="zext_ln703/1 "/>
</bind>
</comp>

<comp id="152" class="1004" name="shl_ln703_1_fu_152">
<pin_list>
<pin id="153" dir="0" index="0" bw="10" slack="0"/>
<pin id="154" dir="0" index="1" bw="9" slack="0"/>
<pin id="155" dir="0" index="2" bw="1" slack="0"/>
<pin id="156" dir="1" index="3" bw="10" slack="0"/>
</pin_list>
<bind>
<opcode="bitconcatenate(1004) " fcode="bitconcatenate"/>
<opset="shl_ln703_1/1 "/>
</bind>
</comp>

<comp id="160" class="1004" name="zext_ln703_1_fu_160">
<pin_list>
<pin id="161" dir="0" index="0" bw="10" slack="0"/>
<pin id="162" dir="1" index="1" bw="11" slack="0"/>
</pin_list>
<bind>
<opcode="zext(34) " fcode="zext"/>
<opset="zext_ln703_1/1 "/>
</bind>
</comp>

<comp id="164" class="1004" name="shl_ln703_2_fu_164">
<pin_list>
<pin id="165" dir="0" index="0" bw="10" slack="0"/>
<pin id="166" dir="0" index="1" bw="9" slack="0"/>
<pin id="167" dir="0" index="2" bw="1" slack="0"/>
<pin id="168" dir="1" index="3" bw="10" slack="0"/>
</pin_list>
<bind>
<opcode="bitconcatenate(1004) " fcode="bitconcatenate"/>
<opset="shl_ln703_2/1 "/>
</bind>
</comp>

<comp id="172" class="1004" name="zext_ln703_2_fu_172">
<pin_list>
<pin id="173" dir="0" index="0" bw="10" slack="0"/>
<pin id="174" dir="1" index="1" bw="11" slack="0"/>
</pin_list>
<bind>
<opcode="zext(34) " fcode="zext"/>
<opset="zext_ln703_2/1 "/>
</bind>
</comp>

<comp id="176" class="1004" name="shl_ln703_3_fu_176">
<pin_list>
<pin id="177" dir="0" index="0" bw="10" slack="0"/>
<pin id="178" dir="0" index="1" bw="9" slack="0"/>
<pin id="179" dir="0" index="2" bw="1" slack="0"/>
<pin id="180" dir="1" index="3" bw="10" slack="0"/>
</pin_list>
<bind>
<opcode="bitconcatenate(1004) " fcode="bitconcatenate"/>
<opset="shl_ln703_3/1 "/>
</bind>
</comp>

<comp id="184" class="1004" name="zext_ln703_3_fu_184">
<pin_list>
<pin id="185" dir="0" index="0" bw="10" slack="0"/>
<pin id="186" dir="1" index="1" bw="11" slack="0"/>
</pin_list>
<bind>
<opcode="zext(34) " fcode="zext"/>
<opset="zext_ln703_3/1 "/>
</bind>
</comp>

<comp id="188" class="1004" name="shl_ln703_4_fu_188">
<pin_list>
<pin id="189" dir="0" index="0" bw="10" slack="0"/>
<pin id="190" dir="0" index="1" bw="9" slack="0"/>
<pin id="191" dir="0" index="2" bw="1" slack="0"/>
<pin id="192" dir="1" index="3" bw="10" slack="0"/>
</pin_list>
<bind>
<opcode="bitconcatenate(1004) " fcode="bitconcatenate"/>
<opset="shl_ln703_4/1 "/>
</bind>
</comp>

<comp id="196" class="1004" name="zext_ln703_4_fu_196">
<pin_list>
<pin id="197" dir="0" index="0" bw="10" slack="0"/>
<pin id="198" dir="1" index="1" bw="11" slack="0"/>
</pin_list>
<bind>
<opcode="zext(34) " fcode="zext"/>
<opset="zext_ln703_4/1 "/>
</bind>
</comp>

<comp id="200" class="1004" name="shl_ln703_5_fu_200">
<pin_list>
<pin id="201" dir="0" index="0" bw="10" slack="0"/>
<pin id="202" dir="0" index="1" bw="9" slack="0"/>
<pin id="203" dir="0" index="2" bw="1" slack="0"/>
<pin id="204" dir="1" index="3" bw="10" slack="0"/>
</pin_list>
<bind>
<opcode="bitconcatenate(1004) " fcode="bitconcatenate"/>
<opset="shl_ln703_5/1 "/>
</bind>
</comp>

<comp id="208" class="1004" name="zext_ln703_5_fu_208">
<pin_list>
<pin id="209" dir="0" index="0" bw="10" slack="0"/>
<pin id="210" dir="1" index="1" bw="11" slack="0"/>
</pin_list>
<bind>
<opcode="zext(34) " fcode="zext"/>
<opset="zext_ln703_5/1 "/>
</bind>
</comp>

<comp id="212" class="1004" name="shl_ln703_6_fu_212">
<pin_list>
<pin id="213" dir="0" index="0" bw="10" slack="0"/>
<pin id="214" dir="0" index="1" bw="9" slack="0"/>
<pin id="215" dir="0" index="2" bw="1" slack="0"/>
<pin id="216" dir="1" index="3" bw="10" slack="0"/>
</pin_list>
<bind>
<opcode="bitconcatenate(1004) " fcode="bitconcatenate"/>
<opset="shl_ln703_6/1 "/>
</bind>
</comp>

<comp id="220" class="1004" name="zext_ln703_6_fu_220">
<pin_list>
<pin id="221" dir="0" index="0" bw="10" slack="0"/>
<pin id="222" dir="1" index="1" bw="11" slack="0"/>
</pin_list>
<bind>
<opcode="zext(34) " fcode="zext"/>
<opset="zext_ln703_6/1 "/>
</bind>
</comp>

<comp id="224" class="1004" name="shl_ln703_7_fu_224">
<pin_list>
<pin id="225" dir="0" index="0" bw="10" slack="0"/>
<pin id="226" dir="0" index="1" bw="9" slack="0"/>
<pin id="227" dir="0" index="2" bw="1" slack="0"/>
<pin id="228" dir="1" index="3" bw="10" slack="0"/>
</pin_list>
<bind>
<opcode="bitconcatenate(1004) " fcode="bitconcatenate"/>
<opset="shl_ln703_7/1 "/>
</bind>
</comp>

<comp id="232" class="1004" name="zext_ln703_7_fu_232">
<pin_list>
<pin id="233" dir="0" index="0" bw="10" slack="0"/>
<pin id="234" dir="1" index="1" bw="11" slack="0"/>
</pin_list>
<bind>
<opcode="zext(34) " fcode="zext"/>
<opset="zext_ln703_7/1 "/>
</bind>
</comp>

<comp id="236" class="1004" name="shl_ln703_8_fu_236">
<pin_list>
<pin id="237" dir="0" index="0" bw="10" slack="0"/>
<pin id="238" dir="0" index="1" bw="9" slack="0"/>
<pin id="239" dir="0" index="2" bw="1" slack="0"/>
<pin id="240" dir="1" index="3" bw="10" slack="0"/>
</pin_list>
<bind>
<opcode="bitconcatenate(1004) " fcode="bitconcatenate"/>
<opset="shl_ln703_8/1 "/>
</bind>
</comp>

<comp id="244" class="1004" name="zext_ln703_8_fu_244">
<pin_list>
<pin id="245" dir="0" index="0" bw="10" slack="0"/>
<pin id="246" dir="1" index="1" bw="11" slack="0"/>
</pin_list>
<bind>
<opcode="zext(34) " fcode="zext"/>
<opset="zext_ln703_8/1 "/>
</bind>
</comp>

<comp id="248" class="1004" name="shl_ln703_9_fu_248">
<pin_list>
<pin id="249" dir="0" index="0" bw="10" slack="0"/>
<pin id="250" dir="0" index="1" bw="9" slack="0"/>
<pin id="251" dir="0" index="2" bw="1" slack="0"/>
<pin id="252" dir="1" index="3" bw="10" slack="0"/>
</pin_list>
<bind>
<opcode="bitconcatenate(1004) " fcode="bitconcatenate"/>
<opset="shl_ln703_9/1 "/>
</bind>
</comp>

<comp id="256" class="1004" name="zext_ln703_9_fu_256">
<pin_list>
<pin id="257" dir="0" index="0" bw="10" slack="0"/>
<pin id="258" dir="1" index="1" bw="11" slack="0"/>
</pin_list>
<bind>
<opcode="zext(34) " fcode="zext"/>
<opset="zext_ln703_9/1 "/>
</bind>
</comp>

<comp id="260" class="1004" name="shl_ln703_s_fu_260">
<pin_list>
<pin id="261" dir="0" index="0" bw="10" slack="0"/>
<pin id="262" dir="0" index="1" bw="9" slack="0"/>
<pin id="263" dir="0" index="2" bw="1" slack="0"/>
<pin id="264" dir="1" index="3" bw="10" slack="0"/>
</pin_list>
<bind>
<opcode="bitconcatenate(1004) " fcode="bitconcatenate"/>
<opset="shl_ln703_s/1 "/>
</bind>
</comp>

<comp id="268" class="1004" name="zext_ln703_10_fu_268">
<pin_list>
<pin id="269" dir="0" index="0" bw="10" slack="0"/>
<pin id="270" dir="1" index="1" bw="11" slack="0"/>
</pin_list>
<bind>
<opcode="zext(34) " fcode="zext"/>
<opset="zext_ln703_10/1 "/>
</bind>
</comp>

<comp id="272" class="1004" name="shl_ln703_10_fu_272">
<pin_list>
<pin id="273" dir="0" index="0" bw="10" slack="0"/>
<pin id="274" dir="0" index="1" bw="9" slack="0"/>
<pin id="275" dir="0" index="2" bw="1" slack="0"/>
<pin id="276" dir="1" index="3" bw="10" slack="0"/>
</pin_list>
<bind>
<opcode="bitconcatenate(1004) " fcode="bitconcatenate"/>
<opset="shl_ln703_10/1 "/>
</bind>
</comp>

<comp id="280" class="1004" name="zext_ln703_11_fu_280">
<pin_list>
<pin id="281" dir="0" index="0" bw="10" slack="0"/>
<pin id="282" dir="1" index="1" bw="11" slack="0"/>
</pin_list>
<bind>
<opcode="zext(34) " fcode="zext"/>
<opset="zext_ln703_11/1 "/>
</bind>
</comp>

<comp id="284" class="1004" name="shl_ln703_11_fu_284">
<pin_list>
<pin id="285" dir="0" index="0" bw="10" slack="0"/>
<pin id="286" dir="0" index="1" bw="9" slack="0"/>
<pin id="287" dir="0" index="2" bw="1" slack="0"/>
<pin id="288" dir="1" index="3" bw="10" slack="0"/>
</pin_list>
<bind>
<opcode="bitconcatenate(1004) " fcode="bitconcatenate"/>
<opset="shl_ln703_11/1 "/>
</bind>
</comp>

<comp id="292" class="1004" name="zext_ln703_12_fu_292">
<pin_list>
<pin id="293" dir="0" index="0" bw="10" slack="0"/>
<pin id="294" dir="1" index="1" bw="11" slack="0"/>
</pin_list>
<bind>
<opcode="zext(34) " fcode="zext"/>
<opset="zext_ln703_12/1 "/>
</bind>
</comp>

<comp id="296" class="1004" name="shl_ln703_12_fu_296">
<pin_list>
<pin id="297" dir="0" index="0" bw="10" slack="0"/>
<pin id="298" dir="0" index="1" bw="9" slack="0"/>
<pin id="299" dir="0" index="2" bw="1" slack="0"/>
<pin id="300" dir="1" index="3" bw="10" slack="0"/>
</pin_list>
<bind>
<opcode="bitconcatenate(1004) " fcode="bitconcatenate"/>
<opset="shl_ln703_12/1 "/>
</bind>
</comp>

<comp id="304" class="1004" name="zext_ln703_13_fu_304">
<pin_list>
<pin id="305" dir="0" index="0" bw="10" slack="0"/>
<pin id="306" dir="1" index="1" bw="11" slack="0"/>
</pin_list>
<bind>
<opcode="zext(34) " fcode="zext"/>
<opset="zext_ln703_13/1 "/>
</bind>
</comp>

<comp id="308" class="1004" name="shl_ln703_13_fu_308">
<pin_list>
<pin id="309" dir="0" index="0" bw="10" slack="0"/>
<pin id="310" dir="0" index="1" bw="9" slack="0"/>
<pin id="311" dir="0" index="2" bw="1" slack="0"/>
<pin id="312" dir="1" index="3" bw="10" slack="0"/>
</pin_list>
<bind>
<opcode="bitconcatenate(1004) " fcode="bitconcatenate"/>
<opset="shl_ln703_13/1 "/>
</bind>
</comp>

<comp id="316" class="1004" name="zext_ln703_14_fu_316">
<pin_list>
<pin id="317" dir="0" index="0" bw="10" slack="0"/>
<pin id="318" dir="1" index="1" bw="11" slack="0"/>
</pin_list>
<bind>
<opcode="zext(34) " fcode="zext"/>
<opset="zext_ln703_14/1 "/>
</bind>
</comp>

<comp id="320" class="1004" name="shl_ln703_14_fu_320">
<pin_list>
<pin id="321" dir="0" index="0" bw="10" slack="0"/>
<pin id="322" dir="0" index="1" bw="9" slack="0"/>
<pin id="323" dir="0" index="2" bw="1" slack="0"/>
<pin id="324" dir="1" index="3" bw="10" slack="0"/>
</pin_list>
<bind>
<opcode="bitconcatenate(1004) " fcode="bitconcatenate"/>
<opset="shl_ln703_14/1 "/>
</bind>
</comp>

<comp id="328" class="1004" name="zext_ln703_15_fu_328">
<pin_list>
<pin id="329" dir="0" index="0" bw="10" slack="0"/>
<pin id="330" dir="1" index="1" bw="11" slack="0"/>
</pin_list>
<bind>
<opcode="zext(34) " fcode="zext"/>
<opset="zext_ln703_15/1 "/>
</bind>
</comp>

<comp id="332" class="1004" name="add_ln703_fu_332">
<pin_list>
<pin id="333" dir="0" index="0" bw="10" slack="0"/>
<pin id="334" dir="0" index="1" bw="10" slack="0"/>
<pin id="335" dir="1" index="2" bw="11" slack="0"/>
</pin_list>
<bind>
<opcode="add(8) " fcode="add"/>
<opset="add_ln703/1 "/>
</bind>
</comp>

<comp id="338" class="1004" name="zext_ln703_16_fu_338">
<pin_list>
<pin id="339" dir="0" index="0" bw="11" slack="0"/>
<pin id="340" dir="1" index="1" bw="12" slack="0"/>
</pin_list>
<bind>
<opcode="zext(34) " fcode="zext"/>
<opset="zext_ln703_16/1 "/>
</bind>
</comp>

<comp id="342" class="1004" name="add_ln703_1_fu_342">
<pin_list>
<pin id="343" dir="0" index="0" bw="10" slack="0"/>
<pin id="344" dir="0" index="1" bw="10" slack="0"/>
<pin id="345" dir="1" index="2" bw="11" slack="0"/>
</pin_list>
<bind>
<opcode="add(8) " fcode="add"/>
<opset="add_ln703_1/1 "/>
</bind>
</comp>

<comp id="348" class="1004" name="zext_ln703_17_fu_348">
<pin_list>
<pin id="349" dir="0" index="0" bw="11" slack="0"/>
<pin id="350" dir="1" index="1" bw="12" slack="0"/>
</pin_list>
<bind>
<opcode="zext(34) " fcode="zext"/>
<opset="zext_ln703_17/1 "/>
</bind>
</comp>

<comp id="352" class="1004" name="add_ln703_2_fu_352">
<pin_list>
<pin id="353" dir="0" index="0" bw="11" slack="0"/>
<pin id="354" dir="0" index="1" bw="11" slack="0"/>
<pin id="355" dir="1" index="2" bw="12" slack="0"/>
</pin_list>
<bind>
<opcode="add(8) " fcode="add"/>
<opset="add_ln703_2/1 "/>
</bind>
</comp>

<comp id="358" class="1004" name="zext_ln703_18_fu_358">
<pin_list>
<pin id="359" dir="0" index="0" bw="12" slack="0"/>
<pin id="360" dir="1" index="1" bw="13" slack="0"/>
</pin_list>
<bind>
<opcode="zext(34) " fcode="zext"/>
<opset="zext_ln703_18/1 "/>
</bind>
</comp>

<comp id="362" class="1004" name="add_ln703_3_fu_362">
<pin_list>
<pin id="363" dir="0" index="0" bw="10" slack="0"/>
<pin id="364" dir="0" index="1" bw="10" slack="0"/>
<pin id="365" dir="1" index="2" bw="11" slack="0"/>
</pin_list>
<bind>
<opcode="add(8) " fcode="add"/>
<opset="add_ln703_3/1 "/>
</bind>
</comp>

<comp id="368" class="1004" name="zext_ln703_19_fu_368">
<pin_list>
<pin id="369" dir="0" index="0" bw="11" slack="0"/>
<pin id="370" dir="1" index="1" bw="12" slack="0"/>
</pin_list>
<bind>
<opcode="zext(34) " fcode="zext"/>
<opset="zext_ln703_19/1 "/>
</bind>
</comp>

<comp id="372" class="1004" name="add_ln703_4_fu_372">
<pin_list>
<pin id="373" dir="0" index="0" bw="10" slack="0"/>
<pin id="374" dir="0" index="1" bw="10" slack="0"/>
<pin id="375" dir="1" index="2" bw="11" slack="0"/>
</pin_list>
<bind>
<opcode="add(8) " fcode="add"/>
<opset="add_ln703_4/1 "/>
</bind>
</comp>

<comp id="378" class="1004" name="zext_ln703_20_fu_378">
<pin_list>
<pin id="379" dir="0" index="0" bw="11" slack="0"/>
<pin id="380" dir="1" index="1" bw="12" slack="0"/>
</pin_list>
<bind>
<opcode="zext(34) " fcode="zext"/>
<opset="zext_ln703_20/1 "/>
</bind>
</comp>

<comp id="382" class="1004" name="add_ln703_5_fu_382">
<pin_list>
<pin id="383" dir="0" index="0" bw="11" slack="0"/>
<pin id="384" dir="0" index="1" bw="11" slack="0"/>
<pin id="385" dir="1" index="2" bw="12" slack="0"/>
</pin_list>
<bind>
<opcode="add(8) " fcode="add"/>
<opset="add_ln703_5/1 "/>
</bind>
</comp>

<comp id="388" class="1004" name="zext_ln703_21_fu_388">
<pin_list>
<pin id="389" dir="0" index="0" bw="12" slack="0"/>
<pin id="390" dir="1" index="1" bw="13" slack="0"/>
</pin_list>
<bind>
<opcode="zext(34) " fcode="zext"/>
<opset="zext_ln703_21/1 "/>
</bind>
</comp>

<comp id="392" class="1004" name="add_ln703_6_fu_392">
<pin_list>
<pin id="393" dir="0" index="0" bw="12" slack="0"/>
<pin id="394" dir="0" index="1" bw="12" slack="0"/>
<pin id="395" dir="1" index="2" bw="13" slack="0"/>
</pin_list>
<bind>
<opcode="add(8) " fcode="add"/>
<opset="add_ln703_6/1 "/>
</bind>
</comp>

<comp id="398" class="1004" name="zext_ln703_22_fu_398">
<pin_list>
<pin id="399" dir="0" index="0" bw="13" slack="0"/>
<pin id="400" dir="1" index="1" bw="14" slack="0"/>
</pin_list>
<bind>
<opcode="zext(34) " fcode="zext"/>
<opset="zext_ln703_22/1 "/>
</bind>
</comp>

<comp id="402" class="1004" name="add_ln703_7_fu_402">
<pin_list>
<pin id="403" dir="0" index="0" bw="10" slack="0"/>
<pin id="404" dir="0" index="1" bw="10" slack="0"/>
<pin id="405" dir="1" index="2" bw="11" slack="0"/>
</pin_list>
<bind>
<opcode="add(8) " fcode="add"/>
<opset="add_ln703_7/1 "/>
</bind>
</comp>

<comp id="408" class="1004" name="zext_ln703_23_fu_408">
<pin_list>
<pin id="409" dir="0" index="0" bw="11" slack="0"/>
<pin id="410" dir="1" index="1" bw="12" slack="0"/>
</pin_list>
<bind>
<opcode="zext(34) " fcode="zext"/>
<opset="zext_ln703_23/1 "/>
</bind>
</comp>

<comp id="412" class="1004" name="add_ln703_8_fu_412">
<pin_list>
<pin id="413" dir="0" index="0" bw="10" slack="0"/>
<pin id="414" dir="0" index="1" bw="10" slack="0"/>
<pin id="415" dir="1" index="2" bw="11" slack="0"/>
</pin_list>
<bind>
<opcode="add(8) " fcode="add"/>
<opset="add_ln703_8/1 "/>
</bind>
</comp>

<comp id="418" class="1004" name="zext_ln703_24_fu_418">
<pin_list>
<pin id="419" dir="0" index="0" bw="11" slack="0"/>
<pin id="420" dir="1" index="1" bw="12" slack="0"/>
</pin_list>
<bind>
<opcode="zext(34) " fcode="zext"/>
<opset="zext_ln703_24/1 "/>
</bind>
</comp>

<comp id="422" class="1004" name="add_ln703_9_fu_422">
<pin_list>
<pin id="423" dir="0" index="0" bw="11" slack="0"/>
<pin id="424" dir="0" index="1" bw="11" slack="0"/>
<pin id="425" dir="1" index="2" bw="12" slack="0"/>
</pin_list>
<bind>
<opcode="add(8) " fcode="add"/>
<opset="add_ln703_9/1 "/>
</bind>
</comp>

<comp id="428" class="1004" name="zext_ln703_25_fu_428">
<pin_list>
<pin id="429" dir="0" index="0" bw="12" slack="0"/>
<pin id="430" dir="1" index="1" bw="13" slack="0"/>
</pin_list>
<bind>
<opcode="zext(34) " fcode="zext"/>
<opset="zext_ln703_25/1 "/>
</bind>
</comp>

<comp id="432" class="1004" name="add_ln703_10_fu_432">
<pin_list>
<pin id="433" dir="0" index="0" bw="10" slack="0"/>
<pin id="434" dir="0" index="1" bw="10" slack="0"/>
<pin id="435" dir="1" index="2" bw="11" slack="0"/>
</pin_list>
<bind>
<opcode="add(8) " fcode="add"/>
<opset="add_ln703_10/1 "/>
</bind>
</comp>

<comp id="438" class="1004" name="zext_ln703_26_fu_438">
<pin_list>
<pin id="439" dir="0" index="0" bw="11" slack="0"/>
<pin id="440" dir="1" index="1" bw="12" slack="0"/>
</pin_list>
<bind>
<opcode="zext(34) " fcode="zext"/>
<opset="zext_ln703_26/1 "/>
</bind>
</comp>

<comp id="442" class="1004" name="add_ln703_11_fu_442">
<pin_list>
<pin id="443" dir="0" index="0" bw="10" slack="0"/>
<pin id="444" dir="0" index="1" bw="10" slack="0"/>
<pin id="445" dir="1" index="2" bw="11" slack="0"/>
</pin_list>
<bind>
<opcode="add(8) " fcode="add"/>
<opset="add_ln703_11/1 "/>
</bind>
</comp>

<comp id="448" class="1004" name="zext_ln703_27_fu_448">
<pin_list>
<pin id="449" dir="0" index="0" bw="11" slack="0"/>
<pin id="450" dir="1" index="1" bw="12" slack="0"/>
</pin_list>
<bind>
<opcode="zext(34) " fcode="zext"/>
<opset="zext_ln703_27/1 "/>
</bind>
</comp>

<comp id="452" class="1004" name="add_ln703_12_fu_452">
<pin_list>
<pin id="453" dir="0" index="0" bw="11" slack="0"/>
<pin id="454" dir="0" index="1" bw="11" slack="0"/>
<pin id="455" dir="1" index="2" bw="12" slack="0"/>
</pin_list>
<bind>
<opcode="add(8) " fcode="add"/>
<opset="add_ln703_12/1 "/>
</bind>
</comp>

<comp id="458" class="1004" name="zext_ln703_28_fu_458">
<pin_list>
<pin id="459" dir="0" index="0" bw="12" slack="0"/>
<pin id="460" dir="1" index="1" bw="13" slack="0"/>
</pin_list>
<bind>
<opcode="zext(34) " fcode="zext"/>
<opset="zext_ln703_28/1 "/>
</bind>
</comp>

<comp id="462" class="1004" name="add_ln703_13_fu_462">
<pin_list>
<pin id="463" dir="0" index="0" bw="12" slack="0"/>
<pin id="464" dir="0" index="1" bw="12" slack="0"/>
<pin id="465" dir="1" index="2" bw="13" slack="0"/>
</pin_list>
<bind>
<opcode="add(8) " fcode="add"/>
<opset="add_ln703_13/1 "/>
</bind>
</comp>

<comp id="468" class="1004" name="zext_ln703_29_fu_468">
<pin_list>
<pin id="469" dir="0" index="0" bw="13" slack="0"/>
<pin id="470" dir="1" index="1" bw="14" slack="0"/>
</pin_list>
<bind>
<opcode="zext(34) " fcode="zext"/>
<opset="zext_ln703_29/1 "/>
</bind>
</comp>

<comp id="472" class="1004" name="add_ln703_14_fu_472">
<pin_list>
<pin id="473" dir="0" index="0" bw="13" slack="0"/>
<pin id="474" dir="0" index="1" bw="13" slack="0"/>
<pin id="475" dir="1" index="2" bw="14" slack="0"/>
</pin_list>
<bind>
<opcode="add(8) " fcode="add"/>
<opset="add_ln703_14/1 "/>
</bind>
</comp>

<comp id="478" class="1004" name="tmp_fu_478">
<pin_list>
<pin id="479" dir="0" index="0" bw="10" slack="0"/>
<pin id="480" dir="0" index="1" bw="14" slack="0"/>
<pin id="481" dir="0" index="2" bw="4" slack="0"/>
<pin id="482" dir="0" index="3" bw="5" slack="0"/>
<pin id="483" dir="1" index="4" bw="10" slack="2147483647"/>
</pin_list>
<bind>
<opcode="partselect(1002) " fcode="partselect"/>
<opset="tmp/1 "/>
</bind>
</comp>

</comp_list>

<net_list>
<net id="48"><net_src comp="32" pin="0"/><net_sink comp="44" pin=0"/></net>

<net id="49"><net_src comp="30" pin="0"/><net_sink comp="44" pin=1"/></net>

<net id="54"><net_src comp="32" pin="0"/><net_sink comp="50" pin=0"/></net>

<net id="55"><net_src comp="28" pin="0"/><net_sink comp="50" pin=1"/></net>

<net id="60"><net_src comp="32" pin="0"/><net_sink comp="56" pin=0"/></net>

<net id="61"><net_src comp="26" pin="0"/><net_sink comp="56" pin=1"/></net>

<net id="66"><net_src comp="32" pin="0"/><net_sink comp="62" pin=0"/></net>

<net id="67"><net_src comp="24" pin="0"/><net_sink comp="62" pin=1"/></net>

<net id="72"><net_src comp="32" pin="0"/><net_sink comp="68" pin=0"/></net>

<net id="73"><net_src comp="22" pin="0"/><net_sink comp="68" pin=1"/></net>

<net id="78"><net_src comp="32" pin="0"/><net_sink comp="74" pin=0"/></net>

<net id="79"><net_src comp="20" pin="0"/><net_sink comp="74" pin=1"/></net>

<net id="84"><net_src comp="32" pin="0"/><net_sink comp="80" pin=0"/></net>

<net id="85"><net_src comp="18" pin="0"/><net_sink comp="80" pin=1"/></net>

<net id="90"><net_src comp="32" pin="0"/><net_sink comp="86" pin=0"/></net>

<net id="91"><net_src comp="16" pin="0"/><net_sink comp="86" pin=1"/></net>

<net id="96"><net_src comp="32" pin="0"/><net_sink comp="92" pin=0"/></net>

<net id="97"><net_src comp="14" pin="0"/><net_sink comp="92" pin=1"/></net>

<net id="102"><net_src comp="32" pin="0"/><net_sink comp="98" pin=0"/></net>

<net id="103"><net_src comp="12" pin="0"/><net_sink comp="98" pin=1"/></net>

<net id="108"><net_src comp="32" pin="0"/><net_sink comp="104" pin=0"/></net>

<net id="109"><net_src comp="10" pin="0"/><net_sink comp="104" pin=1"/></net>

<net id="114"><net_src comp="32" pin="0"/><net_sink comp="110" pin=0"/></net>

<net id="115"><net_src comp="8" pin="0"/><net_sink comp="110" pin=1"/></net>

<net id="120"><net_src comp="32" pin="0"/><net_sink comp="116" pin=0"/></net>

<net id="121"><net_src comp="6" pin="0"/><net_sink comp="116" pin=1"/></net>

<net id="126"><net_src comp="32" pin="0"/><net_sink comp="122" pin=0"/></net>

<net id="127"><net_src comp="4" pin="0"/><net_sink comp="122" pin=1"/></net>

<net id="132"><net_src comp="32" pin="0"/><net_sink comp="128" pin=0"/></net>

<net id="133"><net_src comp="2" pin="0"/><net_sink comp="128" pin=1"/></net>

<net id="138"><net_src comp="32" pin="0"/><net_sink comp="134" pin=0"/></net>

<net id="139"><net_src comp="0" pin="0"/><net_sink comp="134" pin=1"/></net>

<net id="145"><net_src comp="34" pin="0"/><net_sink comp="140" pin=0"/></net>

<net id="146"><net_src comp="134" pin="2"/><net_sink comp="140" pin=1"/></net>

<net id="147"><net_src comp="36" pin="0"/><net_sink comp="140" pin=2"/></net>

<net id="151"><net_src comp="140" pin="3"/><net_sink comp="148" pin=0"/></net>

<net id="157"><net_src comp="34" pin="0"/><net_sink comp="152" pin=0"/></net>

<net id="158"><net_src comp="128" pin="2"/><net_sink comp="152" pin=1"/></net>

<net id="159"><net_src comp="36" pin="0"/><net_sink comp="152" pin=2"/></net>

<net id="163"><net_src comp="152" pin="3"/><net_sink comp="160" pin=0"/></net>

<net id="169"><net_src comp="34" pin="0"/><net_sink comp="164" pin=0"/></net>

<net id="170"><net_src comp="122" pin="2"/><net_sink comp="164" pin=1"/></net>

<net id="171"><net_src comp="36" pin="0"/><net_sink comp="164" pin=2"/></net>

<net id="175"><net_src comp="164" pin="3"/><net_sink comp="172" pin=0"/></net>

<net id="181"><net_src comp="34" pin="0"/><net_sink comp="176" pin=0"/></net>

<net id="182"><net_src comp="116" pin="2"/><net_sink comp="176" pin=1"/></net>

<net id="183"><net_src comp="36" pin="0"/><net_sink comp="176" pin=2"/></net>

<net id="187"><net_src comp="176" pin="3"/><net_sink comp="184" pin=0"/></net>

<net id="193"><net_src comp="34" pin="0"/><net_sink comp="188" pin=0"/></net>

<net id="194"><net_src comp="110" pin="2"/><net_sink comp="188" pin=1"/></net>

<net id="195"><net_src comp="36" pin="0"/><net_sink comp="188" pin=2"/></net>

<net id="199"><net_src comp="188" pin="3"/><net_sink comp="196" pin=0"/></net>

<net id="205"><net_src comp="34" pin="0"/><net_sink comp="200" pin=0"/></net>

<net id="206"><net_src comp="104" pin="2"/><net_sink comp="200" pin=1"/></net>

<net id="207"><net_src comp="36" pin="0"/><net_sink comp="200" pin=2"/></net>

<net id="211"><net_src comp="200" pin="3"/><net_sink comp="208" pin=0"/></net>

<net id="217"><net_src comp="34" pin="0"/><net_sink comp="212" pin=0"/></net>

<net id="218"><net_src comp="98" pin="2"/><net_sink comp="212" pin=1"/></net>

<net id="219"><net_src comp="36" pin="0"/><net_sink comp="212" pin=2"/></net>

<net id="223"><net_src comp="212" pin="3"/><net_sink comp="220" pin=0"/></net>

<net id="229"><net_src comp="34" pin="0"/><net_sink comp="224" pin=0"/></net>

<net id="230"><net_src comp="92" pin="2"/><net_sink comp="224" pin=1"/></net>

<net id="231"><net_src comp="36" pin="0"/><net_sink comp="224" pin=2"/></net>

<net id="235"><net_src comp="224" pin="3"/><net_sink comp="232" pin=0"/></net>

<net id="241"><net_src comp="34" pin="0"/><net_sink comp="236" pin=0"/></net>

<net id="242"><net_src comp="86" pin="2"/><net_sink comp="236" pin=1"/></net>

<net id="243"><net_src comp="36" pin="0"/><net_sink comp="236" pin=2"/></net>

<net id="247"><net_src comp="236" pin="3"/><net_sink comp="244" pin=0"/></net>

<net id="253"><net_src comp="34" pin="0"/><net_sink comp="248" pin=0"/></net>

<net id="254"><net_src comp="80" pin="2"/><net_sink comp="248" pin=1"/></net>

<net id="255"><net_src comp="36" pin="0"/><net_sink comp="248" pin=2"/></net>

<net id="259"><net_src comp="248" pin="3"/><net_sink comp="256" pin=0"/></net>

<net id="265"><net_src comp="34" pin="0"/><net_sink comp="260" pin=0"/></net>

<net id="266"><net_src comp="74" pin="2"/><net_sink comp="260" pin=1"/></net>

<net id="267"><net_src comp="36" pin="0"/><net_sink comp="260" pin=2"/></net>

<net id="271"><net_src comp="260" pin="3"/><net_sink comp="268" pin=0"/></net>

<net id="277"><net_src comp="34" pin="0"/><net_sink comp="272" pin=0"/></net>

<net id="278"><net_src comp="68" pin="2"/><net_sink comp="272" pin=1"/></net>

<net id="279"><net_src comp="36" pin="0"/><net_sink comp="272" pin=2"/></net>

<net id="283"><net_src comp="272" pin="3"/><net_sink comp="280" pin=0"/></net>

<net id="289"><net_src comp="34" pin="0"/><net_sink comp="284" pin=0"/></net>

<net id="290"><net_src comp="62" pin="2"/><net_sink comp="284" pin=1"/></net>

<net id="291"><net_src comp="36" pin="0"/><net_sink comp="284" pin=2"/></net>

<net id="295"><net_src comp="284" pin="3"/><net_sink comp="292" pin=0"/></net>

<net id="301"><net_src comp="34" pin="0"/><net_sink comp="296" pin=0"/></net>

<net id="302"><net_src comp="56" pin="2"/><net_sink comp="296" pin=1"/></net>

<net id="303"><net_src comp="36" pin="0"/><net_sink comp="296" pin=2"/></net>

<net id="307"><net_src comp="296" pin="3"/><net_sink comp="304" pin=0"/></net>

<net id="313"><net_src comp="34" pin="0"/><net_sink comp="308" pin=0"/></net>

<net id="314"><net_src comp="50" pin="2"/><net_sink comp="308" pin=1"/></net>

<net id="315"><net_src comp="36" pin="0"/><net_sink comp="308" pin=2"/></net>

<net id="319"><net_src comp="308" pin="3"/><net_sink comp="316" pin=0"/></net>

<net id="325"><net_src comp="34" pin="0"/><net_sink comp="320" pin=0"/></net>

<net id="326"><net_src comp="44" pin="2"/><net_sink comp="320" pin=1"/></net>

<net id="327"><net_src comp="36" pin="0"/><net_sink comp="320" pin=2"/></net>

<net id="331"><net_src comp="320" pin="3"/><net_sink comp="328" pin=0"/></net>

<net id="336"><net_src comp="160" pin="1"/><net_sink comp="332" pin=0"/></net>

<net id="337"><net_src comp="148" pin="1"/><net_sink comp="332" pin=1"/></net>

<net id="341"><net_src comp="332" pin="2"/><net_sink comp="338" pin=0"/></net>

<net id="346"><net_src comp="184" pin="1"/><net_sink comp="342" pin=0"/></net>

<net id="347"><net_src comp="172" pin="1"/><net_sink comp="342" pin=1"/></net>

<net id="351"><net_src comp="342" pin="2"/><net_sink comp="348" pin=0"/></net>

<net id="356"><net_src comp="338" pin="1"/><net_sink comp="352" pin=0"/></net>

<net id="357"><net_src comp="348" pin="1"/><net_sink comp="352" pin=1"/></net>

<net id="361"><net_src comp="352" pin="2"/><net_sink comp="358" pin=0"/></net>

<net id="366"><net_src comp="208" pin="1"/><net_sink comp="362" pin=0"/></net>

<net id="367"><net_src comp="196" pin="1"/><net_sink comp="362" pin=1"/></net>

<net id="371"><net_src comp="362" pin="2"/><net_sink comp="368" pin=0"/></net>

<net id="376"><net_src comp="232" pin="1"/><net_sink comp="372" pin=0"/></net>

<net id="377"><net_src comp="220" pin="1"/><net_sink comp="372" pin=1"/></net>

<net id="381"><net_src comp="372" pin="2"/><net_sink comp="378" pin=0"/></net>

<net id="386"><net_src comp="368" pin="1"/><net_sink comp="382" pin=0"/></net>

<net id="387"><net_src comp="378" pin="1"/><net_sink comp="382" pin=1"/></net>

<net id="391"><net_src comp="382" pin="2"/><net_sink comp="388" pin=0"/></net>

<net id="396"><net_src comp="358" pin="1"/><net_sink comp="392" pin=0"/></net>

<net id="397"><net_src comp="388" pin="1"/><net_sink comp="392" pin=1"/></net>

<net id="401"><net_src comp="392" pin="2"/><net_sink comp="398" pin=0"/></net>

<net id="406"><net_src comp="256" pin="1"/><net_sink comp="402" pin=0"/></net>

<net id="407"><net_src comp="244" pin="1"/><net_sink comp="402" pin=1"/></net>

<net id="411"><net_src comp="402" pin="2"/><net_sink comp="408" pin=0"/></net>

<net id="416"><net_src comp="280" pin="1"/><net_sink comp="412" pin=0"/></net>

<net id="417"><net_src comp="268" pin="1"/><net_sink comp="412" pin=1"/></net>

<net id="421"><net_src comp="412" pin="2"/><net_sink comp="418" pin=0"/></net>

<net id="426"><net_src comp="408" pin="1"/><net_sink comp="422" pin=0"/></net>

<net id="427"><net_src comp="418" pin="1"/><net_sink comp="422" pin=1"/></net>

<net id="431"><net_src comp="422" pin="2"/><net_sink comp="428" pin=0"/></net>

<net id="436"><net_src comp="304" pin="1"/><net_sink comp="432" pin=0"/></net>

<net id="437"><net_src comp="292" pin="1"/><net_sink comp="432" pin=1"/></net>

<net id="441"><net_src comp="432" pin="2"/><net_sink comp="438" pin=0"/></net>

<net id="446"><net_src comp="328" pin="1"/><net_sink comp="442" pin=0"/></net>

<net id="447"><net_src comp="316" pin="1"/><net_sink comp="442" pin=1"/></net>

<net id="451"><net_src comp="442" pin="2"/><net_sink comp="448" pin=0"/></net>

<net id="456"><net_src comp="438" pin="1"/><net_sink comp="452" pin=0"/></net>

<net id="457"><net_src comp="448" pin="1"/><net_sink comp="452" pin=1"/></net>

<net id="461"><net_src comp="452" pin="2"/><net_sink comp="458" pin=0"/></net>

<net id="466"><net_src comp="428" pin="1"/><net_sink comp="462" pin=0"/></net>

<net id="467"><net_src comp="458" pin="1"/><net_sink comp="462" pin=1"/></net>

<net id="471"><net_src comp="462" pin="2"/><net_sink comp="468" pin=0"/></net>

<net id="476"><net_src comp="398" pin="1"/><net_sink comp="472" pin=0"/></net>

<net id="477"><net_src comp="468" pin="1"/><net_sink comp="472" pin=1"/></net>

<net id="484"><net_src comp="38" pin="0"/><net_sink comp="478" pin=0"/></net>

<net id="485"><net_src comp="472" pin="2"/><net_sink comp="478" pin=1"/></net>

<net id="486"><net_src comp="40" pin="0"/><net_sink comp="478" pin=2"/></net>

<net id="487"><net_src comp="42" pin="0"/><net_sink comp="478" pin=3"/></net>

</net_list>

</model> 
---------------- Datapath Model END ------------------

* FSMD analyzer results:
  - Output states:
 - Input state : 
	Port: pool_op<ap_fixed<20, 11, 4, 0, 0>, 16, 1, ap_fixed<16, 6, 5, 3, 0> > : x_0_V_read | {1 }
	Port: pool_op<ap_fixed<20, 11, 4, 0, 0>, 16, 1, ap_fixed<16, 6, 5, 3, 0> > : x_1_V_read | {1 }
	Port: pool_op<ap_fixed<20, 11, 4, 0, 0>, 16, 1, ap_fixed<16, 6, 5, 3, 0> > : x_2_V_read | {1 }
	Port: pool_op<ap_fixed<20, 11, 4, 0, 0>, 16, 1, ap_fixed<16, 6, 5, 3, 0> > : x_3_V_read | {1 }
	Port: pool_op<ap_fixed<20, 11, 4, 0, 0>, 16, 1, ap_fixed<16, 6, 5, 3, 0> > : x_4_V_read | {1 }
	Port: pool_op<ap_fixed<20, 11, 4, 0, 0>, 16, 1, ap_fixed<16, 6, 5, 3, 0> > : x_5_V_read | {1 }
	Port: pool_op<ap_fixed<20, 11, 4, 0, 0>, 16, 1, ap_fixed<16, 6, 5, 3, 0> > : x_6_V_read | {1 }
	Port: pool_op<ap_fixed<20, 11, 4, 0, 0>, 16, 1, ap_fixed<16, 6, 5, 3, 0> > : x_7_V_read | {1 }
	Port: pool_op<ap_fixed<20, 11, 4, 0, 0>, 16, 1, ap_fixed<16, 6, 5, 3, 0> > : x_8_V_read | {1 }
	Port: pool_op<ap_fixed<20, 11, 4, 0, 0>, 16, 1, ap_fixed<16, 6, 5, 3, 0> > : x_9_V_read | {1 }
	Port: pool_op<ap_fixed<20, 11, 4, 0, 0>, 16, 1, ap_fixed<16, 6, 5, 3, 0> > : x_10_V_read | {1 }
	Port: pool_op<ap_fixed<20, 11, 4, 0, 0>, 16, 1, ap_fixed<16, 6, 5, 3, 0> > : x_11_V_read | {1 }
	Port: pool_op<ap_fixed<20, 11, 4, 0, 0>, 16, 1, ap_fixed<16, 6, 5, 3, 0> > : x_12_V_read | {1 }
	Port: pool_op<ap_fixed<20, 11, 4, 0, 0>, 16, 1, ap_fixed<16, 6, 5, 3, 0> > : x_13_V_read | {1 }
	Port: pool_op<ap_fixed<20, 11, 4, 0, 0>, 16, 1, ap_fixed<16, 6, 5, 3, 0> > : x_14_V_read | {1 }
	Port: pool_op<ap_fixed<20, 11, 4, 0, 0>, 16, 1, ap_fixed<16, 6, 5, 3, 0> > : x_15_V_read | {1 }
  - Chain level:
	State 1
		zext_ln703 : 1
		zext_ln703_1 : 1
		zext_ln703_2 : 1
		zext_ln703_3 : 1
		zext_ln703_4 : 1
		zext_ln703_5 : 1
		zext_ln703_6 : 1
		zext_ln703_7 : 1
		zext_ln703_8 : 1
		zext_ln703_9 : 1
		zext_ln703_10 : 1
		zext_ln703_11 : 1
		zext_ln703_12 : 1
		zext_ln703_13 : 1
		zext_ln703_14 : 1
		zext_ln703_15 : 1
		add_ln703 : 2
		zext_ln703_16 : 3
		add_ln703_1 : 2
		zext_ln703_17 : 3
		add_ln703_2 : 4
		zext_ln703_18 : 5
		add_ln703_3 : 2
		zext_ln703_19 : 3
		add_ln703_4 : 2
		zext_ln703_20 : 3
		add_ln703_5 : 4
		zext_ln703_21 : 5
		add_ln703_6 : 6
		zext_ln703_22 : 7
		add_ln703_7 : 2
		zext_ln703_23 : 3
		add_ln703_8 : 2
		zext_ln703_24 : 3
		add_ln703_9 : 4
		zext_ln703_25 : 5
		add_ln703_10 : 2
		zext_ln703_26 : 3
		add_ln703_11 : 2
		zext_ln703_27 : 3
		add_ln703_12 : 4
		zext_ln703_28 : 5
		add_ln703_13 : 6
		zext_ln703_29 : 7
		add_ln703_14 : 8
		tmp : 9
		ret_ln41 : 10


============================================================
+ Verbose Summary: Datapath Resource usage 
============================================================

* Functional unit list:
|----------|--------------------------|---------|---------|
| Operation|      Functional Unit     |    FF   |   LUT   |
|----------|--------------------------|---------|---------|
|          |     add_ln703_fu_332     |    0    |    17   |
|          |    add_ln703_1_fu_342    |    0    |    17   |
|          |    add_ln703_2_fu_352    |    0    |    18   |
|          |    add_ln703_3_fu_362    |    0    |    17   |
|          |    add_ln703_4_fu_372    |    0    |    17   |
|          |    add_ln703_5_fu_382    |    0    |    18   |
|          |    add_ln703_6_fu_392    |    0    |    19   |
|    add   |    add_ln703_7_fu_402    |    0    |    17   |
|          |    add_ln703_8_fu_412    |    0    |    17   |
|          |    add_ln703_9_fu_422    |    0    |    18   |
|          |    add_ln703_10_fu_432   |    0    |    17   |
|          |    add_ln703_11_fu_442   |    0    |    17   |
|          |    add_ln703_12_fu_452   |    0    |    18   |
|          |    add_ln703_13_fu_462   |    0    |    19   |
|          |    add_ln703_14_fu_472   |    0    |    20   |
|----------|--------------------------|---------|---------|
|          | x_15_V_read_1_read_fu_44 |    0    |    0    |
|          | x_14_V_read_1_read_fu_50 |    0    |    0    |
|          | x_13_V_read_1_read_fu_56 |    0    |    0    |
|          | x_12_V_read_1_read_fu_62 |    0    |    0    |
|          | x_11_V_read_1_read_fu_68 |    0    |    0    |
|          | x_10_V_read_1_read_fu_74 |    0    |    0    |
|          |  x_9_V_read_1_read_fu_80 |    0    |    0    |
|   read   |  x_8_V_read_1_read_fu_86 |    0    |    0    |
|          |  x_7_V_read_1_read_fu_92 |    0    |    0    |
|          |  x_6_V_read_1_read_fu_98 |    0    |    0    |
|          | x_5_V_read_1_read_fu_104 |    0    |    0    |
|          | x_4_V_read_1_read_fu_110 |    0    |    0    |
|          | x_3_V_read_1_read_fu_116 |    0    |    0    |
|          | x_2_V_read_1_read_fu_122 |    0    |    0    |
|          | x_1_V_read_1_read_fu_128 |    0    |    0    |
|          | x_0_V_read_1_read_fu_134 |    0    |    0    |
|----------|--------------------------|---------|---------|
|          |       shl_ln_fu_140      |    0    |    0    |
|          |    shl_ln703_1_fu_152    |    0    |    0    |
|          |    shl_ln703_2_fu_164    |    0    |    0    |
|          |    shl_ln703_3_fu_176    |    0    |    0    |
|          |    shl_ln703_4_fu_188    |    0    |    0    |
|          |    shl_ln703_5_fu_200    |    0    |    0    |
|          |    shl_ln703_6_fu_212    |    0    |    0    |
|bitconcatenate|    shl_ln703_7_fu_224    |    0    |    0    |
|          |    shl_ln703_8_fu_236    |    0    |    0    |
|          |    shl_ln703_9_fu_248    |    0    |    0    |
|          |    shl_ln703_s_fu_260    |    0    |    0    |
|          |    shl_ln703_10_fu_272   |    0    |    0    |
|          |    shl_ln703_11_fu_284   |    0    |    0    |
|          |    shl_ln703_12_fu_296   |    0    |    0    |
|          |    shl_ln703_13_fu_308   |    0    |    0    |
|          |    shl_ln703_14_fu_320   |    0    |    0    |
|----------|--------------------------|---------|---------|
|          |     zext_ln703_fu_148    |    0    |    0    |
|          |    zext_ln703_1_fu_160   |    0    |    0    |
|          |    zext_ln703_2_fu_172   |    0    |    0    |
|          |    zext_ln703_3_fu_184   |    0    |    0    |
|          |    zext_ln703_4_fu_196   |    0    |    0    |
|          |    zext_ln703_5_fu_208   |    0    |    0    |
|          |    zext_ln703_6_fu_220   |    0    |    0    |
|          |    zext_ln703_7_fu_232   |    0    |    0    |
|          |    zext_ln703_8_fu_244   |    0    |    0    |
|          |    zext_ln703_9_fu_256   |    0    |    0    |
|          |   zext_ln703_10_fu_268   |    0    |    0    |
|          |   zext_ln703_11_fu_280   |    0    |    0    |
|          |   zext_ln703_12_fu_292   |    0    |    0    |
|          |   zext_ln703_13_fu_304   |    0    |    0    |
|   zext   |   zext_ln703_14_fu_316   |    0    |    0    |
|          |   zext_ln703_15_fu_328   |    0    |    0    |
|          |   zext_ln703_16_fu_338   |    0    |    0    |
|          |   zext_ln703_17_fu_348   |    0    |    0    |
|          |   zext_ln703_18_fu_358   |    0    |    0    |
|          |   zext_ln703_19_fu_368   |    0    |    0    |
|          |   zext_ln703_20_fu_378   |    0    |    0    |
|          |   zext_ln703_21_fu_388   |    0    |    0    |
|          |   zext_ln703_22_fu_398   |    0    |    0    |
|          |   zext_ln703_23_fu_408   |    0    |    0    |
|          |   zext_ln703_24_fu_418   |    0    |    0    |
|          |   zext_ln703_25_fu_428   |    0    |    0    |
|          |   zext_ln703_26_fu_438   |    0    |    0    |
|          |   zext_ln703_27_fu_448   |    0    |    0    |
|          |   zext_ln703_28_fu_458   |    0    |    0    |
|          |   zext_ln703_29_fu_468   |    0    |    0    |
|----------|--------------------------|---------|---------|
|partselect|        tmp_fu_478        |    0    |    0    |
|----------|--------------------------|---------|---------|
|   Total  |                          |    0    |   266   |
|----------|--------------------------|---------|---------|

Memories:
N/A

* Register list:
N/A

* Multiplexer (MUX) list: 
|--------|------|------|------|--------|
|  Comp  |  Pin | Size |  BW  | S x BW |
|--------|------|------|------|--------|
|  Total |      |      |      |    0   |
|--------|------|------|------|--------|



* Summary:
+-----------+--------+--------+
|           |   FF   |   LUT  |
+-----------+--------+--------+
|  Function |    0   |   266  |
|   Memory  |    -   |    -   |
|Multiplexer|    -   |    -   |
|  Register |    -   |    -   |
+-----------+--------+--------+
|   Total   |    0   |   266  |
+-----------+--------+--------+
