
****** Vitis HLS - High-Level Synthesis from C, C++ and OpenCL v2023.1 (64-bit)
  **** SW Build 3854077 on May  4 2023
  **** IP Build 3864474 on Sun May  7 20:36:21 MDT 2023
  **** SharedData Build 3865790 on Sun May 07 13:33:03 MDT 2023
    ** Copyright 1986-2022 Xilinx, Inc. All Rights Reserved.
    ** Copyright 2022-2023 Advanced Micro Devices, Inc. All Rights Reserved.

source /tools/Xilinx/Vitis_HLS/2023.1/scripts/vitis_hls/hls.tcl -notrace
INFO: [HLS 200-10] Running '/tools/Xilinx/Vitis_HLS/2023.1/bin/unwrapped/lnx64.o/vitis_hls'
INFO: [HLS 200-10] For user 'coder' on host 'coder-hftsoi-hls' (Linux_x86_64 version 5.15.134+release+2.10.0r8-amd64) on Sat Feb 01 20:34:37 UTC 2025
INFO: [HLS 200-10] On os Ubuntu 20.04.6 LTS
INFO: [HLS 200-10] In directory '/home/coder/sparse/model_conv50'
Sourcing Tcl script 'build_prj.tcl'
INFO: [HLS 200-1510] Running: open_project -reset model_test_prj 
INFO: [HLS 200-10] Creating and opening project '/home/coder/sparse/model_conv50/model_test_prj'.
INFO: [HLS 200-1510] Running: set_top model_test 
INFO: [HLS 200-1510] Running: add_files firmware/model_test.cpp -cflags -std=c++0x 
INFO: [HLS 200-10] Adding design file 'firmware/model_test.cpp' to the project
INFO: [HLS 200-1510] Running: add_files -tb model_test_test.cpp -cflags -std=c++0x 
INFO: [HLS 200-10] Adding test bench file 'model_test_test.cpp' to the project
INFO: [HLS 200-1510] Running: add_files -tb firmware/weights 
INFO: [HLS 200-10] Adding test bench file 'firmware/weights' to the project
INFO: [HLS 200-1510] Running: add_files -tb tb_data 
INFO: [HLS 200-10] Adding test bench file 'tb_data' to the project
INFO: [HLS 200-1510] Running: open_solution -reset solution1 
INFO: [HLS 200-10] Creating and opening solution '/home/coder/sparse/model_conv50/model_test_prj/solution1'.
INFO: [HLS 200-10] Cleaning up the solution database.
INFO: [HLS 200-1505] Using default flow_target 'vivado'
Resolution: For help on HLS 200-1505 see www.xilinx.com/cgi-bin/docs/rdoc?v=2023.1;t=hls+guidance;d=200-1505.html
INFO: [HLS 200-1510] Running: config_array_partition -maximum_size 4096 
INFO: [XFORM 203-101] Allowed max sub elements number after partition is 4096.
ERROR: [HLS 200-642] The 'config_array_partition -maximum_size' command is not supported.
INFO: [HLS 200-1510] Running: config_compile -name_max_length 80 
INFO: [XFORM 203-1161] The maximum of name length is set to 80.
INFO: [HLS 200-1510] Running: set_part xcvu13p-flga2577-2-e 
INFO: [HLS 200-1611] Setting target device to 'xcvu13p-flga2577-2-e'
INFO: [XFORM 203-1161] The maximum of name length is set to 80.
INFO: [HLS 200-1510] Running: config_schedule -enable_dsp_full_reg=false 
INFO: [HLS 200-1510] Running: create_clock -period 5 -name default 
INFO: [SYN 201-201] Setting up clock 'default' with a period of 5ns.
INFO: [HLS 200-1510] Running: set_clock_uncertainty 12.5% default 
INFO: [SYN 201-201] Setting up clock 'default' with an uncertainty of 0.625ns.
***** C/RTL SYNTHESIS *****
INFO: [HLS 200-1510] Running: csynth_design 
INFO: [HLS 200-111] Finished File checks and directory preparation: CPU user time: 0.09 seconds. CPU system time: 0.01 seconds. Elapsed time: 0.09 seconds; current allocated memory: 1.449 GB.
INFO: [HLS 200-10] Analyzing design file 'firmware/model_test.cpp' ... 
WARNING: [HLS 207-5531] 'Resource pragma' is deprecated, use 'bind_op/bind_storage pragma' instead (firmware/nnet_utils/nnet_dense_resource.h:33:9)
WARNING: [HLS 207-5531] 'Resource pragma' is deprecated, use 'bind_op/bind_storage pragma' instead (firmware/nnet_utils/nnet_dense_resource.h:107:9)
WARNING: [HLS 207-5531] 'Resource pragma' is deprecated, use 'bind_op/bind_storage pragma' instead (firmware/nnet_utils/nnet_dense_resource.h:189:9)
WARNING: [HLS 207-5532] 'region' in '#pragma HLS Inline' is deprecated, use 'Inline Pragma' instead (firmware/nnet_utils/nnet_conv2d.h:47:26)
WARNING: [HLS 207-5532] 'region' in '#pragma HLS Inline' is deprecated, use 'Inline Pragma' instead (firmware/nnet_utils/nnet_conv2d.h:63:26)
WARNING: [HLS 207-5559] unexpected pragma argument 'compute_output_buffer_1d', expects function/operation (firmware/nnet_utils/nnet_conv2d_stream.h:79:34)
WARNING: [HLS 207-5559] unexpected pragma argument 'compute_output_buffer_2d', expects function/operation (firmware/nnet_utils/nnet_conv2d_stream.h:80:34)
WARNING: [HLS 214-113] Either use an argument of the function or declare the variable inside the dataflow loop body (firmware/model_test.cpp:32:65)
Resolution: For help on HLS 214-113 see www.xilinx.com/cgi-bin/docs/rdoc?v=2023.1;t=hls+guidance;d=214-113.html
WARNING: [HLS 214-113] Either use an argument of the function or declare the variable inside the dataflow loop body (firmware/model_test.cpp:32:69)
Resolution: For help on HLS 214-113 see www.xilinx.com/cgi-bin/docs/rdoc?v=2023.1;t=hls+guidance;d=214-113.html
WARNING: [HLS 200-471] Dataflow form checks found 2 issue(s) in file firmware/model_test.cpp
Resolution: For help on HLS 200-471 see www.xilinx.com/cgi-bin/docs/rdoc?v=2023.1;t=hls+guidance;d=200-471.html
WARNING: [HLS 207-5292] unused parameter 'keep' (firmware/nnet_utils/nnet_helpers.h:285:99)
WARNING: [HLS 207-5292] unused parameter 'data' (firmware/nnet_utils/nnet_function_stubs.h:14:36)
WARNING: [HLS 207-5292] unused parameter 'buffer' (firmware/nnet_utils/nnet_function_stubs.h:15:36)
WARNING: [HLS 207-5292] unused parameter 'partition' (firmware/nnet_utils/nnet_function_stubs.h:16:44)
WARNING: [HLS 207-5292] unused parameter 'data' (firmware/nnet_utils/nnet_function_stubs.h:24:24)
WARNING: [HLS 207-5292] unused parameter 'buffer' (firmware/nnet_utils/nnet_function_stubs.h:25:24)
WARNING: [HLS 207-5292] unused parameter 'partition' (firmware/nnet_utils/nnet_function_stubs.h:26:32)
WARNING: [HLS 207-5292] unused parameter 'data' (firmware/nnet_utils/nnet_function_stubs.h:33:30)
WARNING: [HLS 207-5292] unused parameter 'res' (firmware/nnet_utils/nnet_function_stubs.h:33:58)
WARNING: [HLS 207-5292] unused parameter 'weights' (firmware/nnet_utils/nnet_function_stubs.h:34:51)
WARNING: [HLS 207-5292] unused parameter 'biases' (firmware/nnet_utils/nnet_function_stubs.h:35:49)
INFO: [HLS 200-111] Finished Source Code Analysis and Preprocessing: CPU user time: 6.48 seconds. CPU system time: 0.86 seconds. Elapsed time: 12 seconds; current allocated memory: 1.454 GB.
INFO: [HLS 200-777] Using interface defaults for 'Vivado' flow target.
INFO: [HLS 200-1995] There were 41,776 instructions in the design after the 'Compile/Link' phase of compilation. See the Design Size Report for more details: /home/coder/sparse/model_conv50/model_test_prj/solution1/syn/report/csynth_design_size.rpt
INFO: [HLS 200-1995] There were 39,598 instructions in the design after the 'Unroll/Inline' phase of compilation. See the Design Size Report for more details: /home/coder/sparse/model_conv50/model_test_prj/solution1/syn/report/csynth_design_size.rpt
INFO: [HLS 200-1995] There were 6,127 instructions in the design after the 'Performance/Pipeline' phase of compilation. See the Design Size Report for more details: /home/coder/sparse/model_conv50/model_test_prj/solution1/syn/report/csynth_design_size.rpt
INFO: [HLS 200-1995] There were 6,239 instructions in the design after the 'Optimizations' phase of compilation. See the Design Size Report for more details: /home/coder/sparse/model_conv50/model_test_prj/solution1/syn/report/csynth_design_size.rpt
INFO: [HLS 214-131] Inlining function 'nnet::product::mult<ap_fixed<12, 4, (ap_q_mode)0, (ap_o_mode)0, 0>, ap_fixed<8, 1, (ap_q_mode)5, (ap_o_mode)3, 0> >::product(ap_fixed<12, 4, (ap_q_mode)0, (ap_o_mode)0, 0>, ap_fixed<8, 1, (ap_q_mode)5, (ap_o_mode)3, 0>)' into 'void nnet::conv_2d_latency_cl<ap_fixed<12, 4, (ap_q_mode)0, (ap_o_mode)0, 0>, ap_fixed<25, 10, (ap_q_mode)5, (ap_o_mode)3, 0>, config2>(ap_fixed<12, 4, (ap_q_mode)0, (ap_o_mode)0, 0>*, ap_fixed<25, 10, (ap_q_mode)5, (ap_o_mode)3, 0>*, config2::weight_t*, config2::bias_t*)' (firmware/nnet_utils/nnet_conv2d_latency.h:55:25)
INFO: [HLS 214-291] Loop 'PixelLoop' is marked as complete unroll implied by the pipeline pragma (firmware/nnet_utils/nnet_conv2d_latency.h:41:9)
INFO: [HLS 214-291] Loop 'Product1' is marked as complete unroll implied by the pipeline pragma (firmware/nnet_utils/nnet_conv2d_latency.h:48:13)
INFO: [HLS 214-291] Loop 'Product2' is marked as complete unroll implied by the pipeline pragma (firmware/nnet_utils/nnet_conv2d_latency.h:52:17)
INFO: [HLS 214-291] Loop 'ResetAccum' is marked as complete unroll implied by the pipeline pragma (firmware/nnet_utils/nnet_conv2d_latency.h:62:13)
INFO: [HLS 214-291] Loop 'Accum1' is marked as complete unroll implied by the pipeline pragma (firmware/nnet_utils/nnet_conv2d_latency.h:69:13)
INFO: [HLS 214-291] Loop 'Accum2' is marked as complete unroll implied by the pipeline pragma (firmware/nnet_utils/nnet_conv2d_latency.h:72:17)
INFO: [HLS 214-291] Loop 'Result' is marked as complete unroll implied by the pipeline pragma (firmware/nnet_utils/nnet_conv2d_latency.h:80:13)
INFO: [HLS 214-186] Unrolling loop 'PixelLoop' (firmware/nnet_utils/nnet_conv2d_latency.h:41:9) in function 'nnet::conv_2d_latency_cl<ap_fixed<12, 4, (ap_q_mode)0, (ap_o_mode)0, 0>, ap_fixed<25, 10, (ap_q_mode)5, (ap_o_mode)3, 0>, config2>' completely with a factor of 50 (firmware/nnet_utils/nnet_conv2d_latency.h:15:0)
INFO: [HLS 214-186] Unrolling loop 'Result' (firmware/nnet_utils/nnet_conv2d_latency.h:80:13) in function 'nnet::conv_2d_latency_cl<ap_fixed<12, 4, (ap_q_mode)0, (ap_o_mode)0, 0>, ap_fixed<25, 10, (ap_q_mode)5, (ap_o_mode)3, 0>, config2>' completely with a factor of 1 (firmware/nnet_utils/nnet_conv2d_latency.h:15:0)
INFO: [HLS 214-186] Unrolling loop 'Accum1' (firmware/nnet_utils/nnet_conv2d_latency.h:69:13) in function 'nnet::conv_2d_latency_cl<ap_fixed<12, 4, (ap_q_mode)0, (ap_o_mode)0, 0>, ap_fixed<25, 10, (ap_q_mode)5, (ap_o_mode)3, 0>, config2>' completely with a factor of 9 (firmware/nnet_utils/nnet_conv2d_latency.h:15:0)
INFO: [HLS 214-186] Unrolling loop 'Accum2' (firmware/nnet_utils/nnet_conv2d_latency.h:72:17) in function 'nnet::conv_2d_latency_cl<ap_fixed<12, 4, (ap_q_mode)0, (ap_o_mode)0, 0>, ap_fixed<25, 10, (ap_q_mode)5, (ap_o_mode)3, 0>, config2>' completely with a factor of 1 (firmware/nnet_utils/nnet_conv2d_latency.h:15:0)
INFO: [HLS 214-186] Unrolling loop 'ResetAccum' (firmware/nnet_utils/nnet_conv2d_latency.h:62:13) in function 'nnet::conv_2d_latency_cl<ap_fixed<12, 4, (ap_q_mode)0, (ap_o_mode)0, 0>, ap_fixed<25, 10, (ap_q_mode)5, (ap_o_mode)3, 0>, config2>' completely with a factor of 1 (firmware/nnet_utils/nnet_conv2d_latency.h:15:0)
INFO: [HLS 214-186] Unrolling loop 'Product1' (firmware/nnet_utils/nnet_conv2d_latency.h:48:13) in function 'nnet::conv_2d_latency_cl<ap_fixed<12, 4, (ap_q_mode)0, (ap_o_mode)0, 0>, ap_fixed<25, 10, (ap_q_mode)5, (ap_o_mode)3, 0>, config2>' completely with a factor of 9 (firmware/nnet_utils/nnet_conv2d_latency.h:15:0)
INFO: [HLS 214-186] Unrolling loop 'Product2' (firmware/nnet_utils/nnet_conv2d_latency.h:52:17) in function 'nnet::conv_2d_latency_cl<ap_fixed<12, 4, (ap_q_mode)0, (ap_o_mode)0, 0>, ap_fixed<25, 10, (ap_q_mode)5, (ap_o_mode)3, 0>, config2>' completely with a factor of 1 (firmware/nnet_utils/nnet_conv2d_latency.h:15:0)
INFO: [HLS 214-248] Applying array_partition to 'b2': Complete partitioning on dimension 1. (firmware/weights/b2.h:12:0)
INFO: [HLS 214-248] Applying array_partition to 'w2': Complete partitioning on dimension 1. (firmware/weights/w2.h:12:0)
INFO: [HLS 214-248] Applying array_partition to 'data_buf': Complete partitioning on dimension 1. Complete partitioning on dimension 2. (firmware/nnet_utils/nnet_conv2d_latency.h:19:12)
INFO: [HLS 214-248] Applying array_partition to 'layer2_out': Complete partitioning on dimension 1. (firmware/model_test.cpp:10:0)
INFO: [HLS 214-241] Aggregating scalar variable 'layer2_out_99' with compact=bit mode in 25-bits (firmware/model_test.cpp:10:0)
INFO: [HLS 214-241] Aggregating scalar variable 'layer2_out_98' with compact=bit mode in 25-bits (firmware/model_test.cpp:10:0)
INFO: [HLS 214-241] Aggregating scalar variable 'layer2_out_97' with compact=bit mode in 25-bits (firmware/model_test.cpp:10:0)
INFO: [HLS 214-241] Aggregating scalar variable 'layer2_out_96' with compact=bit mode in 25-bits (firmware/model_test.cpp:10:0)
INFO: [HLS 214-241] Aggregating scalar variable 'layer2_out_95' with compact=bit mode in 25-bits (firmware/model_test.cpp:10:0)
INFO: [HLS 214-241] Aggregating scalar variable 'layer2_out_94' with compact=bit mode in 25-bits (firmware/model_test.cpp:10:0)
INFO: [HLS 214-241] Aggregating scalar variable 'layer2_out_93' with compact=bit mode in 25-bits (firmware/model_test.cpp:10:0)
INFO: [HLS 214-241] Aggregating scalar variable 'layer2_out_92' with compact=bit mode in 25-bits (firmware/model_test.cpp:10:0)
INFO: [HLS 214-241] Aggregating scalar variable 'layer2_out_91' with compact=bit mode in 25-bits (firmware/model_test.cpp:10:0)
INFO: [HLS 214-241] Aggregating scalar variable 'layer2_out_90' with compact=bit mode in 25-bits (firmware/model_test.cpp:10:0)
INFO: [HLS 214-241] Aggregating scalar variable 'layer2_out_89' with compact=bit mode in 25-bits (firmware/model_test.cpp:10:0)
INFO: [HLS 214-241] Aggregating scalar variable 'layer2_out_88' with compact=bit mode in 25-bits (firmware/model_test.cpp:10:0)
INFO: [HLS 214-241] Aggregating scalar variable 'layer2_out_87' with compact=bit mode in 25-bits (firmware/model_test.cpp:10:0)
INFO: [HLS 214-241] Aggregating scalar variable 'layer2_out_86' with compact=bit mode in 25-bits (firmware/model_test.cpp:10:0)
INFO: [HLS 214-241] Aggregating scalar variable 'layer2_out_85' with compact=bit mode in 25-bits (firmware/model_test.cpp:10:0)
INFO: [HLS 214-241] Aggregating scalar variable 'layer2_out_84' with compact=bit mode in 25-bits (firmware/model_test.cpp:10:0)
INFO: [HLS 214-241] Aggregating scalar variable 'layer2_out_83' with compact=bit mode in 25-bits (firmware/model_test.cpp:10:0)
INFO: [HLS 214-241] Aggregating scalar variable 'layer2_out_82' with compact=bit mode in 25-bits (firmware/model_test.cpp:10:0)
INFO: [HLS 214-241] Aggregating scalar variable 'layer2_out_81' with compact=bit mode in 25-bits (firmware/model_test.cpp:10:0)
INFO: [HLS 214-241] Aggregating scalar variable 'layer2_out_80' with compact=bit mode in 25-bits (firmware/model_test.cpp:10:0)
INFO: [HLS 214-241] Aggregating scalar variable 'layer2_out_79' with compact=bit mode in 25-bits (firmware/model_test.cpp:10:0)
INFO: [HLS 214-241] Aggregating scalar variable 'layer2_out_78' with compact=bit mode in 25-bits (firmware/model_test.cpp:10:0)
INFO: [HLS 214-241] Aggregating scalar variable 'layer2_out_77' with compact=bit mode in 25-bits (firmware/model_test.cpp:10:0)
INFO: [HLS 214-241] Aggregating scalar variable 'layer2_out_76' with compact=bit mode in 25-bits (firmware/model_test.cpp:10:0)
INFO: [HLS 214-241] Aggregating scalar variable 'layer2_out_75' with compact=bit mode in 25-bits (firmware/model_test.cpp:10:0)
INFO: [HLS 214-241] Aggregating scalar variable 'layer2_out_74' with compact=bit mode in 25-bits (firmware/model_test.cpp:10:0)
INFO: [HLS 214-241] Aggregating scalar variable 'layer2_out_73' with compact=bit mode in 25-bits (firmware/model_test.cpp:10:0)
INFO: [HLS 214-241] Aggregating scalar variable 'layer2_out_72' with compact=bit mode in 25-bits (firmware/model_test.cpp:10:0)
INFO: [HLS 214-241] Aggregating scalar variable 'layer2_out_71' with compact=bit mode in 25-bits (firmware/model_test.cpp:10:0)
INFO: [HLS 214-241] Aggregating scalar variable 'layer2_out_70' with compact=bit mode in 25-bits (firmware/model_test.cpp:10:0)
INFO: [HLS 214-241] Aggregating scalar variable 'layer2_out_69' with compact=bit mode in 25-bits (firmware/model_test.cpp:10:0)
INFO: [HLS 214-241] Aggregating scalar variable 'layer2_out_68' with compact=bit mode in 25-bits (firmware/model_test.cpp:10:0)
INFO: [HLS 214-241] Aggregating scalar variable 'layer2_out_67' with compact=bit mode in 25-bits (firmware/model_test.cpp:10:0)
INFO: [HLS 214-241] Aggregating scalar variable 'layer2_out_66' with compact=bit mode in 25-bits (firmware/model_test.cpp:10:0)
INFO: [HLS 214-241] Aggregating scalar variable 'layer2_out_65' with compact=bit mode in 25-bits (firmware/model_test.cpp:10:0)
INFO: [HLS 214-241] Aggregating scalar variable 'layer2_out_64' with compact=bit mode in 25-bits (firmware/model_test.cpp:10:0)
INFO: [HLS 214-241] Aggregating scalar variable 'layer2_out_63' with compact=bit mode in 25-bits (firmware/model_test.cpp:10:0)
INFO: [HLS 214-241] Aggregating scalar variable 'layer2_out_62' with compact=bit mode in 25-bits (firmware/model_test.cpp:10:0)
INFO: [HLS 214-241] Aggregating scalar variable 'layer2_out_61' with compact=bit mode in 25-bits (firmware/model_test.cpp:10:0)
INFO: [HLS 214-241] Aggregating scalar variable 'layer2_out_60' with compact=bit mode in 25-bits (firmware/model_test.cpp:10:0)
INFO: [HLS 214-241] Aggregating scalar variable 'layer2_out_59' with compact=bit mode in 25-bits (firmware/model_test.cpp:10:0)
INFO: [HLS 214-241] Aggregating scalar variable 'layer2_out_58' with compact=bit mode in 25-bits (firmware/model_test.cpp:10:0)
INFO: [HLS 214-241] Aggregating scalar variable 'layer2_out_57' with compact=bit mode in 25-bits (firmware/model_test.cpp:10:0)
INFO: [HLS 214-241] Aggregating scalar variable 'layer2_out_56' with compact=bit mode in 25-bits (firmware/model_test.cpp:10:0)
INFO: [HLS 214-241] Aggregating scalar variable 'layer2_out_55' with compact=bit mode in 25-bits (firmware/model_test.cpp:10:0)
INFO: [HLS 214-241] Aggregating scalar variable 'layer2_out_54' with compact=bit mode in 25-bits (firmware/model_test.cpp:10:0)
INFO: [HLS 214-241] Aggregating scalar variable 'layer2_out_53' with compact=bit mode in 25-bits (firmware/model_test.cpp:10:0)
INFO: [HLS 214-241] Aggregating scalar variable 'layer2_out_52' with compact=bit mode in 25-bits (firmware/model_test.cpp:10:0)
INFO: [HLS 214-241] Aggregating scalar variable 'layer2_out_51' with compact=bit mode in 25-bits (firmware/model_test.cpp:10:0)
INFO: [HLS 214-241] Aggregating scalar variable 'layer2_out_50' with compact=bit mode in 25-bits (firmware/model_test.cpp:10:0)
INFO: [HLS 214-241] Aggregating scalar variable 'layer2_out_49' with compact=bit mode in 25-bits (firmware/model_test.cpp:10:0)
INFO: [HLS 214-241] Aggregating scalar variable 'layer2_out_48' with compact=bit mode in 25-bits (firmware/model_test.cpp:10:0)
INFO: [HLS 214-241] Aggregating scalar variable 'layer2_out_47' with compact=bit mode in 25-bits (firmware/model_test.cpp:10:0)
INFO: [HLS 214-241] Aggregating scalar variable 'layer2_out_46' with compact=bit mode in 25-bits (firmware/model_test.cpp:10:0)
INFO: [HLS 214-241] Aggregating scalar variable 'layer2_out_45' with compact=bit mode in 25-bits (firmware/model_test.cpp:10:0)
INFO: [HLS 214-241] Aggregating scalar variable 'layer2_out_44' with compact=bit mode in 25-bits (firmware/model_test.cpp:10:0)
INFO: [HLS 214-241] Aggregating scalar variable 'layer2_out_43' with compact=bit mode in 25-bits (firmware/model_test.cpp:10:0)
INFO: [HLS 214-241] Aggregating scalar variable 'layer2_out_42' with compact=bit mode in 25-bits (firmware/model_test.cpp:10:0)
INFO: [HLS 214-241] Aggregating scalar variable 'layer2_out_41' with compact=bit mode in 25-bits (firmware/model_test.cpp:10:0)
INFO: [HLS 214-241] Aggregating scalar variable 'layer2_out_40' with compact=bit mode in 25-bits (firmware/model_test.cpp:10:0)
INFO: [HLS 214-241] Aggregating scalar variable 'layer2_out_39' with compact=bit mode in 25-bits (firmware/model_test.cpp:10:0)
INFO: [HLS 214-241] Aggregating scalar variable 'layer2_out_38' with compact=bit mode in 25-bits (firmware/model_test.cpp:10:0)
INFO: [HLS 214-241] Aggregating scalar variable 'layer2_out_37' with compact=bit mode in 25-bits (firmware/model_test.cpp:10:0)
INFO: [HLS 214-241] Aggregating scalar variable 'layer2_out_36' with compact=bit mode in 25-bits (firmware/model_test.cpp:10:0)
INFO: [HLS 214-241] Aggregating scalar variable 'layer2_out_35' with compact=bit mode in 25-bits (firmware/model_test.cpp:10:0)
INFO: [HLS 214-241] Aggregating scalar variable 'layer2_out_34' with compact=bit mode in 25-bits (firmware/model_test.cpp:10:0)
INFO: [HLS 214-241] Aggregating scalar variable 'layer2_out_33' with compact=bit mode in 25-bits (firmware/model_test.cpp:10:0)
INFO: [HLS 214-241] Aggregating scalar variable 'layer2_out_32' with compact=bit mode in 25-bits (firmware/model_test.cpp:10:0)
INFO: [HLS 214-241] Aggregating scalar variable 'layer2_out_31' with compact=bit mode in 25-bits (firmware/model_test.cpp:10:0)
INFO: [HLS 214-241] Aggregating scalar variable 'layer2_out_30' with compact=bit mode in 25-bits (firmware/model_test.cpp:10:0)
INFO: [HLS 214-241] Aggregating scalar variable 'layer2_out_29' with compact=bit mode in 25-bits (firmware/model_test.cpp:10:0)
INFO: [HLS 214-241] Aggregating scalar variable 'layer2_out_28' with compact=bit mode in 25-bits (firmware/model_test.cpp:10:0)
INFO: [HLS 214-241] Aggregating scalar variable 'layer2_out_27' with compact=bit mode in 25-bits (firmware/model_test.cpp:10:0)
INFO: [HLS 214-241] Aggregating scalar variable 'layer2_out_26' with compact=bit mode in 25-bits (firmware/model_test.cpp:10:0)
INFO: [HLS 214-241] Aggregating scalar variable 'layer2_out_25' with compact=bit mode in 25-bits (firmware/model_test.cpp:10:0)
INFO: [HLS 214-241] Aggregating scalar variable 'layer2_out_24' with compact=bit mode in 25-bits (firmware/model_test.cpp:10:0)
INFO: [HLS 214-241] Aggregating scalar variable 'layer2_out_23' with compact=bit mode in 25-bits (firmware/model_test.cpp:10:0)
INFO: [HLS 214-241] Aggregating scalar variable 'layer2_out_22' with compact=bit mode in 25-bits (firmware/model_test.cpp:10:0)
INFO: [HLS 214-241] Aggregating scalar variable 'layer2_out_21' with compact=bit mode in 25-bits (firmware/model_test.cpp:10:0)
INFO: [HLS 214-241] Aggregating scalar variable 'layer2_out_20' with compact=bit mode in 25-bits (firmware/model_test.cpp:10:0)
INFO: [HLS 214-241] Aggregating scalar variable 'layer2_out_19' with compact=bit mode in 25-bits (firmware/model_test.cpp:10:0)
INFO: [HLS 214-241] Aggregating scalar variable 'layer2_out_18' with compact=bit mode in 25-bits (firmware/model_test.cpp:10:0)
INFO: [HLS 214-241] Aggregating scalar variable 'layer2_out_17' with compact=bit mode in 25-bits (firmware/model_test.cpp:10:0)
INFO: [HLS 214-241] Aggregating scalar variable 'layer2_out_16' with compact=bit mode in 25-bits (firmware/model_test.cpp:10:0)
INFO: [HLS 214-241] Aggregating scalar variable 'layer2_out_15' with compact=bit mode in 25-bits (firmware/model_test.cpp:10:0)
INFO: [HLS 214-241] Aggregating scalar variable 'layer2_out_14' with compact=bit mode in 25-bits (firmware/model_test.cpp:10:0)
INFO: [HLS 214-241] Aggregating scalar variable 'layer2_out_13' with compact=bit mode in 25-bits (firmware/model_test.cpp:10:0)
INFO: [HLS 214-241] Aggregating scalar variable 'layer2_out_12' with compact=bit mode in 25-bits (firmware/model_test.cpp:10:0)
INFO: [HLS 214-241] Aggregating scalar variable 'layer2_out_11' with compact=bit mode in 25-bits (firmware/model_test.cpp:10:0)
INFO: [HLS 214-241] Aggregating scalar variable 'layer2_out_10' with compact=bit mode in 25-bits (firmware/model_test.cpp:10:0)
INFO: [HLS 214-241] Aggregating scalar variable 'layer2_out_9' with compact=bit mode in 25-bits (firmware/model_test.cpp:10:0)
INFO: [HLS 214-241] Aggregating scalar variable 'layer2_out_8' with compact=bit mode in 25-bits (firmware/model_test.cpp:10:0)
INFO: [HLS 214-241] Aggregating scalar variable 'layer2_out_7' with compact=bit mode in 25-bits (firmware/model_test.cpp:10:0)
INFO: [HLS 214-241] Aggregating scalar variable 'layer2_out_6' with compact=bit mode in 25-bits (firmware/model_test.cpp:10:0)
INFO: [HLS 214-241] Aggregating scalar variable 'layer2_out_5' with compact=bit mode in 25-bits (firmware/model_test.cpp:10:0)
INFO: [HLS 214-241] Aggregating scalar variable 'layer2_out_4' with compact=bit mode in 25-bits (firmware/model_test.cpp:10:0)
INFO: [HLS 214-241] Aggregating scalar variable 'layer2_out_3' with compact=bit mode in 25-bits (firmware/model_test.cpp:10:0)
INFO: [HLS 214-241] Aggregating scalar variable 'layer2_out_2' with compact=bit mode in 25-bits (firmware/model_test.cpp:10:0)
INFO: [HLS 214-241] Aggregating scalar variable 'layer2_out_1' with compact=bit mode in 25-bits (firmware/model_test.cpp:10:0)
INFO: [HLS 214-241] Aggregating scalar variable 'layer2_out_0' with compact=bit mode in 25-bits (firmware/model_test.cpp:10:0)
INFO: [HLS 214-248] Applying array_reshape to 'x_in': Complete reshaping on dimension 1. (firmware/model_test.cpp:10:0)
INFO: [HLS 214-364] Automatically inlining function 'nnet::fill_buffer_2<ap_fixed<12, 4, (ap_q_mode)0, (ap_o_mode)0, 0>, config2>::fill_buffer(ap_fixed<12, 4, (ap_q_mode)0, (ap_o_mode)0, 0>*, ap_fixed<12, 4, (ap_q_mode)0, (ap_o_mode)0, 0> (*) [9], unsigned int)' to improve effectiveness of pipeline pragma in function 'void nnet::conv_2d_latency_cl<ap_fixed<12, 4, (ap_q_mode)0, (ap_o_mode)0, 0>, ap_fixed<25, 10, (ap_q_mode)5, (ap_o_mode)3, 0>, config2>(ap_fixed<12, 4, (ap_q_mode)0, (ap_o_mode)0, 0>*, ap_fixed<25, 10, (ap_q_mode)5, (ap_o_mode)3, 0>*, config2::weight_t*, config2::bias_t*)' (firmware/nnet_utils/nnet_conv2d_latency.h:38:2)
INFO: [HLS 214-364] Automatically inlining function 'std::enable_if<!(std::is_same<ap_fixed<12, 4, (ap_q_mode)0, (ap_o_mode)0, 0>, ap_uint<1> >::value), ap_fixed<25, 10, (ap_q_mode)5, (ap_o_mode)3, 0> >::type nnet::cast<ap_fixed<12, 4, (ap_q_mode)0, (ap_o_mode)0, 0>, ap_fixed<25, 10, (ap_q_mode)5, (ap_o_mode)3, 0>, config2_mult>(config2_mult::accum_t)' to improve effectiveness of pipeline pragma in function 'void nnet::conv_2d_latency_cl<ap_fixed<12, 4, (ap_q_mode)0, (ap_o_mode)0, 0>, ap_fixed<25, 10, (ap_q_mode)5, (ap_o_mode)3, 0>, config2>(ap_fixed<12, 4, (ap_q_mode)0, (ap_o_mode)0, 0>*, ap_fixed<25, 10, (ap_q_mode)5, (ap_o_mode)3, 0>*, config2::weight_t*, config2::bias_t*)' (firmware/nnet_utils/nnet_conv2d_latency.h:82:13)
INFO: [HLS 200-111] Finished Compiling Optimization and Transform: CPU user time: 23.73 seconds. CPU system time: 0.87 seconds. Elapsed time: 38.02 seconds; current allocated memory: 1.469 GB.
INFO: [HLS 200-111] Finished Checking Pragmas: CPU user time: 0 seconds. CPU system time: 0 seconds. Elapsed time: 0 seconds; current allocated memory: 1.469 GB.
INFO: [HLS 200-10] Starting code transformations ...
INFO: [XFORM 203-603] Inlining function 'nnet::conv_2d_latency_cl<ap_fixed<12, 4, (ap_q_mode)0, (ap_o_mode)0, 0>, ap_fixed<25, 10, (ap_q_mode)5, (ap_o_mode)3, 0>, config2>' into 'nnet::conv_2d_cl<ap_fixed<12, 4, (ap_q_mode)0, (ap_o_mode)0, 0>, ap_fixed<25, 10, (ap_q_mode)5, (ap_o_mode)3, 0>, config2>' (firmware/nnet_utils/nnet_conv2d.h:50).
INFO: [HLS 200-111] Finished Standard Transforms: CPU user time: 0.73 seconds. CPU system time: 0.03 seconds. Elapsed time: 0.95 seconds; current allocated memory: 1.514 GB.
INFO: [HLS 200-10] Checking synthesizability ...
INFO: [HLS 200-111] Finished Checking Synthesizability: CPU user time: 0.3 seconds. CPU system time: 0 seconds. Elapsed time: 0.39 seconds; current allocated memory: 1.514 GB.
INFO: [XFORM 203-712] Applying dataflow to function 'model_test' (firmware/model_test.cpp:32:1), detected/extracted 1 process function(s): 
	 'nnet::conv_2d_cl<ap_fixed<12, 4, (ap_q_mode)0, (ap_o_mode)0, 0>, ap_fixed<25, 10, (ap_q_mode)5, (ap_o_mode)3, 0>, config2>'.
INFO: [XFORM 203-401] Performing if-conversion on hyperblock from (firmware/nnet_utils/nnet_conv2d_latency.h:36:9) to (firmware/nnet_utils/nnet_conv2d_latency.h:82:11) in function 'nnet::conv_2d_cl<ap_fixed<12, 4, (ap_q_mode)0, (ap_o_mode)0, 0>, ap_fixed<25, 10, (ap_q_mode)5, (ap_o_mode)3, 0>, config2>'... converting 4 basic blocks.
INFO: [XFORM 203-11] Balancing expressions in function 'nnet::conv_2d_cl<ap_fixed<12, 4, (ap_q_mode)0, (ap_o_mode)0, 0>, ap_fixed<25, 10, (ap_q_mode)5, (ap_o_mode)3, 0>, config2>' (firmware/nnet_utils/nnet_conv2d_latency.h:22:5)...336 expression(s) balanced.
INFO: [HLS 200-111] Finished Loop, function and other optimizations: CPU user time: 0.92 seconds. CPU system time: 0.01 seconds. Elapsed time: 1.08 seconds; current allocated memory: 1.523 GB.
INFO: [XFORM 203-531] Rewinding loop 'PartitionLoop' (firmware/nnet_utils/nnet_conv2d_latency.h:35) in function 'conv_2d_cl<ap_fixed<12, 4, 0, 0, 0>, ap_fixed<25, 10, 5, 3, 0>, config2>'.
INFO: [HLS 200-111] Finished Architecture Synthesis: CPU user time: 0.93 seconds. CPU system time: 0.02 seconds. Elapsed time: 0.95 seconds; current allocated memory: 1.541 GB.
INFO: [HLS 200-10] Starting hardware synthesis ...
INFO: [HLS 200-10] Synthesizing 'model_test' ...
WARNING: [SYN 201-103] Legalizing function name 'conv_2d_cl<ap_fixed<12, 4, 0, 0, 0>, ap_fixed<25, 10, 5, 3, 0>, config2>' to 'conv_2d_cl_ap_fixed_12_4_0_0_0_ap_fixed_25_10_5_3_0_config2_s'.
INFO: [HLS 200-10] ----------------------------------------------------------------
INFO: [HLS 200-42] -- Implementing module 'conv_2d_cl_ap_fixed_12_4_0_0_0_ap_fixed_25_10_5_3_0_config2_s' 
INFO: [HLS 200-10] ----------------------------------------------------------------
INFO: [SCHED 204-11] Starting scheduling ...
INFO: [SCHED 204-61] Pipelining loop 'PartitionLoop'.
WARNING: [HLS 200-882] User specified resource constraint cannot be honored operation type mul(II = 1)..
Resolution: For help on HLS 200-882 see www.xilinx.com/cgi-bin/docs/rdoc?v=2023.1;t=hls+guidance;d=200-882.html
WARNING: [HLS 200-885] The II Violation in module 'conv_2d_cl_ap_fixed_12_4_0_0_0_ap_fixed_25_10_5_3_0_config2_s' (loop 'PartitionLoop'): Unable to schedule 'mul' operation ('mul_ln73_18', firmware/nnet_utils/nnet_mult.h:73->firmware/nnet_utils/nnet_conv2d_latency.h:55->firmware/nnet_utils/nnet_conv2d.h:50) due to limited resources (II = 2).
Resolution: For help on HLS 200-885 see www.xilinx.com/cgi-bin/docs/rdoc?v=2023.1;t=hls+guidance;d=200-885.html
WARNING: [HLS 200-885] The II Violation in module 'conv_2d_cl_ap_fixed_12_4_0_0_0_ap_fixed_25_10_5_3_0_config2_s' (loop 'PartitionLoop'): Unable to schedule 'mul' operation ('mul_ln73_27', firmware/nnet_utils/nnet_mult.h:73->firmware/nnet_utils/nnet_conv2d_latency.h:55->firmware/nnet_utils/nnet_conv2d.h:50) due to limited resources (II = 3).
Resolution: For help on HLS 200-885 see www.xilinx.com/cgi-bin/docs/rdoc?v=2023.1;t=hls+guidance;d=200-885.html
WARNING: [HLS 200-885] The II Violation in module 'conv_2d_cl_ap_fixed_12_4_0_0_0_ap_fixed_25_10_5_3_0_config2_s' (loop 'PartitionLoop'): Unable to schedule 'mul' operation ('mul_ln73_36', firmware/nnet_utils/nnet_mult.h:73->firmware/nnet_utils/nnet_conv2d_latency.h:55->firmware/nnet_utils/nnet_conv2d.h:50) due to limited resources (II = 4).
Resolution: For help on HLS 200-885 see www.xilinx.com/cgi-bin/docs/rdoc?v=2023.1;t=hls+guidance;d=200-885.html
WARNING: [HLS 200-885] The II Violation in module 'conv_2d_cl_ap_fixed_12_4_0_0_0_ap_fixed_25_10_5_3_0_config2_s' (loop 'PartitionLoop'): Unable to schedule 'mul' operation ('mul_ln73_45', firmware/nnet_utils/nnet_mult.h:73->firmware/nnet_utils/nnet_conv2d_latency.h:55->firmware/nnet_utils/nnet_conv2d.h:50) due to limited resources (II = 5).
Resolution: For help on HLS 200-885 see www.xilinx.com/cgi-bin/docs/rdoc?v=2023.1;t=hls+guidance;d=200-885.html
INFO: [HLS 200-1470] Pipelining result : Target II = 1, Final II = 6, Depth = 6, loop 'PartitionLoop'
WARNING: [HLS 200-871] Estimated clock period (4.399 ns) exceeds the target (target clock period: 5.000 ns, clock uncertainty: 0.625 ns, effective delay budget: 4.375 ns).
Resolution: For help on HLS 200-871 see www.xilinx.com/cgi-bin/docs/rdoc?v=2023.1;t=hls+guidance;d=200-871.html
WARNING: [HLS 200-1016] The critical path in module 'conv_2d_cl_ap_fixed_12_4_0_0_0_ap_fixed_25_10_5_3_0_config2_s' consists of the following:
	multiplexor before 'phi' operation ('x_in_load_rewind') with incoming values : ('x_in_read') [106]  (0.387 ns)
	'phi' operation ('x_in_load_rewind') with incoming values : ('x_in_read') [106]  (0.000 ns)
	multiplexor before 'phi' operation ('x_in_load_phi') with incoming values : ('x_in_read') [115]  (0.387 ns)
	'phi' operation ('x_in_load_phi') with incoming values : ('x_in_read') [115]  (0.000 ns)
	'select' operation ('data_buf', firmware/nnet_utils/nnet_code_gen.h:22->firmware/nnet_utils/nnet_conv2d_latency.h:38->firmware/nnet_utils/nnet_conv2d.h:50) [278]  (0.299 ns)
	'mul' operation ('mul_ln73_1', firmware/nnet_utils/nnet_mult.h:73->firmware/nnet_utils/nnet_conv2d_latency.h:55->firmware/nnet_utils/nnet_conv2d.h:50) [348]  (1.876 ns)
	'add' operation ('add_ln74_6', firmware/nnet_utils/nnet_conv2d_latency.h:74->firmware/nnet_utils/nnet_conv2d.h:50) [366]  (0.775 ns)
	'add' operation ('add_ln74_8', firmware/nnet_utils/nnet_conv2d_latency.h:74->firmware/nnet_utils/nnet_conv2d.h:50) [369]  (0.000 ns)
	'add' operation ('add_ln74_12', firmware/nnet_utils/nnet_conv2d_latency.h:74->firmware/nnet_utils/nnet_conv2d.h:50) [376]  (0.675 ns)

Resolution: For help on HLS 200-1016 see www.xilinx.com/cgi-bin/docs/rdoc?v=2023.1;t=hls+guidance;d=200-1016.html
INFO: [SCHED 204-11] Finished scheduling.
INFO: [HLS 200-111] Finished Scheduling: CPU user time: 115.92 seconds. CPU system time: 1.27 seconds. Elapsed time: 118.13 seconds; current allocated memory: 3.861 GB.
INFO: [BIND 205-100] Starting micro-architecture generation ...
INFO: [BIND 205-101] Performing variable lifetime analysis.
INFO: [BIND 205-101] Exploring resource sharing.
INFO: [BIND 205-101] Binding ...
INFO: [BIND 205-100] Starting global binding ...
INFO: [BIND 205-100] Finished micro-architecture generation.
INFO: [HLS 200-111] Finished Binding: CPU user time: 1.63 seconds. CPU system time: 0.02 seconds. Elapsed time: 2.66 seconds; current allocated memory: 3.861 GB.
INFO: [HLS 200-10] ----------------------------------------------------------------
INFO: [HLS 200-42] -- Implementing module 'model_test' 
INFO: [HLS 200-10] ----------------------------------------------------------------
INFO: [SCHED 204-11] Starting scheduling ...
INFO: [SCHED 204-11] Finished scheduling.
INFO: [HLS 200-111] Finished Scheduling: CPU user time: 0.66 seconds. CPU system time: 0.02 seconds. Elapsed time: 1.59 seconds; current allocated memory: 3.861 GB.
INFO: [BIND 205-100] Starting micro-architecture generation ...
INFO: [BIND 205-101] Performing variable lifetime analysis.
INFO: [BIND 205-101] Exploring resource sharing.
INFO: [BIND 205-101] Binding ...
INFO: [BIND 205-100] Finished micro-architecture generation.
INFO: [HLS 200-111] Finished Binding: CPU user time: 0.15 seconds. CPU system time: 0 seconds. Elapsed time: 0.32 seconds; current allocated memory: 3.861 GB.
INFO: [HLS 200-10] ----------------------------------------------------------------
INFO: [HLS 200-10] -- Generating RTL for module 'conv_2d_cl_ap_fixed_12_4_0_0_0_ap_fixed_25_10_5_3_0_config2_s' 
INFO: [HLS 200-10] ----------------------------------------------------------------
INFO: [RTGEN 206-100] Generating core module 'mul_12s_8ns_20_1_1': 9 instance(s).
INFO: [RTGEN 206-100] Finished creating RTL model for 'conv_2d_cl_ap_fixed_12_4_0_0_0_ap_fixed_25_10_5_3_0_config2_s'.
INFO: [HLS 200-111] Finished Creating RTL model: CPU user time: 0.93 seconds. CPU system time: 0.02 seconds. Elapsed time: 1.66 seconds; current allocated memory: 3.861 GB.
INFO: [HLS 200-10] ----------------------------------------------------------------
INFO: [HLS 200-10] -- Generating RTL for module 'model_test' 
INFO: [HLS 200-10] ----------------------------------------------------------------
INFO: [RTGEN 206-500] Setting interface mode on port 'model_test/x_in' to 'ap_vld'.
INFO: [RTGEN 206-500] Setting interface mode on port 'model_test/layer2_out_0' to 'ap_vld'.
INFO: [RTGEN 206-500] Setting interface mode on port 'model_test/layer2_out_1' to 'ap_vld'.
INFO: [RTGEN 206-500] Setting interface mode on port 'model_test/layer2_out_2' to 'ap_vld'.
INFO: [RTGEN 206-500] Setting interface mode on port 'model_test/layer2_out_3' to 'ap_vld'.
INFO: [RTGEN 206-500] Setting interface mode on port 'model_test/layer2_out_4' to 'ap_vld'.
INFO: [RTGEN 206-500] Setting interface mode on port 'model_test/layer2_out_5' to 'ap_vld'.
INFO: [RTGEN 206-500] Setting interface mode on port 'model_test/layer2_out_6' to 'ap_vld'.
INFO: [RTGEN 206-500] Setting interface mode on port 'model_test/layer2_out_7' to 'ap_vld'.
INFO: [RTGEN 206-500] Setting interface mode on port 'model_test/layer2_out_8' to 'ap_vld'.
INFO: [RTGEN 206-500] Setting interface mode on port 'model_test/layer2_out_9' to 'ap_vld'.
INFO: [RTGEN 206-500] Setting interface mode on port 'model_test/layer2_out_10' to 'ap_vld'.
INFO: [RTGEN 206-500] Setting interface mode on port 'model_test/layer2_out_11' to 'ap_vld'.
INFO: [RTGEN 206-500] Setting interface mode on port 'model_test/layer2_out_12' to 'ap_vld'.
INFO: [RTGEN 206-500] Setting interface mode on port 'model_test/layer2_out_13' to 'ap_vld'.
INFO: [RTGEN 206-500] Setting interface mode on port 'model_test/layer2_out_14' to 'ap_vld'.
INFO: [RTGEN 206-500] Setting interface mode on port 'model_test/layer2_out_15' to 'ap_vld'.
INFO: [RTGEN 206-500] Setting interface mode on port 'model_test/layer2_out_16' to 'ap_vld'.
INFO: [RTGEN 206-500] Setting interface mode on port 'model_test/layer2_out_17' to 'ap_vld'.
INFO: [RTGEN 206-500] Setting interface mode on port 'model_test/layer2_out_18' to 'ap_vld'.
INFO: [RTGEN 206-500] Setting interface mode on port 'model_test/layer2_out_19' to 'ap_vld'.
INFO: [RTGEN 206-500] Setting interface mode on port 'model_test/layer2_out_20' to 'ap_vld'.
INFO: [RTGEN 206-500] Setting interface mode on port 'model_test/layer2_out_21' to 'ap_vld'.
INFO: [RTGEN 206-500] Setting interface mode on port 'model_test/layer2_out_22' to 'ap_vld'.
INFO: [RTGEN 206-500] Setting interface mode on port 'model_test/layer2_out_23' to 'ap_vld'.
INFO: [RTGEN 206-500] Setting interface mode on port 'model_test/layer2_out_24' to 'ap_vld'.
INFO: [RTGEN 206-500] Setting interface mode on port 'model_test/layer2_out_25' to 'ap_vld'.
INFO: [RTGEN 206-500] Setting interface mode on port 'model_test/layer2_out_26' to 'ap_vld'.
INFO: [RTGEN 206-500] Setting interface mode on port 'model_test/layer2_out_27' to 'ap_vld'.
INFO: [RTGEN 206-500] Setting interface mode on port 'model_test/layer2_out_28' to 'ap_vld'.
INFO: [RTGEN 206-500] Setting interface mode on port 'model_test/layer2_out_29' to 'ap_vld'.
INFO: [RTGEN 206-500] Setting interface mode on port 'model_test/layer2_out_30' to 'ap_vld'.
INFO: [RTGEN 206-500] Setting interface mode on port 'model_test/layer2_out_31' to 'ap_vld'.
INFO: [RTGEN 206-500] Setting interface mode on port 'model_test/layer2_out_32' to 'ap_vld'.
INFO: [RTGEN 206-500] Setting interface mode on port 'model_test/layer2_out_33' to 'ap_vld'.
INFO: [RTGEN 206-500] Setting interface mode on port 'model_test/layer2_out_34' to 'ap_vld'.
INFO: [RTGEN 206-500] Setting interface mode on port 'model_test/layer2_out_35' to 'ap_vld'.
INFO: [RTGEN 206-500] Setting interface mode on port 'model_test/layer2_out_36' to 'ap_vld'.
INFO: [RTGEN 206-500] Setting interface mode on port 'model_test/layer2_out_37' to 'ap_vld'.
INFO: [RTGEN 206-500] Setting interface mode on port 'model_test/layer2_out_38' to 'ap_vld'.
INFO: [RTGEN 206-500] Setting interface mode on port 'model_test/layer2_out_39' to 'ap_vld'.
INFO: [RTGEN 206-500] Setting interface mode on port 'model_test/layer2_out_40' to 'ap_vld'.
INFO: [RTGEN 206-500] Setting interface mode on port 'model_test/layer2_out_41' to 'ap_vld'.
INFO: [RTGEN 206-500] Setting interface mode on port 'model_test/layer2_out_42' to 'ap_vld'.
INFO: [RTGEN 206-500] Setting interface mode on port 'model_test/layer2_out_43' to 'ap_vld'.
INFO: [RTGEN 206-500] Setting interface mode on port 'model_test/layer2_out_44' to 'ap_vld'.
INFO: [RTGEN 206-500] Setting interface mode on port 'model_test/layer2_out_45' to 'ap_vld'.
INFO: [RTGEN 206-500] Setting interface mode on port 'model_test/layer2_out_46' to 'ap_vld'.
INFO: [RTGEN 206-500] Setting interface mode on port 'model_test/layer2_out_47' to 'ap_vld'.
INFO: [RTGEN 206-500] Setting interface mode on port 'model_test/layer2_out_48' to 'ap_vld'.
INFO: [RTGEN 206-500] Setting interface mode on port 'model_test/layer2_out_49' to 'ap_vld'.
INFO: [RTGEN 206-500] Setting interface mode on port 'model_test/layer2_out_50' to 'ap_vld'.
INFO: [RTGEN 206-500] Setting interface mode on port 'model_test/layer2_out_51' to 'ap_vld'.
INFO: [RTGEN 206-500] Setting interface mode on port 'model_test/layer2_out_52' to 'ap_vld'.
INFO: [RTGEN 206-500] Setting interface mode on port 'model_test/layer2_out_53' to 'ap_vld'.
INFO: [RTGEN 206-500] Setting interface mode on port 'model_test/layer2_out_54' to 'ap_vld'.
INFO: [RTGEN 206-500] Setting interface mode on port 'model_test/layer2_out_55' to 'ap_vld'.
INFO: [RTGEN 206-500] Setting interface mode on port 'model_test/layer2_out_56' to 'ap_vld'.
INFO: [RTGEN 206-500] Setting interface mode on port 'model_test/layer2_out_57' to 'ap_vld'.
INFO: [RTGEN 206-500] Setting interface mode on port 'model_test/layer2_out_58' to 'ap_vld'.
INFO: [RTGEN 206-500] Setting interface mode on port 'model_test/layer2_out_59' to 'ap_vld'.
INFO: [RTGEN 206-500] Setting interface mode on port 'model_test/layer2_out_60' to 'ap_vld'.
INFO: [RTGEN 206-500] Setting interface mode on port 'model_test/layer2_out_61' to 'ap_vld'.
INFO: [RTGEN 206-500] Setting interface mode on port 'model_test/layer2_out_62' to 'ap_vld'.
INFO: [RTGEN 206-500] Setting interface mode on port 'model_test/layer2_out_63' to 'ap_vld'.
INFO: [RTGEN 206-500] Setting interface mode on port 'model_test/layer2_out_64' to 'ap_vld'.
INFO: [RTGEN 206-500] Setting interface mode on port 'model_test/layer2_out_65' to 'ap_vld'.
INFO: [RTGEN 206-500] Setting interface mode on port 'model_test/layer2_out_66' to 'ap_vld'.
INFO: [RTGEN 206-500] Setting interface mode on port 'model_test/layer2_out_67' to 'ap_vld'.
INFO: [RTGEN 206-500] Setting interface mode on port 'model_test/layer2_out_68' to 'ap_vld'.
INFO: [RTGEN 206-500] Setting interface mode on port 'model_test/layer2_out_69' to 'ap_vld'.
INFO: [RTGEN 206-500] Setting interface mode on port 'model_test/layer2_out_70' to 'ap_vld'.
INFO: [RTGEN 206-500] Setting interface mode on port 'model_test/layer2_out_71' to 'ap_vld'.
INFO: [RTGEN 206-500] Setting interface mode on port 'model_test/layer2_out_72' to 'ap_vld'.
INFO: [RTGEN 206-500] Setting interface mode on port 'model_test/layer2_out_73' to 'ap_vld'.
INFO: [RTGEN 206-500] Setting interface mode on port 'model_test/layer2_out_74' to 'ap_vld'.
INFO: [RTGEN 206-500] Setting interface mode on port 'model_test/layer2_out_75' to 'ap_vld'.
INFO: [RTGEN 206-500] Setting interface mode on port 'model_test/layer2_out_76' to 'ap_vld'.
INFO: [RTGEN 206-500] Setting interface mode on port 'model_test/layer2_out_77' to 'ap_vld'.
INFO: [RTGEN 206-500] Setting interface mode on port 'model_test/layer2_out_78' to 'ap_vld'.
INFO: [RTGEN 206-500] Setting interface mode on port 'model_test/layer2_out_79' to 'ap_vld'.
INFO: [RTGEN 206-500] Setting interface mode on port 'model_test/layer2_out_80' to 'ap_vld'.
INFO: [RTGEN 206-500] Setting interface mode on port 'model_test/layer2_out_81' to 'ap_vld'.
INFO: [RTGEN 206-500] Setting interface mode on port 'model_test/layer2_out_82' to 'ap_vld'.
INFO: [RTGEN 206-500] Setting interface mode on port 'model_test/layer2_out_83' to 'ap_vld'.
INFO: [RTGEN 206-500] Setting interface mode on port 'model_test/layer2_out_84' to 'ap_vld'.
INFO: [RTGEN 206-500] Setting interface mode on port 'model_test/layer2_out_85' to 'ap_vld'.
INFO: [RTGEN 206-500] Setting interface mode on port 'model_test/layer2_out_86' to 'ap_vld'.
INFO: [RTGEN 206-500] Setting interface mode on port 'model_test/layer2_out_87' to 'ap_vld'.
INFO: [RTGEN 206-500] Setting interface mode on port 'model_test/layer2_out_88' to 'ap_vld'.
INFO: [RTGEN 206-500] Setting interface mode on port 'model_test/layer2_out_89' to 'ap_vld'.
INFO: [RTGEN 206-500] Setting interface mode on port 'model_test/layer2_out_90' to 'ap_vld'.
INFO: [RTGEN 206-500] Setting interface mode on port 'model_test/layer2_out_91' to 'ap_vld'.
INFO: [RTGEN 206-500] Setting interface mode on port 'model_test/layer2_out_92' to 'ap_vld'.
INFO: [RTGEN 206-500] Setting interface mode on port 'model_test/layer2_out_93' to 'ap_vld'.
INFO: [RTGEN 206-500] Setting interface mode on port 'model_test/layer2_out_94' to 'ap_vld'.
INFO: [RTGEN 206-500] Setting interface mode on port 'model_test/layer2_out_95' to 'ap_vld'.
INFO: [RTGEN 206-500] Setting interface mode on port 'model_test/layer2_out_96' to 'ap_vld'.
INFO: [RTGEN 206-500] Setting interface mode on port 'model_test/layer2_out_97' to 'ap_vld'.
INFO: [RTGEN 206-500] Setting interface mode on port 'model_test/layer2_out_98' to 'ap_vld'.
INFO: [RTGEN 206-500] Setting interface mode on port 'model_test/layer2_out_99' to 'ap_vld'.
INFO: [RTGEN 206-500] Setting interface mode on function 'model_test' to 'ap_ctrl_hs'.
INFO: [RTGEN 206-100] Finished creating RTL model for 'model_test'.
INFO: [HLS 200-111] Finished Creating RTL model: CPU user time: 4.77 seconds. CPU system time: 0.17 seconds. Elapsed time: 17.31 seconds; current allocated memory: 3.877 GB.
INFO: [HLS 200-111] Finished Generating all RTL models: CPU user time: 2.49 seconds. CPU system time: 0.03 seconds. Elapsed time: 10.98 seconds; current allocated memory: 3.877 GB.
INFO: [HLS 200-111] Finished Updating report files: CPU user time: 3.51 seconds. CPU system time: 0.02 seconds. Elapsed time: 3.59 seconds; current allocated memory: 3.881 GB.
INFO: [VHDL 208-304] Generating VHDL RTL for model_test.
INFO: [VLOG 209-307] Generating Verilog RTL for model_test.
INFO: [HLS 200-790] **** Loop Constraint Status: All loop constraints were NOT satisfied.
INFO: [HLS 200-789] **** Estimated Fmax: 227.32 MHz
INFO: [HLS 200-111] Finished Command csynth_design CPU user time: 163.25 seconds. CPU system time: 3.35 seconds. Elapsed time: 211.89 seconds; current allocated memory: 2.432 GB.
***** C/RTL SYNTHESIS COMPLETED IN 0h3m32s *****
INFO: [HLS 200-112] Total CPU user time: 167.23 seconds. Total CPU system time: 4.24 seconds. Total elapsed time: 218.83 seconds; peak allocated memory: 3.881 GB.
INFO: [Common 17-206] Exiting vitis_hls at Sat Feb  1 20:38:15 2025...
