#
# An unexpected error has occurred (11)
#
Stack:
/usr/lib/x86_64-linux-gnu/libc.so.6(+0x43090) [0x7f2df64a7090]
/tools/Xilinx/Vitis_HLS/2023.1/lib/lnx64.o/libxv_hls_hwsyn.so(ssdm::CdfgUtil::buildChannelsFromCNetwork(ssdm::Design*, ssdm::Cdfg*, ssdm::CdfgUtil::ConnCache&, ssdm::CdfgUtil::NPortGroup&)+0x1039) [0x7f2decfc5a89]
/tools/Xilinx/Vitis_HLS/2023.1/lib/lnx64.o/libxv_hls_hwsyn.so(ssdm::CdfgUtil::buildDesign4CNetwork(ssdm::Design*, ssdm::Cdfg*)+0xef) [0x7f2decfc70cf]
/tools/Xilinx/Vitis_HLS/2023.1/lib/lnx64.o/libxv_hls_hwsyn.so(ssdm::CdfgUtil::buildDesignFromCdfg(ssdm::Cdfg*)+0x13b) [0x7f2decfc735b]
/tools/Xilinx/Vitis_HLS/2023.1/lib/lnx64.o/libxv_hls_hwsyn.so(ssdm::CdfgUtil::createAnalyzersAndDesign(ssdm::ModuleLib*)+0x84) [0x7f2decfc74b4]
/tools/Xilinx/Vitis_HLS/2023.1/lib/lnx64.o/libxv_hls_hwsyn.so(pass::CdfgBuildPass::runOnModule(llvm::Module&)+0x13c3) [0x7f2ded0e8963]
/tools/Xilinx/Vitis_HLS/2023.1/lib/lnx64.o/libxv_hls_llvm3.1.so(llvm::MPPassManager::runOnModule(llvm::Module&)+0x181) [0x7f2dfcac0881]
/tools/Xilinx/Vitis_HLS/2023.1/lib/lnx64.o/libxv_hls_llvm3.1.so(llvm::PassManagerImpl::run(llvm::Module&)+0x9c) [0x7f2dfcac09fc]
/tools/Xilinx/Vitis_HLS/2023.1/lib/lnx64.o/libxv_hls_main.so(+0x15fb85) [0x7f2defecfb85]
/tools/Xilinx/Vitis_HLS/2023.1/lib/lnx64.o/libxv_hls_support.so(xpcl::TclCommand::callbackInternal(int, Tcl_Obj* const*)+0x767) [0x7f2e006fb237]
/tools/Xilinx/Vitis_HLS/2023.1/lib/lnx64.o/libxv_hls_support.so(xpcl::TclCommand::callback(int, Tcl_Obj* const*)+0x2b) [0x7f2e006fbe5b]
/tools/Xilinx/Vitis_HLS/2023.1/lib/lnx64.o/libtcl8.5.so(+0x3356f) [0x7f2dfbaba56f]
/tools/Xilinx/Vitis_HLS/2023.1/lib/lnx64.o/libtcl8.5.so(+0x76945) [0x7f2dfbafd945]
/tools/Xilinx/Vitis_HLS/2023.1/lib/lnx64.o/libtcl8.5.so(+0x7e0f9) [0x7f2dfbb050f9]
/tools/Xilinx/Vitis_HLS/2023.1/lib/lnx64.o/libtcl8.5.so(TclEvalObjEx+0x76) [0x7f2dfbabc216]
/tools/Xilinx/Vitis_HLS/2023.1/lib/lnx64.o/libxv_commontasks.so(+0x4ee2e1) [0x7f2dee5a32e1]
/tools/Xilinx/Vitis_HLS/2023.1/lib/lnx64.o/libtcl8.5.so(+0x3356f) [0x7f2dfbaba56f]
/tools/Xilinx/Vitis_HLS/2023.1/lib/lnx64.o/libtcl8.5.so(+0x76945) [0x7f2dfbafd945]
/tools/Xilinx/Vitis_HLS/2023.1/lib/lnx64.o/libtcl8.5.so(TclObjInterpProcCore+0x420) [0x7f2dfbb3eed0]
/tools/Xilinx/Vitis_HLS/2023.1/lib/lnx64.o/libtcl8.5.so(+0x3356f) [0x7f2dfbaba56f]
/tools/Xilinx/Vitis_HLS/2023.1/lib/lnx64.o/libtcl8.5.so(+0x76945) [0x7f2dfbafd945]
/tools/Xilinx/Vitis_HLS/2023.1/lib/lnx64.o/libtcl8.5.so(+0x7e0f9) [0x7f2dfbb050f9]
/tools/Xilinx/Vitis_HLS/2023.1/lib/lnx64.o/libtcl8.5.so(TclEvalObjEx+0x76) [0x7f2dfbabc216]
/tools/Xilinx/Vitis_HLS/2023.1/lib/lnx64.o/libxv_commontasks.so(+0x4ee2e1) [0x7f2dee5a32e1]
/tools/Xilinx/Vitis_HLS/2023.1/lib/lnx64.o/libtcl8.5.so(+0x3356f) [0x7f2dfbaba56f]
/tools/Xilinx/Vitis_HLS/2023.1/lib/lnx64.o/libtcl8.5.so(+0x76945) [0x7f2dfbafd945]
/tools/Xilinx/Vitis_HLS/2023.1/lib/lnx64.o/libtcl8.5.so(TclObjInterpProcCore+0x420) [0x7f2dfbb3eed0]
/tools/Xilinx/Vitis_HLS/2023.1/lib/lnx64.o/libtcl8.5.so(+0x3356f) [0x7f2dfbaba56f]
/tools/Xilinx/Vitis_HLS/2023.1/lib/lnx64.o/libtcl8.5.so(+0x76945) [0x7f2dfbafd945]
/tools/Xilinx/Vitis_HLS/2023.1/lib/lnx64.o/libtcl8.5.so(TclObjInterpProcCore+0x420) [0x7f2dfbb3eed0]
/tools/Xilinx/Vitis_HLS/2023.1/lib/lnx64.o/libtcl8.5.so(+0x3356f) [0x7f2dfbaba56f]
/tools/Xilinx/Vitis_HLS/2023.1/lib/lnx64.o/libtcl8.5.so(+0x76945) [0x7f2dfbafd945]
/tools/Xilinx/Vitis_HLS/2023.1/lib/lnx64.o/libtcl8.5.so(+0x7e0f9) [0x7f2dfbb050f9]
/tools/Xilinx/Vitis_HLS/2023.1/lib/lnx64.o/libtcl8.5.so(TclEvalObjEx+0x76) [0x7f2dfbabc216]
/tools/Xilinx/Vitis_HLS/2023.1/lib/lnx64.o/libxv_commontasks.so(+0x4ee2e1) [0x7f2dee5a32e1]
/tools/Xilinx/Vitis_HLS/2023.1/lib/lnx64.o/libtcl8.5.so(+0x3356f) [0x7f2dfbaba56f]
/tools/Xilinx/Vitis_HLS/2023.1/lib/lnx64.o/libtcl8.5.so(+0x76945) [0x7f2dfbafd945]
/tools/Xilinx/Vitis_HLS/2023.1/lib/lnx64.o/libtcl8.5.so(Tcl_ExprObj+0xf8) [0x7f2dfbb04cd8]
/tools/Xilinx/Vitis_HLS/2023.1/lib/lnx64.o/libtcl8.5.so(Tcl_ExprBooleanObj+0x16) [0x7f2dfbabaf56]
/tools/Xilinx/Vitis_HLS/2023.1/lib/lnx64.o/libtcl8.5.so(+0x3e7ae) [0x7f2dfbac57ae]
/tools/Xilinx/Vitis_HLS/2023.1/lib/lnx64.o/libtcl8.5.so(+0x3356f) [0x7f2dfbaba56f]
/tools/Xilinx/Vitis_HLS/2023.1/lib/lnx64.o/libtcl8.5.so(+0x34bf8) [0x7f2dfbabbbf8]
/tools/Xilinx/Vitis_HLS/2023.1/lib/lnx64.o/libtcl8.5.so(Tcl_EvalEx+0x13) [0x7f2dfbabc163]
/tools/Xilinx/Vitis_HLS/2023.1/lib/lnx64.o/libtcl8.5.so(Tcl_Eval+0x15) [0x7f2dfbabc185]
/tools/Xilinx/Vitis_HLS/2023.1/lib/lnx64.o/libxv_hls_main.so(+0xee6e3) [0x7f2defe5e6e3]
/tools/Xilinx/Vitis_HLS/2023.1/lib/lnx64.o/libxv_hls_support.so(xpcl::TclCommand::callbackInternal(int, Tcl_Obj* const*)+0x3ab) [0x7f2e006fae7b]
/tools/Xilinx/Vitis_HLS/2023.1/lib/lnx64.o/libxv_hls_support.so(xpcl::TclCommand::callback(int, Tcl_Obj* const*)+0x2b) [0x7f2e006fbe5b]
/tools/Xilinx/Vitis_HLS/2023.1/lib/lnx64.o/libtcl8.5.so(+0x3356f) [0x7f2dfbaba56f]
/tools/Xilinx/Vitis_HLS/2023.1/lib/lnx64.o/libtcl8.5.so(+0x76945) [0x7f2dfbafd945]
/tools/Xilinx/Vitis_HLS/2023.1/lib/lnx64.o/libtcl8.5.so(TclObjInterpProcCore+0x420) [0x7f2dfbb3eed0]
/tools/Xilinx/Vitis_HLS/2023.1/lib/lnx64.o/libtcl8.5.so(+0x3356f) [0x7f2dfbaba56f]
/tools/Xilinx/Vitis_HLS/2023.1/lib/lnx64.o/libtcl8.5.so(+0x76945) [0x7f2dfbafd945]
/tools/Xilinx/Vitis_HLS/2023.1/lib/lnx64.o/libtcl8.5.so(+0x7e0f9) [0x7f2dfbb050f9]
/tools/Xilinx/Vitis_HLS/2023.1/lib/lnx64.o/libtcl8.5.so(TclEvalObjEx+0x76) [0x7f2dfbabc216]
/tools/Xilinx/Vitis_HLS/2023.1/lib/lnx64.o/libxv_commontasks.so(+0x4ee2e1) [0x7f2dee5a32e1]
/tools/Xilinx/Vitis_HLS/2023.1/lib/lnx64.o/libtcl8.5.so(+0x3356f) [0x7f2dfbaba56f]
/tools/Xilinx/Vitis_HLS/2023.1/lib/lnx64.o/libtcl8.5.so(+0x76945) [0x7f2dfbafd945]
/tools/Xilinx/Vitis_HLS/2023.1/lib/lnx64.o/libtcl8.5.so(Tcl_ExprObj+0xf8) [0x7f2dfbb04cd8]
/tools/Xilinx/Vitis_HLS/2023.1/lib/lnx64.o/libtcl8.5.so(Tcl_ExprBooleanObj+0x16) [0x7f2dfbabaf56]
/tools/Xilinx/Vitis_HLS/2023.1/lib/lnx64.o/libtcl8.5.so(+0x3e7ae) [0x7f2dfbac57ae]
/tools/Xilinx/Vitis_HLS/2023.1/lib/lnx64.o/libtcl8.5.so(+0x3356f) [0x7f2dfbaba56f]
/tools/Xilinx/Vitis_HLS/2023.1/lib/lnx64.o/libtcl8.5.so(+0x34bf8) [0x7f2dfbabbbf8]
/tools/Xilinx/Vitis_HLS/2023.1/lib/lnx64.o/libtcl8.5.so(Tcl_EvalEx+0x13) [0x7f2dfbabc163]
/tools/Xilinx/Vitis_HLS/2023.1/lib/lnx64.o/libtcl8.5.so(Tcl_Eval+0x15) [0x7f2dfbabc185]
/tools/Xilinx/Vitis_HLS/2023.1/lib/lnx64.o/libxv_hls_main.so(+0xee6e3) [0x7f2defe5e6e3]
/tools/Xilinx/Vitis_HLS/2023.1/lib/lnx64.o/libxv_hls_support.so(xpcl::TclCommand::callbackInternal(int, Tcl_Obj* const*)+0x3ab) [0x7f2e006fae7b]
/tools/Xilinx/Vitis_HLS/2023.1/lib/lnx64.o/libxv_hls_support.so(xpcl::TclCommand::callback(int, Tcl_Obj* const*)+0x2b) [0x7f2e006fbe5b]
/tools/Xilinx/Vitis_HLS/2023.1/lib/lnx64.o/libtcl8.5.so(+0x3356f) [0x7f2dfbaba56f]
/tools/Xilinx/Vitis_HLS/2023.1/lib/lnx64.o/libtcl8.5.so(+0x76945) [0x7f2dfbafd945]
/tools/Xilinx/Vitis_HLS/2023.1/lib/lnx64.o/libtcl8.5.so(TclObjInterpProcCore+0x420) [0x7f2dfbb3eed0]
/tools/Xilinx/Vitis_HLS/2023.1/lib/lnx64.o/libtcl8.5.so(+0x3356f) [0x7f2dfbaba56f]
/tools/Xilinx/Vitis_HLS/2023.1/lib/lnx64.o/libtcl8.5.so(+0x76945) [0x7f2dfbafd945]
/tools/Xilinx/Vitis_HLS/2023.1/lib/lnx64.o/libtcl8.5.so(+0x7e0f9) [0x7f2dfbb050f9]
/tools/Xilinx/Vitis_HLS/2023.1/lib/lnx64.o/libtcl8.5.so(TclEvalObjEx+0x76) [0x7f2dfbabc216]
/tools/Xilinx/Vitis_HLS/2023.1/lib/lnx64.o/libxv_commontasks.so(+0x4ee2e1) [0x7f2dee5a32e1]
/tools/Xilinx/Vitis_HLS/2023.1/lib/lnx64.o/libtcl8.5.so(+0x3356f) [0x7f2dfbaba56f]
/tools/Xilinx/Vitis_HLS/2023.1/lib/lnx64.o/libtcl8.5.so(+0x76945) [0x7f2dfbafd945]
/tools/Xilinx/Vitis_HLS/2023.1/lib/lnx64.o/libtcl8.5.so(Tcl_ExprObj+0xf8) [0x7f2dfbb04cd8]
/tools/Xilinx/Vitis_HLS/2023.1/lib/lnx64.o/libtcl8.5.so(Tcl_ExprBooleanObj+0x16) [0x7f2dfbabaf56]
/tools/Xilinx/Vitis_HLS/2023.1/lib/lnx64.o/libtcl8.5.so(+0x3e7ae) [0x7f2dfbac57ae]
/tools/Xilinx/Vitis_HLS/2023.1/lib/lnx64.o/libtcl8.5.so(+0x3356f) [0x7f2dfbaba56f]
/tools/Xilinx/Vitis_HLS/2023.1/lib/lnx64.o/libtcl8.5.so(+0x34bf8) [0x7f2dfbabbbf8]
/tools/Xilinx/Vitis_HLS/2023.1/lib/lnx64.o/libtcl8.5.so(Tcl_EvalEx+0x13) [0x7f2dfbabc163]
/tools/Xilinx/Vitis_HLS/2023.1/lib/lnx64.o/libtcl8.5.so(Tcl_Eval+0x15) [0x7f2dfbabc185]
/tools/Xilinx/Vitis_HLS/2023.1/lib/lnx64.o/libxv_hls_main.so(+0xee6e3) [0x7f2defe5e6e3]
/tools/Xilinx/Vitis_HLS/2023.1/lib/lnx64.o/libxv_hls_support.so(xpcl::TclCommand::callbackInternal(int, Tcl_Obj* const*)+0x3ab) [0x7f2e006fae7b]
/tools/Xilinx/Vitis_HLS/2023.1/lib/lnx64.o/libxv_hls_support.so(xpcl::TclCommand::callback(int, Tcl_Obj* const*)+0x2b) [0x7f2e006fbe5b]
/tools/Xilinx/Vitis_HLS/2023.1/lib/lnx64.o/libtcl8.5.so(+0x3356f) [0x7f2dfbaba56f]
/tools/Xilinx/Vitis_HLS/2023.1/lib/lnx64.o/libtcl8.5.so(+0x76945) [0x7f2dfbafd945]
/tools/Xilinx/Vitis_HLS/2023.1/lib/lnx64.o/libtcl8.5.so(+0x7e0f9) [0x7f2dfbb050f9]
/tools/Xilinx/Vitis_HLS/2023.1/lib/lnx64.o/libtcl8.5.so(TclEvalObjEx+0x76) [0x7f2dfbabc216]
/tools/Xilinx/Vitis_HLS/2023.1/lib/lnx64.o/libtcl8.5.so(+0x3e824) [0x7f2dfbac5824]
/tools/Xilinx/Vitis_HLS/2023.1/lib/lnx64.o/libtcl8.5.so(+0x3356f) [0x7f2dfbaba56f]
/tools/Xilinx/Vitis_HLS/2023.1/lib/lnx64.o/libtcl8.5.so(+0x34bf8) [0x7f2dfbabbbf8]
/tools/Xilinx/Vitis_HLS/2023.1/lib/lnx64.o/libtcl8.5.so(Tcl_EvalEx+0x13) [0x7f2dfbabc163]
/tools/Xilinx/Vitis_HLS/2023.1/lib/lnx64.o/libtcl8.5.so(Tcl_FSEvalFileEx+0x1da) [0x7f2dfbb20d2a]
/tools/Xilinx/Vitis_HLS/2023.1/lib/lnx64.o/libxv_hls_main.so(ApSourceTclFile(std::__cxx11::basic_string<char, std::char_traits<char>, std::allocator<char> > const&, char const*)+0x76) [0x7f2defe53646]
/tools/Xilinx/Vitis_HLS/2023.1/lib/lnx64.o/libxv_hls_main.so(+0xe8d15) [0x7f2defe58d15]
/tools/Xilinx/Vitis_HLS/2023.1/lib/lnx64.o/libxv_hls_support.so(xpcl::TclCommand::callbackInternal(int, Tcl_Obj* const*)+0x3ab) [0x7f2e006fae7b]
/tools/Xilinx/Vitis_HLS/2023.1/lib/lnx64.o/libxv_hls_support.so(xpcl::TclCommand::callback(int, Tcl_Obj* const*)+0x2b) [0x7f2e006fbe5b]
/tools/Xilinx/Vitis_HLS/2023.1/lib/lnx64.o/libtcl8.5.so(+0x3356f) [0x7f2dfbaba56f]
/tools/Xilinx/Vitis_HLS/2023.1/lib/lnx64.o/libtcl8.5.so(Tcl_EvalObjv+0x32) [0x7f2dfbaba6a2]
/tools/Xilinx/Vitis_HLS/2023.1/lib/lnx64.o/libtcl8.5.so(TclEvalObjEx+0x322) [0x7f2dfbabc4c2]
/tools/Xilinx/Vitis_HLS/2023.1/lib/lnx64.o/libtcl8.5.so(+0xb7637) [0x7f2dfbb3e637]
/tools/Xilinx/Vitis_HLS/2023.1/lib/lnx64.o/libtcl8.5.so(+0x3356f) [0x7f2dfbaba56f]
/tools/Xilinx/Vitis_HLS/2023.1/lib/lnx64.o/libtcl8.5.so(+0x76945) [0x7f2dfbafd945]
/tools/Xilinx/Vitis_HLS/2023.1/lib/lnx64.o/libtcl8.5.so(+0x7e0f9) [0x7f2dfbb050f9]
/tools/Xilinx/Vitis_HLS/2023.1/lib/lnx64.o/libtcl8.5.so(TclEvalObjEx+0x76) [0x7f2dfbabc216]
/tools/Xilinx/Vitis_HLS/2023.1/lib/lnx64.o/libxv_commontasks.so(+0x4ee2e1) [0x7f2dee5a32e1]
/tools/Xilinx/Vitis_HLS/2023.1/lib/lnx64.o/libtcl8.5.so(+0x3356f) [0x7f2dfbaba56f]
/tools/Xilinx/Vitis_HLS/2023.1/lib/lnx64.o/libtcl8.5.so(+0x76945) [0x7f2dfbafd945]
/tools/Xilinx/Vitis_HLS/2023.1/lib/lnx64.o/libtcl8.5.so(+0x7e0f9) [0x7f2dfbb050f9]
/tools/Xilinx/Vitis_HLS/2023.1/lib/lnx64.o/libtcl8.5.so(TclEvalObjEx+0x76) [0x7f2dfbabc216]
/tools/Xilinx/Vitis_HLS/2023.1/lib/lnx64.o/libxv_commontasks.so(+0x4ae54a) [0x7f2dee56354a]
/tools/Xilinx/Vitis_HLS/2023.1/lib/lnx64.o/libtcl8.5.so(+0x3356f) [0x7f2dfbaba56f]
/tools/Xilinx/Vitis_HLS/2023.1/lib/lnx64.o/libtcl8.5.so(+0x76945) [0x7f2dfbafd945]
/tools/Xilinx/Vitis_HLS/2023.1/lib/lnx64.o/libtcl8.5.so(TclObjInterpProcCore+0x420) [0x7f2dfbb3eed0]
/tools/Xilinx/Vitis_HLS/2023.1/lib/lnx64.o/libtcl8.5.so(+0x3356f) [0x7f2dfbaba56f]
/tools/Xilinx/Vitis_HLS/2023.1/lib/lnx64.o/libtcl8.5.so(+0x76945) [0x7f2dfbafd945]
/tools/Xilinx/Vitis_HLS/2023.1/lib/lnx64.o/libtcl8.5.so(TclObjInterpProcCore+0x420) [0x7f2dfbb3eed0]
/tools/Xilinx/Vitis_HLS/2023.1/lib/lnx64.o/libtcl8.5.so(+0x3356f) [0x7f2dfbaba56f]
/tools/Xilinx/Vitis_HLS/2023.1/lib/lnx64.o/libtcl8.5.so(+0x76945) [0x7f2dfbafd945]
/tools/Xilinx/Vitis_HLS/2023.1/lib/lnx64.o/libtcl8.5.so(+0x7e0f9) [0x7f2dfbb050f9]
/tools/Xilinx/Vitis_HLS/2023.1/lib/lnx64.o/libtcl8.5.so(TclEvalObjEx+0x76) [0x7f2dfbabc216]
/tools/Xilinx/Vitis_HLS/2023.1/lib/lnx64.o/libxv_commontasks.so(+0x4ee2e1) [0x7f2dee5a32e1]
/tools/Xilinx/Vitis_HLS/2023.1/lib/lnx64.o/libtcl8.5.so(+0x3356f) [0x7f2dfbaba56f]
/tools/Xilinx/Vitis_HLS/2023.1/lib/lnx64.o/libtcl8.5.so(+0x76945) [0x7f2dfbafd945]
/tools/Xilinx/Vitis_HLS/2023.1/lib/lnx64.o/libtcl8.5.so(Tcl_ExprObj+0xf8) [0x7f2dfbb04cd8]
/tools/Xilinx/Vitis_HLS/2023.1/lib/lnx64.o/libtcl8.5.so(Tcl_ExprBooleanObj+0x16) [0x7f2dfbabaf56]
/tools/Xilinx/Vitis_HLS/2023.1/lib/lnx64.o/libtcl8.5.so(+0x3e7ae) [0x7f2dfbac57ae]
/tools/Xilinx/Vitis_HLS/2023.1/lib/lnx64.o/libtcl8.5.so(+0x3356f) [0x7f2dfbaba56f]
/tools/Xilinx/Vitis_HLS/2023.1/lib/lnx64.o/libtcl8.5.so(+0x34bf8) [0x7f2dfbabbbf8]
/tools/Xilinx/Vitis_HLS/2023.1/lib/lnx64.o/libtcl8.5.so(Tcl_EvalEx+0x13) [0x7f2dfbabc163]
/tools/Xilinx/Vitis_HLS/2023.1/lib/lnx64.o/libtcl8.5.so(Tcl_Eval+0x15) [0x7f2dfbabc185]
/tools/Xilinx/Vitis_HLS/2023.1/lib/lnx64.o/libxv_hls_main.so(+0xee6e3) [0x7f2defe5e6e3]
/tools/Xilinx/Vitis_HLS/2023.1/lib/lnx64.o/libxv_hls_support.so(xpcl::TclCommand::callbackInternal(int, Tcl_Obj* const*)+0x3ab) [0x7f2e006fae7b]
/tools/Xilinx/Vitis_HLS/2023.1/lib/lnx64.o/libxv_hls_support.so(xpcl::TclCommand::callback(int, Tcl_Obj* const*)+0x2b) [0x7f2e006fbe5b]
/tools/Xilinx/Vitis_HLS/2023.1/lib/lnx64.o/libtcl8.5.so(+0x3356f) [0x7f2dfbaba56f]
/tools/Xilinx/Vitis_HLS/2023.1/lib/lnx64.o/libtcl8.5.so(+0x34bf8) [0x7f2dfbabbbf8]
/tools/Xilinx/Vitis_HLS/2023.1/lib/lnx64.o/libtcl8.5.so(Tcl_EvalEx+0x13) [0x7f2dfbabc163]
/tools/Xilinx/Vitis_HLS/2023.1/lib/lnx64.o/libtcl8.5.so(TclEvalObjEx+0x1e0) [0x7f2dfbabc380]
/tools/Xilinx/Vitis_HLS/2023.1/lib/lnx64.o/libtcl8.5.so(+0x3b445) [0x7f2dfbac2445]
/tools/Xilinx/Vitis_HLS/2023.1/lib/lnx64.o/libtcl8.5.so(+0x3356f) [0x7f2dfbaba56f]
/tools/Xilinx/Vitis_HLS/2023.1/lib/lnx64.o/libtcl8.5.so(+0x76945) [0x7f2dfbafd945]
/tools/Xilinx/Vitis_HLS/2023.1/lib/lnx64.o/libtcl8.5.so(+0x7e0f9) [0x7f2dfbb050f9]
/tools/Xilinx/Vitis_HLS/2023.1/lib/lnx64.o/libtcl8.5.so(TclEvalObjEx+0x76) [0x7f2dfbabc216]
/tools/Xilinx/Vitis_HLS/2023.1/lib/lnx64.o/libxv_commontasks.so(+0x4ee2e1) [0x7f2dee5a32e1]
/tools/Xilinx/Vitis_HLS/2023.1/lib/lnx64.o/libtcl8.5.so(+0x3356f) [0x7f2dfbaba56f]
/tools/Xilinx/Vitis_HLS/2023.1/lib/lnx64.o/libtcl8.5.so(+0x76945) [0x7f2dfbafd945]
/tools/Xilinx/Vitis_HLS/2023.1/lib/lnx64.o/libtcl8.5.so(TclObjInterpProcCore+0x420) [0x7f2dfbb3eed0]
/tools/Xilinx/Vitis_HLS/2023.1/lib/lnx64.o/libtcl8.5.so(+0x3356f) [0x7f2dfbaba56f]
/tools/Xilinx/Vitis_HLS/2023.1/lib/lnx64.o/libtcl8.5.so(+0x76945) [0x7f2dfbafd945]
/tools/Xilinx/Vitis_HLS/2023.1/lib/lnx64.o/libtcl8.5.so(TclObjInterpProcCore+0x420) [0x7f2dfbb3eed0]
/tools/Xilinx/Vitis_HLS/2023.1/lib/lnx64.o/libtcl8.5.so(+0x3356f) [0x7f2dfbaba56f]
/tools/Xilinx/Vitis_HLS/2023.1/lib/lnx64.o/libtcl8.5.so(+0x34bf8) [0x7f2dfbabbbf8]
/tools/Xilinx/Vitis_HLS/2023.1/lib/lnx64.o/libtcl8.5.so(Tcl_EvalEx+0x13) [0x7f2dfbabc163]
/tools/Xilinx/Vitis_HLS/2023.1/lib/lnx64.o/libtcl8.5.so(Tcl_Eval+0x15) [0x7f2dfbabc185]
/tools/Xilinx/Vitis_HLS/2023.1/lib/lnx64.o/libxv_hls_support.so(xpcl::TclManager::tclAppInit(Tcl_Interp*)+0x194) [0x7f2e006fdc64]
/tools/Xilinx/Vitis_HLS/2023.1/lib/lnx64.o/libxv_hls_support.so(xpcl::TclManager::issueFromTcl(Tcl_Interp*, bool)+0x12e) [0x7f2e006fdf4e]
/tools/Xilinx/Vitis_HLS/2023.1/lib/lnx64.o/libxv_hlstasks.so(+0x10f11) [0x7f2deffa3f11]
/tools/Xilinx/Vitis_HLS/2023.1/lib/lnx64.o/libxv_common.so(+0x8b703f) [0x7f2e0027f03f]
/tools/Xilinx/Vitis_HLS/2023.1/lib/lnx64.o/libtcl8.5.so(+0x3356f) [0x7f2dfbaba56f]
/tools/Xilinx/Vitis_HLS/2023.1/lib/lnx64.o/libtcl8.5.so(+0x34bf8) [0x7f2dfbabbbf8]
/tools/Xilinx/Vitis_HLS/2023.1/lib/lnx64.o/libtcl8.5.so(Tcl_EvalEx+0x13) [0x7f2dfbabc163]
/tools/Xilinx/Vitis_HLS/2023.1/lib/lnx64.o/libtcl8.5.so(TclEvalObjEx+0x3cf) [0x7f2dfbabc56f]
/tools/Xilinx/Vitis_HLS/2023.1/lib/lnx64.o/libtcl8.5.so(+0xb7589) [0x7f2dfbb3e589]
/tools/Xilinx/Vitis_HLS/2023.1/lib/lnx64.o/libtcl8.5.so(+0x3356f) [0x7f2dfbaba56f]
/tools/Xilinx/Vitis_HLS/2023.1/lib/lnx64.o/libtcl8.5.so(+0x76945) [0x7f2dfbafd945]
/tools/Xilinx/Vitis_HLS/2023.1/lib/lnx64.o/libtcl8.5.so(TclObjInterpProcCore+0x420) [0x7f2dfbb3eed0]
/tools/Xilinx/Vitis_HLS/2023.1/lib/lnx64.o/libtcl8.5.so(+0x3356f) [0x7f2dfbaba56f]
/tools/Xilinx/Vitis_HLS/2023.1/lib/lnx64.o/libtcl8.5.so(+0x76945) [0x7f2dfbafd945]
/tools/Xilinx/Vitis_HLS/2023.1/lib/lnx64.o/libtcl8.5.so(+0x7e0f9) [0x7f2dfbb050f9]
/tools/Xilinx/Vitis_HLS/2023.1/lib/lnx64.o/libtcl8.5.so(TclEvalObjEx+0x76) [0x7f2dfbabc216]
/tools/Xilinx/Vitis_HLS/2023.1/lib/lnx64.o/libxv_commontasks.so(+0x4ee23e) [0x7f2dee5a323e]
/tools/Xilinx/Vitis_HLS/2023.1/lib/lnx64.o/libtcl8.5.so(+0x3356f) [0x7f2dfbaba56f]
/tools/Xilinx/Vitis_HLS/2023.1/lib/lnx64.o/libtcl8.5.so(+0x34bf8) [0x7f2dfbabbbf8]
/tools/Xilinx/Vitis_HLS/2023.1/lib/lnx64.o/libtcl8.5.so(+0xad566) [0x7f2dfbb34566]
/tools/Xilinx/Vitis_HLS/2023.1/lib/lnx64.o/libtcl8.5.so(+0x34785) [0x7f2dfbabb785]
/tools/Xilinx/Vitis_HLS/2023.1/lib/lnx64.o/libtcl8.5.so(Tcl_EvalEx+0x13) [0x7f2dfbabc163]
/tools/Xilinx/Vitis_HLS/2023.1/lib/lnx64.o/libtcl8.5.so(Tcl_FSEvalFileEx+0x1da) [0x7f2dfbb20d2a]
/tools/Xilinx/Vitis_HLS/2023.1/lib/lnx64.o/libxv_commontasks.so(+0x449a40) [0x7f2dee4fea40]
/tools/Xilinx/Vitis_HLS/2023.1/lib/lnx64.o/libxv_common.so(+0x8b703f) [0x7f2e0027f03f]
/tools/Xilinx/Vitis_HLS/2023.1/lib/lnx64.o/libtcl8.5.so(+0x3356f) [0x7f2dfbaba56f]
/tools/Xilinx/Vitis_HLS/2023.1/lib/lnx64.o/libtcl8.5.so(Tcl_EvalObjv+0x32) [0x7f2dfbaba6a2]
/tools/Xilinx/Vitis_HLS/2023.1/lib/lnx64.o/libtcl8.5.so(TclEvalObjEx+0x322) [0x7f2dfbabc4c2]
/tools/Xilinx/Vitis_HLS/2023.1/lib/lnx64.o/libxv_commontasks.so(+0x466388) [0x7f2dee51b388]
/tools/Xilinx/Vitis_HLS/2023.1/lib/lnx64.o/libxv_commontasks.so(+0x46798f) [0x7f2dee51c98f]
/tools/Xilinx/Vitis_HLS/2023.1/lib/lnx64.o/libxv_common.so(+0x8b703f) [0x7f2e0027f03f]
/tools/Xilinx/Vitis_HLS/2023.1/lib/lnx64.o/libtcl8.5.so(+0x3356f) [0x7f2dfbaba56f]
/tools/Xilinx/Vitis_HLS/2023.1/lib/lnx64.o/libtcl8.5.so(Tcl_EvalObjv+0x32) [0x7f2dfbaba6a2]
/tools/Xilinx/Vitis_HLS/2023.1/lib/lnx64.o/libtcl8.5.so(TclEvalObjEx+0x322) [0x7f2dfbabc4c2]
/tools/Xilinx/Vitis_HLS/2023.1/lib/lnx64.o/libxv_commonmain.so(+0xd5e8) [0x7f2e0065e5e8]
/tools/Xilinx/Vitis_HLS/2023.1/lib/lnx64.o/libtcl8.5.so(Tcl_Main+0x1d0) [0x7f2dfbb272f0]
/tools/Xilinx/Vitis_HLS/2023.1/lib/lnx64.o/libxv_common.so(+0x7b7f1b) [0x7f2e0017ff1b]
/usr/lib/x86_64-linux-gnu/libpthread.so.0(+0x8609) [0x7f2df62f8609]
/usr/lib/x86_64-linux-gnu/libc.so.6(clone+0x43) [0x7f2df6583353]
