#
# An unexpected error has occurred (11)
#
Stack:
/usr/lib/x86_64-linux-gnu/libc.so.6(+0x43090) [0x7fa5f2abb090]
/tools/Xilinx/Vitis_HLS/2023.1/lib/lnx64.o/libxv_hls_hwsyn.so(ssdm::CdfgUtil::buildChannelsFromCNetwork(ssdm::Design*, ssdm::Cdfg*, ssdm::CdfgUtil::ConnCache&, ssdm::CdfgUtil::NPortGroup&)+0x1039) [0x7fa5e95a6a89]
/tools/Xilinx/Vitis_HLS/2023.1/lib/lnx64.o/libxv_hls_hwsyn.so(ssdm::CdfgUtil::buildDesign4CNetwork(ssdm::Design*, ssdm::Cdfg*)+0xef) [0x7fa5e95a80cf]
/tools/Xilinx/Vitis_HLS/2023.1/lib/lnx64.o/libxv_hls_hwsyn.so(ssdm::CdfgUtil::buildDesignFromCdfg(ssdm::Cdfg*)+0x13b) [0x7fa5e95a835b]
/tools/Xilinx/Vitis_HLS/2023.1/lib/lnx64.o/libxv_hls_hwsyn.so(ssdm::CdfgUtil::createAnalyzersAndDesign(ssdm::ModuleLib*)+0x84) [0x7fa5e95a84b4]
/tools/Xilinx/Vitis_HLS/2023.1/lib/lnx64.o/libxv_hls_hwsyn.so(pass::CdfgBuildPass::runOnModule(llvm::Module&)+0x13c3) [0x7fa5e96c9963]
/tools/Xilinx/Vitis_HLS/2023.1/lib/lnx64.o/libxv_hls_llvm3.1.so(llvm::MPPassManager::runOnModule(llvm::Module&)+0x181) [0x7fa5f90d4881]
/tools/Xilinx/Vitis_HLS/2023.1/lib/lnx64.o/libxv_hls_llvm3.1.so(llvm::PassManagerImpl::run(llvm::Module&)+0x9c) [0x7fa5f90d49fc]
/tools/Xilinx/Vitis_HLS/2023.1/lib/lnx64.o/libxv_hls_main.so(+0x15fb85) [0x7fa5ebf13b85]
/tools/Xilinx/Vitis_HLS/2023.1/lib/lnx64.o/libxv_hls_support.so(xpcl::TclCommand::callbackInternal(int, Tcl_Obj* const*)+0x767) [0x7fa5fcd0f237]
/tools/Xilinx/Vitis_HLS/2023.1/lib/lnx64.o/libxv_hls_support.so(xpcl::TclCommand::callback(int, Tcl_Obj* const*)+0x2b) [0x7fa5fcd0fe5b]
/tools/Xilinx/Vitis_HLS/2023.1/lib/lnx64.o/libtcl8.5.so(+0x3356f) [0x7fa5f80ce56f]
/tools/Xilinx/Vitis_HLS/2023.1/lib/lnx64.o/libtcl8.5.so(+0x76945) [0x7fa5f8111945]
/tools/Xilinx/Vitis_HLS/2023.1/lib/lnx64.o/libtcl8.5.so(+0x7e0f9) [0x7fa5f81190f9]
/tools/Xilinx/Vitis_HLS/2023.1/lib/lnx64.o/libtcl8.5.so(TclEvalObjEx+0x76) [0x7fa5f80d0216]
/tools/Xilinx/Vitis_HLS/2023.1/lib/lnx64.o/libxv_commontasks.so(+0x4ee2e1) [0x7fa5ea5a32e1]
/tools/Xilinx/Vitis_HLS/2023.1/lib/lnx64.o/libtcl8.5.so(+0x3356f) [0x7fa5f80ce56f]
/tools/Xilinx/Vitis_HLS/2023.1/lib/lnx64.o/libtcl8.5.so(+0x76945) [0x7fa5f8111945]
/tools/Xilinx/Vitis_HLS/2023.1/lib/lnx64.o/libtcl8.5.so(TclObjInterpProcCore+0x420) [0x7fa5f8152ed0]
/tools/Xilinx/Vitis_HLS/2023.1/lib/lnx64.o/libtcl8.5.so(+0x3356f) [0x7fa5f80ce56f]
/tools/Xilinx/Vitis_HLS/2023.1/lib/lnx64.o/libtcl8.5.so(+0x76945) [0x7fa5f8111945]
/tools/Xilinx/Vitis_HLS/2023.1/lib/lnx64.o/libtcl8.5.so(+0x7e0f9) [0x7fa5f81190f9]
/tools/Xilinx/Vitis_HLS/2023.1/lib/lnx64.o/libtcl8.5.so(TclEvalObjEx+0x76) [0x7fa5f80d0216]
/tools/Xilinx/Vitis_HLS/2023.1/lib/lnx64.o/libxv_commontasks.so(+0x4ee2e1) [0x7fa5ea5a32e1]
/tools/Xilinx/Vitis_HLS/2023.1/lib/lnx64.o/libtcl8.5.so(+0x3356f) [0x7fa5f80ce56f]
/tools/Xilinx/Vitis_HLS/2023.1/lib/lnx64.o/libtcl8.5.so(+0x76945) [0x7fa5f8111945]
/tools/Xilinx/Vitis_HLS/2023.1/lib/lnx64.o/libtcl8.5.so(TclObjInterpProcCore+0x420) [0x7fa5f8152ed0]
/tools/Xilinx/Vitis_HLS/2023.1/lib/lnx64.o/libtcl8.5.so(+0x3356f) [0x7fa5f80ce56f]
/tools/Xilinx/Vitis_HLS/2023.1/lib/lnx64.o/libtcl8.5.so(+0x76945) [0x7fa5f8111945]
/tools/Xilinx/Vitis_HLS/2023.1/lib/lnx64.o/libtcl8.5.so(TclObjInterpProcCore+0x420) [0x7fa5f8152ed0]
/tools/Xilinx/Vitis_HLS/2023.1/lib/lnx64.o/libtcl8.5.so(+0x3356f) [0x7fa5f80ce56f]
/tools/Xilinx/Vitis_HLS/2023.1/lib/lnx64.o/libtcl8.5.so(+0x76945) [0x7fa5f8111945]
/tools/Xilinx/Vitis_HLS/2023.1/lib/lnx64.o/libtcl8.5.so(+0x7e0f9) [0x7fa5f81190f9]
/tools/Xilinx/Vitis_HLS/2023.1/lib/lnx64.o/libtcl8.5.so(TclEvalObjEx+0x76) [0x7fa5f80d0216]
/tools/Xilinx/Vitis_HLS/2023.1/lib/lnx64.o/libxv_commontasks.so(+0x4ee2e1) [0x7fa5ea5a32e1]
/tools/Xilinx/Vitis_HLS/2023.1/lib/lnx64.o/libtcl8.5.so(+0x3356f) [0x7fa5f80ce56f]
/tools/Xilinx/Vitis_HLS/2023.1/lib/lnx64.o/libtcl8.5.so(+0x76945) [0x7fa5f8111945]
/tools/Xilinx/Vitis_HLS/2023.1/lib/lnx64.o/libtcl8.5.so(Tcl_ExprObj+0xf8) [0x7fa5f8118cd8]
/tools/Xilinx/Vitis_HLS/2023.1/lib/lnx64.o/libtcl8.5.so(Tcl_ExprBooleanObj+0x16) [0x7fa5f80cef56]
/tools/Xilinx/Vitis_HLS/2023.1/lib/lnx64.o/libtcl8.5.so(+0x3e7ae) [0x7fa5f80d97ae]
/tools/Xilinx/Vitis_HLS/2023.1/lib/lnx64.o/libtcl8.5.so(+0x3356f) [0x7fa5f80ce56f]
/tools/Xilinx/Vitis_HLS/2023.1/lib/lnx64.o/libtcl8.5.so(+0x34bf8) [0x7fa5f80cfbf8]
/tools/Xilinx/Vitis_HLS/2023.1/lib/lnx64.o/libtcl8.5.so(Tcl_EvalEx+0x13) [0x7fa5f80d0163]
/tools/Xilinx/Vitis_HLS/2023.1/lib/lnx64.o/libtcl8.5.so(Tcl_Eval+0x15) [0x7fa5f80d0185]
/tools/Xilinx/Vitis_HLS/2023.1/lib/lnx64.o/libxv_hls_main.so(+0xee6e3) [0x7fa5ebea26e3]
/tools/Xilinx/Vitis_HLS/2023.1/lib/lnx64.o/libxv_hls_support.so(xpcl::TclCommand::callbackInternal(int, Tcl_Obj* const*)+0x3ab) [0x7fa5fcd0ee7b]
/tools/Xilinx/Vitis_HLS/2023.1/lib/lnx64.o/libxv_hls_support.so(xpcl::TclCommand::callback(int, Tcl_Obj* const*)+0x2b) [0x7fa5fcd0fe5b]
/tools/Xilinx/Vitis_HLS/2023.1/lib/lnx64.o/libtcl8.5.so(+0x3356f) [0x7fa5f80ce56f]
/tools/Xilinx/Vitis_HLS/2023.1/lib/lnx64.o/libtcl8.5.so(+0x76945) [0x7fa5f8111945]
/tools/Xilinx/Vitis_HLS/2023.1/lib/lnx64.o/libtcl8.5.so(TclObjInterpProcCore+0x420) [0x7fa5f8152ed0]
/tools/Xilinx/Vitis_HLS/2023.1/lib/lnx64.o/libtcl8.5.so(+0x3356f) [0x7fa5f80ce56f]
/tools/Xilinx/Vitis_HLS/2023.1/lib/lnx64.o/libtcl8.5.so(+0x76945) [0x7fa5f8111945]
/tools/Xilinx/Vitis_HLS/2023.1/lib/lnx64.o/libtcl8.5.so(+0x7e0f9) [0x7fa5f81190f9]
/tools/Xilinx/Vitis_HLS/2023.1/lib/lnx64.o/libtcl8.5.so(TclEvalObjEx+0x76) [0x7fa5f80d0216]
/tools/Xilinx/Vitis_HLS/2023.1/lib/lnx64.o/libxv_commontasks.so(+0x4ee2e1) [0x7fa5ea5a32e1]
/tools/Xilinx/Vitis_HLS/2023.1/lib/lnx64.o/libtcl8.5.so(+0x3356f) [0x7fa5f80ce56f]
/tools/Xilinx/Vitis_HLS/2023.1/lib/lnx64.o/libtcl8.5.so(+0x76945) [0x7fa5f8111945]
/tools/Xilinx/Vitis_HLS/2023.1/lib/lnx64.o/libtcl8.5.so(Tcl_ExprObj+0xf8) [0x7fa5f8118cd8]
/tools/Xilinx/Vitis_HLS/2023.1/lib/lnx64.o/libtcl8.5.so(Tcl_ExprBooleanObj+0x16) [0x7fa5f80cef56]
/tools/Xilinx/Vitis_HLS/2023.1/lib/lnx64.o/libtcl8.5.so(+0x3e7ae) [0x7fa5f80d97ae]
/tools/Xilinx/Vitis_HLS/2023.1/lib/lnx64.o/libtcl8.5.so(+0x3356f) [0x7fa5f80ce56f]
/tools/Xilinx/Vitis_HLS/2023.1/lib/lnx64.o/libtcl8.5.so(+0x34bf8) [0x7fa5f80cfbf8]
/tools/Xilinx/Vitis_HLS/2023.1/lib/lnx64.o/libtcl8.5.so(Tcl_EvalEx+0x13) [0x7fa5f80d0163]
/tools/Xilinx/Vitis_HLS/2023.1/lib/lnx64.o/libtcl8.5.so(Tcl_Eval+0x15) [0x7fa5f80d0185]
/tools/Xilinx/Vitis_HLS/2023.1/lib/lnx64.o/libxv_hls_main.so(+0xee6e3) [0x7fa5ebea26e3]
/tools/Xilinx/Vitis_HLS/2023.1/lib/lnx64.o/libxv_hls_support.so(xpcl::TclCommand::callbackInternal(int, Tcl_Obj* const*)+0x3ab) [0x7fa5fcd0ee7b]
/tools/Xilinx/Vitis_HLS/2023.1/lib/lnx64.o/libxv_hls_support.so(xpcl::TclCommand::callback(int, Tcl_Obj* const*)+0x2b) [0x7fa5fcd0fe5b]
/tools/Xilinx/Vitis_HLS/2023.1/lib/lnx64.o/libtcl8.5.so(+0x3356f) [0x7fa5f80ce56f]
/tools/Xilinx/Vitis_HLS/2023.1/lib/lnx64.o/libtcl8.5.so(+0x76945) [0x7fa5f8111945]
/tools/Xilinx/Vitis_HLS/2023.1/lib/lnx64.o/libtcl8.5.so(TclObjInterpProcCore+0x420) [0x7fa5f8152ed0]
/tools/Xilinx/Vitis_HLS/2023.1/lib/lnx64.o/libtcl8.5.so(+0x3356f) [0x7fa5f80ce56f]
/tools/Xilinx/Vitis_HLS/2023.1/lib/lnx64.o/libtcl8.5.so(+0x76945) [0x7fa5f8111945]
/tools/Xilinx/Vitis_HLS/2023.1/lib/lnx64.o/libtcl8.5.so(+0x7e0f9) [0x7fa5f81190f9]
/tools/Xilinx/Vitis_HLS/2023.1/lib/lnx64.o/libtcl8.5.so(TclEvalObjEx+0x76) [0x7fa5f80d0216]
/tools/Xilinx/Vitis_HLS/2023.1/lib/lnx64.o/libxv_commontasks.so(+0x4ee2e1) [0x7fa5ea5a32e1]
/tools/Xilinx/Vitis_HLS/2023.1/lib/lnx64.o/libtcl8.5.so(+0x3356f) [0x7fa5f80ce56f]
/tools/Xilinx/Vitis_HLS/2023.1/lib/lnx64.o/libtcl8.5.so(+0x76945) [0x7fa5f8111945]
/tools/Xilinx/Vitis_HLS/2023.1/lib/lnx64.o/libtcl8.5.so(Tcl_ExprObj+0xf8) [0x7fa5f8118cd8]
/tools/Xilinx/Vitis_HLS/2023.1/lib/lnx64.o/libtcl8.5.so(Tcl_ExprBooleanObj+0x16) [0x7fa5f80cef56]
/tools/Xilinx/Vitis_HLS/2023.1/lib/lnx64.o/libtcl8.5.so(+0x3e7ae) [0x7fa5f80d97ae]
/tools/Xilinx/Vitis_HLS/2023.1/lib/lnx64.o/libtcl8.5.so(+0x3356f) [0x7fa5f80ce56f]
/tools/Xilinx/Vitis_HLS/2023.1/lib/lnx64.o/libtcl8.5.so(+0x34bf8) [0x7fa5f80cfbf8]
/tools/Xilinx/Vitis_HLS/2023.1/lib/lnx64.o/libtcl8.5.so(Tcl_EvalEx+0x13) [0x7fa5f80d0163]
/tools/Xilinx/Vitis_HLS/2023.1/lib/lnx64.o/libtcl8.5.so(Tcl_Eval+0x15) [0x7fa5f80d0185]
/tools/Xilinx/Vitis_HLS/2023.1/lib/lnx64.o/libxv_hls_main.so(+0xee6e3) [0x7fa5ebea26e3]
/tools/Xilinx/Vitis_HLS/2023.1/lib/lnx64.o/libxv_hls_support.so(xpcl::TclCommand::callbackInternal(int, Tcl_Obj* const*)+0x3ab) [0x7fa5fcd0ee7b]
/tools/Xilinx/Vitis_HLS/2023.1/lib/lnx64.o/libxv_hls_support.so(xpcl::TclCommand::callback(int, Tcl_Obj* const*)+0x2b) [0x7fa5fcd0fe5b]
/tools/Xilinx/Vitis_HLS/2023.1/lib/lnx64.o/libtcl8.5.so(+0x3356f) [0x7fa5f80ce56f]
/tools/Xilinx/Vitis_HLS/2023.1/lib/lnx64.o/libtcl8.5.so(+0x76945) [0x7fa5f8111945]
/tools/Xilinx/Vitis_HLS/2023.1/lib/lnx64.o/libtcl8.5.so(+0x7e0f9) [0x7fa5f81190f9]
/tools/Xilinx/Vitis_HLS/2023.1/lib/lnx64.o/libtcl8.5.so(TclEvalObjEx+0x76) [0x7fa5f80d0216]
/tools/Xilinx/Vitis_HLS/2023.1/lib/lnx64.o/libtcl8.5.so(+0x3e824) [0x7fa5f80d9824]
/tools/Xilinx/Vitis_HLS/2023.1/lib/lnx64.o/libtcl8.5.so(+0x3356f) [0x7fa5f80ce56f]
/tools/Xilinx/Vitis_HLS/2023.1/lib/lnx64.o/libtcl8.5.so(+0x34bf8) [0x7fa5f80cfbf8]
/tools/Xilinx/Vitis_HLS/2023.1/lib/lnx64.o/libtcl8.5.so(Tcl_EvalEx+0x13) [0x7fa5f80d0163]
/tools/Xilinx/Vitis_HLS/2023.1/lib/lnx64.o/libtcl8.5.so(Tcl_FSEvalFileEx+0x1da) [0x7fa5f8134d2a]
/tools/Xilinx/Vitis_HLS/2023.1/lib/lnx64.o/libxv_hls_main.so(ApSourceTclFile(std::__cxx11::basic_string<char, std::char_traits<char>, std::allocator<char> > const&, char const*)+0x76) [0x7fa5ebe97646]
/tools/Xilinx/Vitis_HLS/2023.1/lib/lnx64.o/libxv_hls_main.so(+0xe8d15) [0x7fa5ebe9cd15]
/tools/Xilinx/Vitis_HLS/2023.1/lib/lnx64.o/libxv_hls_support.so(xpcl::TclCommand::callbackInternal(int, Tcl_Obj* const*)+0x3ab) [0x7fa5fcd0ee7b]
/tools/Xilinx/Vitis_HLS/2023.1/lib/lnx64.o/libxv_hls_support.so(xpcl::TclCommand::callback(int, Tcl_Obj* const*)+0x2b) [0x7fa5fcd0fe5b]
/tools/Xilinx/Vitis_HLS/2023.1/lib/lnx64.o/libtcl8.5.so(+0x3356f) [0x7fa5f80ce56f]
/tools/Xilinx/Vitis_HLS/2023.1/lib/lnx64.o/libtcl8.5.so(Tcl_EvalObjv+0x32) [0x7fa5f80ce6a2]
/tools/Xilinx/Vitis_HLS/2023.1/lib/lnx64.o/libtcl8.5.so(TclEvalObjEx+0x322) [0x7fa5f80d04c2]
/tools/Xilinx/Vitis_HLS/2023.1/lib/lnx64.o/libtcl8.5.so(+0xb7637) [0x7fa5f8152637]
/tools/Xilinx/Vitis_HLS/2023.1/lib/lnx64.o/libtcl8.5.so(+0x3356f) [0x7fa5f80ce56f]
/tools/Xilinx/Vitis_HLS/2023.1/lib/lnx64.o/libtcl8.5.so(+0x76945) [0x7fa5f8111945]
/tools/Xilinx/Vitis_HLS/2023.1/lib/lnx64.o/libtcl8.5.so(+0x7e0f9) [0x7fa5f81190f9]
/tools/Xilinx/Vitis_HLS/2023.1/lib/lnx64.o/libtcl8.5.so(TclEvalObjEx+0x76) [0x7fa5f80d0216]
/tools/Xilinx/Vitis_HLS/2023.1/lib/lnx64.o/libxv_commontasks.so(+0x4ee2e1) [0x7fa5ea5a32e1]
/tools/Xilinx/Vitis_HLS/2023.1/lib/lnx64.o/libtcl8.5.so(+0x3356f) [0x7fa5f80ce56f]
/tools/Xilinx/Vitis_HLS/2023.1/lib/lnx64.o/libtcl8.5.so(+0x76945) [0x7fa5f8111945]
/tools/Xilinx/Vitis_HLS/2023.1/lib/lnx64.o/libtcl8.5.so(+0x7e0f9) [0x7fa5f81190f9]
/tools/Xilinx/Vitis_HLS/2023.1/lib/lnx64.o/libtcl8.5.so(TclEvalObjEx+0x76) [0x7fa5f80d0216]
/tools/Xilinx/Vitis_HLS/2023.1/lib/lnx64.o/libxv_commontasks.so(+0x4ae54a) [0x7fa5ea56354a]
/tools/Xilinx/Vitis_HLS/2023.1/lib/lnx64.o/libtcl8.5.so(+0x3356f) [0x7fa5f80ce56f]
/tools/Xilinx/Vitis_HLS/2023.1/lib/lnx64.o/libtcl8.5.so(+0x76945) [0x7fa5f8111945]
/tools/Xilinx/Vitis_HLS/2023.1/lib/lnx64.o/libtcl8.5.so(TclObjInterpProcCore+0x420) [0x7fa5f8152ed0]
/tools/Xilinx/Vitis_HLS/2023.1/lib/lnx64.o/libtcl8.5.so(+0x3356f) [0x7fa5f80ce56f]
/tools/Xilinx/Vitis_HLS/2023.1/lib/lnx64.o/libtcl8.5.so(+0x76945) [0x7fa5f8111945]
/tools/Xilinx/Vitis_HLS/2023.1/lib/lnx64.o/libtcl8.5.so(TclObjInterpProcCore+0x420) [0x7fa5f8152ed0]
/tools/Xilinx/Vitis_HLS/2023.1/lib/lnx64.o/libtcl8.5.so(+0x3356f) [0x7fa5f80ce56f]
/tools/Xilinx/Vitis_HLS/2023.1/lib/lnx64.o/libtcl8.5.so(+0x76945) [0x7fa5f8111945]
/tools/Xilinx/Vitis_HLS/2023.1/lib/lnx64.o/libtcl8.5.so(+0x7e0f9) [0x7fa5f81190f9]
/tools/Xilinx/Vitis_HLS/2023.1/lib/lnx64.o/libtcl8.5.so(TclEvalObjEx+0x76) [0x7fa5f80d0216]
/tools/Xilinx/Vitis_HLS/2023.1/lib/lnx64.o/libxv_commontasks.so(+0x4ee2e1) [0x7fa5ea5a32e1]
/tools/Xilinx/Vitis_HLS/2023.1/lib/lnx64.o/libtcl8.5.so(+0x3356f) [0x7fa5f80ce56f]
/tools/Xilinx/Vitis_HLS/2023.1/lib/lnx64.o/libtcl8.5.so(+0x76945) [0x7fa5f8111945]
/tools/Xilinx/Vitis_HLS/2023.1/lib/lnx64.o/libtcl8.5.so(Tcl_ExprObj+0xf8) [0x7fa5f8118cd8]
/tools/Xilinx/Vitis_HLS/2023.1/lib/lnx64.o/libtcl8.5.so(Tcl_ExprBooleanObj+0x16) [0x7fa5f80cef56]
/tools/Xilinx/Vitis_HLS/2023.1/lib/lnx64.o/libtcl8.5.so(+0x3e7ae) [0x7fa5f80d97ae]
/tools/Xilinx/Vitis_HLS/2023.1/lib/lnx64.o/libtcl8.5.so(+0x3356f) [0x7fa5f80ce56f]
/tools/Xilinx/Vitis_HLS/2023.1/lib/lnx64.o/libtcl8.5.so(+0x34bf8) [0x7fa5f80cfbf8]
/tools/Xilinx/Vitis_HLS/2023.1/lib/lnx64.o/libtcl8.5.so(Tcl_EvalEx+0x13) [0x7fa5f80d0163]
/tools/Xilinx/Vitis_HLS/2023.1/lib/lnx64.o/libtcl8.5.so(Tcl_Eval+0x15) [0x7fa5f80d0185]
/tools/Xilinx/Vitis_HLS/2023.1/lib/lnx64.o/libxv_hls_main.so(+0xee6e3) [0x7fa5ebea26e3]
/tools/Xilinx/Vitis_HLS/2023.1/lib/lnx64.o/libxv_hls_support.so(xpcl::TclCommand::callbackInternal(int, Tcl_Obj* const*)+0x3ab) [0x7fa5fcd0ee7b]
/tools/Xilinx/Vitis_HLS/2023.1/lib/lnx64.o/libxv_hls_support.so(xpcl::TclCommand::callback(int, Tcl_Obj* const*)+0x2b) [0x7fa5fcd0fe5b]
/tools/Xilinx/Vitis_HLS/2023.1/lib/lnx64.o/libtcl8.5.so(+0x3356f) [0x7fa5f80ce56f]
/tools/Xilinx/Vitis_HLS/2023.1/lib/lnx64.o/libtcl8.5.so(+0x34bf8) [0x7fa5f80cfbf8]
/tools/Xilinx/Vitis_HLS/2023.1/lib/lnx64.o/libtcl8.5.so(Tcl_EvalEx+0x13) [0x7fa5f80d0163]
/tools/Xilinx/Vitis_HLS/2023.1/lib/lnx64.o/libtcl8.5.so(TclEvalObjEx+0x1e0) [0x7fa5f80d0380]
/tools/Xilinx/Vitis_HLS/2023.1/lib/lnx64.o/libtcl8.5.so(+0x3b445) [0x7fa5f80d6445]
/tools/Xilinx/Vitis_HLS/2023.1/lib/lnx64.o/libtcl8.5.so(+0x3356f) [0x7fa5f80ce56f]
/tools/Xilinx/Vitis_HLS/2023.1/lib/lnx64.o/libtcl8.5.so(+0x76945) [0x7fa5f8111945]
/tools/Xilinx/Vitis_HLS/2023.1/lib/lnx64.o/libtcl8.5.so(+0x7e0f9) [0x7fa5f81190f9]
/tools/Xilinx/Vitis_HLS/2023.1/lib/lnx64.o/libtcl8.5.so(TclEvalObjEx+0x76) [0x7fa5f80d0216]
/tools/Xilinx/Vitis_HLS/2023.1/lib/lnx64.o/libxv_commontasks.so(+0x4ee2e1) [0x7fa5ea5a32e1]
/tools/Xilinx/Vitis_HLS/2023.1/lib/lnx64.o/libtcl8.5.so(+0x3356f) [0x7fa5f80ce56f]
/tools/Xilinx/Vitis_HLS/2023.1/lib/lnx64.o/libtcl8.5.so(+0x76945) [0x7fa5f8111945]
/tools/Xilinx/Vitis_HLS/2023.1/lib/lnx64.o/libtcl8.5.so(TclObjInterpProcCore+0x420) [0x7fa5f8152ed0]
/tools/Xilinx/Vitis_HLS/2023.1/lib/lnx64.o/libtcl8.5.so(+0x3356f) [0x7fa5f80ce56f]
/tools/Xilinx/Vitis_HLS/2023.1/lib/lnx64.o/libtcl8.5.so(+0x76945) [0x7fa5f8111945]
/tools/Xilinx/Vitis_HLS/2023.1/lib/lnx64.o/libtcl8.5.so(TclObjInterpProcCore+0x420) [0x7fa5f8152ed0]
/tools/Xilinx/Vitis_HLS/2023.1/lib/lnx64.o/libtcl8.5.so(+0x3356f) [0x7fa5f80ce56f]
/tools/Xilinx/Vitis_HLS/2023.1/lib/lnx64.o/libtcl8.5.so(+0x34bf8) [0x7fa5f80cfbf8]
/tools/Xilinx/Vitis_HLS/2023.1/lib/lnx64.o/libtcl8.5.so(Tcl_EvalEx+0x13) [0x7fa5f80d0163]
/tools/Xilinx/Vitis_HLS/2023.1/lib/lnx64.o/libtcl8.5.so(Tcl_Eval+0x15) [0x7fa5f80d0185]
/tools/Xilinx/Vitis_HLS/2023.1/lib/lnx64.o/libxv_hls_support.so(xpcl::TclManager::tclAppInit(Tcl_Interp*)+0x194) [0x7fa5fcd11c64]
/tools/Xilinx/Vitis_HLS/2023.1/lib/lnx64.o/libxv_hls_support.so(xpcl::TclManager::issueFromTcl(Tcl_Interp*, bool)+0x12e) [0x7fa5fcd11f4e]
/tools/Xilinx/Vitis_HLS/2023.1/lib/lnx64.o/libxv_hlstasks.so(+0x10f11) [0x7fa5ebfe7f11]
/tools/Xilinx/Vitis_HLS/2023.1/lib/lnx64.o/libxv_common.so(+0x8b703f) [0x7fa5fc89303f]
/tools/Xilinx/Vitis_HLS/2023.1/lib/lnx64.o/libtcl8.5.so(+0x3356f) [0x7fa5f80ce56f]
/tools/Xilinx/Vitis_HLS/2023.1/lib/lnx64.o/libtcl8.5.so(+0x34bf8) [0x7fa5f80cfbf8]
/tools/Xilinx/Vitis_HLS/2023.1/lib/lnx64.o/libtcl8.5.so(Tcl_EvalEx+0x13) [0x7fa5f80d0163]
/tools/Xilinx/Vitis_HLS/2023.1/lib/lnx64.o/libtcl8.5.so(TclEvalObjEx+0x3cf) [0x7fa5f80d056f]
/tools/Xilinx/Vitis_HLS/2023.1/lib/lnx64.o/libtcl8.5.so(+0xb7589) [0x7fa5f8152589]
/tools/Xilinx/Vitis_HLS/2023.1/lib/lnx64.o/libtcl8.5.so(+0x3356f) [0x7fa5f80ce56f]
/tools/Xilinx/Vitis_HLS/2023.1/lib/lnx64.o/libtcl8.5.so(+0x76945) [0x7fa5f8111945]
/tools/Xilinx/Vitis_HLS/2023.1/lib/lnx64.o/libtcl8.5.so(TclObjInterpProcCore+0x420) [0x7fa5f8152ed0]
/tools/Xilinx/Vitis_HLS/2023.1/lib/lnx64.o/libtcl8.5.so(+0x3356f) [0x7fa5f80ce56f]
/tools/Xilinx/Vitis_HLS/2023.1/lib/lnx64.o/libtcl8.5.so(+0x76945) [0x7fa5f8111945]
/tools/Xilinx/Vitis_HLS/2023.1/lib/lnx64.o/libtcl8.5.so(+0x7e0f9) [0x7fa5f81190f9]
/tools/Xilinx/Vitis_HLS/2023.1/lib/lnx64.o/libtcl8.5.so(TclEvalObjEx+0x76) [0x7fa5f80d0216]
/tools/Xilinx/Vitis_HLS/2023.1/lib/lnx64.o/libxv_commontasks.so(+0x4ee23e) [0x7fa5ea5a323e]
/tools/Xilinx/Vitis_HLS/2023.1/lib/lnx64.o/libtcl8.5.so(+0x3356f) [0x7fa5f80ce56f]
/tools/Xilinx/Vitis_HLS/2023.1/lib/lnx64.o/libtcl8.5.so(+0x34bf8) [0x7fa5f80cfbf8]
/tools/Xilinx/Vitis_HLS/2023.1/lib/lnx64.o/libtcl8.5.so(+0xad566) [0x7fa5f8148566]
/tools/Xilinx/Vitis_HLS/2023.1/lib/lnx64.o/libtcl8.5.so(+0x34785) [0x7fa5f80cf785]
/tools/Xilinx/Vitis_HLS/2023.1/lib/lnx64.o/libtcl8.5.so(Tcl_EvalEx+0x13) [0x7fa5f80d0163]
/tools/Xilinx/Vitis_HLS/2023.1/lib/lnx64.o/libtcl8.5.so(Tcl_FSEvalFileEx+0x1da) [0x7fa5f8134d2a]
/tools/Xilinx/Vitis_HLS/2023.1/lib/lnx64.o/libxv_commontasks.so(+0x449a40) [0x7fa5ea4fea40]
/tools/Xilinx/Vitis_HLS/2023.1/lib/lnx64.o/libxv_common.so(+0x8b703f) [0x7fa5fc89303f]
/tools/Xilinx/Vitis_HLS/2023.1/lib/lnx64.o/libtcl8.5.so(+0x3356f) [0x7fa5f80ce56f]
/tools/Xilinx/Vitis_HLS/2023.1/lib/lnx64.o/libtcl8.5.so(Tcl_EvalObjv+0x32) [0x7fa5f80ce6a2]
/tools/Xilinx/Vitis_HLS/2023.1/lib/lnx64.o/libtcl8.5.so(TclEvalObjEx+0x322) [0x7fa5f80d04c2]
/tools/Xilinx/Vitis_HLS/2023.1/lib/lnx64.o/libxv_commontasks.so(+0x466388) [0x7fa5ea51b388]
/tools/Xilinx/Vitis_HLS/2023.1/lib/lnx64.o/libxv_commontasks.so(+0x46798f) [0x7fa5ea51c98f]
/tools/Xilinx/Vitis_HLS/2023.1/lib/lnx64.o/libxv_common.so(+0x8b703f) [0x7fa5fc89303f]
/tools/Xilinx/Vitis_HLS/2023.1/lib/lnx64.o/libtcl8.5.so(+0x3356f) [0x7fa5f80ce56f]
/tools/Xilinx/Vitis_HLS/2023.1/lib/lnx64.o/libtcl8.5.so(Tcl_EvalObjv+0x32) [0x7fa5f80ce6a2]
/tools/Xilinx/Vitis_HLS/2023.1/lib/lnx64.o/libtcl8.5.so(TclEvalObjEx+0x322) [0x7fa5f80d04c2]
/tools/Xilinx/Vitis_HLS/2023.1/lib/lnx64.o/libxv_commonmain.so(+0xd5e8) [0x7fa5fcc725e8]
/tools/Xilinx/Vitis_HLS/2023.1/lib/lnx64.o/libtcl8.5.so(Tcl_Main+0x1d0) [0x7fa5f813b2f0]
/tools/Xilinx/Vitis_HLS/2023.1/lib/lnx64.o/libxv_common.so(+0x7b7f1b) [0x7fa5fc793f1b]
/usr/lib/x86_64-linux-gnu/libpthread.so.0(+0x8609) [0x7fa5f290c609]
/usr/lib/x86_64-linux-gnu/libc.so.6(clone+0x43) [0x7fa5f2b97353]
