#
# An unexpected error has occurred (11)
#
Stack:
/usr/lib/x86_64-linux-gnu/libc.so.6(+0x43090) [0x7f1b5143e090]
/tools/Xilinx/Vitis_HLS/2023.1/lib/lnx64.o/libxv_hls_hwsyn.so(ssdm::CdfgUtil::buildChannelsFromCNetwork(ssdm::Design*, ssdm::Cdfg*, ssdm::CdfgUtil::ConnCache&, ssdm::CdfgUtil::NPortGroup&)+0x1039) [0x7f1b474f1a89]
/tools/Xilinx/Vitis_HLS/2023.1/lib/lnx64.o/libxv_hls_hwsyn.so(ssdm::CdfgUtil::buildDesign4CNetwork(ssdm::Design*, ssdm::Cdfg*)+0xef) [0x7f1b474f30cf]
/tools/Xilinx/Vitis_HLS/2023.1/lib/lnx64.o/libxv_hls_hwsyn.so(ssdm::CdfgUtil::buildDesignFromCdfg(ssdm::Cdfg*)+0x13b) [0x7f1b474f335b]
/tools/Xilinx/Vitis_HLS/2023.1/lib/lnx64.o/libxv_hls_hwsyn.so(ssdm::CdfgUtil::createAnalyzersAndDesign(ssdm::ModuleLib*)+0x84) [0x7f1b474f34b4]
/tools/Xilinx/Vitis_HLS/2023.1/lib/lnx64.o/libxv_hls_hwsyn.so(pass::CdfgBuildPass::runOnModule(llvm::Module&)+0x13c3) [0x7f1b47614963]
/tools/Xilinx/Vitis_HLS/2023.1/lib/lnx64.o/libxv_hls_llvm3.1.so(llvm::MPPassManager::runOnModule(llvm::Module&)+0x181) [0x7f1b57a57881]
/tools/Xilinx/Vitis_HLS/2023.1/lib/lnx64.o/libxv_hls_llvm3.1.so(llvm::PassManagerImpl::run(llvm::Module&)+0x9c) [0x7f1b57a579fc]
/tools/Xilinx/Vitis_HLS/2023.1/lib/lnx64.o/libxv_hls_main.so(+0x15fb85) [0x7f1b4eebeb85]
/tools/Xilinx/Vitis_HLS/2023.1/lib/lnx64.o/libxv_hls_support.so(xpcl::TclCommand::callbackInternal(int, Tcl_Obj* const*)+0x767) [0x7f1b5b692237]
/tools/Xilinx/Vitis_HLS/2023.1/lib/lnx64.o/libxv_hls_support.so(xpcl::TclCommand::callback(int, Tcl_Obj* const*)+0x2b) [0x7f1b5b692e5b]
/tools/Xilinx/Vitis_HLS/2023.1/lib/lnx64.o/libtcl8.5.so(+0x3356f) [0x7f1b56a5156f]
/tools/Xilinx/Vitis_HLS/2023.1/lib/lnx64.o/libtcl8.5.so(+0x76945) [0x7f1b56a94945]
/tools/Xilinx/Vitis_HLS/2023.1/lib/lnx64.o/libtcl8.5.so(+0x7e0f9) [0x7f1b56a9c0f9]
/tools/Xilinx/Vitis_HLS/2023.1/lib/lnx64.o/libtcl8.5.so(TclEvalObjEx+0x76) [0x7f1b56a53216]
/tools/Xilinx/Vitis_HLS/2023.1/lib/lnx64.o/libxv_commontasks.so(+0x4ee2e1) [0x7f1b4d6c32e1]
/tools/Xilinx/Vitis_HLS/2023.1/lib/lnx64.o/libtcl8.5.so(+0x3356f) [0x7f1b56a5156f]
/tools/Xilinx/Vitis_HLS/2023.1/lib/lnx64.o/libtcl8.5.so(+0x76945) [0x7f1b56a94945]
/tools/Xilinx/Vitis_HLS/2023.1/lib/lnx64.o/libtcl8.5.so(TclObjInterpProcCore+0x420) [0x7f1b56ad5ed0]
/tools/Xilinx/Vitis_HLS/2023.1/lib/lnx64.o/libtcl8.5.so(+0x3356f) [0x7f1b56a5156f]
/tools/Xilinx/Vitis_HLS/2023.1/lib/lnx64.o/libtcl8.5.so(+0x76945) [0x7f1b56a94945]
/tools/Xilinx/Vitis_HLS/2023.1/lib/lnx64.o/libtcl8.5.so(+0x7e0f9) [0x7f1b56a9c0f9]
/tools/Xilinx/Vitis_HLS/2023.1/lib/lnx64.o/libtcl8.5.so(TclEvalObjEx+0x76) [0x7f1b56a53216]
/tools/Xilinx/Vitis_HLS/2023.1/lib/lnx64.o/libxv_commontasks.so(+0x4ee2e1) [0x7f1b4d6c32e1]
/tools/Xilinx/Vitis_HLS/2023.1/lib/lnx64.o/libtcl8.5.so(+0x3356f) [0x7f1b56a5156f]
/tools/Xilinx/Vitis_HLS/2023.1/lib/lnx64.o/libtcl8.5.so(+0x76945) [0x7f1b56a94945]
/tools/Xilinx/Vitis_HLS/2023.1/lib/lnx64.o/libtcl8.5.so(TclObjInterpProcCore+0x420) [0x7f1b56ad5ed0]
/tools/Xilinx/Vitis_HLS/2023.1/lib/lnx64.o/libtcl8.5.so(+0x3356f) [0x7f1b56a5156f]
/tools/Xilinx/Vitis_HLS/2023.1/lib/lnx64.o/libtcl8.5.so(+0x76945) [0x7f1b56a94945]
/tools/Xilinx/Vitis_HLS/2023.1/lib/lnx64.o/libtcl8.5.so(TclObjInterpProcCore+0x420) [0x7f1b56ad5ed0]
/tools/Xilinx/Vitis_HLS/2023.1/lib/lnx64.o/libtcl8.5.so(+0x3356f) [0x7f1b56a5156f]
/tools/Xilinx/Vitis_HLS/2023.1/lib/lnx64.o/libtcl8.5.so(+0x76945) [0x7f1b56a94945]
/tools/Xilinx/Vitis_HLS/2023.1/lib/lnx64.o/libtcl8.5.so(+0x7e0f9) [0x7f1b56a9c0f9]
/tools/Xilinx/Vitis_HLS/2023.1/lib/lnx64.o/libtcl8.5.so(TclEvalObjEx+0x76) [0x7f1b56a53216]
/tools/Xilinx/Vitis_HLS/2023.1/lib/lnx64.o/libxv_commontasks.so(+0x4ee2e1) [0x7f1b4d6c32e1]
/tools/Xilinx/Vitis_HLS/2023.1/lib/lnx64.o/libtcl8.5.so(+0x3356f) [0x7f1b56a5156f]
/tools/Xilinx/Vitis_HLS/2023.1/lib/lnx64.o/libtcl8.5.so(+0x76945) [0x7f1b56a94945]
/tools/Xilinx/Vitis_HLS/2023.1/lib/lnx64.o/libtcl8.5.so(Tcl_ExprObj+0xf8) [0x7f1b56a9bcd8]
/tools/Xilinx/Vitis_HLS/2023.1/lib/lnx64.o/libtcl8.5.so(Tcl_ExprBooleanObj+0x16) [0x7f1b56a51f56]
/tools/Xilinx/Vitis_HLS/2023.1/lib/lnx64.o/libtcl8.5.so(+0x3e7ae) [0x7f1b56a5c7ae]
/tools/Xilinx/Vitis_HLS/2023.1/lib/lnx64.o/libtcl8.5.so(+0x3356f) [0x7f1b56a5156f]
/tools/Xilinx/Vitis_HLS/2023.1/lib/lnx64.o/libtcl8.5.so(+0x34bf8) [0x7f1b56a52bf8]
/tools/Xilinx/Vitis_HLS/2023.1/lib/lnx64.o/libtcl8.5.so(Tcl_EvalEx+0x13) [0x7f1b56a53163]
/tools/Xilinx/Vitis_HLS/2023.1/lib/lnx64.o/libtcl8.5.so(Tcl_Eval+0x15) [0x7f1b56a53185]
/tools/Xilinx/Vitis_HLS/2023.1/lib/lnx64.o/libxv_hls_main.so(+0xee6e3) [0x7f1b4ee4d6e3]
/tools/Xilinx/Vitis_HLS/2023.1/lib/lnx64.o/libxv_hls_support.so(xpcl::TclCommand::callbackInternal(int, Tcl_Obj* const*)+0x3ab) [0x7f1b5b691e7b]
/tools/Xilinx/Vitis_HLS/2023.1/lib/lnx64.o/libxv_hls_support.so(xpcl::TclCommand::callback(int, Tcl_Obj* const*)+0x2b) [0x7f1b5b692e5b]
/tools/Xilinx/Vitis_HLS/2023.1/lib/lnx64.o/libtcl8.5.so(+0x3356f) [0x7f1b56a5156f]
/tools/Xilinx/Vitis_HLS/2023.1/lib/lnx64.o/libtcl8.5.so(+0x76945) [0x7f1b56a94945]
/tools/Xilinx/Vitis_HLS/2023.1/lib/lnx64.o/libtcl8.5.so(TclObjInterpProcCore+0x420) [0x7f1b56ad5ed0]
/tools/Xilinx/Vitis_HLS/2023.1/lib/lnx64.o/libtcl8.5.so(+0x3356f) [0x7f1b56a5156f]
/tools/Xilinx/Vitis_HLS/2023.1/lib/lnx64.o/libtcl8.5.so(+0x76945) [0x7f1b56a94945]
/tools/Xilinx/Vitis_HLS/2023.1/lib/lnx64.o/libtcl8.5.so(+0x7e0f9) [0x7f1b56a9c0f9]
/tools/Xilinx/Vitis_HLS/2023.1/lib/lnx64.o/libtcl8.5.so(TclEvalObjEx+0x76) [0x7f1b56a53216]
/tools/Xilinx/Vitis_HLS/2023.1/lib/lnx64.o/libxv_commontasks.so(+0x4ee2e1) [0x7f1b4d6c32e1]
/tools/Xilinx/Vitis_HLS/2023.1/lib/lnx64.o/libtcl8.5.so(+0x3356f) [0x7f1b56a5156f]
/tools/Xilinx/Vitis_HLS/2023.1/lib/lnx64.o/libtcl8.5.so(+0x76945) [0x7f1b56a94945]
/tools/Xilinx/Vitis_HLS/2023.1/lib/lnx64.o/libtcl8.5.so(Tcl_ExprObj+0xf8) [0x7f1b56a9bcd8]
/tools/Xilinx/Vitis_HLS/2023.1/lib/lnx64.o/libtcl8.5.so(Tcl_ExprBooleanObj+0x16) [0x7f1b56a51f56]
/tools/Xilinx/Vitis_HLS/2023.1/lib/lnx64.o/libtcl8.5.so(+0x3e7ae) [0x7f1b56a5c7ae]
/tools/Xilinx/Vitis_HLS/2023.1/lib/lnx64.o/libtcl8.5.so(+0x3356f) [0x7f1b56a5156f]
/tools/Xilinx/Vitis_HLS/2023.1/lib/lnx64.o/libtcl8.5.so(+0x34bf8) [0x7f1b56a52bf8]
/tools/Xilinx/Vitis_HLS/2023.1/lib/lnx64.o/libtcl8.5.so(Tcl_EvalEx+0x13) [0x7f1b56a53163]
/tools/Xilinx/Vitis_HLS/2023.1/lib/lnx64.o/libtcl8.5.so(Tcl_Eval+0x15) [0x7f1b56a53185]
/tools/Xilinx/Vitis_HLS/2023.1/lib/lnx64.o/libxv_hls_main.so(+0xee6e3) [0x7f1b4ee4d6e3]
/tools/Xilinx/Vitis_HLS/2023.1/lib/lnx64.o/libxv_hls_support.so(xpcl::TclCommand::callbackInternal(int, Tcl_Obj* const*)+0x3ab) [0x7f1b5b691e7b]
/tools/Xilinx/Vitis_HLS/2023.1/lib/lnx64.o/libxv_hls_support.so(xpcl::TclCommand::callback(int, Tcl_Obj* const*)+0x2b) [0x7f1b5b692e5b]
/tools/Xilinx/Vitis_HLS/2023.1/lib/lnx64.o/libtcl8.5.so(+0x3356f) [0x7f1b56a5156f]
/tools/Xilinx/Vitis_HLS/2023.1/lib/lnx64.o/libtcl8.5.so(+0x76945) [0x7f1b56a94945]
/tools/Xilinx/Vitis_HLS/2023.1/lib/lnx64.o/libtcl8.5.so(TclObjInterpProcCore+0x420) [0x7f1b56ad5ed0]
/tools/Xilinx/Vitis_HLS/2023.1/lib/lnx64.o/libtcl8.5.so(+0x3356f) [0x7f1b56a5156f]
/tools/Xilinx/Vitis_HLS/2023.1/lib/lnx64.o/libtcl8.5.so(+0x76945) [0x7f1b56a94945]
/tools/Xilinx/Vitis_HLS/2023.1/lib/lnx64.o/libtcl8.5.so(+0x7e0f9) [0x7f1b56a9c0f9]
/tools/Xilinx/Vitis_HLS/2023.1/lib/lnx64.o/libtcl8.5.so(TclEvalObjEx+0x76) [0x7f1b56a53216]
/tools/Xilinx/Vitis_HLS/2023.1/lib/lnx64.o/libxv_commontasks.so(+0x4ee2e1) [0x7f1b4d6c32e1]
/tools/Xilinx/Vitis_HLS/2023.1/lib/lnx64.o/libtcl8.5.so(+0x3356f) [0x7f1b56a5156f]
/tools/Xilinx/Vitis_HLS/2023.1/lib/lnx64.o/libtcl8.5.so(+0x76945) [0x7f1b56a94945]
/tools/Xilinx/Vitis_HLS/2023.1/lib/lnx64.o/libtcl8.5.so(Tcl_ExprObj+0xf8) [0x7f1b56a9bcd8]
/tools/Xilinx/Vitis_HLS/2023.1/lib/lnx64.o/libtcl8.5.so(Tcl_ExprBooleanObj+0x16) [0x7f1b56a51f56]
/tools/Xilinx/Vitis_HLS/2023.1/lib/lnx64.o/libtcl8.5.so(+0x3e7ae) [0x7f1b56a5c7ae]
/tools/Xilinx/Vitis_HLS/2023.1/lib/lnx64.o/libtcl8.5.so(+0x3356f) [0x7f1b56a5156f]
/tools/Xilinx/Vitis_HLS/2023.1/lib/lnx64.o/libtcl8.5.so(+0x34bf8) [0x7f1b56a52bf8]
/tools/Xilinx/Vitis_HLS/2023.1/lib/lnx64.o/libtcl8.5.so(Tcl_EvalEx+0x13) [0x7f1b56a53163]
/tools/Xilinx/Vitis_HLS/2023.1/lib/lnx64.o/libtcl8.5.so(Tcl_Eval+0x15) [0x7f1b56a53185]
/tools/Xilinx/Vitis_HLS/2023.1/lib/lnx64.o/libxv_hls_main.so(+0xee6e3) [0x7f1b4ee4d6e3]
/tools/Xilinx/Vitis_HLS/2023.1/lib/lnx64.o/libxv_hls_support.so(xpcl::TclCommand::callbackInternal(int, Tcl_Obj* const*)+0x3ab) [0x7f1b5b691e7b]
/tools/Xilinx/Vitis_HLS/2023.1/lib/lnx64.o/libxv_hls_support.so(xpcl::TclCommand::callback(int, Tcl_Obj* const*)+0x2b) [0x7f1b5b692e5b]
/tools/Xilinx/Vitis_HLS/2023.1/lib/lnx64.o/libtcl8.5.so(+0x3356f) [0x7f1b56a5156f]
/tools/Xilinx/Vitis_HLS/2023.1/lib/lnx64.o/libtcl8.5.so(+0x76945) [0x7f1b56a94945]
/tools/Xilinx/Vitis_HLS/2023.1/lib/lnx64.o/libtcl8.5.so(+0x7e0f9) [0x7f1b56a9c0f9]
/tools/Xilinx/Vitis_HLS/2023.1/lib/lnx64.o/libtcl8.5.so(TclEvalObjEx+0x76) [0x7f1b56a53216]
/tools/Xilinx/Vitis_HLS/2023.1/lib/lnx64.o/libtcl8.5.so(+0x3e824) [0x7f1b56a5c824]
/tools/Xilinx/Vitis_HLS/2023.1/lib/lnx64.o/libtcl8.5.so(+0x3356f) [0x7f1b56a5156f]
/tools/Xilinx/Vitis_HLS/2023.1/lib/lnx64.o/libtcl8.5.so(+0x34bf8) [0x7f1b56a52bf8]
/tools/Xilinx/Vitis_HLS/2023.1/lib/lnx64.o/libtcl8.5.so(Tcl_EvalEx+0x13) [0x7f1b56a53163]
/tools/Xilinx/Vitis_HLS/2023.1/lib/lnx64.o/libtcl8.5.so(Tcl_FSEvalFileEx+0x1da) [0x7f1b56ab7d2a]
/tools/Xilinx/Vitis_HLS/2023.1/lib/lnx64.o/libxv_hls_main.so(ApSourceTclFile(std::__cxx11::basic_string<char, std::char_traits<char>, std::allocator<char> > const&, char const*)+0x76) [0x7f1b4ee42646]
/tools/Xilinx/Vitis_HLS/2023.1/lib/lnx64.o/libxv_hls_main.so(+0xe8d15) [0x7f1b4ee47d15]
/tools/Xilinx/Vitis_HLS/2023.1/lib/lnx64.o/libxv_hls_support.so(xpcl::TclCommand::callbackInternal(int, Tcl_Obj* const*)+0x3ab) [0x7f1b5b691e7b]
/tools/Xilinx/Vitis_HLS/2023.1/lib/lnx64.o/libxv_hls_support.so(xpcl::TclCommand::callback(int, Tcl_Obj* const*)+0x2b) [0x7f1b5b692e5b]
/tools/Xilinx/Vitis_HLS/2023.1/lib/lnx64.o/libtcl8.5.so(+0x3356f) [0x7f1b56a5156f]
/tools/Xilinx/Vitis_HLS/2023.1/lib/lnx64.o/libtcl8.5.so(Tcl_EvalObjv+0x32) [0x7f1b56a516a2]
/tools/Xilinx/Vitis_HLS/2023.1/lib/lnx64.o/libtcl8.5.so(TclEvalObjEx+0x322) [0x7f1b56a534c2]
/tools/Xilinx/Vitis_HLS/2023.1/lib/lnx64.o/libtcl8.5.so(+0xb7637) [0x7f1b56ad5637]
/tools/Xilinx/Vitis_HLS/2023.1/lib/lnx64.o/libtcl8.5.so(+0x3356f) [0x7f1b56a5156f]
/tools/Xilinx/Vitis_HLS/2023.1/lib/lnx64.o/libtcl8.5.so(+0x76945) [0x7f1b56a94945]
/tools/Xilinx/Vitis_HLS/2023.1/lib/lnx64.o/libtcl8.5.so(+0x7e0f9) [0x7f1b56a9c0f9]
/tools/Xilinx/Vitis_HLS/2023.1/lib/lnx64.o/libtcl8.5.so(TclEvalObjEx+0x76) [0x7f1b56a53216]
/tools/Xilinx/Vitis_HLS/2023.1/lib/lnx64.o/libxv_commontasks.so(+0x4ee2e1) [0x7f1b4d6c32e1]
/tools/Xilinx/Vitis_HLS/2023.1/lib/lnx64.o/libtcl8.5.so(+0x3356f) [0x7f1b56a5156f]
/tools/Xilinx/Vitis_HLS/2023.1/lib/lnx64.o/libtcl8.5.so(+0x76945) [0x7f1b56a94945]
/tools/Xilinx/Vitis_HLS/2023.1/lib/lnx64.o/libtcl8.5.so(+0x7e0f9) [0x7f1b56a9c0f9]
/tools/Xilinx/Vitis_HLS/2023.1/lib/lnx64.o/libtcl8.5.so(TclEvalObjEx+0x76) [0x7f1b56a53216]
/tools/Xilinx/Vitis_HLS/2023.1/lib/lnx64.o/libxv_commontasks.so(+0x4ae54a) [0x7f1b4d68354a]
/tools/Xilinx/Vitis_HLS/2023.1/lib/lnx64.o/libtcl8.5.so(+0x3356f) [0x7f1b56a5156f]
/tools/Xilinx/Vitis_HLS/2023.1/lib/lnx64.o/libtcl8.5.so(+0x76945) [0x7f1b56a94945]
/tools/Xilinx/Vitis_HLS/2023.1/lib/lnx64.o/libtcl8.5.so(TclObjInterpProcCore+0x420) [0x7f1b56ad5ed0]
/tools/Xilinx/Vitis_HLS/2023.1/lib/lnx64.o/libtcl8.5.so(+0x3356f) [0x7f1b56a5156f]
/tools/Xilinx/Vitis_HLS/2023.1/lib/lnx64.o/libtcl8.5.so(+0x76945) [0x7f1b56a94945]
/tools/Xilinx/Vitis_HLS/2023.1/lib/lnx64.o/libtcl8.5.so(TclObjInterpProcCore+0x420) [0x7f1b56ad5ed0]
/tools/Xilinx/Vitis_HLS/2023.1/lib/lnx64.o/libtcl8.5.so(+0x3356f) [0x7f1b56a5156f]
/tools/Xilinx/Vitis_HLS/2023.1/lib/lnx64.o/libtcl8.5.so(+0x76945) [0x7f1b56a94945]
/tools/Xilinx/Vitis_HLS/2023.1/lib/lnx64.o/libtcl8.5.so(+0x7e0f9) [0x7f1b56a9c0f9]
/tools/Xilinx/Vitis_HLS/2023.1/lib/lnx64.o/libtcl8.5.so(TclEvalObjEx+0x76) [0x7f1b56a53216]
/tools/Xilinx/Vitis_HLS/2023.1/lib/lnx64.o/libxv_commontasks.so(+0x4ee2e1) [0x7f1b4d6c32e1]
/tools/Xilinx/Vitis_HLS/2023.1/lib/lnx64.o/libtcl8.5.so(+0x3356f) [0x7f1b56a5156f]
/tools/Xilinx/Vitis_HLS/2023.1/lib/lnx64.o/libtcl8.5.so(+0x76945) [0x7f1b56a94945]
/tools/Xilinx/Vitis_HLS/2023.1/lib/lnx64.o/libtcl8.5.so(Tcl_ExprObj+0xf8) [0x7f1b56a9bcd8]
/tools/Xilinx/Vitis_HLS/2023.1/lib/lnx64.o/libtcl8.5.so(Tcl_ExprBooleanObj+0x16) [0x7f1b56a51f56]
/tools/Xilinx/Vitis_HLS/2023.1/lib/lnx64.o/libtcl8.5.so(+0x3e7ae) [0x7f1b56a5c7ae]
/tools/Xilinx/Vitis_HLS/2023.1/lib/lnx64.o/libtcl8.5.so(+0x3356f) [0x7f1b56a5156f]
/tools/Xilinx/Vitis_HLS/2023.1/lib/lnx64.o/libtcl8.5.so(+0x34bf8) [0x7f1b56a52bf8]
/tools/Xilinx/Vitis_HLS/2023.1/lib/lnx64.o/libtcl8.5.so(Tcl_EvalEx+0x13) [0x7f1b56a53163]
/tools/Xilinx/Vitis_HLS/2023.1/lib/lnx64.o/libtcl8.5.so(Tcl_Eval+0x15) [0x7f1b56a53185]
/tools/Xilinx/Vitis_HLS/2023.1/lib/lnx64.o/libxv_hls_main.so(+0xee6e3) [0x7f1b4ee4d6e3]
/tools/Xilinx/Vitis_HLS/2023.1/lib/lnx64.o/libxv_hls_support.so(xpcl::TclCommand::callbackInternal(int, Tcl_Obj* const*)+0x3ab) [0x7f1b5b691e7b]
/tools/Xilinx/Vitis_HLS/2023.1/lib/lnx64.o/libxv_hls_support.so(xpcl::TclCommand::callback(int, Tcl_Obj* const*)+0x2b) [0x7f1b5b692e5b]
/tools/Xilinx/Vitis_HLS/2023.1/lib/lnx64.o/libtcl8.5.so(+0x3356f) [0x7f1b56a5156f]
/tools/Xilinx/Vitis_HLS/2023.1/lib/lnx64.o/libtcl8.5.so(+0x34bf8) [0x7f1b56a52bf8]
/tools/Xilinx/Vitis_HLS/2023.1/lib/lnx64.o/libtcl8.5.so(Tcl_EvalEx+0x13) [0x7f1b56a53163]
/tools/Xilinx/Vitis_HLS/2023.1/lib/lnx64.o/libtcl8.5.so(TclEvalObjEx+0x1e0) [0x7f1b56a53380]
/tools/Xilinx/Vitis_HLS/2023.1/lib/lnx64.o/libtcl8.5.so(+0x3b445) [0x7f1b56a59445]
/tools/Xilinx/Vitis_HLS/2023.1/lib/lnx64.o/libtcl8.5.so(+0x3356f) [0x7f1b56a5156f]
/tools/Xilinx/Vitis_HLS/2023.1/lib/lnx64.o/libtcl8.5.so(+0x76945) [0x7f1b56a94945]
/tools/Xilinx/Vitis_HLS/2023.1/lib/lnx64.o/libtcl8.5.so(+0x7e0f9) [0x7f1b56a9c0f9]
/tools/Xilinx/Vitis_HLS/2023.1/lib/lnx64.o/libtcl8.5.so(TclEvalObjEx+0x76) [0x7f1b56a53216]
/tools/Xilinx/Vitis_HLS/2023.1/lib/lnx64.o/libxv_commontasks.so(+0x4ee2e1) [0x7f1b4d6c32e1]
/tools/Xilinx/Vitis_HLS/2023.1/lib/lnx64.o/libtcl8.5.so(+0x3356f) [0x7f1b56a5156f]
/tools/Xilinx/Vitis_HLS/2023.1/lib/lnx64.o/libtcl8.5.so(+0x76945) [0x7f1b56a94945]
/tools/Xilinx/Vitis_HLS/2023.1/lib/lnx64.o/libtcl8.5.so(TclObjInterpProcCore+0x420) [0x7f1b56ad5ed0]
/tools/Xilinx/Vitis_HLS/2023.1/lib/lnx64.o/libtcl8.5.so(+0x3356f) [0x7f1b56a5156f]
/tools/Xilinx/Vitis_HLS/2023.1/lib/lnx64.o/libtcl8.5.so(+0x76945) [0x7f1b56a94945]
/tools/Xilinx/Vitis_HLS/2023.1/lib/lnx64.o/libtcl8.5.so(TclObjInterpProcCore+0x420) [0x7f1b56ad5ed0]
/tools/Xilinx/Vitis_HLS/2023.1/lib/lnx64.o/libtcl8.5.so(+0x3356f) [0x7f1b56a5156f]
/tools/Xilinx/Vitis_HLS/2023.1/lib/lnx64.o/libtcl8.5.so(+0x34bf8) [0x7f1b56a52bf8]
/tools/Xilinx/Vitis_HLS/2023.1/lib/lnx64.o/libtcl8.5.so(Tcl_EvalEx+0x13) [0x7f1b56a53163]
/tools/Xilinx/Vitis_HLS/2023.1/lib/lnx64.o/libtcl8.5.so(Tcl_Eval+0x15) [0x7f1b56a53185]
/tools/Xilinx/Vitis_HLS/2023.1/lib/lnx64.o/libxv_hls_support.so(xpcl::TclManager::tclAppInit(Tcl_Interp*)+0x194) [0x7f1b5b694c64]
/tools/Xilinx/Vitis_HLS/2023.1/lib/lnx64.o/libxv_hls_support.so(xpcl::TclManager::issueFromTcl(Tcl_Interp*, bool)+0x12e) [0x7f1b5b694f4e]
/tools/Xilinx/Vitis_HLS/2023.1/lib/lnx64.o/libxv_hlstasks.so(+0x10f11) [0x7f1b4ef92f11]
/tools/Xilinx/Vitis_HLS/2023.1/lib/lnx64.o/libxv_common.so(+0x8b703f) [0x7f1b5b21603f]
/tools/Xilinx/Vitis_HLS/2023.1/lib/lnx64.o/libtcl8.5.so(+0x3356f) [0x7f1b56a5156f]
/tools/Xilinx/Vitis_HLS/2023.1/lib/lnx64.o/libtcl8.5.so(+0x34bf8) [0x7f1b56a52bf8]
/tools/Xilinx/Vitis_HLS/2023.1/lib/lnx64.o/libtcl8.5.so(Tcl_EvalEx+0x13) [0x7f1b56a53163]
/tools/Xilinx/Vitis_HLS/2023.1/lib/lnx64.o/libtcl8.5.so(TclEvalObjEx+0x3cf) [0x7f1b56a5356f]
/tools/Xilinx/Vitis_HLS/2023.1/lib/lnx64.o/libtcl8.5.so(+0xb7589) [0x7f1b56ad5589]
/tools/Xilinx/Vitis_HLS/2023.1/lib/lnx64.o/libtcl8.5.so(+0x3356f) [0x7f1b56a5156f]
/tools/Xilinx/Vitis_HLS/2023.1/lib/lnx64.o/libtcl8.5.so(+0x76945) [0x7f1b56a94945]
/tools/Xilinx/Vitis_HLS/2023.1/lib/lnx64.o/libtcl8.5.so(TclObjInterpProcCore+0x420) [0x7f1b56ad5ed0]
/tools/Xilinx/Vitis_HLS/2023.1/lib/lnx64.o/libtcl8.5.so(+0x3356f) [0x7f1b56a5156f]
/tools/Xilinx/Vitis_HLS/2023.1/lib/lnx64.o/libtcl8.5.so(+0x76945) [0x7f1b56a94945]
/tools/Xilinx/Vitis_HLS/2023.1/lib/lnx64.o/libtcl8.5.so(+0x7e0f9) [0x7f1b56a9c0f9]
/tools/Xilinx/Vitis_HLS/2023.1/lib/lnx64.o/libtcl8.5.so(TclEvalObjEx+0x76) [0x7f1b56a53216]
/tools/Xilinx/Vitis_HLS/2023.1/lib/lnx64.o/libxv_commontasks.so(+0x4ee23e) [0x7f1b4d6c323e]
/tools/Xilinx/Vitis_HLS/2023.1/lib/lnx64.o/libtcl8.5.so(+0x3356f) [0x7f1b56a5156f]
/tools/Xilinx/Vitis_HLS/2023.1/lib/lnx64.o/libtcl8.5.so(+0x34bf8) [0x7f1b56a52bf8]
/tools/Xilinx/Vitis_HLS/2023.1/lib/lnx64.o/libtcl8.5.so(+0xad566) [0x7f1b56acb566]
/tools/Xilinx/Vitis_HLS/2023.1/lib/lnx64.o/libtcl8.5.so(+0x34785) [0x7f1b56a52785]
/tools/Xilinx/Vitis_HLS/2023.1/lib/lnx64.o/libtcl8.5.so(Tcl_EvalEx+0x13) [0x7f1b56a53163]
/tools/Xilinx/Vitis_HLS/2023.1/lib/lnx64.o/libtcl8.5.so(Tcl_FSEvalFileEx+0x1da) [0x7f1b56ab7d2a]
/tools/Xilinx/Vitis_HLS/2023.1/lib/lnx64.o/libxv_commontasks.so(+0x449a40) [0x7f1b4d61ea40]
/tools/Xilinx/Vitis_HLS/2023.1/lib/lnx64.o/libxv_common.so(+0x8b703f) [0x7f1b5b21603f]
/tools/Xilinx/Vitis_HLS/2023.1/lib/lnx64.o/libtcl8.5.so(+0x3356f) [0x7f1b56a5156f]
/tools/Xilinx/Vitis_HLS/2023.1/lib/lnx64.o/libtcl8.5.so(Tcl_EvalObjv+0x32) [0x7f1b56a516a2]
/tools/Xilinx/Vitis_HLS/2023.1/lib/lnx64.o/libtcl8.5.so(TclEvalObjEx+0x322) [0x7f1b56a534c2]
/tools/Xilinx/Vitis_HLS/2023.1/lib/lnx64.o/libxv_commontasks.so(+0x466388) [0x7f1b4d63b388]
/tools/Xilinx/Vitis_HLS/2023.1/lib/lnx64.o/libxv_commontasks.so(+0x46798f) [0x7f1b4d63c98f]
/tools/Xilinx/Vitis_HLS/2023.1/lib/lnx64.o/libxv_common.so(+0x8b703f) [0x7f1b5b21603f]
/tools/Xilinx/Vitis_HLS/2023.1/lib/lnx64.o/libtcl8.5.so(+0x3356f) [0x7f1b56a5156f]
/tools/Xilinx/Vitis_HLS/2023.1/lib/lnx64.o/libtcl8.5.so(Tcl_EvalObjv+0x32) [0x7f1b56a516a2]
/tools/Xilinx/Vitis_HLS/2023.1/lib/lnx64.o/libtcl8.5.so(TclEvalObjEx+0x322) [0x7f1b56a534c2]
/tools/Xilinx/Vitis_HLS/2023.1/lib/lnx64.o/libxv_commonmain.so(+0xd5e8) [0x7f1b5b5f55e8]
/tools/Xilinx/Vitis_HLS/2023.1/lib/lnx64.o/libtcl8.5.so(Tcl_Main+0x1d0) [0x7f1b56abe2f0]
/tools/Xilinx/Vitis_HLS/2023.1/lib/lnx64.o/libxv_common.so(+0x7b7f1b) [0x7f1b5b116f1b]
/usr/lib/x86_64-linux-gnu/libpthread.so.0(+0x8609) [0x7f1b5128f609]
/usr/lib/x86_64-linux-gnu/libc.so.6(clone+0x43) [0x7f1b5151a353]
